[4.864s] Invoking command in '/home/tpi5/391_Project_pi/391_ws/src/drive_controller': PYTHONPATH=/home/tpi5/391_Project_pi/391_ws/build/drive_controller/prefix_override:/usr/lib/python3/dist-packages/colcon_core/task/python/colcon_distutils_commands:/home/tpi5/391_Project_pi/391_ws/install/drive_controller/lib/python3.12/site-packages:${PYTHONPATH} /usr/bin/python3 -W ignore:setup.py install is deprecated -W ignore:easy_install command is deprecated setup.py egg_info --egg-base ../../build/drive_controller build --build-base /home/tpi5/391_Project_pi/391_ws/build/drive_controller/build install --record /home/tpi5/391_Project_pi/391_ws/build/drive_controller/install.log --single-version-externally-managed install_data
[6.402s] running egg_info
[6.428s] writing ../../build/drive_controller/drive_controller.egg-info/PKG-INFO
[6.429s] writing dependency_links to ../../build/drive_controller/drive_controller.egg-info/dependency_links.txt
[6.430s] writing entry points to ../../build/drive_controller/drive_controller.egg-info/entry_points.txt
[6.431s] writing requirements to ../../build/drive_controller/drive_controller.egg-info/requires.txt
[6.431s] writing top-level names to ../../build/drive_controller/drive_controller.egg-info/top_level.txt
[6.601s] reading manifest file '../../build/drive_controller/drive_controller.egg-info/SOURCES.txt'
[6.604s] writing manifest file '../../build/drive_controller/drive_controller.egg-info/SOURCES.txt'
[6.608s] running build
[6.608s] running build_py
[6.609s] running install
[6.634s] running install_lib
[6.736s] running install_data
[6.737s] running install_egg_info
[6.824s] removing '/home/tpi5/391_Project_pi/391_ws/install/drive_controller/lib/python3.12/site-packages/drive_controller-0.0.0-py3.12.egg-info' (and everything under it)
[6.825s] Copying ../../build/drive_controller/drive_controller.egg-info to /home/tpi5/391_Project_pi/391_ws/install/drive_controller/lib/python3.12/site-packages/drive_controller-0.0.0-py3.12.egg-info
[6.829s] running install_scripts
[7.104s] Installing drive_node script to /home/tpi5/391_Project_pi/391_ws/install/drive_controller/lib/drive_controller
[7.107s] writing list of installed files to '/home/tpi5/391_Project_pi/391_ws/build/drive_controller/install.log'
[7.657s] Invoked command in '/home/tpi5/391_Project_pi/391_ws/src/drive_controller' returned '0': PYTHONPATH=/home/tpi5/391_Project_pi/391_ws/build/drive_controller/prefix_override:/usr/lib/python3/dist-packages/colcon_core/task/python/colcon_distutils_commands:/home/tpi5/391_Project_pi/391_ws/install/drive_controller/lib/python3.12/site-packages:${PYTHONPATH} /usr/bin/python3 -W ignore:setup.py install is deprecated -W ignore:easy_install command is deprecated setup.py egg_info --egg-base ../../build/drive_controller build --build-base /home/tpi5/391_Project_pi/391_ws/build/drive_controller/build install --record /home/tpi5/391_Project_pi/391_ws/build/drive_controller/install.log --single-version-externally-managed install_data
