[2.528s] Invoking command in '/home/tpi5/391_Project_pi/391_ws/src/joystick_controller': PYTHONPATH=/home/tpi5/391_Project_pi/391_ws/build/joystick_controller/prefix_override:/usr/lib/python3/dist-packages/colcon_core/task/python/colcon_distutils_commands:/home/tpi5/391_Project_pi/391_ws/install/joystick_controller/lib/python3.12/site-packages:${PYTHONPATH} /usr/bin/python3 -W ignore:setup.py install is deprecated -W ignore:easy_install command is deprecated setup.py egg_info --egg-base ../../build/joystick_controller build --build-base /home/tpi5/391_Project_pi/391_ws/build/joystick_controller/build install --record /home/tpi5/391_Project_pi/391_ws/build/joystick_controller/install.log --single-version-externally-managed install_data
[2.979s] running egg_info
[3.001s] writing ../../build/joystick_controller/joystick_controller.egg-info/PKG-INFO
[3.001s] writing dependency_links to ../../build/joystick_controller/joystick_controller.egg-info/dependency_links.txt
[3.006s] writing entry points to ../../build/joystick_controller/joystick_controller.egg-info/entry_points.txt
[3.009s] writing requirements to ../../build/joystick_controller/joystick_controller.egg-info/requires.txt
[3.011s] writing top-level names to ../../build/joystick_controller/joystick_controller.egg-info/top_level.txt
[3.062s] reading manifest file '../../build/joystick_controller/joystick_controller.egg-info/SOURCES.txt'
[3.161s] writing manifest file '../../build/joystick_controller/joystick_controller.egg-info/SOURCES.txt'
[3.229s] running build
[3.229s] running build_py
[3.230s] running install
[3.240s] running install_lib
[3.264s] running install_data
[3.264s] running install_egg_info
[3.290s] removing '/home/tpi5/391_Project_pi/391_ws/install/joystick_controller/lib/python3.12/site-packages/joystick_controller-0.0.0-py3.12.egg-info' (and everything under it)
[3.290s] Copying ../../build/joystick_controller/joystick_controller.egg-info to /home/tpi5/391_Project_pi/391_ws/install/joystick_controller/lib/python3.12/site-packages/joystick_controller-0.0.0-py3.12.egg-info
[3.301s] running install_scripts
[3.502s] Installing joystick_node script to /home/tpi5/391_Project_pi/391_ws/install/joystick_controller/lib/joystick_controller
[3.502s] writing list of installed files to '/home/tpi5/391_Project_pi/391_ws/build/joystick_controller/install.log'
[3.829s] Invoked command in '/home/tpi5/391_Project_pi/391_ws/src/joystick_controller' returned '0': PYTHONPATH=/home/tpi5/391_Project_pi/391_ws/build/joystick_controller/prefix_override:/usr/lib/python3/dist-packages/colcon_core/task/python/colcon_distutils_commands:/home/tpi5/391_Project_pi/391_ws/install/joystick_controller/lib/python3.12/site-packages:${PYTHONPATH} /usr/bin/python3 -W ignore:setup.py install is deprecated -W ignore:easy_install command is deprecated setup.py egg_info --egg-base ../../build/joystick_controller build --build-base /home/tpi5/391_Project_pi/391_ws/build/joystick_controller/build install --record /home/tpi5/391_Project_pi/391_ws/build/joystick_controller/install.log --single-version-externally-managed install_data
