[9.899s] Invoking command in '/home/tpi5/391_Project_pi/391_ws/src/drive_controller': PYTHONPATH=/home/tpi5/391_Project_pi/391_ws/build/drive_controller/prefix_override:/usr/lib/python3/dist-packages/colcon_core/task/python/colcon_distutils_commands:/home/tpi5/391_Project_pi/391_ws/install/drive_controller/lib/python3.12/site-packages:${PYTHONPATH} /usr/bin/python3 -W ignore:setup.py install is deprecated -W ignore:easy_install command is deprecated setup.py egg_info --egg-base ../../build/drive_controller build --build-base /home/tpi5/391_Project_pi/391_ws/build/drive_controller/build install --record /home/tpi5/391_Project_pi/391_ws/build/drive_controller/install.log --single-version-externally-managed install_data
[10.619s] running egg_info
[10.650s] writing ../../build/drive_controller/drive_controller.egg-info/PKG-INFO
[10.653s] writing dependency_links to ../../build/drive_controller/drive_controller.egg-info/dependency_links.txt
[10.655s] writing entry points to ../../build/drive_controller/drive_controller.egg-info/entry_points.txt
[10.656s] writing requirements to ../../build/drive_controller/drive_controller.egg-info/requires.txt
[10.658s] writing top-level names to ../../build/drive_controller/drive_controller.egg-info/top_level.txt
[10.762s] reading manifest file '../../build/drive_controller/drive_controller.egg-info/SOURCES.txt'
[10.768s] writing manifest file '../../build/drive_controller/drive_controller.egg-info/SOURCES.txt'
[10.768s] running build
[10.768s] running build_py
[10.773s] running install
[10.785s] running install_lib
[10.826s] running install_data
[10.827s] running install_egg_info
[10.867s] removing '/home/tpi5/391_Project_pi/391_ws/install/drive_controller/lib/python3.12/site-packages/drive_controller-0.0.0-py3.12.egg-info' (and everything under it)
[10.868s] Copying ../../build/drive_controller/drive_controller.egg-info to /home/tpi5/391_Project_pi/391_ws/install/drive_controller/lib/python3.12/site-packages/drive_controller-0.0.0-py3.12.egg-info
[10.872s] running install_scripts
[11.319s] Installing drive_node script to /home/tpi5/391_Project_pi/391_ws/install/drive_controller/lib/drive_controller
[11.320s] writing list of installed files to '/home/tpi5/391_Project_pi/391_ws/build/drive_controller/install.log'
[12.343s] Invoked command in '/home/tpi5/391_Project_pi/391_ws/src/drive_controller' returned '0': PYTHONPATH=/home/tpi5/391_Project_pi/391_ws/build/drive_controller/prefix_override:/usr/lib/python3/dist-packages/colcon_core/task/python/colcon_distutils_commands:/home/tpi5/391_Project_pi/391_ws/install/drive_controller/lib/python3.12/site-packages:${PYTHONPATH} /usr/bin/python3 -W ignore:setup.py install is deprecated -W ignore:easy_install command is deprecated setup.py egg_info --egg-base ../../build/drive_controller build --build-base /home/tpi5/391_Project_pi/391_ws/build/drive_controller/build install --record /home/tpi5/391_Project_pi/391_ws/build/drive_controller/install.log --single-version-externally-managed install_data
