[2.835s] Invoking command in '/home/tpi5/391_Project_pi/391_ws/src/drive_controller': PYTHONPATH=/home/tpi5/391_Project_pi/391_ws/src/build/drive_controller/prefix_override:/usr/lib/python3/dist-packages/colcon_core/task/python/colcon_distutils_commands:/home/tpi5/391_Project_pi/391_ws/src/install/drive_controller/lib/python3.12/site-packages:${PYTHONPATH} /usr/bin/python3 -W ignore:setup.py install is deprecated -W ignore:easy_install command is deprecated setup.py egg_info --egg-base ../build/drive_controller build --build-base /home/tpi5/391_Project_pi/391_ws/src/build/drive_controller/build install --record /home/tpi5/391_Project_pi/391_ws/src/build/drive_controller/install.log --single-version-externally-managed install_data
[3.260s] running egg_info
[3.261s] creating ../build/drive_controller/drive_controller.egg-info
[3.283s] writing ../build/drive_controller/drive_controller.egg-info/PKG-INFO
[3.284s] writing dependency_links to ../build/drive_controller/drive_controller.egg-info/dependency_links.txt
[3.285s] writing entry points to ../build/drive_controller/drive_controller.egg-info/entry_points.txt
[3.286s] writing requirements to ../build/drive_controller/drive_controller.egg-info/requires.txt
[3.287s] writing top-level names to ../build/drive_controller/drive_controller.egg-info/top_level.txt
[3.288s] writing manifest file '../build/drive_controller/drive_controller.egg-info/SOURCES.txt'
[3.340s] reading manifest file '../build/drive_controller/drive_controller.egg-info/SOURCES.txt'
[3.340s] writing manifest file '../build/drive_controller/drive_controller.egg-info/SOURCES.txt'
[3.340s] running build
[3.341s] running build_py
[3.341s] creating /home/tpi5/391_Project_pi/391_ws/src/build/drive_controller/build
[3.342s] creating /home/tpi5/391_Project_pi/391_ws/src/build/drive_controller/build/lib
[3.342s] creating /home/tpi5/391_Project_pi/391_ws/src/build/drive_controller/build/lib/drive_controller
[3.342s] copying drive_controller/drive_node.py -> /home/tpi5/391_Project_pi/391_ws/src/build/drive_controller/build/lib/drive_controller
[3.345s] copying drive_controller/__init__.py -> /home/tpi5/391_Project_pi/391_ws/src/build/drive_controller/build/lib/drive_controller
[3.345s] running install
[3.356s] running install_lib
[3.386s] creating /home/tpi5/391_Project_pi/391_ws/src/install/drive_controller/lib/python3.12/site-packages/drive_controller
[3.386s] copying /home/tpi5/391_Project_pi/391_ws/src/build/drive_controller/build/lib/drive_controller/drive_node.py -> /home/tpi5/391_Project_pi/391_ws/src/install/drive_controller/lib/python3.12/site-packages/drive_controller
[3.386s] copying /home/tpi5/391_Project_pi/391_ws/src/build/drive_controller/build/lib/drive_controller/__init__.py -> /home/tpi5/391_Project_pi/391_ws/src/install/drive_controller/lib/python3.12/site-packages/drive_controller
[3.386s] byte-compiling /home/tpi5/391_Project_pi/391_ws/src/install/drive_controller/lib/python3.12/site-packages/drive_controller/drive_node.py to drive_node.cpython-312.pyc
[3.387s] byte-compiling /home/tpi5/391_Project_pi/391_ws/src/install/drive_controller/lib/python3.12/site-packages/drive_controller/__init__.py to __init__.cpython-312.pyc
[3.388s] running install_data
[3.388s] creating /home/tpi5/391_Project_pi/391_ws/src/install/drive_controller/share/ament_index
[3.389s] creating /home/tpi5/391_Project_pi/391_ws/src/install/drive_controller/share/ament_index/resource_index
[3.389s] creating /home/tpi5/391_Project_pi/391_ws/src/install/drive_controller/share/ament_index/resource_index/packages
[3.390s] copying resource/drive_controller -> /home/tpi5/391_Project_pi/391_ws/src/install/drive_controller/share/ament_index/resource_index/packages
[3.390s] copying package.xml -> /home/tpi5/391_Project_pi/391_ws/src/install/drive_controller/share/drive_controller
[3.391s] creating /home/tpi5/391_Project_pi/391_ws/src/install/drive_controller/share/drive_controller/launch
[3.391s] copying launch/joy_drive.launch.py -> /home/tpi5/391_Project_pi/391_ws/src/install/drive_controller/share/drive_controller/launch
[3.392s] creating /home/tpi5/391_Project_pi/391_ws/src/install/drive_controller/share/drive_controller/config
[3.392s] running install_egg_info
[3.425s] Copying ../build/drive_controller/drive_controller.egg-info to /home/tpi5/391_Project_pi/391_ws/src/install/drive_controller/lib/python3.12/site-packages/drive_controller-0.0.0-py3.12.egg-info
[3.427s] running install_scripts
[3.769s] Installing drive_node script to /home/tpi5/391_Project_pi/391_ws/src/install/drive_controller/lib/drive_controller
[3.775s] writing list of installed files to '/home/tpi5/391_Project_pi/391_ws/src/build/drive_controller/install.log'
[4.193s] Invoked command in '/home/tpi5/391_Project_pi/391_ws/src/drive_controller' returned '0': PYTHONPATH=/home/tpi5/391_Project_pi/391_ws/src/build/drive_controller/prefix_override:/usr/lib/python3/dist-packages/colcon_core/task/python/colcon_distutils_commands:/home/tpi5/391_Project_pi/391_ws/src/install/drive_controller/lib/python3.12/site-packages:${PYTHONPATH} /usr/bin/python3 -W ignore:setup.py install is deprecated -W ignore:easy_install command is deprecated setup.py egg_info --egg-base ../build/drive_controller build --build-base /home/tpi5/391_Project_pi/391_ws/src/build/drive_controller/build install --record /home/tpi5/391_Project_pi/391_ws/src/build/drive_controller/install.log --single-version-externally-managed install_data
