[3.158s] Invoking command in '/home/tpi5/391_Project_pi/391_ws/src/drive_controller': PYTHONPATH=/home/tpi5/391_Project_pi/391_ws/build/drive_controller/prefix_override:/usr/lib/python3/dist-packages/colcon_core/task/python/colcon_distutils_commands:/home/tpi5/391_Project_pi/391_ws/install/drive_controller/lib/python3.12/site-packages:${PYTHONPATH} /usr/bin/python3 -W ignore:setup.py install is deprecated -W ignore:easy_install command is deprecated setup.py egg_info --egg-base ../../build/drive_controller build --build-base /home/tpi5/391_Project_pi/391_ws/build/drive_controller/build install --record /home/tpi5/391_Project_pi/391_ws/build/drive_controller/install.log --single-version-externally-managed install_data
[3.878s] running egg_info
[3.933s] writing ../../build/drive_controller/drive_controller.egg-info/PKG-INFO
[3.933s] writing dependency_links to ../../build/drive_controller/drive_controller.egg-info/dependency_links.txt
[3.941s] writing entry points to ../../build/drive_controller/drive_controller.egg-info/entry_points.txt
[3.942s] writing requirements to ../../build/drive_controller/drive_controller.egg-info/requires.txt
[3.945s] writing top-level names to ../../build/drive_controller/drive_controller.egg-info/top_level.txt
[4.100s] reading manifest file '../../build/drive_controller/drive_controller.egg-info/SOURCES.txt'
[4.100s] writing manifest file '../../build/drive_controller/drive_controller.egg-info/SOURCES.txt'
[4.100s] running build
[4.104s] running build_py
[4.105s] running install
[4.114s] running install_lib
[4.152s] running install_data
[4.152s] running install_egg_info
[4.189s] removing '/home/tpi5/391_Project_pi/391_ws/install/drive_controller/lib/python3.12/site-packages/drive_controller-0.0.0-py3.12.egg-info' (and everything under it)
[4.189s] Copying ../../build/drive_controller/drive_controller.egg-info to /home/tpi5/391_Project_pi/391_ws/install/drive_controller/lib/python3.12/site-packages/drive_controller-0.0.0-py3.12.egg-info
[4.197s] running install_scripts
[4.483s] Installing drive_node script to /home/tpi5/391_Project_pi/391_ws/install/drive_controller/lib/drive_controller
[4.483s] writing list of installed files to '/home/tpi5/391_Project_pi/391_ws/build/drive_controller/install.log'
[4.923s] Invoked command in '/home/tpi5/391_Project_pi/391_ws/src/drive_controller' returned '0': PYTHONPATH=/home/tpi5/391_Project_pi/391_ws/build/drive_controller/prefix_override:/usr/lib/python3/dist-packages/colcon_core/task/python/colcon_distutils_commands:/home/tpi5/391_Project_pi/391_ws/install/drive_controller/lib/python3.12/site-packages:${PYTHONPATH} /usr/bin/python3 -W ignore:setup.py install is deprecated -W ignore:easy_install command is deprecated setup.py egg_info --egg-base ../../build/drive_controller build --build-base /home/tpi5/391_Project_pi/391_ws/build/drive_controller/build install --record /home/tpi5/391_Project_pi/391_ws/build/drive_controller/install.log --single-version-externally-managed install_data
