[1.576s] Invoking command in '/home/tpi5/391_Project_pi/391_ws/src/linear_controller': PYTHONPATH=/home/tpi5/391_Project_pi/build/linear_controller/prefix_override:/usr/lib/python3/dist-packages/colcon_core/task/python/colcon_distutils_commands:/home/tpi5/391_Project_pi/install/linear_controller/lib/python3.12/site-packages:${PYTHONPATH} /usr/bin/python3 -W ignore:setup.py install is deprecated -W ignore:easy_install command is deprecated setup.py egg_info --egg-base ../../../build/linear_controller build --build-base /home/tpi5/391_Project_pi/build/linear_controller/build install --record /home/tpi5/391_Project_pi/build/linear_controller/install.log --single-version-externally-managed install_data
[2.010s] running egg_info
[2.011s] creating ../../../build/linear_controller/linear_controller.egg-info
[2.039s] writing ../../../build/linear_controller/linear_controller.egg-info/PKG-INFO
[2.040s] writing dependency_links to ../../../build/linear_controller/linear_controller.egg-info/dependency_links.txt
[2.040s] writing entry points to ../../../build/linear_controller/linear_controller.egg-info/entry_points.txt
[2.040s] writing requirements to ../../../build/linear_controller/linear_controller.egg-info/requires.txt
[2.041s] writing top-level names to ../../../build/linear_controller/linear_controller.egg-info/top_level.txt
[2.041s] writing manifest file '../../../build/linear_controller/linear_controller.egg-info/SOURCES.txt'
[2.092s] reading manifest file '../../../build/linear_controller/linear_controller.egg-info/SOURCES.txt'
[2.093s] writing manifest file '../../../build/linear_controller/linear_controller.egg-info/SOURCES.txt'
[2.095s] running build
[2.095s] running build_py
[2.095s] creating /home/tpi5/391_Project_pi/build/linear_controller/build
[2.095s] creating /home/tpi5/391_Project_pi/build/linear_controller/build/lib
[2.096s] creating /home/tpi5/391_Project_pi/build/linear_controller/build/lib/linear_controller
[2.096s] copying linear_controller/linear_node.py -> /home/tpi5/391_Project_pi/build/linear_controller/build/lib/linear_controller
[2.096s] copying linear_controller/__init__.py -> /home/tpi5/391_Project_pi/build/linear_controller/build/lib/linear_controller
[2.096s] running install
[2.104s] running install_lib
[2.130s] creating /home/tpi5/391_Project_pi/install/linear_controller/lib/python3.12/site-packages/linear_controller
[2.130s] copying /home/tpi5/391_Project_pi/build/linear_controller/build/lib/linear_controller/linear_node.py -> /home/tpi5/391_Project_pi/install/linear_controller/lib/python3.12/site-packages/linear_controller
[2.130s] copying /home/tpi5/391_Project_pi/build/linear_controller/build/lib/linear_controller/__init__.py -> /home/tpi5/391_Project_pi/install/linear_controller/lib/python3.12/site-packages/linear_controller
[2.131s] byte-compiling /home/tpi5/391_Project_pi/install/linear_controller/lib/python3.12/site-packages/linear_controller/linear_node.py to linear_node.cpython-312.pyc
[2.133s] byte-compiling /home/tpi5/391_Project_pi/install/linear_controller/lib/python3.12/site-packages/linear_controller/__init__.py to __init__.cpython-312.pyc
[2.133s] running install_data
[2.136s] creating /home/tpi5/391_Project_pi/install/linear_controller/share/ament_index
[2.136s] creating /home/tpi5/391_Project_pi/install/linear_controller/share/ament_index/resource_index
[2.136s] creating /home/tpi5/391_Project_pi/install/linear_controller/share/ament_index/resource_index/packages
[2.136s] copying resource/linear_controller -> /home/tpi5/391_Project_pi/install/linear_controller/share/ament_index/resource_index/packages
[2.137s] copying package.xml -> /home/tpi5/391_Project_pi/install/linear_controller/share/linear_controller
[2.137s] creating /home/tpi5/391_Project_pi/install/linear_controller/share/linear_controller/launch
[2.137s] copying launch/joy_linear.launch.py -> /home/tpi5/391_Project_pi/install/linear_controller/share/linear_controller/launch
[2.137s] creating /home/tpi5/391_Project_pi/install/linear_controller/share/linear_controller/config
[2.137s] running install_egg_info
[2.168s] Copying ../../../build/linear_controller/linear_controller.egg-info to /home/tpi5/391_Project_pi/install/linear_controller/lib/python3.12/site-packages/linear_controller-0.0.0-py3.12.egg-info
[2.170s] running install_scripts
[2.355s] Installing linear_node script to /home/tpi5/391_Project_pi/install/linear_controller/lib/linear_controller
[2.356s] writing list of installed files to '/home/tpi5/391_Project_pi/build/linear_controller/install.log'
[2.464s] Invoked command in '/home/tpi5/391_Project_pi/391_ws/src/linear_controller' returned '0': PYTHONPATH=/home/tpi5/391_Project_pi/build/linear_controller/prefix_override:/usr/lib/python3/dist-packages/colcon_core/task/python/colcon_distutils_commands:/home/tpi5/391_Project_pi/install/linear_controller/lib/python3.12/site-packages:${PYTHONPATH} /usr/bin/python3 -W ignore:setup.py install is deprecated -W ignore:easy_install command is deprecated setup.py egg_info --egg-base ../../../build/linear_controller build --build-base /home/tpi5/391_Project_pi/build/linear_controller/build install --record /home/tpi5/391_Project_pi/build/linear_controller/install.log --single-version-externally-managed install_data
