[2.591s] Invoking command in '/home/tpi5/391_Project_pi/391_ws/src/dril_controller': PYTHONPATH=/home/tpi5/391_Project_pi/391_ws/build/dril_controller/prefix_override:/usr/lib/python3/dist-packages/colcon_core/task/python/colcon_distutils_commands:/home/tpi5/391_Project_pi/391_ws/install/dril_controller/lib/python3.12/site-packages:${PYTHONPATH} /usr/bin/python3 -W ignore:setup.py install is deprecated -W ignore:easy_install command is deprecated setup.py egg_info --egg-base ../../build/dril_controller build --build-base /home/tpi5/391_Project_pi/391_ws/build/dril_controller/build install --record /home/tpi5/391_Project_pi/391_ws/build/dril_controller/install.log --single-version-externally-managed install_data
[3.110s] running egg_info
[3.133s] writing ../../build/dril_controller/dril_controller.egg-info/PKG-INFO
[3.136s] writing dependency_links to ../../build/dril_controller/dril_controller.egg-info/dependency_links.txt
[3.141s] writing entry points to ../../build/dril_controller/dril_controller.egg-info/entry_points.txt
[3.141s] writing requirements to ../../build/dril_controller/dril_controller.egg-info/requires.txt
[3.142s] writing top-level names to ../../build/dril_controller/dril_controller.egg-info/top_level.txt
[3.228s] reading manifest file '../../build/dril_controller/dril_controller.egg-info/SOURCES.txt'
[3.228s] writing manifest file '../../build/dril_controller/dril_controller.egg-info/SOURCES.txt'
[3.228s] running build
[3.229s] running build_py
[3.229s] running install
[3.251s] running install_lib
[3.324s] running install_data
[3.324s] running install_egg_info
[3.378s] removing '/home/tpi5/391_Project_pi/391_ws/install/dril_controller/lib/python3.12/site-packages/dril_controller-0.0.0-py3.12.egg-info' (and everything under it)
[3.381s] Copying ../../build/dril_controller/dril_controller.egg-info to /home/tpi5/391_Project_pi/391_ws/install/dril_controller/lib/python3.12/site-packages/dril_controller-0.0.0-py3.12.egg-info
[3.388s] running install_scripts
[3.710s] Installing dril_node script to /home/tpi5/391_Project_pi/391_ws/install/dril_controller/lib/dril_controller
[3.711s] writing list of installed files to '/home/tpi5/391_Project_pi/391_ws/build/dril_controller/install.log'
[4.018s] Invoked command in '/home/tpi5/391_Project_pi/391_ws/src/dril_controller' returned '0': PYTHONPATH=/home/tpi5/391_Project_pi/391_ws/build/dril_controller/prefix_override:/usr/lib/python3/dist-packages/colcon_core/task/python/colcon_distutils_commands:/home/tpi5/391_Project_pi/391_ws/install/dril_controller/lib/python3.12/site-packages:${PYTHONPATH} /usr/bin/python3 -W ignore:setup.py install is deprecated -W ignore:easy_install command is deprecated setup.py egg_info --egg-base ../../build/dril_controller build --build-base /home/tpi5/391_Project_pi/391_ws/build/dril_controller/build install --record /home/tpi5/391_Project_pi/391_ws/build/dril_controller/install.log --single-version-externally-managed install_data
