[1.328s] Invoking command in '/home/tpi5/391_Project_pi/391_ws/src/tao_controller': PYTHONPATH=/home/tpi5/391_Project_pi/391_ws/build/tao_controller/prefix_override:/usr/lib/python3/dist-packages/colcon_core/task/python/colcon_distutils_commands:/home/tpi5/391_Project_pi/391_ws/install/tao_controller/lib/python3.12/site-packages:${PYTHONPATH} /usr/bin/python3 -W ignore:setup.py install is deprecated -W ignore:easy_install command is deprecated setup.py egg_info --egg-base ../../build/tao_controller build --build-base /home/tpi5/391_Project_pi/391_ws/build/tao_controller/build install --record /home/tpi5/391_Project_pi/391_ws/build/tao_controller/install.log --single-version-externally-managed install_data
[1.681s] running egg_info
[1.707s] writing ../../build/tao_controller/tao_controller.egg-info/PKG-INFO
[1.707s] writing dependency_links to ../../build/tao_controller/tao_controller.egg-info/dependency_links.txt
[1.708s] writing entry points to ../../build/tao_controller/tao_controller.egg-info/entry_points.txt
[1.709s] writing requirements to ../../build/tao_controller/tao_controller.egg-info/requires.txt
[1.710s] writing top-level names to ../../build/tao_controller/tao_controller.egg-info/top_level.txt
[1.758s] reading manifest file '../../build/tao_controller/tao_controller.egg-info/SOURCES.txt'
[1.759s] writing manifest file '../../build/tao_controller/tao_controller.egg-info/SOURCES.txt'
[1.759s] running build
[1.759s] running build_py
[1.759s] copying tao_controller/tao_node.py -> /home/tpi5/391_Project_pi/391_ws/build/tao_controller/build/lib/tao_controller
[1.759s] running install
[1.769s] running install_lib
[1.791s] copying /home/tpi5/391_Project_pi/391_ws/build/tao_controller/build/lib/tao_controller/tao_node.py -> /home/tpi5/391_Project_pi/391_ws/install/tao_controller/lib/python3.12/site-packages/tao_controller
[1.793s] byte-compiling /home/tpi5/391_Project_pi/391_ws/install/tao_controller/lib/python3.12/site-packages/tao_controller/tao_node.py to tao_node.cpython-312.pyc
[1.794s] running install_data
[1.795s] running install_egg_info
[1.820s] removing '/home/tpi5/391_Project_pi/391_ws/install/tao_controller/lib/python3.12/site-packages/tao_controller-0.0.0-py3.12.egg-info' (and everything under it)
[1.822s] Copying ../../build/tao_controller/tao_controller.egg-info to /home/tpi5/391_Project_pi/391_ws/install/tao_controller/lib/python3.12/site-packages/tao_controller-0.0.0-py3.12.egg-info
[1.823s] running install_scripts
[1.994s] Installing tao_node script to /home/tpi5/391_Project_pi/391_ws/install/tao_controller/lib/tao_controller
[1.994s] writing list of installed files to '/home/tpi5/391_Project_pi/391_ws/build/tao_controller/install.log'
[2.075s] Invoked command in '/home/tpi5/391_Project_pi/391_ws/src/tao_controller' returned '0': PYTHONPATH=/home/tpi5/391_Project_pi/391_ws/build/tao_controller/prefix_override:/usr/lib/python3/dist-packages/colcon_core/task/python/colcon_distutils_commands:/home/tpi5/391_Project_pi/391_ws/install/tao_controller/lib/python3.12/site-packages:${PYTHONPATH} /usr/bin/python3 -W ignore:setup.py install is deprecated -W ignore:easy_install command is deprecated setup.py egg_info --egg-base ../../build/tao_controller build --build-base /home/tpi5/391_Project_pi/391_ws/build/tao_controller/build install --record /home/tpi5/391_Project_pi/391_ws/build/tao_controller/install.log --single-version-externally-managed install_data
