[1.513s] Invoking command in '/home/tpi5/391_Project_pi/391_ws/src/drive_controller': PYTHONPATH=/home/tpi5/391_Project_pi/391_ws/build/drive_controller/prefix_override:/usr/lib/python3/dist-packages/colcon_core/task/python/colcon_distutils_commands:/home/tpi5/391_Project_pi/391_ws/install/drive_controller/lib/python3.12/site-packages:${PYTHONPATH} /usr/bin/python3 -W ignore:setup.py install is deprecated -W ignore:easy_install command is deprecated setup.py egg_info --egg-base ../../build/drive_controller build --build-base /home/tpi5/391_Project_pi/391_ws/build/drive_controller/build install --record /home/tpi5/391_Project_pi/391_ws/build/drive_controller/install.log --single-version-externally-managed install_data
[1.871s] running egg_info
[1.872s] creating ../../build/drive_controller/drive_controller.egg-info
[1.892s] writing ../../build/drive_controller/drive_controller.egg-info/PKG-INFO
[1.894s] writing dependency_links to ../../build/drive_controller/drive_controller.egg-info/dependency_links.txt
[1.894s] writing entry points to ../../build/drive_controller/drive_controller.egg-info/entry_points.txt
[1.894s] writing requirements to ../../build/drive_controller/drive_controller.egg-info/requires.txt
[1.894s] writing top-level names to ../../build/drive_controller/drive_controller.egg-info/top_level.txt
[1.894s] writing manifest file '../../build/drive_controller/drive_controller.egg-info/SOURCES.txt'
[1.941s] reading manifest file '../../build/drive_controller/drive_controller.egg-info/SOURCES.txt'
[1.943s] writing manifest file '../../build/drive_controller/drive_controller.egg-info/SOURCES.txt'
[1.944s] running build
[1.944s] running build_py
[1.944s] creating /home/tpi5/391_Project_pi/391_ws/build/drive_controller/build
[1.944s] creating /home/tpi5/391_Project_pi/391_ws/build/drive_controller/build/lib
[1.944s] creating /home/tpi5/391_Project_pi/391_ws/build/drive_controller/build/lib/drive_controller
[1.944s] copying drive_controller/drive_node.py -> /home/tpi5/391_Project_pi/391_ws/build/drive_controller/build/lib/drive_controller
[1.945s] copying drive_controller/__init__.py -> /home/tpi5/391_Project_pi/391_ws/build/drive_controller/build/lib/drive_controller
[1.945s] running install
[1.955s] running install_lib
[1.980s] creating /home/tpi5/391_Project_pi/391_ws/install/drive_controller/lib/python3.12/site-packages/drive_controller
[1.980s] copying /home/tpi5/391_Project_pi/391_ws/build/drive_controller/build/lib/drive_controller/drive_node.py -> /home/tpi5/391_Project_pi/391_ws/install/drive_controller/lib/python3.12/site-packages/drive_controller
[1.982s] copying /home/tpi5/391_Project_pi/391_ws/build/drive_controller/build/lib/drive_controller/__init__.py -> /home/tpi5/391_Project_pi/391_ws/install/drive_controller/lib/python3.12/site-packages/drive_controller
[1.984s] byte-compiling /home/tpi5/391_Project_pi/391_ws/install/drive_controller/lib/python3.12/site-packages/drive_controller/drive_node.py to drive_node.cpython-312.pyc
[1.984s] byte-compiling /home/tpi5/391_Project_pi/391_ws/install/drive_controller/lib/python3.12/site-packages/drive_controller/__init__.py to __init__.cpython-312.pyc
[1.984s] running install_data
[1.984s] creating /home/tpi5/391_Project_pi/391_ws/install/drive_controller/share
[1.984s] creating /home/tpi5/391_Project_pi/391_ws/install/drive_controller/share/ament_index
[1.984s] creating /home/tpi5/391_Project_pi/391_ws/install/drive_controller/share/ament_index/resource_index
[1.985s] creating /home/tpi5/391_Project_pi/391_ws/install/drive_controller/share/ament_index/resource_index/packages
[1.985s] copying resource/drive_controller -> /home/tpi5/391_Project_pi/391_ws/install/drive_controller/share/ament_index/resource_index/packages
[1.985s] creating /home/tpi5/391_Project_pi/391_ws/install/drive_controller/share/drive_controller
[1.985s] copying package.xml -> /home/tpi5/391_Project_pi/391_ws/install/drive_controller/share/drive_controller
[1.985s] creating /home/tpi5/391_Project_pi/391_ws/install/drive_controller/share/drive_controller/launch
[1.986s] copying launch/joy_drive.launch.py -> /home/tpi5/391_Project_pi/391_ws/install/drive_controller/share/drive_controller/launch
[1.986s] creating /home/tpi5/391_Project_pi/391_ws/install/drive_controller/share/drive_controller/config
[1.987s] running install_egg_info
[2.015s] Copying ../../build/drive_controller/drive_controller.egg-info to /home/tpi5/391_Project_pi/391_ws/install/drive_controller/lib/python3.12/site-packages/drive_controller-0.0.0-py3.12.egg-info
[2.016s] running install_scripts
[2.204s] Installing drive_node script to /home/tpi5/391_Project_pi/391_ws/install/drive_controller/lib/drive_controller
[2.205s] writing list of installed files to '/home/tpi5/391_Project_pi/391_ws/build/drive_controller/install.log'
[2.324s] Invoked command in '/home/tpi5/391_Project_pi/391_ws/src/drive_controller' returned '0': PYTHONPATH=/home/tpi5/391_Project_pi/391_ws/build/drive_controller/prefix_override:/usr/lib/python3/dist-packages/colcon_core/task/python/colcon_distutils_commands:/home/tpi5/391_Project_pi/391_ws/install/drive_controller/lib/python3.12/site-packages:${PYTHONPATH} /usr/bin/python3 -W ignore:setup.py install is deprecated -W ignore:easy_install command is deprecated setup.py egg_info --egg-base ../../build/drive_controller build --build-base /home/tpi5/391_Project_pi/391_ws/build/drive_controller/build install --record /home/tpi5/391_Project_pi/391_ws/build/drive_controller/install.log --single-version-externally-managed install_data
