[2.734s] Invoking command in '/home/tpi5/391_Project_pi/391_ws/src/servo_controller': PYTHONPATH=/home/tpi5/391_Project_pi/build/servo_controller/prefix_override:/usr/lib/python3/dist-packages/colcon_core/task/python/colcon_distutils_commands:/home/tpi5/391_Project_pi/install/servo_controller/lib/python3.12/site-packages:${PYTHONPATH} /usr/bin/python3 -W ignore:setup.py install is deprecated -W ignore:easy_install command is deprecated setup.py egg_info --egg-base ../../../build/servo_controller build --build-base /home/tpi5/391_Project_pi/build/servo_controller/build install --record /home/tpi5/391_Project_pi/build/servo_controller/install.log --single-version-externally-managed install_data
[3.298s] running egg_info
[3.298s] creating ../../../build/servo_controller/servo_controller.egg-info
[3.325s] writing ../../../build/servo_controller/servo_controller.egg-info/PKG-INFO
[3.325s] writing dependency_links to ../../../build/servo_controller/servo_controller.egg-info/dependency_links.txt
[3.326s] writing entry points to ../../../build/servo_controller/servo_controller.egg-info/entry_points.txt
[3.326s] writing requirements to ../../../build/servo_controller/servo_controller.egg-info/requires.txt
[3.326s] writing top-level names to ../../../build/servo_controller/servo_controller.egg-info/top_level.txt
[3.326s] writing manifest file '../../../build/servo_controller/servo_controller.egg-info/SOURCES.txt'
[3.379s] reading manifest file '../../../build/servo_controller/servo_controller.egg-info/SOURCES.txt'
[3.380s] writing manifest file '../../../build/servo_controller/servo_controller.egg-info/SOURCES.txt'
[3.380s] running build
[3.380s] running build_py
[3.380s] creating /home/tpi5/391_Project_pi/build/servo_controller/build
[3.381s] creating /home/tpi5/391_Project_pi/build/servo_controller/build/lib
[3.381s] creating /home/tpi5/391_Project_pi/build/servo_controller/build/lib/servo_controller
[3.382s] copying servo_controller/servo_node.py -> /home/tpi5/391_Project_pi/build/servo_controller/build/lib/servo_controller
[3.382s] copying servo_controller/__init__.py -> /home/tpi5/391_Project_pi/build/servo_controller/build/lib/servo_controller
[3.383s] running install
[3.393s] running install_lib
[3.419s] creating /home/tpi5/391_Project_pi/install/servo_controller/lib/python3.12/site-packages/servo_controller
[3.419s] copying /home/tpi5/391_Project_pi/build/servo_controller/build/lib/servo_controller/servo_node.py -> /home/tpi5/391_Project_pi/install/servo_controller/lib/python3.12/site-packages/servo_controller
[3.419s] copying /home/tpi5/391_Project_pi/build/servo_controller/build/lib/servo_controller/__init__.py -> /home/tpi5/391_Project_pi/install/servo_controller/lib/python3.12/site-packages/servo_controller
[3.421s] byte-compiling /home/tpi5/391_Project_pi/install/servo_controller/lib/python3.12/site-packages/servo_controller/servo_node.py to servo_node.cpython-312.pyc
[3.423s] byte-compiling /home/tpi5/391_Project_pi/install/servo_controller/lib/python3.12/site-packages/servo_controller/__init__.py to __init__.cpython-312.pyc
[3.423s] running install_data
[3.426s] creating /home/tpi5/391_Project_pi/install/servo_controller/share/ament_index
[3.427s] creating /home/tpi5/391_Project_pi/install/servo_controller/share/ament_index/resource_index
[3.427s] creating /home/tpi5/391_Project_pi/install/servo_controller/share/ament_index/resource_index/packages
[3.427s] copying resource/servo_controller -> /home/tpi5/391_Project_pi/install/servo_controller/share/ament_index/resource_index/packages
[3.427s] copying package.xml -> /home/tpi5/391_Project_pi/install/servo_controller/share/servo_controller
[3.427s] creating /home/tpi5/391_Project_pi/install/servo_controller/share/servo_controller/launch
[3.427s] copying launch/joy_servo.launch.py -> /home/tpi5/391_Project_pi/install/servo_controller/share/servo_controller/launch
[3.427s] running install_egg_info
[3.463s] Copying ../../../build/servo_controller/servo_controller.egg-info to /home/tpi5/391_Project_pi/install/servo_controller/lib/python3.12/site-packages/servo_controller-0.0.1-py3.12.egg-info
[3.465s] running install_scripts
[3.669s] Installing servo_node script to /home/tpi5/391_Project_pi/install/servo_controller/lib/servo_controller
[3.670s] writing list of installed files to '/home/tpi5/391_Project_pi/build/servo_controller/install.log'
[3.789s] Invoked command in '/home/tpi5/391_Project_pi/391_ws/src/servo_controller' returned '0': PYTHONPATH=/home/tpi5/391_Project_pi/build/servo_controller/prefix_override:/usr/lib/python3/dist-packages/colcon_core/task/python/colcon_distutils_commands:/home/tpi5/391_Project_pi/install/servo_controller/lib/python3.12/site-packages:${PYTHONPATH} /usr/bin/python3 -W ignore:setup.py install is deprecated -W ignore:easy_install command is deprecated setup.py egg_info --egg-base ../../../build/servo_controller build --build-base /home/tpi5/391_Project_pi/build/servo_controller/build install --record /home/tpi5/391_Project_pi/build/servo_controller/install.log --single-version-externally-managed install_data
