[8.779s] Invoking command in '/home/tpi5/391_Project_pi/391_ws/src/gripper_controller': PYTHONPATH=/home/tpi5/391_Project_pi/391_ws/build/gripper_controller/prefix_override:/usr/lib/python3/dist-packages/colcon_core/task/python/colcon_distutils_commands:/home/tpi5/391_Project_pi/391_ws/install/gripper_controller/lib/python3.12/site-packages:${PYTHONPATH} /usr/bin/python3 -W ignore:setup.py install is deprecated -W ignore:easy_install command is deprecated setup.py egg_info --egg-base ../../build/gripper_controller build --build-base /home/tpi5/391_Project_pi/391_ws/build/gripper_controller/build install --record /home/tpi5/391_Project_pi/391_ws/build/gripper_controller/install.log --single-version-externally-managed install_data
[9.682s] running egg_info
[9.706s] writing ../../build/gripper_controller/gripper_controller.egg-info/PKG-INFO
[9.707s] writing dependency_links to ../../build/gripper_controller/gripper_controller.egg-info/dependency_links.txt
[9.707s] writing entry points to ../../build/gripper_controller/gripper_controller.egg-info/entry_points.txt
[9.719s] writing requirements to ../../build/gripper_controller/gripper_controller.egg-info/requires.txt
[9.719s] writing top-level names to ../../build/gripper_controller/gripper_controller.egg-info/top_level.txt
[9.764s] reading manifest file '../../build/gripper_controller/gripper_controller.egg-info/SOURCES.txt'
[9.769s] writing manifest file '../../build/gripper_controller/gripper_controller.egg-info/SOURCES.txt'
[9.770s] running build
[9.770s] running build_py
[9.771s] running install
[9.786s] running install_lib
[9.813s] running install_data
[9.814s] running install_egg_info
[9.929s] removing '/home/tpi5/391_Project_pi/391_ws/install/gripper_controller/lib/python3.12/site-packages/gripper_controller-0.0.0-py3.12.egg-info' (and everything under it)
[9.930s] Copying ../../build/gripper_controller/gripper_controller.egg-info to /home/tpi5/391_Project_pi/391_ws/install/gripper_controller/lib/python3.12/site-packages/gripper_controller-0.0.0-py3.12.egg-info
[9.940s] running install_scripts
[10.305s] Installing gripper_node script to /home/tpi5/391_Project_pi/391_ws/install/gripper_controller/lib/gripper_controller
[10.305s] writing list of installed files to '/home/tpi5/391_Project_pi/391_ws/build/gripper_controller/install.log'
[10.781s] Invoked command in '/home/tpi5/391_Project_pi/391_ws/src/gripper_controller' returned '0': PYTHONPATH=/home/tpi5/391_Project_pi/391_ws/build/gripper_controller/prefix_override:/usr/lib/python3/dist-packages/colcon_core/task/python/colcon_distutils_commands:/home/tpi5/391_Project_pi/391_ws/install/gripper_controller/lib/python3.12/site-packages:${PYTHONPATH} /usr/bin/python3 -W ignore:setup.py install is deprecated -W ignore:easy_install command is deprecated setup.py egg_info --egg-base ../../build/gripper_controller build --build-base /home/tpi5/391_Project_pi/391_ws/build/gripper_controller/build install --record /home/tpi5/391_Project_pi/391_ws/build/gripper_controller/install.log --single-version-externally-managed install_data
