[1.860s] Invoking command in '/home/tpi5/391_Project_pi/391_ws/src/tao_controller': PYTHONPATH=/home/tpi5/391_Project_pi/391_ws/build/tao_controller/prefix_override:/usr/lib/python3/dist-packages/colcon_core/task/python/colcon_distutils_commands:/home/tpi5/391_Project_pi/391_ws/install/tao_controller/lib/python3.12/site-packages:${PYTHONPATH} /usr/bin/python3 -W ignore:setup.py install is deprecated -W ignore:easy_install command is deprecated setup.py egg_info --egg-base ../../build/tao_controller build --build-base /home/tpi5/391_Project_pi/391_ws/build/tao_controller/build install --record /home/tpi5/391_Project_pi/391_ws/build/tao_controller/install.log --single-version-externally-managed install_data
[2.275s] running egg_info
[2.301s] writing ../../build/tao_controller/tao_controller.egg-info/PKG-INFO
[2.301s] writing dependency_links to ../../build/tao_controller/tao_controller.egg-info/dependency_links.txt
[2.303s] writing entry points to ../../build/tao_controller/tao_controller.egg-info/entry_points.txt
[2.304s] writing requirements to ../../build/tao_controller/tao_controller.egg-info/requires.txt
[2.306s] writing top-level names to ../../build/tao_controller/tao_controller.egg-info/top_level.txt
[2.363s] reading manifest file '../../build/tao_controller/tao_controller.egg-info/SOURCES.txt'
[2.364s] writing manifest file '../../build/tao_controller/tao_controller.egg-info/SOURCES.txt'
[2.364s] running build
[2.365s] running build_py
[2.365s] running install
[2.376s] running install_lib
[2.403s] running install_data
[2.404s] running install_egg_info
[2.432s] removing '/home/tpi5/391_Project_pi/391_ws/install/tao_controller/lib/python3.12/site-packages/tao_controller-0.0.0-py3.12.egg-info' (and everything under it)
[2.434s] Copying ../../build/tao_controller/tao_controller.egg-info to /home/tpi5/391_Project_pi/391_ws/install/tao_controller/lib/python3.12/site-packages/tao_controller-0.0.0-py3.12.egg-info
[2.436s] running install_scripts
[2.646s] Installing tao_node script to /home/tpi5/391_Project_pi/391_ws/install/tao_controller/lib/tao_controller
[2.647s] writing list of installed files to '/home/tpi5/391_Project_pi/391_ws/build/tao_controller/install.log'
[2.755s] Invoked command in '/home/tpi5/391_Project_pi/391_ws/src/tao_controller' returned '0': PYTHONPATH=/home/tpi5/391_Project_pi/391_ws/build/tao_controller/prefix_override:/usr/lib/python3/dist-packages/colcon_core/task/python/colcon_distutils_commands:/home/tpi5/391_Project_pi/391_ws/install/tao_controller/lib/python3.12/site-packages:${PYTHONPATH} /usr/bin/python3 -W ignore:setup.py install is deprecated -W ignore:easy_install command is deprecated setup.py egg_info --egg-base ../../build/tao_controller build --build-base /home/tpi5/391_Project_pi/391_ws/build/tao_controller/build install --record /home/tpi5/391_Project_pi/391_ws/build/tao_controller/install.log --single-version-externally-managed install_data
