[3.004s] Invoking command in '/home/tpi5/391_Project_pi/391_ws/src/gripper_controller': PYTHONPATH=/home/tpi5/391_Project_pi/build/gripper_controller/prefix_override:/usr/lib/python3/dist-packages/colcon_core/task/python/colcon_distutils_commands:/home/tpi5/391_Project_pi/install/gripper_controller/lib/python3.12/site-packages:${PYTHONPATH} /usr/bin/python3 -W ignore:setup.py install is deprecated -W ignore:easy_install command is deprecated setup.py egg_info --egg-base ../../../build/gripper_controller build --build-base /home/tpi5/391_Project_pi/build/gripper_controller/build install --record /home/tpi5/391_Project_pi/build/gripper_controller/install.log --single-version-externally-managed install_data
[3.534s] running egg_info
[3.555s] writing ../../../build/gripper_controller/gripper_controller.egg-info/PKG-INFO
[3.555s] writing dependency_links to ../../../build/gripper_controller/gripper_controller.egg-info/dependency_links.txt
[3.558s] writing entry points to ../../../build/gripper_controller/gripper_controller.egg-info/entry_points.txt
[3.559s] writing requirements to ../../../build/gripper_controller/gripper_controller.egg-info/requires.txt
[3.565s] writing top-level names to ../../../build/gripper_controller/gripper_controller.egg-info/top_level.txt
[3.685s] reading manifest file '../../../build/gripper_controller/gripper_controller.egg-info/SOURCES.txt'
[3.686s] writing manifest file '../../../build/gripper_controller/gripper_controller.egg-info/SOURCES.txt'
[3.687s] running build
[3.687s] running build_py
[3.687s] running install
[3.697s] running install_lib
[3.727s] running install_data
[3.727s] running install_egg_info
[3.784s] removing '/home/tpi5/391_Project_pi/install/gripper_controller/lib/python3.12/site-packages/gripper_controller-0.0.0-py3.12.egg-info' (and everything under it)
[3.787s] Copying ../../../build/gripper_controller/gripper_controller.egg-info to /home/tpi5/391_Project_pi/install/gripper_controller/lib/python3.12/site-packages/gripper_controller-0.0.0-py3.12.egg-info
[3.790s] running install_scripts
[4.160s] Installing gripper_node script to /home/tpi5/391_Project_pi/install/gripper_controller/lib/gripper_controller
[4.160s] writing list of installed files to '/home/tpi5/391_Project_pi/build/gripper_controller/install.log'
[4.624s] Invoked command in '/home/tpi5/391_Project_pi/391_ws/src/gripper_controller' returned '0': PYTHONPATH=/home/tpi5/391_Project_pi/build/gripper_controller/prefix_override:/usr/lib/python3/dist-packages/colcon_core/task/python/colcon_distutils_commands:/home/tpi5/391_Project_pi/install/gripper_controller/lib/python3.12/site-packages:${PYTHONPATH} /usr/bin/python3 -W ignore:setup.py install is deprecated -W ignore:easy_install command is deprecated setup.py egg_info --egg-base ../../../build/gripper_controller build --build-base /home/tpi5/391_Project_pi/build/gripper_controller/build install --record /home/tpi5/391_Project_pi/build/gripper_controller/install.log --single-version-externally-managed install_data
