[2.937s] Invoking command in '/home/tpi5/391_Project_pi/391_ws/src/drive_controller': PYTHONPATH=/home/tpi5/391_Project_pi/391_ws/build/drive_controller/prefix_override:/usr/lib/python3/dist-packages/colcon_core/task/python/colcon_distutils_commands:/home/tpi5/391_Project_pi/391_ws/install/drive_controller/lib/python3.12/site-packages:${PYTHONPATH} /usr/bin/python3 -W ignore:setup.py install is deprecated -W ignore:easy_install command is deprecated setup.py egg_info --egg-base ../../build/drive_controller build --build-base /home/tpi5/391_Project_pi/391_ws/build/drive_controller/build install --record /home/tpi5/391_Project_pi/391_ws/build/drive_controller/install.log --single-version-externally-managed install_data
[3.375s] running egg_info
[3.400s] writing ../../build/drive_controller/drive_controller.egg-info/PKG-INFO
[3.400s] writing dependency_links to ../../build/drive_controller/drive_controller.egg-info/dependency_links.txt
[3.401s] writing entry points to ../../build/drive_controller/drive_controller.egg-info/entry_points.txt
[3.402s] writing requirements to ../../build/drive_controller/drive_controller.egg-info/requires.txt
[3.402s] writing top-level names to ../../build/drive_controller/drive_controller.egg-info/top_level.txt
[3.452s] reading manifest file '../../build/drive_controller/drive_controller.egg-info/SOURCES.txt'
[3.454s] writing manifest file '../../build/drive_controller/drive_controller.egg-info/SOURCES.txt'
[3.454s] running build
[3.455s] running build_py
[3.455s] running install
[3.467s] running install_lib
[3.499s] running install_data
[3.499s] running install_egg_info
[3.529s] removing '/home/tpi5/391_Project_pi/391_ws/install/drive_controller/lib/python3.12/site-packages/drive_controller-0.0.0-py3.12.egg-info' (and everything under it)
[3.530s] Copying ../../build/drive_controller/drive_controller.egg-info to /home/tpi5/391_Project_pi/391_ws/install/drive_controller/lib/python3.12/site-packages/drive_controller-0.0.0-py3.12.egg-info
[3.532s] running install_scripts
[3.960s] Installing drive_node script to /home/tpi5/391_Project_pi/391_ws/install/drive_controller/lib/drive_controller
[3.962s] writing list of installed files to '/home/tpi5/391_Project_pi/391_ws/build/drive_controller/install.log'
[4.473s] Invoked command in '/home/tpi5/391_Project_pi/391_ws/src/drive_controller' returned '0': PYTHONPATH=/home/tpi5/391_Project_pi/391_ws/build/drive_controller/prefix_override:/usr/lib/python3/dist-packages/colcon_core/task/python/colcon_distutils_commands:/home/tpi5/391_Project_pi/391_ws/install/drive_controller/lib/python3.12/site-packages:${PYTHONPATH} /usr/bin/python3 -W ignore:setup.py install is deprecated -W ignore:easy_install command is deprecated setup.py egg_info --egg-base ../../build/drive_controller build --build-base /home/tpi5/391_Project_pi/391_ws/build/drive_controller/build install --record /home/tpi5/391_Project_pi/391_ws/build/drive_controller/install.log --single-version-externally-managed install_data
