[2.572s] Invoking command in '/home/tpi5/391_Project_pi/391_ws/src/dual_cam_mjpeg_server': PYTHONPATH=/home/tpi5/391_Project_pi/build/dual_cam_mjpeg_server/prefix_override:/usr/lib/python3/dist-packages/colcon_core/task/python/colcon_distutils_commands:/home/tpi5/391_Project_pi/install/dual_cam_mjpeg_server/lib/python3.12/site-packages:${PYTHONPATH} /usr/bin/python3 -W ignore:setup.py install is deprecated -W ignore:easy_install command is deprecated setup.py egg_info --egg-base ../../../build/dual_cam_mjpeg_server build --build-base /home/tpi5/391_Project_pi/build/dual_cam_mjpeg_server/build install --record /home/tpi5/391_Project_pi/build/dual_cam_mjpeg_server/install.log --single-version-externally-managed install_data
[3.074s] running egg_info
[3.098s] writing ../../../build/dual_cam_mjpeg_server/dual_cam_mjpeg_server.egg-info/PKG-INFO
[3.099s] writing dependency_links to ../../../build/dual_cam_mjpeg_server/dual_cam_mjpeg_server.egg-info/dependency_links.txt
[3.100s] writing entry points to ../../../build/dual_cam_mjpeg_server/dual_cam_mjpeg_server.egg-info/entry_points.txt
[3.100s] writing requirements to ../../../build/dual_cam_mjpeg_server/dual_cam_mjpeg_server.egg-info/requires.txt
[3.100s] writing top-level names to ../../../build/dual_cam_mjpeg_server/dual_cam_mjpeg_server.egg-info/top_level.txt
[3.148s] reading manifest file '../../../build/dual_cam_mjpeg_server/dual_cam_mjpeg_server.egg-info/SOURCES.txt'
[3.149s] writing manifest file '../../../build/dual_cam_mjpeg_server/dual_cam_mjpeg_server.egg-info/SOURCES.txt'
[3.149s] running build
[3.149s] running build_py
[3.150s] running install
[3.161s] running install_lib
[3.190s] running install_data
[3.190s] running install_egg_info
[3.215s] removing '/home/tpi5/391_Project_pi/install/dual_cam_mjpeg_server/lib/python3.12/site-packages/dual_cam_mjpeg_server-0.1.0-py3.12.egg-info' (and everything under it)
[3.216s] Copying ../../../build/dual_cam_mjpeg_server/dual_cam_mjpeg_server.egg-info to /home/tpi5/391_Project_pi/install/dual_cam_mjpeg_server/lib/python3.12/site-packages/dual_cam_mjpeg_server-0.1.0-py3.12.egg-info
[3.217s] running install_scripts
[3.415s] Installing dual_cam_mjpeg_node script to /home/tpi5/391_Project_pi/install/dual_cam_mjpeg_server/lib/dual_cam_mjpeg_server
[3.415s] writing list of installed files to '/home/tpi5/391_Project_pi/build/dual_cam_mjpeg_server/install.log'
[3.576s] Invoked command in '/home/tpi5/391_Project_pi/391_ws/src/dual_cam_mjpeg_server' returned '0': PYTHONPATH=/home/tpi5/391_Project_pi/build/dual_cam_mjpeg_server/prefix_override:/usr/lib/python3/dist-packages/colcon_core/task/python/colcon_distutils_commands:/home/tpi5/391_Project_pi/install/dual_cam_mjpeg_server/lib/python3.12/site-packages:${PYTHONPATH} /usr/bin/python3 -W ignore:setup.py install is deprecated -W ignore:easy_install command is deprecated setup.py egg_info --egg-base ../../../build/dual_cam_mjpeg_server build --build-base /home/tpi5/391_Project_pi/build/dual_cam_mjpeg_server/build install --record /home/tpi5/391_Project_pi/build/dual_cam_mjpeg_server/install.log --single-version-externally-managed install_data
