[2.430s] Invoking command in '/home/tpi5/391_Project_pi/391_ws/src/drive_controller': PYTHONPATH=/home/tpi5/391_Project_pi/391_ws/build/drive_controller/prefix_override:/usr/lib/python3/dist-packages/colcon_core/task/python/colcon_distutils_commands:/home/tpi5/391_Project_pi/391_ws/install/drive_controller/lib/python3.12/site-packages:${PYTHONPATH} /usr/bin/python3 -W ignore:setup.py install is deprecated -W ignore:easy_install command is deprecated setup.py egg_info --egg-base ../../build/drive_controller build --build-base /home/tpi5/391_Project_pi/391_ws/build/drive_controller/build install --record /home/tpi5/391_Project_pi/391_ws/build/drive_controller/install.log --single-version-externally-managed install_data
[2.880s] running egg_info
[2.902s] writing ../../build/drive_controller/drive_controller.egg-info/PKG-INFO
[2.903s] writing dependency_links to ../../build/drive_controller/drive_controller.egg-info/dependency_links.txt
[2.911s] writing entry points to ../../build/drive_controller/drive_controller.egg-info/entry_points.txt
[2.912s] writing requirements to ../../build/drive_controller/drive_controller.egg-info/requires.txt
[2.912s] writing top-level names to ../../build/drive_controller/drive_controller.egg-info/top_level.txt
[2.962s] reading manifest file '../../build/drive_controller/drive_controller.egg-info/SOURCES.txt'
[2.963s] writing manifest file '../../build/drive_controller/drive_controller.egg-info/SOURCES.txt'
[2.963s] running build
[2.963s] running build_py
[2.964s] running install
[2.975s] running install_lib
[3.003s] running install_data
[3.003s] running install_egg_info
[3.028s] removing '/home/tpi5/391_Project_pi/391_ws/install/drive_controller/lib/python3.12/site-packages/drive_controller-0.0.0-py3.12.egg-info' (and everything under it)
[3.029s] Copying ../../build/drive_controller/drive_controller.egg-info to /home/tpi5/391_Project_pi/391_ws/install/drive_controller/lib/python3.12/site-packages/drive_controller-0.0.0-py3.12.egg-info
[3.033s] running install_scripts
[3.333s] Installing drive_node script to /home/tpi5/391_Project_pi/391_ws/install/drive_controller/lib/drive_controller
[3.334s] writing list of installed files to '/home/tpi5/391_Project_pi/391_ws/build/drive_controller/install.log'
[4.126s] Invoked command in '/home/tpi5/391_Project_pi/391_ws/src/drive_controller' returned '0': PYTHONPATH=/home/tpi5/391_Project_pi/391_ws/build/drive_controller/prefix_override:/usr/lib/python3/dist-packages/colcon_core/task/python/colcon_distutils_commands:/home/tpi5/391_Project_pi/391_ws/install/drive_controller/lib/python3.12/site-packages:${PYTHONPATH} /usr/bin/python3 -W ignore:setup.py install is deprecated -W ignore:easy_install command is deprecated setup.py egg_info --egg-base ../../build/drive_controller build --build-base /home/tpi5/391_Project_pi/391_ws/build/drive_controller/build install --record /home/tpi5/391_Project_pi/391_ws/build/drive_controller/install.log --single-version-externally-managed install_data
