[1.924s] Invoking command in '/home/tpi5/391_Project_pi/391_ws/src/servo_controller': PYTHONPATH=/home/tpi5/391_Project_pi/391_ws/build/servo_controller/prefix_override:/usr/lib/python3/dist-packages/colcon_core/task/python/colcon_distutils_commands:/home/tpi5/391_Project_pi/391_ws/install/servo_controller/lib/python3.12/site-packages:${PYTHONPATH} /usr/bin/python3 -W ignore:setup.py install is deprecated -W ignore:easy_install command is deprecated setup.py egg_info --egg-base ../../build/servo_controller build --build-base /home/tpi5/391_Project_pi/391_ws/build/servo_controller/build install --record /home/tpi5/391_Project_pi/391_ws/build/servo_controller/install.log --single-version-externally-managed install_data
[2.316s] running egg_info
[2.339s] writing ../../build/servo_controller/servo_controller.egg-info/PKG-INFO
[2.339s] writing dependency_links to ../../build/servo_controller/servo_controller.egg-info/dependency_links.txt
[2.340s] writing entry points to ../../build/servo_controller/servo_controller.egg-info/entry_points.txt
[2.343s] writing requirements to ../../build/servo_controller/servo_controller.egg-info/requires.txt
[2.343s] writing top-level names to ../../build/servo_controller/servo_controller.egg-info/top_level.txt
[2.388s] reading manifest file '../../build/servo_controller/servo_controller.egg-info/SOURCES.txt'
[2.390s] writing manifest file '../../build/servo_controller/servo_controller.egg-info/SOURCES.txt'
[2.391s] running build
[2.391s] running build_py
[2.391s] running install
[2.401s] running install_lib
[2.424s] running install_data
[2.425s] copying launch/joy_servo.launch.py -> /home/tpi5/391_Project_pi/391_ws/install/servo_controller/share/servo_controller/launch
[2.425s] running install_egg_info
[2.450s] removing '/home/tpi5/391_Project_pi/391_ws/install/servo_controller/lib/python3.12/site-packages/servo_controller-0.0.1-py3.12.egg-info' (and everything under it)
[2.453s] Copying ../../build/servo_controller/servo_controller.egg-info to /home/tpi5/391_Project_pi/391_ws/install/servo_controller/lib/python3.12/site-packages/servo_controller-0.0.1-py3.12.egg-info
[2.453s] running install_scripts
[2.634s] Installing servo_node script to /home/tpi5/391_Project_pi/391_ws/install/servo_controller/lib/servo_controller
[2.636s] writing list of installed files to '/home/tpi5/391_Project_pi/391_ws/build/servo_controller/install.log'
[2.793s] Invoked command in '/home/tpi5/391_Project_pi/391_ws/src/servo_controller' returned '0': PYTHONPATH=/home/tpi5/391_Project_pi/391_ws/build/servo_controller/prefix_override:/usr/lib/python3/dist-packages/colcon_core/task/python/colcon_distutils_commands:/home/tpi5/391_Project_pi/391_ws/install/servo_controller/lib/python3.12/site-packages:${PYTHONPATH} /usr/bin/python3 -W ignore:setup.py install is deprecated -W ignore:easy_install command is deprecated setup.py egg_info --egg-base ../../build/servo_controller build --build-base /home/tpi5/391_Project_pi/391_ws/build/servo_controller/build install --record /home/tpi5/391_Project_pi/391_ws/build/servo_controller/install.log --single-version-externally-managed install_data
