[1.585s] Invoking command in '/home/tpi5/391_Project_pi/391_ws/src/joystick_controller': PYTHONPATH=/home/tpi5/391_Project_pi/build/joystick_controller/prefix_override:/usr/lib/python3/dist-packages/colcon_core/task/python/colcon_distutils_commands:/home/tpi5/391_Project_pi/install/joystick_controller/lib/python3.12/site-packages:${PYTHONPATH} /usr/bin/python3 -W ignore:setup.py install is deprecated -W ignore:easy_install command is deprecated setup.py egg_info --egg-base ../../../build/joystick_controller build --build-base /home/tpi5/391_Project_pi/build/joystick_controller/build install --record /home/tpi5/391_Project_pi/build/joystick_controller/install.log --single-version-externally-managed install_data
[2.183s] running egg_info
[2.184s] creating ../../../build/joystick_controller/joystick_controller.egg-info
[2.214s] writing ../../../build/joystick_controller/joystick_controller.egg-info/PKG-INFO
[2.214s] writing dependency_links to ../../../build/joystick_controller/joystick_controller.egg-info/dependency_links.txt
[2.215s] writing entry points to ../../../build/joystick_controller/joystick_controller.egg-info/entry_points.txt
[2.218s] writing requirements to ../../../build/joystick_controller/joystick_controller.egg-info/requires.txt
[2.218s] writing top-level names to ../../../build/joystick_controller/joystick_controller.egg-info/top_level.txt
[2.218s] writing manifest file '../../../build/joystick_controller/joystick_controller.egg-info/SOURCES.txt'
[2.271s] reading manifest file '../../../build/joystick_controller/joystick_controller.egg-info/SOURCES.txt'
[2.272s] writing manifest file '../../../build/joystick_controller/joystick_controller.egg-info/SOURCES.txt'
[2.273s] running build
[2.273s] running build_py
[2.274s] creating /home/tpi5/391_Project_pi/build/joystick_controller/build
[2.274s] creating /home/tpi5/391_Project_pi/build/joystick_controller/build/lib
[2.274s] creating /home/tpi5/391_Project_pi/build/joystick_controller/build/lib/joystick_controller
[2.275s] copying joystick_controller/joystick_node.py -> /home/tpi5/391_Project_pi/build/joystick_controller/build/lib/joystick_controller
[2.279s] copying joystick_controller/__init__.py -> /home/tpi5/391_Project_pi/build/joystick_controller/build/lib/joystick_controller
[2.279s] running install
[2.288s] running install_lib
[2.314s] creating /home/tpi5/391_Project_pi/install/joystick_controller/lib/python3.12/site-packages/joystick_controller
[2.314s] copying /home/tpi5/391_Project_pi/build/joystick_controller/build/lib/joystick_controller/joystick_node.py -> /home/tpi5/391_Project_pi/install/joystick_controller/lib/python3.12/site-packages/joystick_controller
[2.315s] copying /home/tpi5/391_Project_pi/build/joystick_controller/build/lib/joystick_controller/__init__.py -> /home/tpi5/391_Project_pi/install/joystick_controller/lib/python3.12/site-packages/joystick_controller
[2.317s] byte-compiling /home/tpi5/391_Project_pi/install/joystick_controller/lib/python3.12/site-packages/joystick_controller/joystick_node.py to joystick_node.cpython-312.pyc
[2.319s] byte-compiling /home/tpi5/391_Project_pi/install/joystick_controller/lib/python3.12/site-packages/joystick_controller/__init__.py to __init__.cpython-312.pyc
[2.320s] running install_data
[2.320s] creating /home/tpi5/391_Project_pi/install/joystick_controller/share/ament_index
[2.323s] creating /home/tpi5/391_Project_pi/install/joystick_controller/share/ament_index/resource_index
[2.323s] creating /home/tpi5/391_Project_pi/install/joystick_controller/share/ament_index/resource_index/packages
[2.323s] copying resource/joystick_controller -> /home/tpi5/391_Project_pi/install/joystick_controller/share/ament_index/resource_index/packages
[2.323s] copying package.xml -> /home/tpi5/391_Project_pi/install/joystick_controller/share/joystick_controller
[2.323s] creating /home/tpi5/391_Project_pi/install/joystick_controller/share/joystick_controller/launch
[2.323s] creating /home/tpi5/391_Project_pi/install/joystick_controller/share/joystick_controller/config
[2.323s] running install_egg_info
[2.349s] Copying ../../../build/joystick_controller/joystick_controller.egg-info to /home/tpi5/391_Project_pi/install/joystick_controller/lib/python3.12/site-packages/joystick_controller-0.0.0-py3.12.egg-info
[2.351s] running install_scripts
[2.575s] Installing joystick_node script to /home/tpi5/391_Project_pi/install/joystick_controller/lib/joystick_controller
[2.577s] writing list of installed files to '/home/tpi5/391_Project_pi/build/joystick_controller/install.log'
[2.741s] Invoked command in '/home/tpi5/391_Project_pi/391_ws/src/joystick_controller' returned '0': PYTHONPATH=/home/tpi5/391_Project_pi/build/joystick_controller/prefix_override:/usr/lib/python3/dist-packages/colcon_core/task/python/colcon_distutils_commands:/home/tpi5/391_Project_pi/install/joystick_controller/lib/python3.12/site-packages:${PYTHONPATH} /usr/bin/python3 -W ignore:setup.py install is deprecated -W ignore:easy_install command is deprecated setup.py egg_info --egg-base ../../../build/joystick_controller build --build-base /home/tpi5/391_Project_pi/build/joystick_controller/build install --record /home/tpi5/391_Project_pi/build/joystick_controller/install.log --single-version-externally-managed install_data
