[2.136s] Invoking command in '/home/tpi5/391_Project_pi/391_ws/src/servo_switch180_controller': PYTHONPATH=/home/tpi5/391_Project_pi/build/servo_switch180_controller/prefix_override:/usr/lib/python3/dist-packages/colcon_core/task/python/colcon_distutils_commands:/home/tpi5/391_Project_pi/install/servo_switch180_controller/lib/python3.12/site-packages:${PYTHONPATH} /usr/bin/python3 -W ignore:setup.py install is deprecated -W ignore:easy_install command is deprecated setup.py egg_info --egg-base ../../../build/servo_switch180_controller build --build-base /home/tpi5/391_Project_pi/build/servo_switch180_controller/build install --record /home/tpi5/391_Project_pi/build/servo_switch180_controller/install.log --single-version-externally-managed install_data
[2.520s] running egg_info
[2.521s] creating ../../../build/servo_switch180_controller/servo_switch180_controller.egg-info
[2.542s] writing ../../../build/servo_switch180_controller/servo_switch180_controller.egg-info/PKG-INFO
[2.544s] writing dependency_links to ../../../build/servo_switch180_controller/servo_switch180_controller.egg-info/dependency_links.txt
[2.544s] writing entry points to ../../../build/servo_switch180_controller/servo_switch180_controller.egg-info/entry_points.txt
[2.545s] writing requirements to ../../../build/servo_switch180_controller/servo_switch180_controller.egg-info/requires.txt
[2.545s] writing top-level names to ../../../build/servo_switch180_controller/servo_switch180_controller.egg-info/top_level.txt
[2.545s] writing manifest file '../../../build/servo_switch180_controller/servo_switch180_controller.egg-info/SOURCES.txt'
[2.591s] reading manifest file '../../../build/servo_switch180_controller/servo_switch180_controller.egg-info/SOURCES.txt'
[2.592s] writing manifest file '../../../build/servo_switch180_controller/servo_switch180_controller.egg-info/SOURCES.txt'
[2.592s] running build
[2.592s] running build_py
[2.593s] creating /home/tpi5/391_Project_pi/build/servo_switch180_controller/build
[2.593s] creating /home/tpi5/391_Project_pi/build/servo_switch180_controller/build/lib
[2.594s] creating /home/tpi5/391_Project_pi/build/servo_switch180_controller/build/lib/servo_switch180_controller
[2.595s] copying servo_switch180_controller/servo_switch180_node.py -> /home/tpi5/391_Project_pi/build/servo_switch180_controller/build/lib/servo_switch180_controller
[2.595s] copying servo_switch180_controller/__init__.py -> /home/tpi5/391_Project_pi/build/servo_switch180_controller/build/lib/servo_switch180_controller
[2.595s] running install
[2.607s] running install_lib
[2.627s] creating /home/tpi5/391_Project_pi/install/servo_switch180_controller/lib/python3.12/site-packages/servo_switch180_controller
[2.627s] copying /home/tpi5/391_Project_pi/build/servo_switch180_controller/build/lib/servo_switch180_controller/servo_switch180_node.py -> /home/tpi5/391_Project_pi/install/servo_switch180_controller/lib/python3.12/site-packages/servo_switch180_controller
[2.627s] copying /home/tpi5/391_Project_pi/build/servo_switch180_controller/build/lib/servo_switch180_controller/__init__.py -> /home/tpi5/391_Project_pi/install/servo_switch180_controller/lib/python3.12/site-packages/servo_switch180_controller
[2.629s] byte-compiling /home/tpi5/391_Project_pi/install/servo_switch180_controller/lib/python3.12/site-packages/servo_switch180_controller/servo_switch180_node.py to servo_switch180_node.cpython-312.pyc
[2.631s] byte-compiling /home/tpi5/391_Project_pi/install/servo_switch180_controller/lib/python3.12/site-packages/servo_switch180_controller/__init__.py to __init__.cpython-312.pyc
[2.632s] running install_data
[2.632s] creating /home/tpi5/391_Project_pi/install/servo_switch180_controller/share/ament_index
[2.632s] creating /home/tpi5/391_Project_pi/install/servo_switch180_controller/share/ament_index/resource_index
[2.632s] creating /home/tpi5/391_Project_pi/install/servo_switch180_controller/share/ament_index/resource_index/packages
[2.633s] copying resource/servo_switch180_controller -> /home/tpi5/391_Project_pi/install/servo_switch180_controller/share/ament_index/resource_index/packages
[2.633s] copying package.xml -> /home/tpi5/391_Project_pi/install/servo_switch180_controller/share/servo_switch180_controller
[2.634s] creating /home/tpi5/391_Project_pi/install/servo_switch180_controller/share/servo_switch180_controller/launch
[2.634s] copying launch/joy_servo_switch180.launch.py -> /home/tpi5/391_Project_pi/install/servo_switch180_controller/share/servo_switch180_controller/launch
[2.634s] running install_egg_info
[2.662s] Copying ../../../build/servo_switch180_controller/servo_switch180_controller.egg-info to /home/tpi5/391_Project_pi/install/servo_switch180_controller/lib/python3.12/site-packages/servo_switch180_controller-0.0.1-py3.12.egg-info
[2.664s] running install_scripts
[2.844s] Installing servo_switch180_node script to /home/tpi5/391_Project_pi/install/servo_switch180_controller/lib/servo_switch180_controller
[2.844s] writing list of installed files to '/home/tpi5/391_Project_pi/build/servo_switch180_controller/install.log'
[2.972s] Invoked command in '/home/tpi5/391_Project_pi/391_ws/src/servo_switch180_controller' returned '0': PYTHONPATH=/home/tpi5/391_Project_pi/build/servo_switch180_controller/prefix_override:/usr/lib/python3/dist-packages/colcon_core/task/python/colcon_distutils_commands:/home/tpi5/391_Project_pi/install/servo_switch180_controller/lib/python3.12/site-packages:${PYTHONPATH} /usr/bin/python3 -W ignore:setup.py install is deprecated -W ignore:easy_install command is deprecated setup.py egg_info --egg-base ../../../build/servo_switch180_controller build --build-base /home/tpi5/391_Project_pi/build/servo_switch180_controller/build install --record /home/tpi5/391_Project_pi/build/servo_switch180_controller/install.log --single-version-externally-managed install_data
