[2.513s] Invoking command in '/home/tpi5/391_Project_pi/391_ws/build/gripper_controller': PYTHONPATH=/home/tpi5/391_Project_pi/391_ws/build/gripper_controller/prefix_override:/usr/lib/python3/dist-packages/colcon_core/task/python/colcon_distutils_commands:/home/tpi5/391_Project_pi/391_ws/install/gripper_controller/lib/python3.12/site-packages:${PYTHONPATH} /usr/bin/python3 -W ignore:setup.py install is deprecated -W ignore:easy_install command is deprecated setup.py develop --editable --build-directory /home/tpi5/391_Project_pi/391_ws/build/gripper_controller/build --no-deps symlink_data --force
[3.171s] running develop
[3.449s] running egg_info
[3.491s] writing gripper_controller.egg-info/PKG-INFO
[3.492s] writing dependency_links to gripper_controller.egg-info/dependency_links.txt
[3.492s] writing entry points to gripper_controller.egg-info/entry_points.txt
[3.492s] writing requirements to gripper_controller.egg-info/requires.txt
[3.492s] writing top-level names to gripper_controller.egg-info/top_level.txt
[3.645s] reading manifest file 'gripper_controller.egg-info/SOURCES.txt'
[3.645s] writing manifest file 'gripper_controller.egg-info/SOURCES.txt'
[3.682s] running build_ext
[3.683s] Creating /home/tpi5/391_Project_pi/391_ws/install/gripper_controller/lib/python3.12/site-packages/gripper-controller.egg-link (link to .)
[3.685s] Installing gripper_node script to /home/tpi5/391_Project_pi/391_ws/install/gripper_controller/lib/gripper_controller
[3.690s] 
[3.690s] Installed /home/tpi5/391_Project_pi/391_ws/build/gripper_controller
[3.690s] running symlink_data
[3.690s] symbolically linking /home/tpi5/391_Project_pi/391_ws/build/gripper_controller/resource/gripper_controller -> /home/tpi5/391_Project_pi/391_ws/install/gripper_controller/share/ament_index/resource_index/packages
[3.690s] symbolically linking /home/tpi5/391_Project_pi/391_ws/build/gripper_controller/package.xml -> /home/tpi5/391_Project_pi/391_ws/install/gripper_controller/share/gripper_controller
[3.690s] symbolically linking /home/tpi5/391_Project_pi/391_ws/build/gripper_controller/launch/joy_gripper.launch.py -> /home/tpi5/391_Project_pi/391_ws/install/gripper_controller/share/gripper_controller/launch
[4.007s] Invoked command in '/home/tpi5/391_Project_pi/391_ws/build/gripper_controller' returned '0': PYTHONPATH=/home/tpi5/391_Project_pi/391_ws/build/gripper_controller/prefix_override:/usr/lib/python3/dist-packages/colcon_core/task/python/colcon_distutils_commands:/home/tpi5/391_Project_pi/391_ws/install/gripper_controller/lib/python3.12/site-packages:${PYTHONPATH} /usr/bin/python3 -W ignore:setup.py install is deprecated -W ignore:easy_install command is deprecated setup.py develop --editable --build-directory /home/tpi5/391_Project_pi/391_ws/build/gripper_controller/build --no-deps symlink_data --force
