[3.825s] Invoking command in '/home/tpi5/391_Project_pi/391_ws/src/tao_controller': PYTHONPATH=/home/tpi5/391_Project_pi/391_ws/build/tao_controller/prefix_override:/usr/lib/python3/dist-packages/colcon_core/task/python/colcon_distutils_commands:/home/tpi5/391_Project_pi/391_ws/install/tao_controller/lib/python3.12/site-packages:${PYTHONPATH} /usr/bin/python3 -W ignore:setup.py install is deprecated -W ignore:easy_install command is deprecated setup.py egg_info --egg-base ../../build/tao_controller build --build-base /home/tpi5/391_Project_pi/391_ws/build/tao_controller/build install --record /home/tpi5/391_Project_pi/391_ws/build/tao_controller/install.log --single-version-externally-managed install_data
[4.849s] running egg_info
[4.877s] writing ../../build/tao_controller/tao_controller.egg-info/PKG-INFO
[4.878s] writing dependency_links to ../../build/tao_controller/tao_controller.egg-info/dependency_links.txt
[4.880s] writing entry points to ../../build/tao_controller/tao_controller.egg-info/entry_points.txt
[4.881s] writing requirements to ../../build/tao_controller/tao_controller.egg-info/requires.txt
[4.883s] writing top-level names to ../../build/tao_controller/tao_controller.egg-info/top_level.txt
[5.007s] reading manifest file '../../build/tao_controller/tao_controller.egg-info/SOURCES.txt'
[5.010s] writing manifest file '../../build/tao_controller/tao_controller.egg-info/SOURCES.txt'
[5.010s] running build
[5.012s] running build_py
[5.012s] running install
[5.026s] running install_lib
[5.068s] running install_data
[5.069s] running install_egg_info
[5.130s] removing '/home/tpi5/391_Project_pi/391_ws/install/tao_controller/lib/python3.12/site-packages/tao_controller-0.0.0-py3.12.egg-info' (and everything under it)
[5.133s] Copying ../../build/tao_controller/tao_controller.egg-info to /home/tpi5/391_Project_pi/391_ws/install/tao_controller/lib/python3.12/site-packages/tao_controller-0.0.0-py3.12.egg-info
[5.136s] running install_scripts
[5.383s] Installing tao_node script to /home/tpi5/391_Project_pi/391_ws/install/tao_controller/lib/tao_controller
[5.385s] writing list of installed files to '/home/tpi5/391_Project_pi/391_ws/build/tao_controller/install.log'
[5.491s] Invoked command in '/home/tpi5/391_Project_pi/391_ws/src/tao_controller' returned '0': PYTHONPATH=/home/tpi5/391_Project_pi/391_ws/build/tao_controller/prefix_override:/usr/lib/python3/dist-packages/colcon_core/task/python/colcon_distutils_commands:/home/tpi5/391_Project_pi/391_ws/install/tao_controller/lib/python3.12/site-packages:${PYTHONPATH} /usr/bin/python3 -W ignore:setup.py install is deprecated -W ignore:easy_install command is deprecated setup.py egg_info --egg-base ../../build/tao_controller build --build-base /home/tpi5/391_Project_pi/391_ws/build/tao_controller/build install --record /home/tpi5/391_Project_pi/391_ws/build/tao_controller/install.log --single-version-externally-managed install_data
