[2.517s] Invoking command in '/home/tpi5/391_Project_pi/391_ws/src/dril_controller': PYTHONPATH=/home/tpi5/391_Project_pi/391_ws/build/dril_controller/prefix_override:/usr/lib/python3/dist-packages/colcon_core/task/python/colcon_distutils_commands:/home/tpi5/391_Project_pi/391_ws/install/dril_controller/lib/python3.12/site-packages:${PYTHONPATH} /usr/bin/python3 -W ignore:setup.py install is deprecated -W ignore:easy_install command is deprecated setup.py egg_info --egg-base ../../build/dril_controller build --build-base /home/tpi5/391_Project_pi/391_ws/build/dril_controller/build install --record /home/tpi5/391_Project_pi/391_ws/build/dril_controller/install.log --single-version-externally-managed install_data
[2.969s] running egg_info
[2.994s] writing ../../build/dril_controller/dril_controller.egg-info/PKG-INFO
[2.994s] writing dependency_links to ../../build/dril_controller/dril_controller.egg-info/dependency_links.txt
[2.995s] writing entry points to ../../build/dril_controller/dril_controller.egg-info/entry_points.txt
[2.996s] writing requirements to ../../build/dril_controller/dril_controller.egg-info/requires.txt
[2.997s] writing top-level names to ../../build/dril_controller/dril_controller.egg-info/top_level.txt
[3.053s] reading manifest file '../../build/dril_controller/dril_controller.egg-info/SOURCES.txt'
[3.054s] writing manifest file '../../build/dril_controller/dril_controller.egg-info/SOURCES.txt'
[3.055s] running build
[3.055s] running build_py
[3.056s] running install
[3.071s] running install_lib
[3.102s] running install_data
[3.103s] running install_egg_info
[3.132s] removing '/home/tpi5/391_Project_pi/391_ws/install/dril_controller/lib/python3.12/site-packages/dril_controller-0.0.0-py3.12.egg-info' (and everything under it)
[3.133s] Copying ../../build/dril_controller/dril_controller.egg-info to /home/tpi5/391_Project_pi/391_ws/install/dril_controller/lib/python3.12/site-packages/dril_controller-0.0.0-py3.12.egg-info
[3.136s] running install_scripts
[3.369s] Installing dril_node script to /home/tpi5/391_Project_pi/391_ws/install/dril_controller/lib/dril_controller
[3.369s] writing list of installed files to '/home/tpi5/391_Project_pi/391_ws/build/dril_controller/install.log'
[3.874s] Invoked command in '/home/tpi5/391_Project_pi/391_ws/src/dril_controller' returned '0': PYTHONPATH=/home/tpi5/391_Project_pi/391_ws/build/dril_controller/prefix_override:/usr/lib/python3/dist-packages/colcon_core/task/python/colcon_distutils_commands:/home/tpi5/391_Project_pi/391_ws/install/dril_controller/lib/python3.12/site-packages:${PYTHONPATH} /usr/bin/python3 -W ignore:setup.py install is deprecated -W ignore:easy_install command is deprecated setup.py egg_info --egg-base ../../build/dril_controller build --build-base /home/tpi5/391_Project_pi/391_ws/build/dril_controller/build install --record /home/tpi5/391_Project_pi/391_ws/build/dril_controller/install.log --single-version-externally-managed install_data
