[4.274s] Invoking command in '/home/tpi5/391_Project_pi/391_ws/src/dril_controller': PYTHONPATH=/home/tpi5/391_Project_pi/391_ws/build/dril_controller/prefix_override:/usr/lib/python3/dist-packages/colcon_core/task/python/colcon_distutils_commands:/home/tpi5/391_Project_pi/391_ws/install/dril_controller/lib/python3.12/site-packages:${PYTHONPATH} /usr/bin/python3 -W ignore:setup.py install is deprecated -W ignore:easy_install command is deprecated setup.py egg_info --egg-base ../../build/dril_controller build --build-base /home/tpi5/391_Project_pi/391_ws/build/dril_controller/build install --record /home/tpi5/391_Project_pi/391_ws/build/dril_controller/install.log --single-version-externally-managed install_data
[4.949s] running egg_info
[4.993s] writing ../../build/dril_controller/dril_controller.egg-info/PKG-INFO
[4.994s] writing dependency_links to ../../build/dril_controller/dril_controller.egg-info/dependency_links.txt
[4.996s] writing entry points to ../../build/dril_controller/dril_controller.egg-info/entry_points.txt
[4.999s] writing requirements to ../../build/dril_controller/dril_controller.egg-info/requires.txt
[4.999s] writing top-level names to ../../build/dril_controller/dril_controller.egg-info/top_level.txt
[5.062s] reading manifest file '../../build/dril_controller/dril_controller.egg-info/SOURCES.txt'
[5.064s] writing manifest file '../../build/dril_controller/dril_controller.egg-info/SOURCES.txt'
[5.064s] running build
[5.064s] running build_py
[5.064s] running install
[5.076s] running install_lib
[5.113s] running install_data
[5.113s] running install_egg_info
[5.161s] removing '/home/tpi5/391_Project_pi/391_ws/install/dril_controller/lib/python3.12/site-packages/dril_controller-0.0.0-py3.12.egg-info' (and everything under it)
[5.161s] Copying ../../build/dril_controller/dril_controller.egg-info to /home/tpi5/391_Project_pi/391_ws/install/dril_controller/lib/python3.12/site-packages/dril_controller-0.0.0-py3.12.egg-info
[5.165s] running install_scripts
[5.643s] Installing dril_node script to /home/tpi5/391_Project_pi/391_ws/install/dril_controller/lib/dril_controller
[5.644s] writing list of installed files to '/home/tpi5/391_Project_pi/391_ws/build/dril_controller/install.log'
[6.336s] Invoked command in '/home/tpi5/391_Project_pi/391_ws/src/dril_controller' returned '0': PYTHONPATH=/home/tpi5/391_Project_pi/391_ws/build/dril_controller/prefix_override:/usr/lib/python3/dist-packages/colcon_core/task/python/colcon_distutils_commands:/home/tpi5/391_Project_pi/391_ws/install/dril_controller/lib/python3.12/site-packages:${PYTHONPATH} /usr/bin/python3 -W ignore:setup.py install is deprecated -W ignore:easy_install command is deprecated setup.py egg_info --egg-base ../../build/dril_controller build --build-base /home/tpi5/391_Project_pi/391_ws/build/dril_controller/build install --record /home/tpi5/391_Project_pi/391_ws/build/dril_controller/install.log --single-version-externally-managed install_data
