[3.091s] Invoking command in '/home/tpi5/391_Project_pi/391_ws/src/joystick_controller': PYTHONPATH=/home/tpi5/391_Project_pi/391_ws/build/joystick_controller/prefix_override:/usr/lib/python3/dist-packages/colcon_core/task/python/colcon_distutils_commands:/home/tpi5/391_Project_pi/391_ws/install/joystick_controller/lib/python3.12/site-packages:${PYTHONPATH} /usr/bin/python3 -W ignore:setup.py install is deprecated -W ignore:easy_install command is deprecated setup.py egg_info --egg-base ../../build/joystick_controller build --build-base /home/tpi5/391_Project_pi/391_ws/build/joystick_controller/build install --record /home/tpi5/391_Project_pi/391_ws/build/joystick_controller/install.log --single-version-externally-managed install_data
[4.353s] running egg_info
[4.427s] writing ../../build/joystick_controller/joystick_controller.egg-info/PKG-INFO
[4.428s] writing dependency_links to ../../build/joystick_controller/joystick_controller.egg-info/dependency_links.txt
[4.429s] writing entry points to ../../build/joystick_controller/joystick_controller.egg-info/entry_points.txt
[4.433s] writing requirements to ../../build/joystick_controller/joystick_controller.egg-info/requires.txt
[4.433s] writing top-level names to ../../build/joystick_controller/joystick_controller.egg-info/top_level.txt
[4.523s] reading manifest file '../../build/joystick_controller/joystick_controller.egg-info/SOURCES.txt'
[4.524s] writing manifest file '../../build/joystick_controller/joystick_controller.egg-info/SOURCES.txt'
[4.532s] running build
[4.532s] running build_py
[4.532s] running install
[4.539s] running install_lib
[4.593s] running install_data
[4.593s] running install_egg_info
[4.624s] removing '/home/tpi5/391_Project_pi/391_ws/install/joystick_controller/lib/python3.12/site-packages/joystick_controller-0.0.0-py3.12.egg-info' (and everything under it)
[4.624s] Copying ../../build/joystick_controller/joystick_controller.egg-info to /home/tpi5/391_Project_pi/391_ws/install/joystick_controller/lib/python3.12/site-packages/joystick_controller-0.0.0-py3.12.egg-info
[4.629s] running install_scripts
[5.272s] Installing joystick_node script to /home/tpi5/391_Project_pi/391_ws/install/joystick_controller/lib/joystick_controller
[5.273s] writing list of installed files to '/home/tpi5/391_Project_pi/391_ws/build/joystick_controller/install.log'
[5.738s] Invoked command in '/home/tpi5/391_Project_pi/391_ws/src/joystick_controller' returned '0': PYTHONPATH=/home/tpi5/391_Project_pi/391_ws/build/joystick_controller/prefix_override:/usr/lib/python3/dist-packages/colcon_core/task/python/colcon_distutils_commands:/home/tpi5/391_Project_pi/391_ws/install/joystick_controller/lib/python3.12/site-packages:${PYTHONPATH} /usr/bin/python3 -W ignore:setup.py install is deprecated -W ignore:easy_install command is deprecated setup.py egg_info --egg-base ../../build/joystick_controller build --build-base /home/tpi5/391_Project_pi/391_ws/build/joystick_controller/build install --record /home/tpi5/391_Project_pi/391_ws/build/joystick_controller/install.log --single-version-externally-managed install_data
