[3.817s] Invoking command in '/home/tpi5/391_Project_pi/391_ws/src/drive_controller': PYTHONPATH=/home/tpi5/391_Project_pi/391_ws/build/drive_controller/prefix_override:/usr/lib/python3/dist-packages/colcon_core/task/python/colcon_distutils_commands:/home/tpi5/391_Project_pi/391_ws/install/drive_controller/lib/python3.12/site-packages:${PYTHONPATH} /usr/bin/python3 -W ignore:setup.py install is deprecated -W ignore:easy_install command is deprecated setup.py egg_info --egg-base ../../build/drive_controller build --build-base /home/tpi5/391_Project_pi/391_ws/build/drive_controller/build install --record /home/tpi5/391_Project_pi/391_ws/build/drive_controller/install.log --single-version-externally-managed install_data
[4.411s] running egg_info
[4.445s] writing ../../build/drive_controller/drive_controller.egg-info/PKG-INFO
[4.449s] writing dependency_links to ../../build/drive_controller/drive_controller.egg-info/dependency_links.txt
[4.450s] writing entry points to ../../build/drive_controller/drive_controller.egg-info/entry_points.txt
[4.451s] writing requirements to ../../build/drive_controller/drive_controller.egg-info/requires.txt
[4.452s] writing top-level names to ../../build/drive_controller/drive_controller.egg-info/top_level.txt
[4.516s] reading manifest file '../../build/drive_controller/drive_controller.egg-info/SOURCES.txt'
[4.519s] writing manifest file '../../build/drive_controller/drive_controller.egg-info/SOURCES.txt'
[4.519s] running build
[4.519s] running build_py
[4.524s] running install
[4.552s] running install_lib
[4.591s] running install_data
[4.593s] running install_egg_info
[4.662s] removing '/home/tpi5/391_Project_pi/391_ws/install/drive_controller/lib/python3.12/site-packages/drive_controller-0.0.0-py3.12.egg-info' (and everything under it)
[4.668s] Copying ../../build/drive_controller/drive_controller.egg-info to /home/tpi5/391_Project_pi/391_ws/install/drive_controller/lib/python3.12/site-packages/drive_controller-0.0.0-py3.12.egg-info
[4.677s] running install_scripts
[5.033s] Installing drive_node script to /home/tpi5/391_Project_pi/391_ws/install/drive_controller/lib/drive_controller
[5.035s] writing list of installed files to '/home/tpi5/391_Project_pi/391_ws/build/drive_controller/install.log'
[5.550s] Invoked command in '/home/tpi5/391_Project_pi/391_ws/src/drive_controller' returned '0': PYTHONPATH=/home/tpi5/391_Project_pi/391_ws/build/drive_controller/prefix_override:/usr/lib/python3/dist-packages/colcon_core/task/python/colcon_distutils_commands:/home/tpi5/391_Project_pi/391_ws/install/drive_controller/lib/python3.12/site-packages:${PYTHONPATH} /usr/bin/python3 -W ignore:setup.py install is deprecated -W ignore:easy_install command is deprecated setup.py egg_info --egg-base ../../build/drive_controller build --build-base /home/tpi5/391_Project_pi/391_ws/build/drive_controller/build install --record /home/tpi5/391_Project_pi/391_ws/build/drive_controller/install.log --single-version-externally-managed install_data
