[2.987s] Invoking command in '/home/tpi5/391_Project_pi/391_ws/build/dril_controller': PYTHONPATH=/home/tpi5/391_Project_pi/391_ws/build/dril_controller/prefix_override:/usr/lib/python3/dist-packages/colcon_core/task/python/colcon_distutils_commands:/home/tpi5/391_Project_pi/391_ws/install/dril_controller/lib/python3.12/site-packages:${PYTHONPATH} /usr/bin/python3 -W ignore:setup.py install is deprecated -W ignore:easy_install command is deprecated setup.py develop --uninstall --editable --build-directory /home/tpi5/391_Project_pi/391_ws/build/dril_controller/build
[3.665s] running develop
[4.056s] Removing /home/tpi5/391_Project_pi/391_ws/install/dril_controller/lib/python3.12/site-packages/dril-controller.egg-link (link to .)
[4.190s] Invoked command in '/home/tpi5/391_Project_pi/391_ws/build/dril_controller' returned '0': PYTHONPATH=/home/tpi5/391_Project_pi/391_ws/build/dril_controller/prefix_override:/usr/lib/python3/dist-packages/colcon_core/task/python/colcon_distutils_commands:/home/tpi5/391_Project_pi/391_ws/install/dril_controller/lib/python3.12/site-packages:${PYTHONPATH} /usr/bin/python3 -W ignore:setup.py install is deprecated -W ignore:easy_install command is deprecated setup.py develop --uninstall --editable --build-directory /home/tpi5/391_Project_pi/391_ws/build/dril_controller/build
[4.194s] Invoking command in '/home/tpi5/391_Project_pi/391_ws/src/dril_controller': PYTHONPATH=/home/tpi5/391_Project_pi/391_ws/build/dril_controller/prefix_override:/usr/lib/python3/dist-packages/colcon_core/task/python/colcon_distutils_commands:/home/tpi5/391_Project_pi/391_ws/install/dril_controller/lib/python3.12/site-packages:${PYTHONPATH} /usr/bin/python3 -W ignore:setup.py install is deprecated -W ignore:easy_install command is deprecated setup.py egg_info --egg-base ../../build/dril_controller build --build-base /home/tpi5/391_Project_pi/391_ws/build/dril_controller/build install --record /home/tpi5/391_Project_pi/391_ws/build/dril_controller/install.log --single-version-externally-managed install_data --force
[4.650s] running egg_info
[4.678s] writing ../../build/dril_controller/dril_controller.egg-info/PKG-INFO
[4.679s] writing dependency_links to ../../build/dril_controller/dril_controller.egg-info/dependency_links.txt
[4.682s] writing entry points to ../../build/dril_controller/dril_controller.egg-info/entry_points.txt
[4.684s] writing requirements to ../../build/dril_controller/dril_controller.egg-info/requires.txt
[4.684s] writing top-level names to ../../build/dril_controller/dril_controller.egg-info/top_level.txt
[4.741s] reading manifest file '../../build/dril_controller/dril_controller.egg-info/SOURCES.txt'
[4.746s] writing manifest file '../../build/dril_controller/dril_controller.egg-info/SOURCES.txt'
[4.746s] running build
[4.746s] running build_py
[4.746s] running install
[4.758s] running install_lib
[4.786s] creating /home/tpi5/391_Project_pi/391_ws/install/dril_controller/lib/python3.12/site-packages/dril_controller
[4.786s] copying /home/tpi5/391_Project_pi/391_ws/build/dril_controller/build/lib/dril_controller/dril_node.py -> /home/tpi5/391_Project_pi/391_ws/install/dril_controller/lib/python3.12/site-packages/dril_controller
[4.786s] copying /home/tpi5/391_Project_pi/391_ws/build/dril_controller/build/lib/dril_controller/__init__.py -> /home/tpi5/391_Project_pi/391_ws/install/dril_controller/lib/python3.12/site-packages/dril_controller
[4.790s] byte-compiling /home/tpi5/391_Project_pi/391_ws/install/dril_controller/lib/python3.12/site-packages/dril_controller/dril_node.py to dril_node.cpython-312.pyc
[4.790s] byte-compiling /home/tpi5/391_Project_pi/391_ws/install/dril_controller/lib/python3.12/site-packages/dril_controller/__init__.py to __init__.cpython-312.pyc
[4.792s] running install_data
[4.792s] copying resource/dril_controller -> /home/tpi5/391_Project_pi/391_ws/install/dril_controller/share/ament_index/resource_index/packages
[4.793s] copying package.xml -> /home/tpi5/391_Project_pi/391_ws/install/dril_controller/share/dril_controller
[4.794s] copying launch/joy_dril.launch.py -> /home/tpi5/391_Project_pi/391_ws/install/dril_controller/share/dril_controller/launch
[4.801s] running install_egg_info
[4.825s] Copying ../../build/dril_controller/dril_controller.egg-info to /home/tpi5/391_Project_pi/391_ws/install/dril_controller/lib/python3.12/site-packages/dril_controller-0.0.0-py3.12.egg-info
[4.829s] running install_scripts
[5.129s] Installing dril_node script to /home/tpi5/391_Project_pi/391_ws/install/dril_controller/lib/dril_controller
[5.130s] writing list of installed files to '/home/tpi5/391_Project_pi/391_ws/build/dril_controller/install.log'
[5.975s] Invoked command in '/home/tpi5/391_Project_pi/391_ws/src/dril_controller' returned '0': PYTHONPATH=/home/tpi5/391_Project_pi/391_ws/build/dril_controller/prefix_override:/usr/lib/python3/dist-packages/colcon_core/task/python/colcon_distutils_commands:/home/tpi5/391_Project_pi/391_ws/install/dril_controller/lib/python3.12/site-packages:${PYTHONPATH} /usr/bin/python3 -W ignore:setup.py install is deprecated -W ignore:easy_install command is deprecated setup.py egg_info --egg-base ../../build/dril_controller build --build-base /home/tpi5/391_Project_pi/391_ws/build/dril_controller/build install --record /home/tpi5/391_Project_pi/391_ws/build/dril_controller/install.log --single-version-externally-managed install_data --force
