[2.561s] Invoking command in '/home/tpi5/391_Project_pi/391_ws/build/servo_dril_controller': PYTHONPATH=/home/tpi5/391_Project_pi/391_ws/build/servo_dril_controller/prefix_override:/usr/lib/python3/dist-packages/colcon_core/task/python/colcon_distutils_commands:/home/tpi5/391_Project_pi/391_ws/install/servo_dril_controller/lib/python3.12/site-packages:${PYTHONPATH} /usr/bin/python3 -W ignore:setup.py install is deprecated -W ignore:easy_install command is deprecated setup.py develop --editable --build-directory /home/tpi5/391_Project_pi/391_ws/build/servo_dril_controller/build --no-deps symlink_data --force
[3.194s] running develop
[3.454s] running egg_info
[3.480s] writing servo_dril_controller.egg-info/PKG-INFO
[3.480s] writing dependency_links to servo_dril_controller.egg-info/dependency_links.txt
[3.481s] writing entry points to servo_dril_controller.egg-info/entry_points.txt
[3.484s] writing requirements to servo_dril_controller.egg-info/requires.txt
[3.484s] writing top-level names to servo_dril_controller.egg-info/top_level.txt
[3.537s] reading manifest file 'servo_dril_controller.egg-info/SOURCES.txt'
[3.537s] writing manifest file 'servo_dril_controller.egg-info/SOURCES.txt'
[3.573s] running build_ext
[3.575s] Creating /home/tpi5/391_Project_pi/391_ws/install/servo_dril_controller/lib/python3.12/site-packages/servo-dril-controller.egg-link (link to .)
[3.575s] Installing servo_dril_node script to /home/tpi5/391_Project_pi/391_ws/install/servo_dril_controller/lib/servo_dril_controller
[3.577s] 
[3.578s] Installed /home/tpi5/391_Project_pi/391_ws/build/servo_dril_controller
[3.578s] running symlink_data
[3.578s] symbolically linking /home/tpi5/391_Project_pi/391_ws/build/servo_dril_controller/resource/servo_dril_controller -> /home/tpi5/391_Project_pi/391_ws/install/servo_dril_controller/share/ament_index/resource_index/packages
[3.578s] symbolically linking /home/tpi5/391_Project_pi/391_ws/build/servo_dril_controller/package.xml -> /home/tpi5/391_Project_pi/391_ws/install/servo_dril_controller/share/servo_dril_controller
[3.578s] symbolically linking /home/tpi5/391_Project_pi/391_ws/build/servo_dril_controller/launch/joy_servo_dril.launch.py -> /home/tpi5/391_Project_pi/391_ws/install/servo_dril_controller/share/servo_dril_controller/launch
[4.066s] Invoked command in '/home/tpi5/391_Project_pi/391_ws/build/servo_dril_controller' returned '0': PYTHONPATH=/home/tpi5/391_Project_pi/391_ws/build/servo_dril_controller/prefix_override:/usr/lib/python3/dist-packages/colcon_core/task/python/colcon_distutils_commands:/home/tpi5/391_Project_pi/391_ws/install/servo_dril_controller/lib/python3.12/site-packages:${PYTHONPATH} /usr/bin/python3 -W ignore:setup.py install is deprecated -W ignore:easy_install command is deprecated setup.py develop --editable --build-directory /home/tpi5/391_Project_pi/391_ws/build/servo_dril_controller/build --no-deps symlink_data --force
