[1.538s] Invoking command in '/home/tpi5/391_Project_pi/391_ws/build/tao_controller': PYTHONPATH=/home/tpi5/391_Project_pi/391_ws/build/tao_controller/prefix_override:/usr/lib/python3/dist-packages/colcon_core/task/python/colcon_distutils_commands:/home/tpi5/391_Project_pi/391_ws/install/tao_controller/lib/python3.12/site-packages:${PYTHONPATH} /usr/bin/python3 -W ignore:setup.py install is deprecated -W ignore:easy_install command is deprecated setup.py develop --uninstall --editable --build-directory /home/tpi5/391_Project_pi/391_ws/build/tao_controller/build
[1.971s] running develop
[2.216s] Removing /home/tpi5/391_Project_pi/391_ws/install/tao_controller/lib/python3.12/site-packages/tao-controller.egg-link (link to .)
[2.303s] Invoked command in '/home/tpi5/391_Project_pi/391_ws/build/tao_controller' returned '0': PYTHONPATH=/home/tpi5/391_Project_pi/391_ws/build/tao_controller/prefix_override:/usr/lib/python3/dist-packages/colcon_core/task/python/colcon_distutils_commands:/home/tpi5/391_Project_pi/391_ws/install/tao_controller/lib/python3.12/site-packages:${PYTHONPATH} /usr/bin/python3 -W ignore:setup.py install is deprecated -W ignore:easy_install command is deprecated setup.py develop --uninstall --editable --build-directory /home/tpi5/391_Project_pi/391_ws/build/tao_controller/build
[2.305s] Invoking command in '/home/tpi5/391_Project_pi/391_ws/src/tao_controller': PYTHONPATH=/home/tpi5/391_Project_pi/391_ws/build/tao_controller/prefix_override:/usr/lib/python3/dist-packages/colcon_core/task/python/colcon_distutils_commands:/home/tpi5/391_Project_pi/391_ws/install/tao_controller/lib/python3.12/site-packages:${PYTHONPATH} /usr/bin/python3 -W ignore:setup.py install is deprecated -W ignore:easy_install command is deprecated setup.py egg_info --egg-base ../../build/tao_controller build --build-base /home/tpi5/391_Project_pi/391_ws/build/tao_controller/build install --record /home/tpi5/391_Project_pi/391_ws/build/tao_controller/install.log --single-version-externally-managed install_data --force
[2.673s] running egg_info
[2.696s] writing ../../build/tao_controller/tao_controller.egg-info/PKG-INFO
[2.696s] writing dependency_links to ../../build/tao_controller/tao_controller.egg-info/dependency_links.txt
[2.697s] writing entry points to ../../build/tao_controller/tao_controller.egg-info/entry_points.txt
[2.698s] writing requirements to ../../build/tao_controller/tao_controller.egg-info/requires.txt
[2.699s] writing top-level names to ../../build/tao_controller/tao_controller.egg-info/top_level.txt
[2.747s] reading manifest file '../../build/tao_controller/tao_controller.egg-info/SOURCES.txt'
[2.748s] writing manifest file '../../build/tao_controller/tao_controller.egg-info/SOURCES.txt'
[2.748s] running build
[2.748s] running build_py
[2.749s] running install
[2.759s] running install_lib
[2.782s] creating /home/tpi5/391_Project_pi/391_ws/install/tao_controller/lib/python3.12/site-packages/tao_controller
[2.782s] copying /home/tpi5/391_Project_pi/391_ws/build/tao_controller/build/lib/tao_controller/tao_node.py -> /home/tpi5/391_Project_pi/391_ws/install/tao_controller/lib/python3.12/site-packages/tao_controller
[2.783s] copying /home/tpi5/391_Project_pi/391_ws/build/tao_controller/build/lib/tao_controller/__init__.py -> /home/tpi5/391_Project_pi/391_ws/install/tao_controller/lib/python3.12/site-packages/tao_controller
[2.784s] byte-compiling /home/tpi5/391_Project_pi/391_ws/install/tao_controller/lib/python3.12/site-packages/tao_controller/tao_node.py to tao_node.cpython-312.pyc
[2.786s] byte-compiling /home/tpi5/391_Project_pi/391_ws/install/tao_controller/lib/python3.12/site-packages/tao_controller/__init__.py to __init__.cpython-312.pyc
[2.786s] running install_data
[2.786s] copying resource/tao_controller -> /home/tpi5/391_Project_pi/391_ws/install/tao_controller/share/ament_index/resource_index/packages
[2.787s] copying package.xml -> /home/tpi5/391_Project_pi/391_ws/install/tao_controller/share/tao_controller
[2.787s] copying launch/joy_tao.launch.py -> /home/tpi5/391_Project_pi/391_ws/install/tao_controller/share/tao_controller/launch
[2.787s] running install_egg_info
[2.813s] Copying ../../build/tao_controller/tao_controller.egg-info to /home/tpi5/391_Project_pi/391_ws/install/tao_controller/lib/python3.12/site-packages/tao_controller-0.0.0-py3.12.egg-info
[2.815s] running install_scripts
[2.998s] Installing tao_node script to /home/tpi5/391_Project_pi/391_ws/install/tao_controller/lib/tao_controller
[2.999s] writing list of installed files to '/home/tpi5/391_Project_pi/391_ws/build/tao_controller/install.log'
[3.098s] Invoked command in '/home/tpi5/391_Project_pi/391_ws/src/tao_controller' returned '0': PYTHONPATH=/home/tpi5/391_Project_pi/391_ws/build/tao_controller/prefix_override:/usr/lib/python3/dist-packages/colcon_core/task/python/colcon_distutils_commands:/home/tpi5/391_Project_pi/391_ws/install/tao_controller/lib/python3.12/site-packages:${PYTHONPATH} /usr/bin/python3 -W ignore:setup.py install is deprecated -W ignore:easy_install command is deprecated setup.py egg_info --egg-base ../../build/tao_controller build --build-base /home/tpi5/391_Project_pi/391_ws/build/tao_controller/build install --record /home/tpi5/391_Project_pi/391_ws/build/tao_controller/install.log --single-version-externally-managed install_data --force
