running egg_info
writing ../../../build/servo_controller/servo_controller.egg-info/PKG-INFO
writing dependency_links to ../../../build/servo_controller/servo_controller.egg-info/dependency_links.txt
writing entry points to ../../../build/servo_controller/servo_controller.egg-info/entry_points.txt
writing requirements to ../../../build/servo_controller/servo_controller.egg-info/requires.txt
writing top-level names to ../../../build/servo_controller/servo_controller.egg-info/top_level.txt
reading manifest file '../../../build/servo_controller/servo_controller.egg-info/SOURCES.txt'
writing manifest file '../../../build/servo_controller/servo_controller.egg-info/SOURCES.txt'
running build
running build_py
copying servo_controller/servo_node.py -> /home/tpi5/391_Project_pi/build/servo_controller/build/lib/servo_controller
running install
running install_lib
copying /home/tpi5/391_Project_pi/build/servo_controller/build/lib/servo_controller/servo_node.py -> /home/tpi5/391_Project_pi/install/servo_controller/lib/python3.12/site-packages/servo_controller
byte-compiling /home/tpi5/391_Project_pi/install/servo_controller/lib/python3.12/site-packages/servo_controller/servo_node.py to servo_node.cpython-312.pyc
running install_data
copying package.xml -> /home/tpi5/391_Project_pi/install/servo_controller/share/servo_controller
creating /home/tpi5/391_Project_pi/install/servo_controller/share/servo_controller/launch
copying launch/joy_servo.launch.py -> /home/tpi5/391_Project_pi/install/servo_controller/share/servo_controller/launch
running install_egg_info
removing '/home/tpi5/391_Project_pi/install/servo_controller/lib/python3.12/site-packages/servo_controller-0.0.1-py3.12.egg-info' (and everything under it)
Copying ../../../build/servo_controller/servo_controller.egg-info to /home/tpi5/391_Project_pi/install/servo_controller/lib/python3.12/site-packages/servo_controller-0.0.1-py3.12.egg-info
running install_scripts
Installing servo_node script to /home/tpi5/391_Project_pi/install/servo_controller/lib/servo_controller
writing list of installed files to '/home/tpi5/391_Project_pi/build/servo_controller/install.log'
