[2.276s] Invoking command in '/home/tpi5/391_Project_pi/391_ws/src/servo_controller': PYTHONPATH=/home/tpi5/391_Project_pi/build/servo_controller/prefix_override:/usr/lib/python3/dist-packages/colcon_core/task/python/colcon_distutils_commands:/home/tpi5/391_Project_pi/install/servo_controller/lib/python3.12/site-packages:${PYTHONPATH} /usr/bin/python3 -W ignore:setup.py install is deprecated -W ignore:easy_install command is deprecated setup.py egg_info --egg-base ../../../build/servo_controller build --build-base /home/tpi5/391_Project_pi/build/servo_controller/build install --record /home/tpi5/391_Project_pi/build/servo_controller/install.log --single-version-externally-managed install_data
[2.672s] running egg_info
[2.694s] writing ../../../build/servo_controller/servo_controller.egg-info/PKG-INFO
[2.695s] writing dependency_links to ../../../build/servo_controller/servo_controller.egg-info/dependency_links.txt
[2.696s] writing entry points to ../../../build/servo_controller/servo_controller.egg-info/entry_points.txt
[2.697s] writing requirements to ../../../build/servo_controller/servo_controller.egg-info/requires.txt
[2.697s] writing top-level names to ../../../build/servo_controller/servo_controller.egg-info/top_level.txt
[2.743s] reading manifest file '../../../build/servo_controller/servo_controller.egg-info/SOURCES.txt'
[2.745s] writing manifest file '../../../build/servo_controller/servo_controller.egg-info/SOURCES.txt'
[2.745s] running build
[2.745s] running build_py
[2.746s] copying servo_controller/servo_node.py -> /home/tpi5/391_Project_pi/build/servo_controller/build/lib/servo_controller
[2.746s] running install
[2.756s] running install_lib
[2.779s] copying /home/tpi5/391_Project_pi/build/servo_controller/build/lib/servo_controller/servo_node.py -> /home/tpi5/391_Project_pi/install/servo_controller/lib/python3.12/site-packages/servo_controller
[2.780s] byte-compiling /home/tpi5/391_Project_pi/install/servo_controller/lib/python3.12/site-packages/servo_controller/servo_node.py to servo_node.cpython-312.pyc
[2.781s] running install_data
[2.782s] copying package.xml -> /home/tpi5/391_Project_pi/install/servo_controller/share/servo_controller
[2.782s] creating /home/tpi5/391_Project_pi/install/servo_controller/share/servo_controller/launch
[2.782s] copying launch/joy_servo.launch.py -> /home/tpi5/391_Project_pi/install/servo_controller/share/servo_controller/launch
[2.782s] running install_egg_info
[2.807s] removing '/home/tpi5/391_Project_pi/install/servo_controller/lib/python3.12/site-packages/servo_controller-0.0.1-py3.12.egg-info' (and everything under it)
[2.810s] Copying ../../../build/servo_controller/servo_controller.egg-info to /home/tpi5/391_Project_pi/install/servo_controller/lib/python3.12/site-packages/servo_controller-0.0.1-py3.12.egg-info
[2.810s] running install_scripts
[2.996s] Installing servo_node script to /home/tpi5/391_Project_pi/install/servo_controller/lib/servo_controller
[2.997s] writing list of installed files to '/home/tpi5/391_Project_pi/build/servo_controller/install.log'
[3.139s] Invoked command in '/home/tpi5/391_Project_pi/391_ws/src/servo_controller' returned '0': PYTHONPATH=/home/tpi5/391_Project_pi/build/servo_controller/prefix_override:/usr/lib/python3/dist-packages/colcon_core/task/python/colcon_distutils_commands:/home/tpi5/391_Project_pi/install/servo_controller/lib/python3.12/site-packages:${PYTHONPATH} /usr/bin/python3 -W ignore:setup.py install is deprecated -W ignore:easy_install command is deprecated setup.py egg_info --egg-base ../../../build/servo_controller build --build-base /home/tpi5/391_Project_pi/build/servo_controller/build install --record /home/tpi5/391_Project_pi/build/servo_controller/install.log --single-version-externally-managed install_data
