[2.529s] Invoking command in '/home/tpi5/391_Project_pi/391_ws/src/dril_controller': PYTHONPATH=/home/tpi5/391_Project_pi/391_ws/build/dril_controller/prefix_override:/usr/lib/python3/dist-packages/colcon_core/task/python/colcon_distutils_commands:/home/tpi5/391_Project_pi/391_ws/install/dril_controller/lib/python3.12/site-packages:${PYTHONPATH} /usr/bin/python3 -W ignore:setup.py install is deprecated -W ignore:easy_install command is deprecated setup.py egg_info --egg-base ../../build/dril_controller build --build-base /home/tpi5/391_Project_pi/391_ws/build/dril_controller/build install --record /home/tpi5/391_Project_pi/391_ws/build/dril_controller/install.log --single-version-externally-managed install_data
[3.004s] running egg_info
[3.031s] writing ../../build/dril_controller/dril_controller.egg-info/PKG-INFO
[3.031s] writing dependency_links to ../../build/dril_controller/dril_controller.egg-info/dependency_links.txt
[3.031s] writing entry points to ../../build/dril_controller/dril_controller.egg-info/entry_points.txt
[3.033s] writing requirements to ../../build/dril_controller/dril_controller.egg-info/requires.txt
[3.035s] writing top-level names to ../../build/dril_controller/dril_controller.egg-info/top_level.txt
[3.089s] reading manifest file '../../build/dril_controller/dril_controller.egg-info/SOURCES.txt'
[3.090s] writing manifest file '../../build/dril_controller/dril_controller.egg-info/SOURCES.txt'
[3.090s] running build
[3.091s] running build_py
[3.095s] running install
[3.105s] running install_lib
[3.133s] running install_data
[3.135s] running install_egg_info
[3.166s] removing '/home/tpi5/391_Project_pi/391_ws/install/dril_controller/lib/python3.12/site-packages/dril_controller-0.0.0-py3.12.egg-info' (and everything under it)
[3.167s] Copying ../../build/dril_controller/dril_controller.egg-info to /home/tpi5/391_Project_pi/391_ws/install/dril_controller/lib/python3.12/site-packages/dril_controller-0.0.0-py3.12.egg-info
[3.167s] running install_scripts
[3.385s] Installing dril_node script to /home/tpi5/391_Project_pi/391_ws/install/dril_controller/lib/dril_controller
[3.387s] writing list of installed files to '/home/tpi5/391_Project_pi/391_ws/build/dril_controller/install.log'
[3.529s] Invoked command in '/home/tpi5/391_Project_pi/391_ws/src/dril_controller' returned '0': PYTHONPATH=/home/tpi5/391_Project_pi/391_ws/build/dril_controller/prefix_override:/usr/lib/python3/dist-packages/colcon_core/task/python/colcon_distutils_commands:/home/tpi5/391_Project_pi/391_ws/install/dril_controller/lib/python3.12/site-packages:${PYTHONPATH} /usr/bin/python3 -W ignore:setup.py install is deprecated -W ignore:easy_install command is deprecated setup.py egg_info --egg-base ../../build/dril_controller build --build-base /home/tpi5/391_Project_pi/391_ws/build/dril_controller/build install --record /home/tpi5/391_Project_pi/391_ws/build/dril_controller/install.log --single-version-externally-managed install_data
