[2.700s] Invoking command in '/home/tpi5/391_Project_pi/391_ws/src/servo_controller': PYTHONPATH=/home/tpi5/391_Project_pi/391_ws/build/servo_controller/prefix_override:/usr/lib/python3/dist-packages/colcon_core/task/python/colcon_distutils_commands:/home/tpi5/391_Project_pi/391_ws/install/servo_controller/lib/python3.12/site-packages:${PYTHONPATH} /usr/bin/python3 -W ignore:setup.py install is deprecated -W ignore:easy_install command is deprecated setup.py egg_info --egg-base ../../build/servo_controller build --build-base /home/tpi5/391_Project_pi/391_ws/build/servo_controller/build install --record /home/tpi5/391_Project_pi/391_ws/build/servo_controller/install.log --single-version-externally-managed install_data
[3.120s] running egg_info
[3.146s] writing ../../build/servo_controller/servo_controller.egg-info/PKG-INFO
[3.146s] writing dependency_links to ../../build/servo_controller/servo_controller.egg-info/dependency_links.txt
[3.147s] writing entry points to ../../build/servo_controller/servo_controller.egg-info/entry_points.txt
[3.149s] writing requirements to ../../build/servo_controller/servo_controller.egg-info/requires.txt
[3.150s] writing top-level names to ../../build/servo_controller/servo_controller.egg-info/top_level.txt
[3.207s] reading manifest file '../../build/servo_controller/servo_controller.egg-info/SOURCES.txt'
[3.210s] writing manifest file '../../build/servo_controller/servo_controller.egg-info/SOURCES.txt'
[3.211s] running build
[3.212s] running build_py
[3.212s] running install
[3.227s] running install_lib
[3.251s] running install_data
[3.251s] running install_egg_info
[3.282s] removing '/home/tpi5/391_Project_pi/391_ws/install/servo_controller/lib/python3.12/site-packages/servo_controller-0.0.1-py3.12.egg-info' (and everything under it)
[3.282s] Copying ../../build/servo_controller/servo_controller.egg-info to /home/tpi5/391_Project_pi/391_ws/install/servo_controller/lib/python3.12/site-packages/servo_controller-0.0.1-py3.12.egg-info
[3.282s] running install_scripts
[3.655s] Installing servo_node script to /home/tpi5/391_Project_pi/391_ws/install/servo_controller/lib/servo_controller
[3.656s] writing list of installed files to '/home/tpi5/391_Project_pi/391_ws/build/servo_controller/install.log'
[3.738s] Invoked command in '/home/tpi5/391_Project_pi/391_ws/src/servo_controller' returned '0': PYTHONPATH=/home/tpi5/391_Project_pi/391_ws/build/servo_controller/prefix_override:/usr/lib/python3/dist-packages/colcon_core/task/python/colcon_distutils_commands:/home/tpi5/391_Project_pi/391_ws/install/servo_controller/lib/python3.12/site-packages:${PYTHONPATH} /usr/bin/python3 -W ignore:setup.py install is deprecated -W ignore:easy_install command is deprecated setup.py egg_info --egg-base ../../build/servo_controller build --build-base /home/tpi5/391_Project_pi/391_ws/build/servo_controller/build install --record /home/tpi5/391_Project_pi/391_ws/build/servo_controller/install.log --single-version-externally-managed install_data
