[2.956s] Invoking command in '/home/tpi5/391_Project_pi/391_ws/src/dual_cam_mjpeg_server': PYTHONPATH=/home/tpi5/391_Project_pi/391_ws/build/dual_cam_mjpeg_server/prefix_override:/usr/lib/python3/dist-packages/colcon_core/task/python/colcon_distutils_commands:/home/tpi5/391_Project_pi/391_ws/install/dual_cam_mjpeg_server/lib/python3.12/site-packages:${PYTHONPATH} /usr/bin/python3 -W ignore:setup.py install is deprecated -W ignore:easy_install command is deprecated setup.py egg_info --egg-base ../../build/dual_cam_mjpeg_server build --build-base /home/tpi5/391_Project_pi/391_ws/build/dual_cam_mjpeg_server/build install --record /home/tpi5/391_Project_pi/391_ws/build/dual_cam_mjpeg_server/install.log --single-version-externally-managed install_data
[3.472s] running egg_info
[3.473s] creating ../../build/dual_cam_mjpeg_server/dual_cam_mjpeg_server.egg-info
[3.500s] writing ../../build/dual_cam_mjpeg_server/dual_cam_mjpeg_server.egg-info/PKG-INFO
[3.501s] writing dependency_links to ../../build/dual_cam_mjpeg_server/dual_cam_mjpeg_server.egg-info/dependency_links.txt
[3.502s] writing entry points to ../../build/dual_cam_mjpeg_server/dual_cam_mjpeg_server.egg-info/entry_points.txt
[3.503s] writing requirements to ../../build/dual_cam_mjpeg_server/dual_cam_mjpeg_server.egg-info/requires.txt
[3.503s] writing top-level names to ../../build/dual_cam_mjpeg_server/dual_cam_mjpeg_server.egg-info/top_level.txt
[3.503s] writing manifest file '../../build/dual_cam_mjpeg_server/dual_cam_mjpeg_server.egg-info/SOURCES.txt'
[3.579s] reading manifest file '../../build/dual_cam_mjpeg_server/dual_cam_mjpeg_server.egg-info/SOURCES.txt'
[3.579s] writing manifest file '../../build/dual_cam_mjpeg_server/dual_cam_mjpeg_server.egg-info/SOURCES.txt'
[3.579s] running build
[3.579s] running build_py
[3.579s] creating /home/tpi5/391_Project_pi/391_ws/build/dual_cam_mjpeg_server/build
[3.580s] creating /home/tpi5/391_Project_pi/391_ws/build/dual_cam_mjpeg_server/build/lib
[3.580s] creating /home/tpi5/391_Project_pi/391_ws/build/dual_cam_mjpeg_server/build/lib/dual_cam_mjpeg_server
[3.580s] copying dual_cam_mjpeg_server/node.py -> /home/tpi5/391_Project_pi/391_ws/build/dual_cam_mjpeg_server/build/lib/dual_cam_mjpeg_server
[3.580s] copying dual_cam_mjpeg_server/__init__.py -> /home/tpi5/391_Project_pi/391_ws/build/dual_cam_mjpeg_server/build/lib/dual_cam_mjpeg_server
[3.580s] running install
[3.604s] running install_lib
[3.636s] creating /home/tpi5/391_Project_pi/391_ws/install/dual_cam_mjpeg_server/lib/python3.12/site-packages/dual_cam_mjpeg_server
[3.636s] copying /home/tpi5/391_Project_pi/391_ws/build/dual_cam_mjpeg_server/build/lib/dual_cam_mjpeg_server/node.py -> /home/tpi5/391_Project_pi/391_ws/install/dual_cam_mjpeg_server/lib/python3.12/site-packages/dual_cam_mjpeg_server
[3.637s] copying /home/tpi5/391_Project_pi/391_ws/build/dual_cam_mjpeg_server/build/lib/dual_cam_mjpeg_server/__init__.py -> /home/tpi5/391_Project_pi/391_ws/install/dual_cam_mjpeg_server/lib/python3.12/site-packages/dual_cam_mjpeg_server
[3.639s] byte-compiling /home/tpi5/391_Project_pi/391_ws/install/dual_cam_mjpeg_server/lib/python3.12/site-packages/dual_cam_mjpeg_server/node.py to node.cpython-312.pyc
[3.646s] byte-compiling /home/tpi5/391_Project_pi/391_ws/install/dual_cam_mjpeg_server/lib/python3.12/site-packages/dual_cam_mjpeg_server/__init__.py to __init__.cpython-312.pyc
[3.646s] running install_data
[3.647s] creating /home/tpi5/391_Project_pi/391_ws/install/dual_cam_mjpeg_server/share/ament_index
[3.647s] creating /home/tpi5/391_Project_pi/391_ws/install/dual_cam_mjpeg_server/share/ament_index/resource_index
[3.647s] creating /home/tpi5/391_Project_pi/391_ws/install/dual_cam_mjpeg_server/share/ament_index/resource_index/packages
[3.647s] copying resource/dual_cam_mjpeg_server -> /home/tpi5/391_Project_pi/391_ws/install/dual_cam_mjpeg_server/share/ament_index/resource_index/packages
[3.648s] copying package.xml -> /home/tpi5/391_Project_pi/391_ws/install/dual_cam_mjpeg_server/share/dual_cam_mjpeg_server
[3.648s] creating /home/tpi5/391_Project_pi/391_ws/install/dual_cam_mjpeg_server/share/dual_cam_mjpeg_server/launch
[3.649s] copying launch/dual_cam_mjpeg.launch.py -> /home/tpi5/391_Project_pi/391_ws/install/dual_cam_mjpeg_server/share/dual_cam_mjpeg_server/launch
[3.649s] running install_egg_info
[3.718s] Copying ../../build/dual_cam_mjpeg_server/dual_cam_mjpeg_server.egg-info to /home/tpi5/391_Project_pi/391_ws/install/dual_cam_mjpeg_server/lib/python3.12/site-packages/dual_cam_mjpeg_server-0.1.0-py3.12.egg-info
[3.725s] running install_scripts
[3.942s] Installing dual_cam_mjpeg_node script to /home/tpi5/391_Project_pi/391_ws/install/dual_cam_mjpeg_server/lib/dual_cam_mjpeg_server
[3.943s] writing list of installed files to '/home/tpi5/391_Project_pi/391_ws/build/dual_cam_mjpeg_server/install.log'
[4.101s] Invoked command in '/home/tpi5/391_Project_pi/391_ws/src/dual_cam_mjpeg_server' returned '0': PYTHONPATH=/home/tpi5/391_Project_pi/391_ws/build/dual_cam_mjpeg_server/prefix_override:/usr/lib/python3/dist-packages/colcon_core/task/python/colcon_distutils_commands:/home/tpi5/391_Project_pi/391_ws/install/dual_cam_mjpeg_server/lib/python3.12/site-packages:${PYTHONPATH} /usr/bin/python3 -W ignore:setup.py install is deprecated -W ignore:easy_install command is deprecated setup.py egg_info --egg-base ../../build/dual_cam_mjpeg_server build --build-base /home/tpi5/391_Project_pi/391_ws/build/dual_cam_mjpeg_server/build install --record /home/tpi5/391_Project_pi/391_ws/build/dual_cam_mjpeg_server/install.log --single-version-externally-managed install_data
