[3.716s] Invoking command in '/home/tpi5/391_Project_pi/391_ws/src/dril_controller': PYTHONPATH=/home/tpi5/391_Project_pi/391_ws/build/dril_controller/prefix_override:/usr/lib/python3/dist-packages/colcon_core/task/python/colcon_distutils_commands:/home/tpi5/391_Project_pi/391_ws/install/dril_controller/lib/python3.12/site-packages:${PYTHONPATH} /usr/bin/python3 -W ignore:setup.py install is deprecated -W ignore:easy_install command is deprecated setup.py egg_info --egg-base ../../build/dril_controller build --build-base /home/tpi5/391_Project_pi/391_ws/build/dril_controller/build install --record /home/tpi5/391_Project_pi/391_ws/build/dril_controller/install.log --single-version-externally-managed install_data
[4.438s] running egg_info
[4.466s] writing ../../build/dril_controller/dril_controller.egg-info/PKG-INFO
[4.467s] writing dependency_links to ../../build/dril_controller/dril_controller.egg-info/dependency_links.txt
[4.470s] writing entry points to ../../build/dril_controller/dril_controller.egg-info/entry_points.txt
[4.472s] writing requirements to ../../build/dril_controller/dril_controller.egg-info/requires.txt
[4.478s] writing top-level names to ../../build/dril_controller/dril_controller.egg-info/top_level.txt
[4.548s] reading manifest file '../../build/dril_controller/dril_controller.egg-info/SOURCES.txt'
[4.548s] writing manifest file '../../build/dril_controller/dril_controller.egg-info/SOURCES.txt'
[4.548s] running build
[4.548s] running build_py
[4.554s] running install
[4.567s] running install_lib
[4.601s] running install_data
[4.603s] running install_egg_info
[4.636s] removing '/home/tpi5/391_Project_pi/391_ws/install/dril_controller/lib/python3.12/site-packages/dril_controller-0.0.0-py3.12.egg-info' (and everything under it)
[4.637s] Copying ../../build/dril_controller/dril_controller.egg-info to /home/tpi5/391_Project_pi/391_ws/install/dril_controller/lib/python3.12/site-packages/dril_controller-0.0.0-py3.12.egg-info
[4.642s] running install_scripts
[4.928s] Installing dril_node script to /home/tpi5/391_Project_pi/391_ws/install/dril_controller/lib/dril_controller
[4.930s] writing list of installed files to '/home/tpi5/391_Project_pi/391_ws/build/dril_controller/install.log'
[5.172s] Invoked command in '/home/tpi5/391_Project_pi/391_ws/src/dril_controller' returned '0': PYTHONPATH=/home/tpi5/391_Project_pi/391_ws/build/dril_controller/prefix_override:/usr/lib/python3/dist-packages/colcon_core/task/python/colcon_distutils_commands:/home/tpi5/391_Project_pi/391_ws/install/dril_controller/lib/python3.12/site-packages:${PYTHONPATH} /usr/bin/python3 -W ignore:setup.py install is deprecated -W ignore:easy_install command is deprecated setup.py egg_info --egg-base ../../build/dril_controller build --build-base /home/tpi5/391_Project_pi/391_ws/build/dril_controller/build install --record /home/tpi5/391_Project_pi/391_ws/build/dril_controller/install.log --single-version-externally-managed install_data
