[2.319s] Invoking command in '/home/tpi5/391_Project_pi/391_ws/src/drive_controller': PYTHONPATH=/home/tpi5/391_Project_pi/build/drive_controller/prefix_override:/usr/lib/python3/dist-packages/colcon_core/task/python/colcon_distutils_commands:/home/tpi5/391_Project_pi/install/drive_controller/lib/python3.12/site-packages:${PYTHONPATH} /usr/bin/python3 -W ignore:setup.py install is deprecated -W ignore:easy_install command is deprecated setup.py egg_info --egg-base ../../../build/drive_controller build --build-base /home/tpi5/391_Project_pi/build/drive_controller/build install --record /home/tpi5/391_Project_pi/build/drive_controller/install.log --single-version-externally-managed install_data
[2.711s] running egg_info
[2.732s] writing ../../../build/drive_controller/drive_controller.egg-info/PKG-INFO
[2.734s] writing dependency_links to ../../../build/drive_controller/drive_controller.egg-info/dependency_links.txt
[2.734s] writing entry points to ../../../build/drive_controller/drive_controller.egg-info/entry_points.txt
[2.734s] writing requirements to ../../../build/drive_controller/drive_controller.egg-info/requires.txt
[2.735s] writing top-level names to ../../../build/drive_controller/drive_controller.egg-info/top_level.txt
[2.778s] reading manifest file '../../../build/drive_controller/drive_controller.egg-info/SOURCES.txt'
[2.780s] writing manifest file '../../../build/drive_controller/drive_controller.egg-info/SOURCES.txt'
[2.780s] running build
[2.781s] running build_py
[2.781s] running install
[2.791s] running install_lib
[2.815s] running install_data
[2.816s] copying package.xml -> /home/tpi5/391_Project_pi/install/drive_controller/share/drive_controller
[2.816s] running install_egg_info
[2.841s] removing '/home/tpi5/391_Project_pi/install/drive_controller/lib/python3.12/site-packages/drive_controller-0.0.0-py3.12.egg-info' (and everything under it)
[2.841s] Copying ../../../build/drive_controller/drive_controller.egg-info to /home/tpi5/391_Project_pi/install/drive_controller/lib/python3.12/site-packages/drive_controller-0.0.0-py3.12.egg-info
[2.844s] running install_scripts
[3.032s] Installing drive_node script to /home/tpi5/391_Project_pi/install/drive_controller/lib/drive_controller
[3.033s] writing list of installed files to '/home/tpi5/391_Project_pi/build/drive_controller/install.log'
[3.203s] Invoked command in '/home/tpi5/391_Project_pi/391_ws/src/drive_controller' returned '0': PYTHONPATH=/home/tpi5/391_Project_pi/build/drive_controller/prefix_override:/usr/lib/python3/dist-packages/colcon_core/task/python/colcon_distutils_commands:/home/tpi5/391_Project_pi/install/drive_controller/lib/python3.12/site-packages:${PYTHONPATH} /usr/bin/python3 -W ignore:setup.py install is deprecated -W ignore:easy_install command is deprecated setup.py egg_info --egg-base ../../../build/drive_controller build --build-base /home/tpi5/391_Project_pi/build/drive_controller/build install --record /home/tpi5/391_Project_pi/build/drive_controller/install.log --single-version-externally-managed install_data
