[3.167s] Invoking command in '/home/tpi5/391_Project_pi/391_ws/src/dril_controller': PYTHONPATH=/home/tpi5/391_Project_pi/391_ws/build/dril_controller/prefix_override:/usr/lib/python3/dist-packages/colcon_core/task/python/colcon_distutils_commands:/home/tpi5/391_Project_pi/391_ws/install/dril_controller/lib/python3.12/site-packages:${PYTHONPATH} /usr/bin/python3 -W ignore:setup.py install is deprecated -W ignore:easy_install command is deprecated setup.py egg_info --egg-base ../../build/dril_controller build --build-base /home/tpi5/391_Project_pi/391_ws/build/dril_controller/build install --record /home/tpi5/391_Project_pi/391_ws/build/dril_controller/install.log --single-version-externally-managed install_data
[3.812s] running egg_info
[3.872s] writing ../../build/dril_controller/dril_controller.egg-info/PKG-INFO
[3.874s] writing dependency_links to ../../build/dril_controller/dril_controller.egg-info/dependency_links.txt
[3.879s] writing entry points to ../../build/dril_controller/dril_controller.egg-info/entry_points.txt
[3.879s] writing requirements to ../../build/dril_controller/dril_controller.egg-info/requires.txt
[3.880s] writing top-level names to ../../build/dril_controller/dril_controller.egg-info/top_level.txt
[3.989s] reading manifest file '../../build/dril_controller/dril_controller.egg-info/SOURCES.txt'
[3.991s] writing manifest file '../../build/dril_controller/dril_controller.egg-info/SOURCES.txt'
[3.994s] running build
[3.994s] running build_py
[3.996s] running install
[4.011s] running install_lib
[4.060s] running install_data
[4.062s] running install_egg_info
[4.126s] removing '/home/tpi5/391_Project_pi/391_ws/install/dril_controller/lib/python3.12/site-packages/dril_controller-0.0.0-py3.12.egg-info' (and everything under it)
[4.129s] Copying ../../build/dril_controller/dril_controller.egg-info to /home/tpi5/391_Project_pi/391_ws/install/dril_controller/lib/python3.12/site-packages/dril_controller-0.0.0-py3.12.egg-info
[4.139s] running install_scripts
[4.439s] Installing dril_node script to /home/tpi5/391_Project_pi/391_ws/install/dril_controller/lib/dril_controller
[4.440s] writing list of installed files to '/home/tpi5/391_Project_pi/391_ws/build/dril_controller/install.log'
[4.715s] Invoked command in '/home/tpi5/391_Project_pi/391_ws/src/dril_controller' returned '0': PYTHONPATH=/home/tpi5/391_Project_pi/391_ws/build/dril_controller/prefix_override:/usr/lib/python3/dist-packages/colcon_core/task/python/colcon_distutils_commands:/home/tpi5/391_Project_pi/391_ws/install/dril_controller/lib/python3.12/site-packages:${PYTHONPATH} /usr/bin/python3 -W ignore:setup.py install is deprecated -W ignore:easy_install command is deprecated setup.py egg_info --egg-base ../../build/dril_controller build --build-base /home/tpi5/391_Project_pi/391_ws/build/dril_controller/build install --record /home/tpi5/391_Project_pi/391_ws/build/dril_controller/install.log --single-version-externally-managed install_data
