[2.168s] Invoking command in '/home/tpi5/391_Project_pi/391_ws/src/linear_controller': PYTHONPATH=/home/tpi5/391_Project_pi/391_ws/build/linear_controller/prefix_override:/usr/lib/python3/dist-packages/colcon_core/task/python/colcon_distutils_commands:/home/tpi5/391_Project_pi/391_ws/install/linear_controller/lib/python3.12/site-packages:${PYTHONPATH} /usr/bin/python3 -W ignore:setup.py install is deprecated -W ignore:easy_install command is deprecated setup.py egg_info --egg-base ../../build/linear_controller build --build-base /home/tpi5/391_Project_pi/391_ws/build/linear_controller/build install --record /home/tpi5/391_Project_pi/391_ws/build/linear_controller/install.log --single-version-externally-managed install_data
[2.731s] running egg_info
[2.772s] writing ../../build/linear_controller/linear_controller.egg-info/PKG-INFO
[2.772s] writing dependency_links to ../../build/linear_controller/linear_controller.egg-info/dependency_links.txt
[2.775s] writing entry points to ../../build/linear_controller/linear_controller.egg-info/entry_points.txt
[2.776s] writing requirements to ../../build/linear_controller/linear_controller.egg-info/requires.txt
[2.776s] writing top-level names to ../../build/linear_controller/linear_controller.egg-info/top_level.txt
[2.858s] reading manifest file '../../build/linear_controller/linear_controller.egg-info/SOURCES.txt'
[2.861s] writing manifest file '../../build/linear_controller/linear_controller.egg-info/SOURCES.txt'
[2.861s] running build
[2.862s] running build_py
[2.863s] running install
[2.876s] running install_lib
[2.910s] running install_data
[2.911s] running install_egg_info
[2.937s] removing '/home/tpi5/391_Project_pi/391_ws/install/linear_controller/lib/python3.12/site-packages/linear_controller-0.0.0-py3.12.egg-info' (and everything under it)
[2.938s] Copying ../../build/linear_controller/linear_controller.egg-info to /home/tpi5/391_Project_pi/391_ws/install/linear_controller/lib/python3.12/site-packages/linear_controller-0.0.0-py3.12.egg-info
[2.942s] running install_scripts
[3.135s] Installing linear_node script to /home/tpi5/391_Project_pi/391_ws/install/linear_controller/lib/linear_controller
[3.135s] writing list of installed files to '/home/tpi5/391_Project_pi/391_ws/build/linear_controller/install.log'
[3.242s] Invoked command in '/home/tpi5/391_Project_pi/391_ws/src/linear_controller' returned '0': PYTHONPATH=/home/tpi5/391_Project_pi/391_ws/build/linear_controller/prefix_override:/usr/lib/python3/dist-packages/colcon_core/task/python/colcon_distutils_commands:/home/tpi5/391_Project_pi/391_ws/install/linear_controller/lib/python3.12/site-packages:${PYTHONPATH} /usr/bin/python3 -W ignore:setup.py install is deprecated -W ignore:easy_install command is deprecated setup.py egg_info --egg-base ../../build/linear_controller build --build-base /home/tpi5/391_Project_pi/391_ws/build/linear_controller/build install --record /home/tpi5/391_Project_pi/391_ws/build/linear_controller/install.log --single-version-externally-managed install_data
