[2.492s] Invoking command in '/home/tpi5/391_Project_pi/391_ws/build/linear_controller': PYTHONPATH=/home/tpi5/391_Project_pi/391_ws/build/linear_controller/prefix_override:/usr/lib/python3/dist-packages/colcon_core/task/python/colcon_distutils_commands:/home/tpi5/391_Project_pi/391_ws/install/linear_controller/lib/python3.12/site-packages:${PYTHONPATH} /usr/bin/python3 -W ignore:setup.py install is deprecated -W ignore:easy_install command is deprecated setup.py develop --editable --build-directory /home/tpi5/391_Project_pi/391_ws/build/linear_controller/build --no-deps symlink_data --force
[3.202s] running develop
[3.470s] running egg_info
[3.495s] writing linear_controller.egg-info/PKG-INFO
[3.495s] writing dependency_links to linear_controller.egg-info/dependency_links.txt
[3.497s] writing entry points to linear_controller.egg-info/entry_points.txt
[3.498s] writing requirements to linear_controller.egg-info/requires.txt
[3.500s] writing top-level names to linear_controller.egg-info/top_level.txt
[3.569s] reading manifest file 'linear_controller.egg-info/SOURCES.txt'
[3.570s] writing manifest file 'linear_controller.egg-info/SOURCES.txt'
[3.624s] running build_ext
[3.624s] Creating /home/tpi5/391_Project_pi/391_ws/install/linear_controller/lib/python3.12/site-packages/linear-controller.egg-link (link to .)
[3.629s] Installing linear_node script to /home/tpi5/391_Project_pi/391_ws/install/linear_controller/lib/linear_controller
[3.630s] 
[3.630s] Installed /home/tpi5/391_Project_pi/391_ws/build/linear_controller
[3.630s] running symlink_data
[3.630s] symbolically linking /home/tpi5/391_Project_pi/391_ws/build/linear_controller/resource/linear_controller -> /home/tpi5/391_Project_pi/391_ws/install/linear_controller/share/ament_index/resource_index/packages
[3.631s] symbolically linking /home/tpi5/391_Project_pi/391_ws/build/linear_controller/package.xml -> /home/tpi5/391_Project_pi/391_ws/install/linear_controller/share/linear_controller
[3.631s] symbolically linking /home/tpi5/391_Project_pi/391_ws/build/linear_controller/launch/joy_linear.launch.py -> /home/tpi5/391_Project_pi/391_ws/install/linear_controller/share/linear_controller/launch
[4.093s] Invoked command in '/home/tpi5/391_Project_pi/391_ws/build/linear_controller' returned '0': PYTHONPATH=/home/tpi5/391_Project_pi/391_ws/build/linear_controller/prefix_override:/usr/lib/python3/dist-packages/colcon_core/task/python/colcon_distutils_commands:/home/tpi5/391_Project_pi/391_ws/install/linear_controller/lib/python3.12/site-packages:${PYTHONPATH} /usr/bin/python3 -W ignore:setup.py install is deprecated -W ignore:easy_install command is deprecated setup.py develop --editable --build-directory /home/tpi5/391_Project_pi/391_ws/build/linear_controller/build --no-deps symlink_data --force
