[2.478s] Invoking command in '/home/tpi5/391_Project_pi/391_ws/src/dril_controller': PYTHONPATH=/home/tpi5/391_Project_pi/391_ws/build/dril_controller/prefix_override:/usr/lib/python3/dist-packages/colcon_core/task/python/colcon_distutils_commands:/home/tpi5/391_Project_pi/391_ws/install/dril_controller/lib/python3.12/site-packages:${PYTHONPATH} /usr/bin/python3 -W ignore:setup.py install is deprecated -W ignore:easy_install command is deprecated setup.py egg_info --egg-base ../../build/dril_controller build --build-base /home/tpi5/391_Project_pi/391_ws/build/dril_controller/build install --record /home/tpi5/391_Project_pi/391_ws/build/dril_controller/install.log --single-version-externally-managed install_data
[3.108s] running egg_info
[3.109s] creating ../../build/dril_controller/dril_controller.egg-info
[3.134s] writing ../../build/dril_controller/dril_controller.egg-info/PKG-INFO
[3.135s] writing dependency_links to ../../build/dril_controller/dril_controller.egg-info/dependency_links.txt
[3.135s] writing entry points to ../../build/dril_controller/dril_controller.egg-info/entry_points.txt
[3.135s] writing requirements to ../../build/dril_controller/dril_controller.egg-info/requires.txt
[3.138s] writing top-level names to ../../build/dril_controller/dril_controller.egg-info/top_level.txt
[3.138s] writing manifest file '../../build/dril_controller/dril_controller.egg-info/SOURCES.txt'
[3.186s] reading manifest file '../../build/dril_controller/dril_controller.egg-info/SOURCES.txt'
[3.187s] writing manifest file '../../build/dril_controller/dril_controller.egg-info/SOURCES.txt'
[3.189s] running build
[3.189s] running build_py
[3.189s] creating /home/tpi5/391_Project_pi/391_ws/build/dril_controller/build
[3.189s] creating /home/tpi5/391_Project_pi/391_ws/build/dril_controller/build/lib
[3.189s] creating /home/tpi5/391_Project_pi/391_ws/build/dril_controller/build/lib/dril_controller
[3.189s] copying dril_controller/dril_node.py -> /home/tpi5/391_Project_pi/391_ws/build/dril_controller/build/lib/dril_controller
[3.193s] copying dril_controller/__init__.py -> /home/tpi5/391_Project_pi/391_ws/build/dril_controller/build/lib/dril_controller
[3.193s] running install
[3.201s] running install_lib
[3.231s] creating /home/tpi5/391_Project_pi/391_ws/install/dril_controller/lib/python3.12/site-packages/dril_controller
[3.231s] copying /home/tpi5/391_Project_pi/391_ws/build/dril_controller/build/lib/dril_controller/dril_node.py -> /home/tpi5/391_Project_pi/391_ws/install/dril_controller/lib/python3.12/site-packages/dril_controller
[3.233s] copying /home/tpi5/391_Project_pi/391_ws/build/dril_controller/build/lib/dril_controller/__init__.py -> /home/tpi5/391_Project_pi/391_ws/install/dril_controller/lib/python3.12/site-packages/dril_controller
[3.233s] byte-compiling /home/tpi5/391_Project_pi/391_ws/install/dril_controller/lib/python3.12/site-packages/dril_controller/dril_node.py to dril_node.cpython-312.pyc
[3.234s] byte-compiling /home/tpi5/391_Project_pi/391_ws/install/dril_controller/lib/python3.12/site-packages/dril_controller/__init__.py to __init__.cpython-312.pyc
[3.235s] running install_data
[3.236s] creating /home/tpi5/391_Project_pi/391_ws/install/dril_controller/share/ament_index
[3.236s] creating /home/tpi5/391_Project_pi/391_ws/install/dril_controller/share/ament_index/resource_index
[3.237s] creating /home/tpi5/391_Project_pi/391_ws/install/dril_controller/share/ament_index/resource_index/packages
[3.237s] copying resource/dril_controller -> /home/tpi5/391_Project_pi/391_ws/install/dril_controller/share/ament_index/resource_index/packages
[3.237s] copying package.xml -> /home/tpi5/391_Project_pi/391_ws/install/dril_controller/share/dril_controller
[3.237s] creating /home/tpi5/391_Project_pi/391_ws/install/dril_controller/share/dril_controller/launch
[3.238s] copying launch/joy_dril.launch.py -> /home/tpi5/391_Project_pi/391_ws/install/dril_controller/share/dril_controller/launch
[3.238s] creating /home/tpi5/391_Project_pi/391_ws/install/dril_controller/share/dril_controller/config
[3.240s] running install_egg_info
[3.275s] Copying ../../build/dril_controller/dril_controller.egg-info to /home/tpi5/391_Project_pi/391_ws/install/dril_controller/lib/python3.12/site-packages/dril_controller-0.0.0-py3.12.egg-info
[3.277s] running install_scripts
[3.489s] Installing dril_node script to /home/tpi5/391_Project_pi/391_ws/install/dril_controller/lib/dril_controller
[3.489s] writing list of installed files to '/home/tpi5/391_Project_pi/391_ws/build/dril_controller/install.log'
[3.631s] Invoked command in '/home/tpi5/391_Project_pi/391_ws/src/dril_controller' returned '0': PYTHONPATH=/home/tpi5/391_Project_pi/391_ws/build/dril_controller/prefix_override:/usr/lib/python3/dist-packages/colcon_core/task/python/colcon_distutils_commands:/home/tpi5/391_Project_pi/391_ws/install/dril_controller/lib/python3.12/site-packages:${PYTHONPATH} /usr/bin/python3 -W ignore:setup.py install is deprecated -W ignore:easy_install command is deprecated setup.py egg_info --egg-base ../../build/dril_controller build --build-base /home/tpi5/391_Project_pi/391_ws/build/dril_controller/build install --record /home/tpi5/391_Project_pi/391_ws/build/dril_controller/install.log --single-version-externally-managed install_data
