[1.739s] Invoking command in '/home/tpi5/391_Project_pi/391_ws/build/servo_switch180_controller': PYTHONPATH=/home/tpi5/391_Project_pi/391_ws/build/servo_switch180_controller/prefix_override:/usr/lib/python3/dist-packages/colcon_core/task/python/colcon_distutils_commands:/home/tpi5/391_Project_pi/391_ws/install/servo_switch180_controller/lib/python3.12/site-packages:${PYTHONPATH} /usr/bin/python3 -W ignore:setup.py install is deprecated -W ignore:easy_install command is deprecated setup.py develop --uninstall --editable --build-directory /home/tpi5/391_Project_pi/391_ws/build/servo_switch180_controller/build
[2.330s] running develop
[2.671s] Removing /home/tpi5/391_Project_pi/391_ws/install/servo_switch180_controller/lib/python3.12/site-packages/servo-switch180-controller.egg-link (link to .)
[2.787s] Invoked command in '/home/tpi5/391_Project_pi/391_ws/build/servo_switch180_controller' returned '0': PYTHONPATH=/home/tpi5/391_Project_pi/391_ws/build/servo_switch180_controller/prefix_override:/usr/lib/python3/dist-packages/colcon_core/task/python/colcon_distutils_commands:/home/tpi5/391_Project_pi/391_ws/install/servo_switch180_controller/lib/python3.12/site-packages:${PYTHONPATH} /usr/bin/python3 -W ignore:setup.py install is deprecated -W ignore:easy_install command is deprecated setup.py develop --uninstall --editable --build-directory /home/tpi5/391_Project_pi/391_ws/build/servo_switch180_controller/build
[2.787s] Invoking command in '/home/tpi5/391_Project_pi/391_ws/src/servo_switch180_controller': PYTHONPATH=/home/tpi5/391_Project_pi/391_ws/build/servo_switch180_controller/prefix_override:/usr/lib/python3/dist-packages/colcon_core/task/python/colcon_distutils_commands:/home/tpi5/391_Project_pi/391_ws/install/servo_switch180_controller/lib/python3.12/site-packages:${PYTHONPATH} /usr/bin/python3 -W ignore:setup.py install is deprecated -W ignore:easy_install command is deprecated setup.py egg_info --egg-base ../../build/servo_switch180_controller build --build-base /home/tpi5/391_Project_pi/391_ws/build/servo_switch180_controller/build install --record /home/tpi5/391_Project_pi/391_ws/build/servo_switch180_controller/install.log --single-version-externally-managed install_data --force
[3.270s] running egg_info
[3.301s] writing ../../build/servo_switch180_controller/servo_switch180_controller.egg-info/PKG-INFO
[3.301s] writing dependency_links to ../../build/servo_switch180_controller/servo_switch180_controller.egg-info/dependency_links.txt
[3.302s] writing entry points to ../../build/servo_switch180_controller/servo_switch180_controller.egg-info/entry_points.txt
[3.302s] writing requirements to ../../build/servo_switch180_controller/servo_switch180_controller.egg-info/requires.txt
[3.303s] writing top-level names to ../../build/servo_switch180_controller/servo_switch180_controller.egg-info/top_level.txt
[3.388s] reading manifest file '../../build/servo_switch180_controller/servo_switch180_controller.egg-info/SOURCES.txt'
[3.393s] writing manifest file '../../build/servo_switch180_controller/servo_switch180_controller.egg-info/SOURCES.txt'
[3.397s] running build
[3.397s] running build_py
[3.397s] copying servo_switch180_controller/servo_switch180_node.py -> /home/tpi5/391_Project_pi/391_ws/build/servo_switch180_controller/build/lib/servo_switch180_controller
[3.402s] running install
[3.414s] running install_lib
[3.453s] creating /home/tpi5/391_Project_pi/391_ws/install/servo_switch180_controller/lib/python3.12/site-packages/servo_switch180_controller
[3.454s] copying /home/tpi5/391_Project_pi/391_ws/build/servo_switch180_controller/build/lib/servo_switch180_controller/servo_switch180_node.py -> /home/tpi5/391_Project_pi/391_ws/install/servo_switch180_controller/lib/python3.12/site-packages/servo_switch180_controller
[3.458s] copying /home/tpi5/391_Project_pi/391_ws/build/servo_switch180_controller/build/lib/servo_switch180_controller/__init__.py -> /home/tpi5/391_Project_pi/391_ws/install/servo_switch180_controller/lib/python3.12/site-packages/servo_switch180_controller
[3.458s] byte-compiling /home/tpi5/391_Project_pi/391_ws/install/servo_switch180_controller/lib/python3.12/site-packages/servo_switch180_controller/servo_switch180_node.py to servo_switch180_node.cpython-312.pyc
[3.462s] byte-compiling /home/tpi5/391_Project_pi/391_ws/install/servo_switch180_controller/lib/python3.12/site-packages/servo_switch180_controller/__init__.py to __init__.cpython-312.pyc
[3.465s] running install_data
[3.466s] copying resource/servo_switch180_controller -> /home/tpi5/391_Project_pi/391_ws/install/servo_switch180_controller/share/ament_index/resource_index/packages
[3.466s] copying package.xml -> /home/tpi5/391_Project_pi/391_ws/install/servo_switch180_controller/share/servo_switch180_controller
[3.466s] copying launch/joy_servo_switch180.launch.py -> /home/tpi5/391_Project_pi/391_ws/install/servo_switch180_controller/share/servo_switch180_controller/launch
[3.469s] running install_egg_info
[3.518s] Copying ../../build/servo_switch180_controller/servo_switch180_controller.egg-info to /home/tpi5/391_Project_pi/391_ws/install/servo_switch180_controller/lib/python3.12/site-packages/servo_switch180_controller-0.0.1-py3.12.egg-info
[3.524s] running install_scripts
[3.783s] Installing servo_switch180_node script to /home/tpi5/391_Project_pi/391_ws/install/servo_switch180_controller/lib/servo_switch180_controller
[3.785s] writing list of installed files to '/home/tpi5/391_Project_pi/391_ws/build/servo_switch180_controller/install.log'
[3.937s] Invoked command in '/home/tpi5/391_Project_pi/391_ws/src/servo_switch180_controller' returned '0': PYTHONPATH=/home/tpi5/391_Project_pi/391_ws/build/servo_switch180_controller/prefix_override:/usr/lib/python3/dist-packages/colcon_core/task/python/colcon_distutils_commands:/home/tpi5/391_Project_pi/391_ws/install/servo_switch180_controller/lib/python3.12/site-packages:${PYTHONPATH} /usr/bin/python3 -W ignore:setup.py install is deprecated -W ignore:easy_install command is deprecated setup.py egg_info --egg-base ../../build/servo_switch180_controller build --build-base /home/tpi5/391_Project_pi/391_ws/build/servo_switch180_controller/build install --record /home/tpi5/391_Project_pi/391_ws/build/servo_switch180_controller/install.log --single-version-externally-managed install_data --force
