[1.747s] Invoking command in '/home/tpi5/391_Project_pi/391_ws/src/linear_controller': PYTHONPATH=/home/tpi5/391_Project_pi/391_ws/build/linear_controller/prefix_override:/usr/lib/python3/dist-packages/colcon_core/task/python/colcon_distutils_commands:/home/tpi5/391_Project_pi/391_ws/install/linear_controller/lib/python3.12/site-packages:${PYTHONPATH} /usr/bin/python3 -W ignore:setup.py install is deprecated -W ignore:easy_install command is deprecated setup.py egg_info --egg-base ../../build/linear_controller build --build-base /home/tpi5/391_Project_pi/391_ws/build/linear_controller/build install --record /home/tpi5/391_Project_pi/391_ws/build/linear_controller/install.log --single-version-externally-managed install_data
[2.306s] running egg_info
[2.328s] writing ../../build/linear_controller/linear_controller.egg-info/PKG-INFO
[2.329s] writing dependency_links to ../../build/linear_controller/linear_controller.egg-info/dependency_links.txt
[2.329s] writing entry points to ../../build/linear_controller/linear_controller.egg-info/entry_points.txt
[2.330s] writing requirements to ../../build/linear_controller/linear_controller.egg-info/requires.txt
[2.331s] writing top-level names to ../../build/linear_controller/linear_controller.egg-info/top_level.txt
[2.385s] reading manifest file '../../build/linear_controller/linear_controller.egg-info/SOURCES.txt'
[2.385s] writing manifest file '../../build/linear_controller/linear_controller.egg-info/SOURCES.txt'
[2.385s] running build
[2.385s] running build_py
[2.385s] running install
[2.395s] running install_lib
[2.421s] running install_data
[2.421s] running install_egg_info
[2.449s] removing '/home/tpi5/391_Project_pi/391_ws/install/linear_controller/lib/python3.12/site-packages/linear_controller-0.0.0-py3.12.egg-info' (and everything under it)
[2.451s] Copying ../../build/linear_controller/linear_controller.egg-info to /home/tpi5/391_Project_pi/391_ws/install/linear_controller/lib/python3.12/site-packages/linear_controller-0.0.0-py3.12.egg-info
[2.455s] running install_scripts
[2.791s] Installing linear_node script to /home/tpi5/391_Project_pi/391_ws/install/linear_controller/lib/linear_controller
[2.796s] writing list of installed files to '/home/tpi5/391_Project_pi/391_ws/build/linear_controller/install.log'
[2.922s] Invoked command in '/home/tpi5/391_Project_pi/391_ws/src/linear_controller' returned '0': PYTHONPATH=/home/tpi5/391_Project_pi/391_ws/build/linear_controller/prefix_override:/usr/lib/python3/dist-packages/colcon_core/task/python/colcon_distutils_commands:/home/tpi5/391_Project_pi/391_ws/install/linear_controller/lib/python3.12/site-packages:${PYTHONPATH} /usr/bin/python3 -W ignore:setup.py install is deprecated -W ignore:easy_install command is deprecated setup.py egg_info --egg-base ../../build/linear_controller build --build-base /home/tpi5/391_Project_pi/391_ws/build/linear_controller/build install --record /home/tpi5/391_Project_pi/391_ws/build/linear_controller/install.log --single-version-externally-managed install_data
