[6.821s] Invoking command in '/home/tpi5/391_Project_pi/391_ws/src/drive_controller': PYTHONPATH=/home/tpi5/391_Project_pi/391_ws/build/drive_controller/prefix_override:/usr/lib/python3/dist-packages/colcon_core/task/python/colcon_distutils_commands:/home/tpi5/391_Project_pi/391_ws/install/drive_controller/lib/python3.12/site-packages:${PYTHONPATH} /usr/bin/python3 -W ignore:setup.py install is deprecated -W ignore:easy_install command is deprecated setup.py egg_info --egg-base ../../build/drive_controller build --build-base /home/tpi5/391_Project_pi/391_ws/build/drive_controller/build install --record /home/tpi5/391_Project_pi/391_ws/build/drive_controller/install.log --single-version-externally-managed install_data
[7.774s] running egg_info
[7.838s] writing ../../build/drive_controller/drive_controller.egg-info/PKG-INFO
[7.838s] writing dependency_links to ../../build/drive_controller/drive_controller.egg-info/dependency_links.txt
[7.847s] writing entry points to ../../build/drive_controller/drive_controller.egg-info/entry_points.txt
[7.847s] writing requirements to ../../build/drive_controller/drive_controller.egg-info/requires.txt
[7.853s] writing top-level names to ../../build/drive_controller/drive_controller.egg-info/top_level.txt
[8.112s] reading manifest file '../../build/drive_controller/drive_controller.egg-info/SOURCES.txt'
[8.120s] writing manifest file '../../build/drive_controller/drive_controller.egg-info/SOURCES.txt'
[8.163s] running build
[8.163s] running build_py
[8.164s] running install
[8.195s] running install_lib
[8.292s] running install_data
[8.293s] running install_egg_info
[8.422s] removing '/home/tpi5/391_Project_pi/391_ws/install/drive_controller/lib/python3.12/site-packages/drive_controller-0.0.0-py3.12.egg-info' (and everything under it)
[8.425s] Copying ../../build/drive_controller/drive_controller.egg-info to /home/tpi5/391_Project_pi/391_ws/install/drive_controller/lib/python3.12/site-packages/drive_controller-0.0.0-py3.12.egg-info
[8.430s] running install_scripts
[9.212s] Installing drive_node script to /home/tpi5/391_Project_pi/391_ws/install/drive_controller/lib/drive_controller
[9.215s] writing list of installed files to '/home/tpi5/391_Project_pi/391_ws/build/drive_controller/install.log'
[9.471s] Invoked command in '/home/tpi5/391_Project_pi/391_ws/src/drive_controller' returned '0': PYTHONPATH=/home/tpi5/391_Project_pi/391_ws/build/drive_controller/prefix_override:/usr/lib/python3/dist-packages/colcon_core/task/python/colcon_distutils_commands:/home/tpi5/391_Project_pi/391_ws/install/drive_controller/lib/python3.12/site-packages:${PYTHONPATH} /usr/bin/python3 -W ignore:setup.py install is deprecated -W ignore:easy_install command is deprecated setup.py egg_info --egg-base ../../build/drive_controller build --build-base /home/tpi5/391_Project_pi/391_ws/build/drive_controller/build install --record /home/tpi5/391_Project_pi/391_ws/build/drive_controller/install.log --single-version-externally-managed install_data
