[9.027s] Invoking command in '/home/tpi5/391_Project_pi/391_ws/src/dril_controller': PYTHONPATH=/home/tpi5/391_Project_pi/391_ws/build/dril_controller/prefix_override:/usr/lib/python3/dist-packages/colcon_core/task/python/colcon_distutils_commands:/home/tpi5/391_Project_pi/391_ws/install/dril_controller/lib/python3.12/site-packages:${PYTHONPATH} /usr/bin/python3 -W ignore:setup.py install is deprecated -W ignore:easy_install command is deprecated setup.py egg_info --egg-base ../../build/dril_controller build --build-base /home/tpi5/391_Project_pi/391_ws/build/dril_controller/build install --record /home/tpi5/391_Project_pi/391_ws/build/dril_controller/install.log --single-version-externally-managed install_data
[9.955s] running egg_info
[10.112s] writing ../../build/dril_controller/dril_controller.egg-info/PKG-INFO
[10.120s] writing dependency_links to ../../build/dril_controller/dril_controller.egg-info/dependency_links.txt
[10.120s] writing entry points to ../../build/dril_controller/dril_controller.egg-info/entry_points.txt
[10.125s] writing requirements to ../../build/dril_controller/dril_controller.egg-info/requires.txt
[10.125s] writing top-level names to ../../build/dril_controller/dril_controller.egg-info/top_level.txt
[10.289s] reading manifest file '../../build/dril_controller/dril_controller.egg-info/SOURCES.txt'
[10.292s] writing manifest file '../../build/dril_controller/dril_controller.egg-info/SOURCES.txt'
[10.295s] running build
[10.296s] running build_py
[10.296s] running install
[10.324s] running install_lib
[10.367s] running install_data
[10.367s] running install_egg_info
[10.410s] removing '/home/tpi5/391_Project_pi/391_ws/install/dril_controller/lib/python3.12/site-packages/dril_controller-0.0.0-py3.12.egg-info' (and everything under it)
[10.410s] Copying ../../build/dril_controller/dril_controller.egg-info to /home/tpi5/391_Project_pi/391_ws/install/dril_controller/lib/python3.12/site-packages/dril_controller-0.0.0-py3.12.egg-info
[10.410s] running install_scripts
[10.924s] Installing dril_node script to /home/tpi5/391_Project_pi/391_ws/install/dril_controller/lib/dril_controller
[10.927s] writing list of installed files to '/home/tpi5/391_Project_pi/391_ws/build/dril_controller/install.log'
[11.694s] Invoked command in '/home/tpi5/391_Project_pi/391_ws/src/dril_controller' returned '0': PYTHONPATH=/home/tpi5/391_Project_pi/391_ws/build/dril_controller/prefix_override:/usr/lib/python3/dist-packages/colcon_core/task/python/colcon_distutils_commands:/home/tpi5/391_Project_pi/391_ws/install/dril_controller/lib/python3.12/site-packages:${PYTHONPATH} /usr/bin/python3 -W ignore:setup.py install is deprecated -W ignore:easy_install command is deprecated setup.py egg_info --egg-base ../../build/dril_controller build --build-base /home/tpi5/391_Project_pi/391_ws/build/dril_controller/build install --record /home/tpi5/391_Project_pi/391_ws/build/dril_controller/install.log --single-version-externally-managed install_data
