[9.241s] Invoking command in '/home/tpi5/391_Project_pi/391_ws/src/gripper_controller': PYTHONPATH=/home/tpi5/391_Project_pi/391_ws/build/gripper_controller/prefix_override:/usr/lib/python3/dist-packages/colcon_core/task/python/colcon_distutils_commands:/home/tpi5/391_Project_pi/391_ws/install/gripper_controller/lib/python3.12/site-packages:${PYTHONPATH} /usr/bin/python3 -W ignore:setup.py install is deprecated -W ignore:easy_install command is deprecated setup.py egg_info --egg-base ../../build/gripper_controller build --build-base /home/tpi5/391_Project_pi/391_ws/build/gripper_controller/build install --record /home/tpi5/391_Project_pi/391_ws/build/gripper_controller/install.log --single-version-externally-managed install_data
[9.922s] running egg_info
[9.980s] writing ../../build/gripper_controller/gripper_controller.egg-info/PKG-INFO
[9.982s] writing dependency_links to ../../build/gripper_controller/gripper_controller.egg-info/dependency_links.txt
[9.982s] writing entry points to ../../build/gripper_controller/gripper_controller.egg-info/entry_points.txt
[9.983s] writing requirements to ../../build/gripper_controller/gripper_controller.egg-info/requires.txt
[9.984s] writing top-level names to ../../build/gripper_controller/gripper_controller.egg-info/top_level.txt
[10.106s] reading manifest file '../../build/gripper_controller/gripper_controller.egg-info/SOURCES.txt'
[10.109s] writing manifest file '../../build/gripper_controller/gripper_controller.egg-info/SOURCES.txt'
[10.110s] running build
[10.110s] running build_py
[10.114s] running install
[10.152s] running install_lib
[10.221s] running install_data
[10.221s] running install_egg_info
[10.293s] removing '/home/tpi5/391_Project_pi/391_ws/install/gripper_controller/lib/python3.12/site-packages/gripper_controller-0.0.0-py3.12.egg-info' (and everything under it)
[10.293s] Copying ../../build/gripper_controller/gripper_controller.egg-info to /home/tpi5/391_Project_pi/391_ws/install/gripper_controller/lib/python3.12/site-packages/gripper_controller-0.0.0-py3.12.egg-info
[10.294s] running install_scripts
[10.591s] Installing gripper_node script to /home/tpi5/391_Project_pi/391_ws/install/gripper_controller/lib/gripper_controller
[10.591s] writing list of installed files to '/home/tpi5/391_Project_pi/391_ws/build/gripper_controller/install.log'
[10.772s] Invoked command in '/home/tpi5/391_Project_pi/391_ws/src/gripper_controller' returned '0': PYTHONPATH=/home/tpi5/391_Project_pi/391_ws/build/gripper_controller/prefix_override:/usr/lib/python3/dist-packages/colcon_core/task/python/colcon_distutils_commands:/home/tpi5/391_Project_pi/391_ws/install/gripper_controller/lib/python3.12/site-packages:${PYTHONPATH} /usr/bin/python3 -W ignore:setup.py install is deprecated -W ignore:easy_install command is deprecated setup.py egg_info --egg-base ../../build/gripper_controller build --build-base /home/tpi5/391_Project_pi/391_ws/build/gripper_controller/build install --record /home/tpi5/391_Project_pi/391_ws/build/gripper_controller/install.log --single-version-externally-managed install_data
