[1.868s] Invoking command in '/home/tpi5/391_Project_pi/391_ws/src/joystick_controller': PYTHONPATH=/home/tpi5/391_Project_pi/391_ws/build/joystick_controller/prefix_override:/usr/lib/python3/dist-packages/colcon_core/task/python/colcon_distutils_commands:/home/tpi5/391_Project_pi/391_ws/install/joystick_controller/lib/python3.12/site-packages:${PYTHONPATH} /usr/bin/python3 -W ignore:setup.py install is deprecated -W ignore:easy_install command is deprecated setup.py egg_info --egg-base ../../build/joystick_controller build --build-base /home/tpi5/391_Project_pi/391_ws/build/joystick_controller/build install --record /home/tpi5/391_Project_pi/391_ws/build/joystick_controller/install.log --single-version-externally-managed install_data
[2.340s] running egg_info
[2.365s] writing ../../build/joystick_controller/joystick_controller.egg-info/PKG-INFO
[2.367s] writing dependency_links to ../../build/joystick_controller/joystick_controller.egg-info/dependency_links.txt
[2.367s] writing entry points to ../../build/joystick_controller/joystick_controller.egg-info/entry_points.txt
[2.369s] writing requirements to ../../build/joystick_controller/joystick_controller.egg-info/requires.txt
[2.369s] writing top-level names to ../../build/joystick_controller/joystick_controller.egg-info/top_level.txt
[2.421s] reading manifest file '../../build/joystick_controller/joystick_controller.egg-info/SOURCES.txt'
[2.424s] writing manifest file '../../build/joystick_controller/joystick_controller.egg-info/SOURCES.txt'
[2.425s] running build
[2.425s] running build_py
[2.426s] running install
[2.442s] running install_lib
[2.467s] running install_data
[2.467s] running install_egg_info
[2.499s] removing '/home/tpi5/391_Project_pi/391_ws/install/joystick_controller/lib/python3.12/site-packages/joystick_controller-0.0.0-py3.12.egg-info' (and everything under it)
[2.499s] Copying ../../build/joystick_controller/joystick_controller.egg-info to /home/tpi5/391_Project_pi/391_ws/install/joystick_controller/lib/python3.12/site-packages/joystick_controller-0.0.0-py3.12.egg-info
[2.503s] running install_scripts
[2.883s] Installing joystick_node script to /home/tpi5/391_Project_pi/391_ws/install/joystick_controller/lib/joystick_controller
[2.884s] writing list of installed files to '/home/tpi5/391_Project_pi/391_ws/build/joystick_controller/install.log'
[3.027s] Invoked command in '/home/tpi5/391_Project_pi/391_ws/src/joystick_controller' returned '0': PYTHONPATH=/home/tpi5/391_Project_pi/391_ws/build/joystick_controller/prefix_override:/usr/lib/python3/dist-packages/colcon_core/task/python/colcon_distutils_commands:/home/tpi5/391_Project_pi/391_ws/install/joystick_controller/lib/python3.12/site-packages:${PYTHONPATH} /usr/bin/python3 -W ignore:setup.py install is deprecated -W ignore:easy_install command is deprecated setup.py egg_info --egg-base ../../build/joystick_controller build --build-base /home/tpi5/391_Project_pi/391_ws/build/joystick_controller/build install --record /home/tpi5/391_Project_pi/391_ws/build/joystick_controller/install.log --single-version-externally-managed install_data
