[3.720s] Invoking command in '/home/tpi5/391_Project_pi/391_ws/src/tao_controller': PYTHONPATH=/home/tpi5/391_Project_pi/391_ws/build/tao_controller/prefix_override:/usr/lib/python3/dist-packages/colcon_core/task/python/colcon_distutils_commands:/home/tpi5/391_Project_pi/391_ws/install/tao_controller/lib/python3.12/site-packages:${PYTHONPATH} /usr/bin/python3 -W ignore:setup.py install is deprecated -W ignore:easy_install command is deprecated setup.py egg_info --egg-base ../../build/tao_controller build --build-base /home/tpi5/391_Project_pi/391_ws/build/tao_controller/build install --record /home/tpi5/391_Project_pi/391_ws/build/tao_controller/install.log --single-version-externally-managed install_data
[4.202s] running egg_info
[4.240s] writing ../../build/tao_controller/tao_controller.egg-info/PKG-INFO
[4.241s] writing dependency_links to ../../build/tao_controller/tao_controller.egg-info/dependency_links.txt
[4.242s] writing entry points to ../../build/tao_controller/tao_controller.egg-info/entry_points.txt
[4.244s] writing requirements to ../../build/tao_controller/tao_controller.egg-info/requires.txt
[4.244s] writing top-level names to ../../build/tao_controller/tao_controller.egg-info/top_level.txt
[4.302s] reading manifest file '../../build/tao_controller/tao_controller.egg-info/SOURCES.txt'
[4.303s] writing manifest file '../../build/tao_controller/tao_controller.egg-info/SOURCES.txt'
[4.304s] running build
[4.304s] running build_py
[4.305s] running install
[4.316s] running install_lib
[4.342s] running install_data
[4.342s] running install_egg_info
[4.369s] removing '/home/tpi5/391_Project_pi/391_ws/install/tao_controller/lib/python3.12/site-packages/tao_controller-0.0.0-py3.12.egg-info' (and everything under it)
[4.369s] Copying ../../build/tao_controller/tao_controller.egg-info to /home/tpi5/391_Project_pi/391_ws/install/tao_controller/lib/python3.12/site-packages/tao_controller-0.0.0-py3.12.egg-info
[4.390s] running install_scripts
[4.566s] Installing tao_node script to /home/tpi5/391_Project_pi/391_ws/install/tao_controller/lib/tao_controller
[4.566s] writing list of installed files to '/home/tpi5/391_Project_pi/391_ws/build/tao_controller/install.log'
[4.649s] Invoked command in '/home/tpi5/391_Project_pi/391_ws/src/tao_controller' returned '0': PYTHONPATH=/home/tpi5/391_Project_pi/391_ws/build/tao_controller/prefix_override:/usr/lib/python3/dist-packages/colcon_core/task/python/colcon_distutils_commands:/home/tpi5/391_Project_pi/391_ws/install/tao_controller/lib/python3.12/site-packages:${PYTHONPATH} /usr/bin/python3 -W ignore:setup.py install is deprecated -W ignore:easy_install command is deprecated setup.py egg_info --egg-base ../../build/tao_controller build --build-base /home/tpi5/391_Project_pi/391_ws/build/tao_controller/build install --record /home/tpi5/391_Project_pi/391_ws/build/tao_controller/install.log --single-version-externally-managed install_data
