[2.400s] Invoking command in '/home/tpi5/391_Project_pi/391_ws/src/linear_controller': PYTHONPATH=/home/tpi5/391_Project_pi/391_ws/src/build/linear_controller/prefix_override:/usr/lib/python3/dist-packages/colcon_core/task/python/colcon_distutils_commands:/home/tpi5/391_Project_pi/391_ws/src/install/linear_controller/lib/python3.12/site-packages:${PYTHONPATH} /usr/bin/python3 -W ignore:setup.py install is deprecated -W ignore:easy_install command is deprecated setup.py egg_info --egg-base ../build/linear_controller build --build-base /home/tpi5/391_Project_pi/391_ws/src/build/linear_controller/build install --record /home/tpi5/391_Project_pi/391_ws/src/build/linear_controller/install.log --single-version-externally-managed install_data
[2.889s] running egg_info
[2.911s] writing ../build/linear_controller/linear_controller.egg-info/PKG-INFO
[2.912s] writing dependency_links to ../build/linear_controller/linear_controller.egg-info/dependency_links.txt
[2.913s] writing entry points to ../build/linear_controller/linear_controller.egg-info/entry_points.txt
[2.913s] writing requirements to ../build/linear_controller/linear_controller.egg-info/requires.txt
[2.914s] writing top-level names to ../build/linear_controller/linear_controller.egg-info/top_level.txt
[2.970s] reading manifest file '../build/linear_controller/linear_controller.egg-info/SOURCES.txt'
[2.970s] writing manifest file '../build/linear_controller/linear_controller.egg-info/SOURCES.txt'
[2.970s] running build
[2.970s] running build_py
[2.970s] running install
[2.982s] running install_lib
[3.013s] running install_data
[3.014s] running install_egg_info
[3.046s] removing '/home/tpi5/391_Project_pi/391_ws/src/install/linear_controller/lib/python3.12/site-packages/linear_controller-0.0.0-py3.12.egg-info' (and everything under it)
[3.047s] Copying ../build/linear_controller/linear_controller.egg-info to /home/tpi5/391_Project_pi/391_ws/src/install/linear_controller/lib/python3.12/site-packages/linear_controller-0.0.0-py3.12.egg-info
[3.052s] running install_scripts
[3.282s] Installing linear_node script to /home/tpi5/391_Project_pi/391_ws/src/install/linear_controller/lib/linear_controller
[3.283s] writing list of installed files to '/home/tpi5/391_Project_pi/391_ws/src/build/linear_controller/install.log'
[3.738s] Invoked command in '/home/tpi5/391_Project_pi/391_ws/src/linear_controller' returned '0': PYTHONPATH=/home/tpi5/391_Project_pi/391_ws/src/build/linear_controller/prefix_override:/usr/lib/python3/dist-packages/colcon_core/task/python/colcon_distutils_commands:/home/tpi5/391_Project_pi/391_ws/src/install/linear_controller/lib/python3.12/site-packages:${PYTHONPATH} /usr/bin/python3 -W ignore:setup.py install is deprecated -W ignore:easy_install command is deprecated setup.py egg_info --egg-base ../build/linear_controller build --build-base /home/tpi5/391_Project_pi/391_ws/src/build/linear_controller/build install --record /home/tpi5/391_Project_pi/391_ws/src/build/linear_controller/install.log --single-version-externally-managed install_data
