[1.887s] Invoking command in '/home/tpi5/391_Project_pi/391_ws/src/servo_controller': PYTHONPATH=/home/tpi5/391_Project_pi/391_ws/build/servo_controller/prefix_override:/usr/lib/python3/dist-packages/colcon_core/task/python/colcon_distutils_commands:/home/tpi5/391_Project_pi/391_ws/install/servo_controller/lib/python3.12/site-packages:${PYTHONPATH} /usr/bin/python3 -W ignore:setup.py install is deprecated -W ignore:easy_install command is deprecated setup.py egg_info --egg-base ../../build/servo_controller build --build-base /home/tpi5/391_Project_pi/391_ws/build/servo_controller/build install --record /home/tpi5/391_Project_pi/391_ws/build/servo_controller/install.log --single-version-externally-managed install_data
[2.261s] running egg_info
[2.262s] creating ../../build/servo_controller/servo_controller.egg-info
[2.283s] writing ../../build/servo_controller/servo_controller.egg-info/PKG-INFO
[2.283s] writing dependency_links to ../../build/servo_controller/servo_controller.egg-info/dependency_links.txt
[2.284s] writing entry points to ../../build/servo_controller/servo_controller.egg-info/entry_points.txt
[2.284s] writing requirements to ../../build/servo_controller/servo_controller.egg-info/requires.txt
[2.284s] writing top-level names to ../../build/servo_controller/servo_controller.egg-info/top_level.txt
[2.285s] writing manifest file '../../build/servo_controller/servo_controller.egg-info/SOURCES.txt'
[2.328s] reading manifest file '../../build/servo_controller/servo_controller.egg-info/SOURCES.txt'
[2.330s] writing manifest file '../../build/servo_controller/servo_controller.egg-info/SOURCES.txt'
[2.330s] running build
[2.330s] running build_py
[2.330s] creating /home/tpi5/391_Project_pi/391_ws/build/servo_controller/build
[2.331s] creating /home/tpi5/391_Project_pi/391_ws/build/servo_controller/build/lib
[2.331s] creating /home/tpi5/391_Project_pi/391_ws/build/servo_controller/build/lib/servo_controller
[2.331s] copying servo_controller/servo_node.py -> /home/tpi5/391_Project_pi/391_ws/build/servo_controller/build/lib/servo_controller
[2.331s] copying servo_controller/__init__.py -> /home/tpi5/391_Project_pi/391_ws/build/servo_controller/build/lib/servo_controller
[2.331s] running install
[2.342s] running install_lib
[2.364s] creating /home/tpi5/391_Project_pi/391_ws/install/servo_controller/lib/python3.12/site-packages/servo_controller
[2.364s] copying /home/tpi5/391_Project_pi/391_ws/build/servo_controller/build/lib/servo_controller/servo_node.py -> /home/tpi5/391_Project_pi/391_ws/install/servo_controller/lib/python3.12/site-packages/servo_controller
[2.364s] copying /home/tpi5/391_Project_pi/391_ws/build/servo_controller/build/lib/servo_controller/__init__.py -> /home/tpi5/391_Project_pi/391_ws/install/servo_controller/lib/python3.12/site-packages/servo_controller
[2.365s] byte-compiling /home/tpi5/391_Project_pi/391_ws/install/servo_controller/lib/python3.12/site-packages/servo_controller/servo_node.py to servo_node.cpython-312.pyc
[2.367s] byte-compiling /home/tpi5/391_Project_pi/391_ws/install/servo_controller/lib/python3.12/site-packages/servo_controller/__init__.py to __init__.cpython-312.pyc
[2.367s] running install_data
[2.367s] creating /home/tpi5/391_Project_pi/391_ws/install/servo_controller/share/ament_index
[2.367s] creating /home/tpi5/391_Project_pi/391_ws/install/servo_controller/share/ament_index/resource_index
[2.367s] creating /home/tpi5/391_Project_pi/391_ws/install/servo_controller/share/ament_index/resource_index/packages
[2.368s] copying resource/servo_controller -> /home/tpi5/391_Project_pi/391_ws/install/servo_controller/share/ament_index/resource_index/packages
[2.368s] copying package.xml -> /home/tpi5/391_Project_pi/391_ws/install/servo_controller/share/servo_controller
[2.368s] creating /home/tpi5/391_Project_pi/391_ws/install/servo_controller/share/servo_controller/launch
[2.368s] copying launch/joy_servo.launch.py -> /home/tpi5/391_Project_pi/391_ws/install/servo_controller/share/servo_controller/launch
[2.368s] running install_egg_info
[2.393s] Copying ../../build/servo_controller/servo_controller.egg-info to /home/tpi5/391_Project_pi/391_ws/install/servo_controller/lib/python3.12/site-packages/servo_controller-0.0.1-py3.12.egg-info
[2.395s] running install_scripts
[2.592s] Installing servo_node script to /home/tpi5/391_Project_pi/391_ws/install/servo_controller/lib/servo_controller
[2.594s] writing list of installed files to '/home/tpi5/391_Project_pi/391_ws/build/servo_controller/install.log'
[2.700s] Invoked command in '/home/tpi5/391_Project_pi/391_ws/src/servo_controller' returned '0': PYTHONPATH=/home/tpi5/391_Project_pi/391_ws/build/servo_controller/prefix_override:/usr/lib/python3/dist-packages/colcon_core/task/python/colcon_distutils_commands:/home/tpi5/391_Project_pi/391_ws/install/servo_controller/lib/python3.12/site-packages:${PYTHONPATH} /usr/bin/python3 -W ignore:setup.py install is deprecated -W ignore:easy_install command is deprecated setup.py egg_info --egg-base ../../build/servo_controller build --build-base /home/tpi5/391_Project_pi/391_ws/build/servo_controller/build install --record /home/tpi5/391_Project_pi/391_ws/build/servo_controller/install.log --single-version-externally-managed install_data
