[3.842s] Invoking command in '/home/tpi5/391_Project_pi/391_ws/src/linear_controller': PYTHONPATH=/home/tpi5/391_Project_pi/391_ws/build/linear_controller/prefix_override:/usr/lib/python3/dist-packages/colcon_core/task/python/colcon_distutils_commands:/home/tpi5/391_Project_pi/391_ws/install/linear_controller/lib/python3.12/site-packages:${PYTHONPATH} /usr/bin/python3 -W ignore:setup.py install is deprecated -W ignore:easy_install command is deprecated setup.py egg_info --egg-base ../../build/linear_controller build --build-base /home/tpi5/391_Project_pi/391_ws/build/linear_controller/build install --record /home/tpi5/391_Project_pi/391_ws/build/linear_controller/install.log --single-version-externally-managed install_data
[4.636s] running egg_info
[4.704s] writing ../../build/linear_controller/linear_controller.egg-info/PKG-INFO
[4.705s] writing dependency_links to ../../build/linear_controller/linear_controller.egg-info/dependency_links.txt
[4.709s] writing entry points to ../../build/linear_controller/linear_controller.egg-info/entry_points.txt
[4.709s] writing requirements to ../../build/linear_controller/linear_controller.egg-info/requires.txt
[4.711s] writing top-level names to ../../build/linear_controller/linear_controller.egg-info/top_level.txt
[4.841s] reading manifest file '../../build/linear_controller/linear_controller.egg-info/SOURCES.txt'
[4.844s] writing manifest file '../../build/linear_controller/linear_controller.egg-info/SOURCES.txt'
[4.844s] running build
[4.844s] running build_py
[4.844s] running install
[4.857s] running install_lib
[4.889s] running install_data
[4.890s] running install_egg_info
[4.934s] removing '/home/tpi5/391_Project_pi/391_ws/install/linear_controller/lib/python3.12/site-packages/linear_controller-0.0.0-py3.12.egg-info' (and everything under it)
[4.934s] Copying ../../build/linear_controller/linear_controller.egg-info to /home/tpi5/391_Project_pi/391_ws/install/linear_controller/lib/python3.12/site-packages/linear_controller-0.0.0-py3.12.egg-info
[4.935s] running install_scripts
[5.247s] Installing linear_node script to /home/tpi5/391_Project_pi/391_ws/install/linear_controller/lib/linear_controller
[5.247s] writing list of installed files to '/home/tpi5/391_Project_pi/391_ws/build/linear_controller/install.log'
[5.463s] Invoked command in '/home/tpi5/391_Project_pi/391_ws/src/linear_controller' returned '0': PYTHONPATH=/home/tpi5/391_Project_pi/391_ws/build/linear_controller/prefix_override:/usr/lib/python3/dist-packages/colcon_core/task/python/colcon_distutils_commands:/home/tpi5/391_Project_pi/391_ws/install/linear_controller/lib/python3.12/site-packages:${PYTHONPATH} /usr/bin/python3 -W ignore:setup.py install is deprecated -W ignore:easy_install command is deprecated setup.py egg_info --egg-base ../../build/linear_controller build --build-base /home/tpi5/391_Project_pi/391_ws/build/linear_controller/build install --record /home/tpi5/391_Project_pi/391_ws/build/linear_controller/install.log --single-version-externally-managed install_data
