[2.544s] Invoking command in '/home/tpi5/391_Project_pi/391_ws/src/linear_controller': PYTHONPATH=/home/tpi5/391_Project_pi/391_ws/build/linear_controller/prefix_override:/usr/lib/python3/dist-packages/colcon_core/task/python/colcon_distutils_commands:/home/tpi5/391_Project_pi/391_ws/install/linear_controller/lib/python3.12/site-packages:${PYTHONPATH} /usr/bin/python3 -W ignore:setup.py install is deprecated -W ignore:easy_install command is deprecated setup.py egg_info --egg-base ../../build/linear_controller build --build-base /home/tpi5/391_Project_pi/391_ws/build/linear_controller/build install --record /home/tpi5/391_Project_pi/391_ws/build/linear_controller/install.log --single-version-externally-managed install_data
[3.038s] running egg_info
[3.063s] writing ../../build/linear_controller/linear_controller.egg-info/PKG-INFO
[3.064s] writing dependency_links to ../../build/linear_controller/linear_controller.egg-info/dependency_links.txt
[3.088s] writing entry points to ../../build/linear_controller/linear_controller.egg-info/entry_points.txt
[3.095s] writing requirements to ../../build/linear_controller/linear_controller.egg-info/requires.txt
[3.102s] writing top-level names to ../../build/linear_controller/linear_controller.egg-info/top_level.txt
[3.182s] reading manifest file '../../build/linear_controller/linear_controller.egg-info/SOURCES.txt'
[3.185s] writing manifest file '../../build/linear_controller/linear_controller.egg-info/SOURCES.txt'
[3.185s] running build
[3.185s] running build_py
[3.185s] running install
[3.198s] running install_lib
[3.229s] running install_data
[3.229s] running install_egg_info
[3.266s] removing '/home/tpi5/391_Project_pi/391_ws/install/linear_controller/lib/python3.12/site-packages/linear_controller-0.0.0-py3.12.egg-info' (and everything under it)
[3.267s] Copying ../../build/linear_controller/linear_controller.egg-info to /home/tpi5/391_Project_pi/391_ws/install/linear_controller/lib/python3.12/site-packages/linear_controller-0.0.0-py3.12.egg-info
[3.268s] running install_scripts
[3.488s] Installing linear_node script to /home/tpi5/391_Project_pi/391_ws/install/linear_controller/lib/linear_controller
[3.489s] writing list of installed files to '/home/tpi5/391_Project_pi/391_ws/build/linear_controller/install.log'
[3.662s] Invoked command in '/home/tpi5/391_Project_pi/391_ws/src/linear_controller' returned '0': PYTHONPATH=/home/tpi5/391_Project_pi/391_ws/build/linear_controller/prefix_override:/usr/lib/python3/dist-packages/colcon_core/task/python/colcon_distutils_commands:/home/tpi5/391_Project_pi/391_ws/install/linear_controller/lib/python3.12/site-packages:${PYTHONPATH} /usr/bin/python3 -W ignore:setup.py install is deprecated -W ignore:easy_install command is deprecated setup.py egg_info --egg-base ../../build/linear_controller build --build-base /home/tpi5/391_Project_pi/391_ws/build/linear_controller/build install --record /home/tpi5/391_Project_pi/391_ws/build/linear_controller/install.log --single-version-externally-managed install_data
