[2.405s] Invoking command in '/home/tpi5/391_Project_pi/391_ws/build/joystick_controller': PYTHONPATH=/home/tpi5/391_Project_pi/391_ws/build/joystick_controller/prefix_override:/usr/lib/python3/dist-packages/colcon_core/task/python/colcon_distutils_commands:/home/tpi5/391_Project_pi/391_ws/install/joystick_controller/lib/python3.12/site-packages:${PYTHONPATH} /usr/bin/python3 -W ignore:setup.py install is deprecated -W ignore:easy_install command is deprecated setup.py develop --uninstall --editable --build-directory /home/tpi5/391_Project_pi/391_ws/build/joystick_controller/build
[3.136s] running develop
[3.494s] Removing /home/tpi5/391_Project_pi/391_ws/install/joystick_controller/lib/python3.12/site-packages/joystick-controller.egg-link (link to .)
[3.638s] Invoked command in '/home/tpi5/391_Project_pi/391_ws/build/joystick_controller' returned '0': PYTHONPATH=/home/tpi5/391_Project_pi/391_ws/build/joystick_controller/prefix_override:/usr/lib/python3/dist-packages/colcon_core/task/python/colcon_distutils_commands:/home/tpi5/391_Project_pi/391_ws/install/joystick_controller/lib/python3.12/site-packages:${PYTHONPATH} /usr/bin/python3 -W ignore:setup.py install is deprecated -W ignore:easy_install command is deprecated setup.py develop --uninstall --editable --build-directory /home/tpi5/391_Project_pi/391_ws/build/joystick_controller/build
[3.641s] Invoking command in '/home/tpi5/391_Project_pi/391_ws/src/joystick_controller': PYTHONPATH=/home/tpi5/391_Project_pi/391_ws/build/joystick_controller/prefix_override:/usr/lib/python3/dist-packages/colcon_core/task/python/colcon_distutils_commands:/home/tpi5/391_Project_pi/391_ws/install/joystick_controller/lib/python3.12/site-packages:${PYTHONPATH} /usr/bin/python3 -W ignore:setup.py install is deprecated -W ignore:easy_install command is deprecated setup.py egg_info --egg-base ../../build/joystick_controller build --build-base /home/tpi5/391_Project_pi/391_ws/build/joystick_controller/build install --record /home/tpi5/391_Project_pi/391_ws/build/joystick_controller/install.log --single-version-externally-managed install_data --force
[4.144s] running egg_info
[4.171s] writing ../../build/joystick_controller/joystick_controller.egg-info/PKG-INFO
[4.173s] writing dependency_links to ../../build/joystick_controller/joystick_controller.egg-info/dependency_links.txt
[4.177s] writing entry points to ../../build/joystick_controller/joystick_controller.egg-info/entry_points.txt
[4.177s] writing requirements to ../../build/joystick_controller/joystick_controller.egg-info/requires.txt
[4.178s] writing top-level names to ../../build/joystick_controller/joystick_controller.egg-info/top_level.txt
[4.237s] reading manifest file '../../build/joystick_controller/joystick_controller.egg-info/SOURCES.txt'
[4.240s] writing manifest file '../../build/joystick_controller/joystick_controller.egg-info/SOURCES.txt'
[4.240s] running build
[4.240s] running build_py
[4.240s] running install
[4.255s] running install_lib
[4.281s] creating /home/tpi5/391_Project_pi/391_ws/install/joystick_controller/lib/python3.12/site-packages/joystick_controller
[4.281s] copying /home/tpi5/391_Project_pi/391_ws/build/joystick_controller/build/lib/joystick_controller/joystick_node.py -> /home/tpi5/391_Project_pi/391_ws/install/joystick_controller/lib/python3.12/site-packages/joystick_controller
[4.283s] copying /home/tpi5/391_Project_pi/391_ws/build/joystick_controller/build/lib/joystick_controller/__init__.py -> /home/tpi5/391_Project_pi/391_ws/install/joystick_controller/lib/python3.12/site-packages/joystick_controller
[4.283s] byte-compiling /home/tpi5/391_Project_pi/391_ws/install/joystick_controller/lib/python3.12/site-packages/joystick_controller/joystick_node.py to joystick_node.cpython-312.pyc
[4.287s] byte-compiling /home/tpi5/391_Project_pi/391_ws/install/joystick_controller/lib/python3.12/site-packages/joystick_controller/__init__.py to __init__.cpython-312.pyc
[4.288s] running install_data
[4.288s] copying resource/joystick_controller -> /home/tpi5/391_Project_pi/391_ws/install/joystick_controller/share/ament_index/resource_index/packages
[4.289s] copying package.xml -> /home/tpi5/391_Project_pi/391_ws/install/joystick_controller/share/joystick_controller
[4.292s] running install_egg_info
[4.327s] Copying ../../build/joystick_controller/joystick_controller.egg-info to /home/tpi5/391_Project_pi/391_ws/install/joystick_controller/lib/python3.12/site-packages/joystick_controller-0.0.0-py3.12.egg-info
[4.330s] running install_scripts
[4.579s] Installing joystick_node script to /home/tpi5/391_Project_pi/391_ws/install/joystick_controller/lib/joystick_controller
[4.579s] writing list of installed files to '/home/tpi5/391_Project_pi/391_ws/build/joystick_controller/install.log'
[5.161s] Invoked command in '/home/tpi5/391_Project_pi/391_ws/src/joystick_controller' returned '0': PYTHONPATH=/home/tpi5/391_Project_pi/391_ws/build/joystick_controller/prefix_override:/usr/lib/python3/dist-packages/colcon_core/task/python/colcon_distutils_commands:/home/tpi5/391_Project_pi/391_ws/install/joystick_controller/lib/python3.12/site-packages:${PYTHONPATH} /usr/bin/python3 -W ignore:setup.py install is deprecated -W ignore:easy_install command is deprecated setup.py egg_info --egg-base ../../build/joystick_controller build --build-base /home/tpi5/391_Project_pi/391_ws/build/joystick_controller/build install --record /home/tpi5/391_Project_pi/391_ws/build/joystick_controller/install.log --single-version-externally-managed install_data --force
