[2.215s] Invoking command in '/home/tpi5/391_Project_pi/391_ws/src/servo_controller': PYTHONPATH=/home/tpi5/391_Project_pi/build/servo_controller/prefix_override:/usr/lib/python3/dist-packages/colcon_core/task/python/colcon_distutils_commands:/home/tpi5/391_Project_pi/install/servo_controller/lib/python3.12/site-packages:${PYTHONPATH} /usr/bin/python3 -W ignore:setup.py install is deprecated -W ignore:easy_install command is deprecated setup.py egg_info --egg-base ../../../build/servo_controller build --build-base /home/tpi5/391_Project_pi/build/servo_controller/build install --record /home/tpi5/391_Project_pi/build/servo_controller/install.log --single-version-externally-managed install_data
[2.602s] running egg_info
[2.603s] creating ../../../build/servo_controller/servo_controller.egg-info
[2.627s] writing ../../../build/servo_controller/servo_controller.egg-info/PKG-INFO
[2.628s] writing dependency_links to ../../../build/servo_controller/servo_controller.egg-info/dependency_links.txt
[2.628s] writing entry points to ../../../build/servo_controller/servo_controller.egg-info/entry_points.txt
[2.629s] writing requirements to ../../../build/servo_controller/servo_controller.egg-info/requires.txt
[2.629s] writing top-level names to ../../../build/servo_controller/servo_controller.egg-info/top_level.txt
[2.629s] writing manifest file '../../../build/servo_controller/servo_controller.egg-info/SOURCES.txt'
[2.680s] reading manifest file '../../../build/servo_controller/servo_controller.egg-info/SOURCES.txt'
[2.681s] writing manifest file '../../../build/servo_controller/servo_controller.egg-info/SOURCES.txt'
[2.681s] running build
[2.681s] running build_py
[2.681s] creating /home/tpi5/391_Project_pi/build/servo_controller/build
[2.682s] creating /home/tpi5/391_Project_pi/build/servo_controller/build/lib
[2.682s] creating /home/tpi5/391_Project_pi/build/servo_controller/build/lib/servo_controller
[2.682s] copying servo_controller/servo_node.py -> /home/tpi5/391_Project_pi/build/servo_controller/build/lib/servo_controller
[2.683s] copying servo_controller/__init__.py -> /home/tpi5/391_Project_pi/build/servo_controller/build/lib/servo_controller
[2.683s] running install
[2.693s] running install_lib
[2.716s] creating /home/tpi5/391_Project_pi/install/servo_controller/lib/python3.12/site-packages/servo_controller
[2.717s] copying /home/tpi5/391_Project_pi/build/servo_controller/build/lib/servo_controller/servo_node.py -> /home/tpi5/391_Project_pi/install/servo_controller/lib/python3.12/site-packages/servo_controller
[2.717s] copying /home/tpi5/391_Project_pi/build/servo_controller/build/lib/servo_controller/__init__.py -> /home/tpi5/391_Project_pi/install/servo_controller/lib/python3.12/site-packages/servo_controller
[2.718s] byte-compiling /home/tpi5/391_Project_pi/install/servo_controller/lib/python3.12/site-packages/servo_controller/servo_node.py to servo_node.cpython-312.pyc
[2.719s] byte-compiling /home/tpi5/391_Project_pi/install/servo_controller/lib/python3.12/site-packages/servo_controller/__init__.py to __init__.cpython-312.pyc
[2.719s] running install_data
[2.720s] creating /home/tpi5/391_Project_pi/install/servo_controller/share/ament_index
[2.720s] creating /home/tpi5/391_Project_pi/install/servo_controller/share/ament_index/resource_index
[2.720s] creating /home/tpi5/391_Project_pi/install/servo_controller/share/ament_index/resource_index/packages
[2.720s] copying resource/servo_controller -> /home/tpi5/391_Project_pi/install/servo_controller/share/ament_index/resource_index/packages
[2.720s] copying package.xml -> /home/tpi5/391_Project_pi/install/servo_controller/share/servo_controller
[2.720s] creating /home/tpi5/391_Project_pi/install/servo_controller/share/servo_controller/launch
[2.721s] copying launch/joy_servo.launch.py -> /home/tpi5/391_Project_pi/install/servo_controller/share/servo_controller/launch
[2.721s] running install_egg_info
[2.746s] Copying ../../../build/servo_controller/servo_controller.egg-info to /home/tpi5/391_Project_pi/install/servo_controller/lib/python3.12/site-packages/servo_controller-0.0.1-py3.12.egg-info
[2.747s] running install_scripts
[2.976s] Installing servo_node script to /home/tpi5/391_Project_pi/install/servo_controller/lib/servo_controller
[2.977s] writing list of installed files to '/home/tpi5/391_Project_pi/build/servo_controller/install.log'
[3.083s] Invoked command in '/home/tpi5/391_Project_pi/391_ws/src/servo_controller' returned '0': PYTHONPATH=/home/tpi5/391_Project_pi/build/servo_controller/prefix_override:/usr/lib/python3/dist-packages/colcon_core/task/python/colcon_distutils_commands:/home/tpi5/391_Project_pi/install/servo_controller/lib/python3.12/site-packages:${PYTHONPATH} /usr/bin/python3 -W ignore:setup.py install is deprecated -W ignore:easy_install command is deprecated setup.py egg_info --egg-base ../../../build/servo_controller build --build-base /home/tpi5/391_Project_pi/build/servo_controller/build install --record /home/tpi5/391_Project_pi/build/servo_controller/install.log --single-version-externally-managed install_data
