[1.598s] Invoking command in '/home/tpi5/391_Project_pi/391_ws/src/servo_switch180_controller': PYTHONPATH=/home/tpi5/391_Project_pi/build/servo_switch180_controller/prefix_override:/usr/lib/python3/dist-packages/colcon_core/task/python/colcon_distutils_commands:/home/tpi5/391_Project_pi/install/servo_switch180_controller/lib/python3.12/site-packages:${PYTHONPATH} /usr/bin/python3 -W ignore:setup.py install is deprecated -W ignore:easy_install command is deprecated setup.py egg_info --egg-base ../../../build/servo_switch180_controller build --build-base /home/tpi5/391_Project_pi/build/servo_switch180_controller/build install --record /home/tpi5/391_Project_pi/build/servo_switch180_controller/install.log --single-version-externally-managed install_data
[1.966s] running egg_info
[1.967s] creating ../../../build/servo_switch180_controller/servo_switch180_controller.egg-info
[1.989s] writing ../../../build/servo_switch180_controller/servo_switch180_controller.egg-info/PKG-INFO
[1.989s] writing dependency_links to ../../../build/servo_switch180_controller/servo_switch180_controller.egg-info/dependency_links.txt
[1.990s] writing entry points to ../../../build/servo_switch180_controller/servo_switch180_controller.egg-info/entry_points.txt
[1.990s] writing requirements to ../../../build/servo_switch180_controller/servo_switch180_controller.egg-info/requires.txt
[1.990s] writing top-level names to ../../../build/servo_switch180_controller/servo_switch180_controller.egg-info/top_level.txt
[1.990s] writing manifest file '../../../build/servo_switch180_controller/servo_switch180_controller.egg-info/SOURCES.txt'
[2.035s] reading manifest file '../../../build/servo_switch180_controller/servo_switch180_controller.egg-info/SOURCES.txt'
[2.036s] writing manifest file '../../../build/servo_switch180_controller/servo_switch180_controller.egg-info/SOURCES.txt'
[2.036s] running build
[2.036s] running build_py
[2.036s] creating /home/tpi5/391_Project_pi/build/servo_switch180_controller/build
[2.037s] creating /home/tpi5/391_Project_pi/build/servo_switch180_controller/build/lib
[2.037s] creating /home/tpi5/391_Project_pi/build/servo_switch180_controller/build/lib/servo_switch180_controller
[2.037s] copying servo_switch180_controller/servo_switch180_node.py -> /home/tpi5/391_Project_pi/build/servo_switch180_controller/build/lib/servo_switch180_controller
[2.037s] copying servo_switch180_controller/__init__.py -> /home/tpi5/391_Project_pi/build/servo_switch180_controller/build/lib/servo_switch180_controller
[2.038s] running install
[2.048s] running install_lib
[2.070s] creating /home/tpi5/391_Project_pi/install/servo_switch180_controller/lib/python3.12/site-packages/servo_switch180_controller
[2.071s] copying /home/tpi5/391_Project_pi/build/servo_switch180_controller/build/lib/servo_switch180_controller/servo_switch180_node.py -> /home/tpi5/391_Project_pi/install/servo_switch180_controller/lib/python3.12/site-packages/servo_switch180_controller
[2.071s] copying /home/tpi5/391_Project_pi/build/servo_switch180_controller/build/lib/servo_switch180_controller/__init__.py -> /home/tpi5/391_Project_pi/install/servo_switch180_controller/lib/python3.12/site-packages/servo_switch180_controller
[2.072s] byte-compiling /home/tpi5/391_Project_pi/install/servo_switch180_controller/lib/python3.12/site-packages/servo_switch180_controller/servo_switch180_node.py to servo_switch180_node.cpython-312.pyc
[2.073s] byte-compiling /home/tpi5/391_Project_pi/install/servo_switch180_controller/lib/python3.12/site-packages/servo_switch180_controller/__init__.py to __init__.cpython-312.pyc
[2.073s] running install_data
[2.074s] creating /home/tpi5/391_Project_pi/install/servo_switch180_controller/share/ament_index
[2.074s] creating /home/tpi5/391_Project_pi/install/servo_switch180_controller/share/ament_index/resource_index
[2.074s] creating /home/tpi5/391_Project_pi/install/servo_switch180_controller/share/ament_index/resource_index/packages
[2.074s] copying resource/servo_switch180_controller -> /home/tpi5/391_Project_pi/install/servo_switch180_controller/share/ament_index/resource_index/packages
[2.074s] copying package.xml -> /home/tpi5/391_Project_pi/install/servo_switch180_controller/share/servo_switch180_controller
[2.074s] creating /home/tpi5/391_Project_pi/install/servo_switch180_controller/share/servo_switch180_controller/launch
[2.074s] copying launch/joy_servo_switch180.launch.py -> /home/tpi5/391_Project_pi/install/servo_switch180_controller/share/servo_switch180_controller/launch
[2.075s] running install_egg_info
[2.100s] Copying ../../../build/servo_switch180_controller/servo_switch180_controller.egg-info to /home/tpi5/391_Project_pi/install/servo_switch180_controller/lib/python3.12/site-packages/servo_switch180_controller-0.0.1-py3.12.egg-info
[2.101s] running install_scripts
[2.287s] Installing servo_switch180_node script to /home/tpi5/391_Project_pi/install/servo_switch180_controller/lib/servo_switch180_controller
[2.288s] writing list of installed files to '/home/tpi5/391_Project_pi/build/servo_switch180_controller/install.log'
[2.393s] Invoked command in '/home/tpi5/391_Project_pi/391_ws/src/servo_switch180_controller' returned '0': PYTHONPATH=/home/tpi5/391_Project_pi/build/servo_switch180_controller/prefix_override:/usr/lib/python3/dist-packages/colcon_core/task/python/colcon_distutils_commands:/home/tpi5/391_Project_pi/install/servo_switch180_controller/lib/python3.12/site-packages:${PYTHONPATH} /usr/bin/python3 -W ignore:setup.py install is deprecated -W ignore:easy_install command is deprecated setup.py egg_info --egg-base ../../../build/servo_switch180_controller build --build-base /home/tpi5/391_Project_pi/build/servo_switch180_controller/build install --record /home/tpi5/391_Project_pi/build/servo_switch180_controller/install.log --single-version-externally-managed install_data
