[2.710s] Invoking command in '/home/tpi5/391_Project_pi/391_ws/src/dril_controller': PYTHONPATH=/home/tpi5/391_Project_pi/build/dril_controller/prefix_override:/usr/lib/python3/dist-packages/colcon_core/task/python/colcon_distutils_commands:/home/tpi5/391_Project_pi/install/dril_controller/lib/python3.12/site-packages:${PYTHONPATH} /usr/bin/python3 -W ignore:setup.py install is deprecated -W ignore:easy_install command is deprecated setup.py egg_info --egg-base ../../../build/dril_controller build --build-base /home/tpi5/391_Project_pi/build/dril_controller/build install --record /home/tpi5/391_Project_pi/build/dril_controller/install.log --single-version-externally-managed install_data
[3.161s] running egg_info
[3.182s] writing ../../../build/dril_controller/dril_controller.egg-info/PKG-INFO
[3.183s] writing dependency_links to ../../../build/dril_controller/dril_controller.egg-info/dependency_links.txt
[3.183s] writing entry points to ../../../build/dril_controller/dril_controller.egg-info/entry_points.txt
[3.184s] writing requirements to ../../../build/dril_controller/dril_controller.egg-info/requires.txt
[3.184s] writing top-level names to ../../../build/dril_controller/dril_controller.egg-info/top_level.txt
[3.234s] reading manifest file '../../../build/dril_controller/dril_controller.egg-info/SOURCES.txt'
[3.235s] writing manifest file '../../../build/dril_controller/dril_controller.egg-info/SOURCES.txt'
[3.235s] running build
[3.235s] running build_py
[3.236s] running install
[3.247s] running install_lib
[3.273s] running install_data
[3.273s] running install_egg_info
[3.301s] removing '/home/tpi5/391_Project_pi/install/dril_controller/lib/python3.12/site-packages/dril_controller-0.0.0-py3.12.egg-info' (and everything under it)
[3.302s] Copying ../../../build/dril_controller/dril_controller.egg-info to /home/tpi5/391_Project_pi/install/dril_controller/lib/python3.12/site-packages/dril_controller-0.0.0-py3.12.egg-info
[3.304s] running install_scripts
[3.507s] Installing dril_node script to /home/tpi5/391_Project_pi/install/dril_controller/lib/dril_controller
[3.507s] writing list of installed files to '/home/tpi5/391_Project_pi/build/dril_controller/install.log'
[3.663s] Invoked command in '/home/tpi5/391_Project_pi/391_ws/src/dril_controller' returned '0': PYTHONPATH=/home/tpi5/391_Project_pi/build/dril_controller/prefix_override:/usr/lib/python3/dist-packages/colcon_core/task/python/colcon_distutils_commands:/home/tpi5/391_Project_pi/install/dril_controller/lib/python3.12/site-packages:${PYTHONPATH} /usr/bin/python3 -W ignore:setup.py install is deprecated -W ignore:easy_install command is deprecated setup.py egg_info --egg-base ../../../build/dril_controller build --build-base /home/tpi5/391_Project_pi/build/dril_controller/build install --record /home/tpi5/391_Project_pi/build/dril_controller/install.log --single-version-externally-managed install_data
