[3.765s] Invoking command in '/home/tpi5/391_Project_pi/391_ws/src/drive_controller': PYTHONPATH=/home/tpi5/391_Project_pi/391_ws/build/drive_controller/prefix_override:/usr/lib/python3/dist-packages/colcon_core/task/python/colcon_distutils_commands:/home/tpi5/391_Project_pi/391_ws/install/drive_controller/lib/python3.12/site-packages:${PYTHONPATH} /usr/bin/python3 -W ignore:setup.py install is deprecated -W ignore:easy_install command is deprecated setup.py egg_info --egg-base ../../build/drive_controller build --build-base /home/tpi5/391_Project_pi/391_ws/build/drive_controller/build install --record /home/tpi5/391_Project_pi/391_ws/build/drive_controller/install.log --single-version-externally-managed install_data
[4.358s] running egg_info
[4.402s] writing ../../build/drive_controller/drive_controller.egg-info/PKG-INFO
[4.402s] writing dependency_links to ../../build/drive_controller/drive_controller.egg-info/dependency_links.txt
[4.404s] writing entry points to ../../build/drive_controller/drive_controller.egg-info/entry_points.txt
[4.404s] writing requirements to ../../build/drive_controller/drive_controller.egg-info/requires.txt
[4.404s] writing top-level names to ../../build/drive_controller/drive_controller.egg-info/top_level.txt
[4.490s] reading manifest file '../../build/drive_controller/drive_controller.egg-info/SOURCES.txt'
[4.490s] writing manifest file '../../build/drive_controller/drive_controller.egg-info/SOURCES.txt'
[4.491s] running build
[4.492s] running build_py
[4.496s] running install
[4.505s] running install_lib
[4.539s] running install_data
[4.539s] running install_egg_info
[4.574s] removing '/home/tpi5/391_Project_pi/391_ws/install/drive_controller/lib/python3.12/site-packages/drive_controller-0.0.0-py3.12.egg-info' (and everything under it)
[4.576s] Copying ../../build/drive_controller/drive_controller.egg-info to /home/tpi5/391_Project_pi/391_ws/install/drive_controller/lib/python3.12/site-packages/drive_controller-0.0.0-py3.12.egg-info
[4.582s] running install_scripts
[4.851s] Installing drive_node script to /home/tpi5/391_Project_pi/391_ws/install/drive_controller/lib/drive_controller
[4.852s] writing list of installed files to '/home/tpi5/391_Project_pi/391_ws/build/drive_controller/install.log'
[5.041s] Invoked command in '/home/tpi5/391_Project_pi/391_ws/src/drive_controller' returned '0': PYTHONPATH=/home/tpi5/391_Project_pi/391_ws/build/drive_controller/prefix_override:/usr/lib/python3/dist-packages/colcon_core/task/python/colcon_distutils_commands:/home/tpi5/391_Project_pi/391_ws/install/drive_controller/lib/python3.12/site-packages:${PYTHONPATH} /usr/bin/python3 -W ignore:setup.py install is deprecated -W ignore:easy_install command is deprecated setup.py egg_info --egg-base ../../build/drive_controller build --build-base /home/tpi5/391_Project_pi/391_ws/build/drive_controller/build install --record /home/tpi5/391_Project_pi/391_ws/build/drive_controller/install.log --single-version-externally-managed install_data
