[1.295s] Invoking command in '/home/tpi5/391_Project_pi/391_ws/build/tao_controller': PYTHONPATH=/home/tpi5/391_Project_pi/391_ws/build/tao_controller/prefix_override:/usr/lib/python3/dist-packages/colcon_core/task/python/colcon_distutils_commands:/home/tpi5/391_Project_pi/391_ws/install/tao_controller/lib/python3.12/site-packages:${PYTHONPATH} /usr/bin/python3 -W ignore:setup.py install is deprecated -W ignore:easy_install command is deprecated setup.py develop --editable --build-directory /home/tpi5/391_Project_pi/391_ws/build/tao_controller/build --no-deps symlink_data --force
[1.748s] running develop
[1.994s] running egg_info
[2.017s] writing tao_controller.egg-info/PKG-INFO
[2.017s] writing dependency_links to tao_controller.egg-info/dependency_links.txt
[2.018s] writing entry points to tao_controller.egg-info/entry_points.txt
[2.019s] writing requirements to tao_controller.egg-info/requires.txt
[2.020s] writing top-level names to tao_controller.egg-info/top_level.txt
[2.067s] reading manifest file 'tao_controller.egg-info/SOURCES.txt'
[2.068s] writing manifest file 'tao_controller.egg-info/SOURCES.txt'
[2.093s] running build_ext
[2.094s] Creating /home/tpi5/391_Project_pi/391_ws/install/tao_controller/lib/python3.12/site-packages/tao-controller.egg-link (link to .)
[2.094s] Installing tao_node script to /home/tpi5/391_Project_pi/391_ws/install/tao_controller/lib/tao_controller
[2.095s] 
[2.095s] Installed /home/tpi5/391_Project_pi/391_ws/build/tao_controller
[2.095s] running symlink_data
[2.095s] symbolically linking /home/tpi5/391_Project_pi/391_ws/build/tao_controller/resource/tao_controller -> /home/tpi5/391_Project_pi/391_ws/install/tao_controller/share/ament_index/resource_index/packages
[2.095s] symbolically linking /home/tpi5/391_Project_pi/391_ws/build/tao_controller/package.xml -> /home/tpi5/391_Project_pi/391_ws/install/tao_controller/share/tao_controller
[2.095s] symbolically linking /home/tpi5/391_Project_pi/391_ws/build/tao_controller/launch/joy_tao.launch.py -> /home/tpi5/391_Project_pi/391_ws/install/tao_controller/share/tao_controller/launch
[2.182s] Invoked command in '/home/tpi5/391_Project_pi/391_ws/build/tao_controller' returned '0': PYTHONPATH=/home/tpi5/391_Project_pi/391_ws/build/tao_controller/prefix_override:/usr/lib/python3/dist-packages/colcon_core/task/python/colcon_distutils_commands:/home/tpi5/391_Project_pi/391_ws/install/tao_controller/lib/python3.12/site-packages:${PYTHONPATH} /usr/bin/python3 -W ignore:setup.py install is deprecated -W ignore:easy_install command is deprecated setup.py develop --editable --build-directory /home/tpi5/391_Project_pi/391_ws/build/tao_controller/build --no-deps symlink_data --force
