[5.566s] Invoking command in '/home/tpi5/391_Project_pi/391_ws/src/servo_dril_controller': PYTHONPATH=/home/tpi5/391_Project_pi/391_ws/build/servo_dril_controller/prefix_override:/usr/lib/python3/dist-packages/colcon_core/task/python/colcon_distutils_commands:/home/tpi5/391_Project_pi/391_ws/install/servo_dril_controller/lib/python3.12/site-packages:${PYTHONPATH} /usr/bin/python3 -W ignore:setup.py install is deprecated -W ignore:easy_install command is deprecated setup.py egg_info --egg-base ../../build/servo_dril_controller build --build-base /home/tpi5/391_Project_pi/391_ws/build/servo_dril_controller/build install --record /home/tpi5/391_Project_pi/391_ws/build/servo_dril_controller/install.log --single-version-externally-managed install_data
[6.700s] running egg_info
[6.738s] writing ../../build/servo_dril_controller/servo_dril_controller.egg-info/PKG-INFO
[6.743s] writing dependency_links to ../../build/servo_dril_controller/servo_dril_controller.egg-info/dependency_links.txt
[6.743s] writing entry points to ../../build/servo_dril_controller/servo_dril_controller.egg-info/entry_points.txt
[6.745s] writing requirements to ../../build/servo_dril_controller/servo_dril_controller.egg-info/requires.txt
[6.745s] writing top-level names to ../../build/servo_dril_controller/servo_dril_controller.egg-info/top_level.txt
[6.839s] reading manifest file '../../build/servo_dril_controller/servo_dril_controller.egg-info/SOURCES.txt'
[6.839s] writing manifest file '../../build/servo_dril_controller/servo_dril_controller.egg-info/SOURCES.txt'
[6.845s] running build
[6.846s] running build_py
[6.846s] running install
[6.903s] running install_lib
[7.092s] running install_data
[7.092s] running install_egg_info
[7.236s] removing '/home/tpi5/391_Project_pi/391_ws/install/servo_dril_controller/lib/python3.12/site-packages/servo_dril_controller-0.0.1-py3.12.egg-info' (and everything under it)
[7.236s] Copying ../../build/servo_dril_controller/servo_dril_controller.egg-info to /home/tpi5/391_Project_pi/391_ws/install/servo_dril_controller/lib/python3.12/site-packages/servo_dril_controller-0.0.1-py3.12.egg-info
[7.238s] running install_scripts
[7.531s] Installing servo_dril_node script to /home/tpi5/391_Project_pi/391_ws/install/servo_dril_controller/lib/servo_dril_controller
[7.539s] writing list of installed files to '/home/tpi5/391_Project_pi/391_ws/build/servo_dril_controller/install.log'
[7.675s] Invoked command in '/home/tpi5/391_Project_pi/391_ws/src/servo_dril_controller' returned '0': PYTHONPATH=/home/tpi5/391_Project_pi/391_ws/build/servo_dril_controller/prefix_override:/usr/lib/python3/dist-packages/colcon_core/task/python/colcon_distutils_commands:/home/tpi5/391_Project_pi/391_ws/install/servo_dril_controller/lib/python3.12/site-packages:${PYTHONPATH} /usr/bin/python3 -W ignore:setup.py install is deprecated -W ignore:easy_install command is deprecated setup.py egg_info --egg-base ../../build/servo_dril_controller build --build-base /home/tpi5/391_Project_pi/391_ws/build/servo_dril_controller/build install --record /home/tpi5/391_Project_pi/391_ws/build/servo_dril_controller/install.log --single-version-externally-managed install_data
