[1.644s] Invoking command in '/home/tpi5/391_Project_pi/391_ws/src/tao_controller': PYTHONPATH=/home/tpi5/391_Project_pi/391_ws/build/tao_controller/prefix_override:/usr/lib/python3/dist-packages/colcon_core/task/python/colcon_distutils_commands:/home/tpi5/391_Project_pi/391_ws/install/tao_controller/lib/python3.12/site-packages:${PYTHONPATH} /usr/bin/python3 -W ignore:setup.py install is deprecated -W ignore:easy_install command is deprecated setup.py egg_info --egg-base ../../build/tao_controller build --build-base /home/tpi5/391_Project_pi/391_ws/build/tao_controller/build install --record /home/tpi5/391_Project_pi/391_ws/build/tao_controller/install.log --single-version-externally-managed install_data
[2.010s] running egg_info
[2.033s] writing ../../build/tao_controller/tao_controller.egg-info/PKG-INFO
[2.033s] writing dependency_links to ../../build/tao_controller/tao_controller.egg-info/dependency_links.txt
[2.034s] writing entry points to ../../build/tao_controller/tao_controller.egg-info/entry_points.txt
[2.035s] writing requirements to ../../build/tao_controller/tao_controller.egg-info/requires.txt
[2.036s] writing top-level names to ../../build/tao_controller/tao_controller.egg-info/top_level.txt
[2.084s] reading manifest file '../../build/tao_controller/tao_controller.egg-info/SOURCES.txt'
[2.085s] writing manifest file '../../build/tao_controller/tao_controller.egg-info/SOURCES.txt'
[2.085s] running build
[2.086s] running build_py
[2.086s] running install
[2.096s] running install_lib
[2.120s] running install_data
[2.120s] running install_egg_info
[2.146s] removing '/home/tpi5/391_Project_pi/391_ws/install/tao_controller/lib/python3.12/site-packages/tao_controller-0.0.0-py3.12.egg-info' (and everything under it)
[2.146s] Copying ../../build/tao_controller/tao_controller.egg-info to /home/tpi5/391_Project_pi/391_ws/install/tao_controller/lib/python3.12/site-packages/tao_controller-0.0.0-py3.12.egg-info
[2.147s] running install_scripts
[2.322s] Installing tao_node script to /home/tpi5/391_Project_pi/391_ws/install/tao_controller/lib/tao_controller
[2.323s] writing list of installed files to '/home/tpi5/391_Project_pi/391_ws/build/tao_controller/install.log'
[2.407s] Invoked command in '/home/tpi5/391_Project_pi/391_ws/src/tao_controller' returned '0': PYTHONPATH=/home/tpi5/391_Project_pi/391_ws/build/tao_controller/prefix_override:/usr/lib/python3/dist-packages/colcon_core/task/python/colcon_distutils_commands:/home/tpi5/391_Project_pi/391_ws/install/tao_controller/lib/python3.12/site-packages:${PYTHONPATH} /usr/bin/python3 -W ignore:setup.py install is deprecated -W ignore:easy_install command is deprecated setup.py egg_info --egg-base ../../build/tao_controller build --build-base /home/tpi5/391_Project_pi/391_ws/build/tao_controller/build install --record /home/tpi5/391_Project_pi/391_ws/build/tao_controller/install.log --single-version-externally-managed install_data
