[2.573s] Invoking command in '/home/tpi5/391_Project_pi/391_ws/src/linear_controller': PYTHONPATH=/home/tpi5/391_Project_pi/build/linear_controller/prefix_override:/usr/lib/python3/dist-packages/colcon_core/task/python/colcon_distutils_commands:/home/tpi5/391_Project_pi/install/linear_controller/lib/python3.12/site-packages:${PYTHONPATH} /usr/bin/python3 -W ignore:setup.py install is deprecated -W ignore:easy_install command is deprecated setup.py egg_info --egg-base ../../../build/linear_controller build --build-base /home/tpi5/391_Project_pi/build/linear_controller/build install --record /home/tpi5/391_Project_pi/build/linear_controller/install.log --single-version-externally-managed install_data
[3.094s] running egg_info
[3.121s] writing ../../../build/linear_controller/linear_controller.egg-info/PKG-INFO
[3.121s] writing dependency_links to ../../../build/linear_controller/linear_controller.egg-info/dependency_links.txt
[3.134s] writing entry points to ../../../build/linear_controller/linear_controller.egg-info/entry_points.txt
[3.141s] writing requirements to ../../../build/linear_controller/linear_controller.egg-info/requires.txt
[3.154s] writing top-level names to ../../../build/linear_controller/linear_controller.egg-info/top_level.txt
[3.216s] reading manifest file '../../../build/linear_controller/linear_controller.egg-info/SOURCES.txt'
[3.216s] writing manifest file '../../../build/linear_controller/linear_controller.egg-info/SOURCES.txt'
[3.234s] running build
[3.234s] running build_py
[3.234s] running install
[3.248s] running install_lib
[3.280s] running install_data
[3.281s] running install_egg_info
[3.311s] removing '/home/tpi5/391_Project_pi/install/linear_controller/lib/python3.12/site-packages/linear_controller-0.0.0-py3.12.egg-info' (and everything under it)
[3.312s] Copying ../../../build/linear_controller/linear_controller.egg-info to /home/tpi5/391_Project_pi/install/linear_controller/lib/python3.12/site-packages/linear_controller-0.0.0-py3.12.egg-info
[3.314s] running install_scripts
[3.573s] Installing linear_node script to /home/tpi5/391_Project_pi/install/linear_controller/lib/linear_controller
[3.574s] writing list of installed files to '/home/tpi5/391_Project_pi/build/linear_controller/install.log'
[3.875s] Invoked command in '/home/tpi5/391_Project_pi/391_ws/src/linear_controller' returned '0': PYTHONPATH=/home/tpi5/391_Project_pi/build/linear_controller/prefix_override:/usr/lib/python3/dist-packages/colcon_core/task/python/colcon_distutils_commands:/home/tpi5/391_Project_pi/install/linear_controller/lib/python3.12/site-packages:${PYTHONPATH} /usr/bin/python3 -W ignore:setup.py install is deprecated -W ignore:easy_install command is deprecated setup.py egg_info --egg-base ../../../build/linear_controller build --build-base /home/tpi5/391_Project_pi/build/linear_controller/build install --record /home/tpi5/391_Project_pi/build/linear_controller/install.log --single-version-externally-managed install_data
