running egg_info
writing ../../../build/tao_controller/tao_controller.egg-info/PKG-INFO
writing dependency_links to ../../../build/tao_controller/tao_controller.egg-info/dependency_links.txt
writing entry points to ../../../build/tao_controller/tao_controller.egg-info/entry_points.txt
writing requirements to ../../../build/tao_controller/tao_controller.egg-info/requires.txt
writing top-level names to ../../../build/tao_controller/tao_controller.egg-info/top_level.txt
reading manifest file '../../../build/tao_controller/tao_controller.egg-info/SOURCES.txt'
writing manifest file '../../../build/tao_controller/tao_controller.egg-info/SOURCES.txt'
running build
running build_py
copying tao_controller/tao_node.py -> /home/tpi5/391_Project_pi/build/tao_controller/build/lib/tao_controller
running install
running install_lib
copying /home/tpi5/391_Project_pi/build/tao_controller/build/lib/tao_controller/tao_node.py -> /home/tpi5/391_Project_pi/install/tao_controller/lib/python3.12/site-packages/tao_controller
byte-compiling /home/tpi5/391_Project_pi/install/tao_controller/lib/python3.12/site-packages/tao_controller/tao_node.py to tao_node.cpython-312.pyc
running install_data
running install_egg_info
removing '/home/tpi5/391_Project_pi/install/tao_controller/lib/python3.12/site-packages/tao_controller-0.0.0-py3.12.egg-info' (and everything under it)
Copying ../../../build/tao_controller/tao_controller.egg-info to /home/tpi5/391_Project_pi/install/tao_controller/lib/python3.12/site-packages/tao_controller-0.0.0-py3.12.egg-info
running install_scripts
Installing tao_node script to /home/tpi5/391_Project_pi/install/tao_controller/lib/tao_controller
writing list of installed files to '/home/tpi5/391_Project_pi/build/tao_controller/install.log'
