[2.425s] Invoking command in '/home/tpi5/391_Project_pi/391_ws/src/drive_controller': PYTHONPATH=/home/tpi5/391_Project_pi/391_ws/build/drive_controller/prefix_override:/usr/lib/python3/dist-packages/colcon_core/task/python/colcon_distutils_commands:/home/tpi5/391_Project_pi/391_ws/install/drive_controller/lib/python3.12/site-packages:${PYTHONPATH} /usr/bin/python3 -W ignore:setup.py install is deprecated -W ignore:easy_install command is deprecated setup.py egg_info --egg-base ../../build/drive_controller build --build-base /home/tpi5/391_Project_pi/391_ws/build/drive_controller/build install --record /home/tpi5/391_Project_pi/391_ws/build/drive_controller/install.log --single-version-externally-managed install_data
[2.959s] running egg_info
[2.981s] writing ../../build/drive_controller/drive_controller.egg-info/PKG-INFO
[2.981s] writing dependency_links to ../../build/drive_controller/drive_controller.egg-info/dependency_links.txt
[2.982s] writing entry points to ../../build/drive_controller/drive_controller.egg-info/entry_points.txt
[2.983s] writing requirements to ../../build/drive_controller/drive_controller.egg-info/requires.txt
[2.985s] writing top-level names to ../../build/drive_controller/drive_controller.egg-info/top_level.txt
[3.041s] reading manifest file '../../build/drive_controller/drive_controller.egg-info/SOURCES.txt'
[3.042s] writing manifest file '../../build/drive_controller/drive_controller.egg-info/SOURCES.txt'
[3.044s] running build
[3.045s] running build_py
[3.045s] running install
[3.059s] running install_lib
[3.114s] running install_data
[3.114s] running install_egg_info
[3.174s] removing '/home/tpi5/391_Project_pi/391_ws/install/drive_controller/lib/python3.12/site-packages/drive_controller-0.0.0-py3.12.egg-info' (and everything under it)
[3.176s] Copying ../../build/drive_controller/drive_controller.egg-info to /home/tpi5/391_Project_pi/391_ws/install/drive_controller/lib/python3.12/site-packages/drive_controller-0.0.0-py3.12.egg-info
[3.179s] running install_scripts
[3.556s] Installing drive_node script to /home/tpi5/391_Project_pi/391_ws/install/drive_controller/lib/drive_controller
[3.556s] writing list of installed files to '/home/tpi5/391_Project_pi/391_ws/build/drive_controller/install.log'
[3.921s] Invoked command in '/home/tpi5/391_Project_pi/391_ws/src/drive_controller' returned '0': PYTHONPATH=/home/tpi5/391_Project_pi/391_ws/build/drive_controller/prefix_override:/usr/lib/python3/dist-packages/colcon_core/task/python/colcon_distutils_commands:/home/tpi5/391_Project_pi/391_ws/install/drive_controller/lib/python3.12/site-packages:${PYTHONPATH} /usr/bin/python3 -W ignore:setup.py install is deprecated -W ignore:easy_install command is deprecated setup.py egg_info --egg-base ../../build/drive_controller build --build-base /home/tpi5/391_Project_pi/391_ws/build/drive_controller/build install --record /home/tpi5/391_Project_pi/391_ws/build/drive_controller/install.log --single-version-externally-managed install_data
