running egg_info
creating ../../../build/joystick_controller/joystick_controller.egg-info
writing ../../../build/joystick_controller/joystick_controller.egg-info/PKG-INFO
writing dependency_links to ../../../build/joystick_controller/joystick_controller.egg-info/dependency_links.txt
writing entry points to ../../../build/joystick_controller/joystick_controller.egg-info/entry_points.txt
writing requirements to ../../../build/joystick_controller/joystick_controller.egg-info/requires.txt
writing top-level names to ../../../build/joystick_controller/joystick_controller.egg-info/top_level.txt
writing manifest file '../../../build/joystick_controller/joystick_controller.egg-info/SOURCES.txt'
reading manifest file '../../../build/joystick_controller/joystick_controller.egg-info/SOURCES.txt'
writing manifest file '../../../build/joystick_controller/joystick_controller.egg-info/SOURCES.txt'
running build
running build_py
creating /home/tpi5/391_Project_pi/build/joystick_controller/build
creating /home/tpi5/391_Project_pi/build/joystick_controller/build/lib
creating /home/tpi5/391_Project_pi/build/joystick_controller/build/lib/joystick_controller
copying joystick_controller/joystick_node.py -> /home/tpi5/391_Project_pi/build/joystick_controller/build/lib/joystick_controller
copying joystick_controller/__init__.py -> /home/tpi5/391_Project_pi/build/joystick_controller/build/lib/joystick_controller
running install
running install_lib
creating /home/tpi5/391_Project_pi/install/joystick_controller/lib/python3.12/site-packages/joystick_controller
copying /home/tpi5/391_Project_pi/build/joystick_controller/build/lib/joystick_controller/joystick_node.py -> /home/tpi5/391_Project_pi/install/joystick_controller/lib/python3.12/site-packages/joystick_controller
copying /home/tpi5/391_Project_pi/build/joystick_controller/build/lib/joystick_controller/__init__.py -> /home/tpi5/391_Project_pi/install/joystick_controller/lib/python3.12/site-packages/joystick_controller
byte-compiling /home/tpi5/391_Project_pi/install/joystick_controller/lib/python3.12/site-packages/joystick_controller/joystick_node.py to joystick_node.cpython-312.pyc
byte-compiling /home/tpi5/391_Project_pi/install/joystick_controller/lib/python3.12/site-packages/joystick_controller/__init__.py to __init__.cpython-312.pyc
running install_data
creating /home/tpi5/391_Project_pi/install/joystick_controller/share/ament_index
creating /home/tpi5/391_Project_pi/install/joystick_controller/share/ament_index/resource_index
creating /home/tpi5/391_Project_pi/install/joystick_controller/share/ament_index/resource_index/packages
copying resource/joystick_controller -> /home/tpi5/391_Project_pi/install/joystick_controller/share/ament_index/resource_index/packages
copying package.xml -> /home/tpi5/391_Project_pi/install/joystick_controller/share/joystick_controller
creating /home/tpi5/391_Project_pi/install/joystick_controller/share/joystick_controller/launch
creating /home/tpi5/391_Project_pi/install/joystick_controller/share/joystick_controller/config
running install_egg_info
Copying ../../../build/joystick_controller/joystick_controller.egg-info to /home/tpi5/391_Project_pi/install/joystick_controller/lib/python3.12/site-packages/joystick_controller-0.0.0-py3.12.egg-info
running install_scripts
Installing joystick_node script to /home/tpi5/391_Project_pi/install/joystick_controller/lib/joystick_controller
writing list of installed files to '/home/tpi5/391_Project_pi/build/joystick_controller/install.log'
