[1.825s] Invoking command in '/home/tpi5/391_Project_pi/391_ws/src/joystick_controller': PYTHONPATH=/home/tpi5/391_Project_pi/build/joystick_controller/prefix_override:/usr/lib/python3/dist-packages/colcon_core/task/python/colcon_distutils_commands:/home/tpi5/391_Project_pi/install/joystick_controller/lib/python3.12/site-packages:${PYTHONPATH} /usr/bin/python3 -W ignore:setup.py install is deprecated -W ignore:easy_install command is deprecated setup.py egg_info --egg-base ../../../build/joystick_controller build --build-base /home/tpi5/391_Project_pi/build/joystick_controller/build install --record /home/tpi5/391_Project_pi/build/joystick_controller/install.log --single-version-externally-managed install_data
[2.199s] running egg_info
[2.200s] creating ../../../build/joystick_controller/joystick_controller.egg-info
[2.222s] writing ../../../build/joystick_controller/joystick_controller.egg-info/PKG-INFO
[2.223s] writing dependency_links to ../../../build/joystick_controller/joystick_controller.egg-info/dependency_links.txt
[2.223s] writing entry points to ../../../build/joystick_controller/joystick_controller.egg-info/entry_points.txt
[2.223s] writing requirements to ../../../build/joystick_controller/joystick_controller.egg-info/requires.txt
[2.224s] writing top-level names to ../../../build/joystick_controller/joystick_controller.egg-info/top_level.txt
[2.224s] writing manifest file '../../../build/joystick_controller/joystick_controller.egg-info/SOURCES.txt'
[2.267s] reading manifest file '../../../build/joystick_controller/joystick_controller.egg-info/SOURCES.txt'
[2.268s] writing manifest file '../../../build/joystick_controller/joystick_controller.egg-info/SOURCES.txt'
[2.268s] running build
[2.268s] running build_py
[2.268s] creating /home/tpi5/391_Project_pi/build/joystick_controller/build
[2.268s] creating /home/tpi5/391_Project_pi/build/joystick_controller/build/lib
[2.269s] creating /home/tpi5/391_Project_pi/build/joystick_controller/build/lib/joystick_controller
[2.269s] copying joystick_controller/joystick_node.py -> /home/tpi5/391_Project_pi/build/joystick_controller/build/lib/joystick_controller
[2.269s] copying joystick_controller/__init__.py -> /home/tpi5/391_Project_pi/build/joystick_controller/build/lib/joystick_controller
[2.269s] running install
[2.279s] running install_lib
[2.301s] creating /home/tpi5/391_Project_pi/install/joystick_controller/lib/python3.12/site-packages/joystick_controller
[2.301s] copying /home/tpi5/391_Project_pi/build/joystick_controller/build/lib/joystick_controller/joystick_node.py -> /home/tpi5/391_Project_pi/install/joystick_controller/lib/python3.12/site-packages/joystick_controller
[2.301s] copying /home/tpi5/391_Project_pi/build/joystick_controller/build/lib/joystick_controller/__init__.py -> /home/tpi5/391_Project_pi/install/joystick_controller/lib/python3.12/site-packages/joystick_controller
[2.302s] byte-compiling /home/tpi5/391_Project_pi/install/joystick_controller/lib/python3.12/site-packages/joystick_controller/joystick_node.py to joystick_node.cpython-312.pyc
[2.305s] byte-compiling /home/tpi5/391_Project_pi/install/joystick_controller/lib/python3.12/site-packages/joystick_controller/__init__.py to __init__.cpython-312.pyc
[2.305s] running install_data
[2.306s] creating /home/tpi5/391_Project_pi/install/joystick_controller/share/ament_index
[2.306s] creating /home/tpi5/391_Project_pi/install/joystick_controller/share/ament_index/resource_index
[2.306s] creating /home/tpi5/391_Project_pi/install/joystick_controller/share/ament_index/resource_index/packages
[2.306s] copying resource/joystick_controller -> /home/tpi5/391_Project_pi/install/joystick_controller/share/ament_index/resource_index/packages
[2.306s] copying package.xml -> /home/tpi5/391_Project_pi/install/joystick_controller/share/joystick_controller
[2.306s] creating /home/tpi5/391_Project_pi/install/joystick_controller/share/joystick_controller/launch
[2.306s] creating /home/tpi5/391_Project_pi/install/joystick_controller/share/joystick_controller/config
[2.306s] running install_egg_info
[2.330s] Copying ../../../build/joystick_controller/joystick_controller.egg-info to /home/tpi5/391_Project_pi/install/joystick_controller/lib/python3.12/site-packages/joystick_controller-0.0.0-py3.12.egg-info
[2.331s] running install_scripts
[2.496s] Installing joystick_node script to /home/tpi5/391_Project_pi/install/joystick_controller/lib/joystick_controller
[2.496s] writing list of installed files to '/home/tpi5/391_Project_pi/build/joystick_controller/install.log'
[2.599s] Invoked command in '/home/tpi5/391_Project_pi/391_ws/src/joystick_controller' returned '0': PYTHONPATH=/home/tpi5/391_Project_pi/build/joystick_controller/prefix_override:/usr/lib/python3/dist-packages/colcon_core/task/python/colcon_distutils_commands:/home/tpi5/391_Project_pi/install/joystick_controller/lib/python3.12/site-packages:${PYTHONPATH} /usr/bin/python3 -W ignore:setup.py install is deprecated -W ignore:easy_install command is deprecated setup.py egg_info --egg-base ../../../build/joystick_controller build --build-base /home/tpi5/391_Project_pi/build/joystick_controller/build install --record /home/tpi5/391_Project_pi/build/joystick_controller/install.log --single-version-externally-managed install_data
