[2.649s] Invoking command in '/home/tpi5/391_Project_pi/391_ws/src/gripper_controller': PYTHONPATH=/home/tpi5/391_Project_pi/build/gripper_controller/prefix_override:/usr/lib/python3/dist-packages/colcon_core/task/python/colcon_distutils_commands:/home/tpi5/391_Project_pi/install/gripper_controller/lib/python3.12/site-packages:${PYTHONPATH} /usr/bin/python3 -W ignore:setup.py install is deprecated -W ignore:easy_install command is deprecated setup.py egg_info --egg-base ../../../build/gripper_controller build --build-base /home/tpi5/391_Project_pi/build/gripper_controller/build install --record /home/tpi5/391_Project_pi/build/gripper_controller/install.log --single-version-externally-managed install_data
[3.113s] running egg_info
[3.139s] writing ../../../build/gripper_controller/gripper_controller.egg-info/PKG-INFO
[3.141s] writing dependency_links to ../../../build/gripper_controller/gripper_controller.egg-info/dependency_links.txt
[3.141s] writing entry points to ../../../build/gripper_controller/gripper_controller.egg-info/entry_points.txt
[3.142s] writing requirements to ../../../build/gripper_controller/gripper_controller.egg-info/requires.txt
[3.142s] writing top-level names to ../../../build/gripper_controller/gripper_controller.egg-info/top_level.txt
[3.192s] reading manifest file '../../../build/gripper_controller/gripper_controller.egg-info/SOURCES.txt'
[3.194s] writing manifest file '../../../build/gripper_controller/gripper_controller.egg-info/SOURCES.txt'
[3.195s] running build
[3.195s] running build_py
[3.195s] running install
[3.206s] running install_lib
[3.234s] running install_data
[3.234s] running install_egg_info
[3.259s] removing '/home/tpi5/391_Project_pi/install/gripper_controller/lib/python3.12/site-packages/gripper_controller-0.0.0-py3.12.egg-info' (and everything under it)
[3.261s] Copying ../../../build/gripper_controller/gripper_controller.egg-info to /home/tpi5/391_Project_pi/install/gripper_controller/lib/python3.12/site-packages/gripper_controller-0.0.0-py3.12.egg-info
[3.264s] running install_scripts
[3.486s] Installing gripper_node script to /home/tpi5/391_Project_pi/install/gripper_controller/lib/gripper_controller
[3.487s] writing list of installed files to '/home/tpi5/391_Project_pi/build/gripper_controller/install.log'
[3.700s] Invoked command in '/home/tpi5/391_Project_pi/391_ws/src/gripper_controller' returned '0': PYTHONPATH=/home/tpi5/391_Project_pi/build/gripper_controller/prefix_override:/usr/lib/python3/dist-packages/colcon_core/task/python/colcon_distutils_commands:/home/tpi5/391_Project_pi/install/gripper_controller/lib/python3.12/site-packages:${PYTHONPATH} /usr/bin/python3 -W ignore:setup.py install is deprecated -W ignore:easy_install command is deprecated setup.py egg_info --egg-base ../../../build/gripper_controller build --build-base /home/tpi5/391_Project_pi/build/gripper_controller/build install --record /home/tpi5/391_Project_pi/build/gripper_controller/install.log --single-version-externally-managed install_data
