[3.407s] Invoking command in '/home/tpi5/391_Project_pi/391_ws/src/gripper_controller': PYTHONPATH=/home/tpi5/391_Project_pi/391_ws/build/gripper_controller/prefix_override:/usr/lib/python3/dist-packages/colcon_core/task/python/colcon_distutils_commands:/home/tpi5/391_Project_pi/391_ws/install/gripper_controller/lib/python3.12/site-packages:${PYTHONPATH} /usr/bin/python3 -W ignore:setup.py install is deprecated -W ignore:easy_install command is deprecated setup.py egg_info --egg-base ../../build/gripper_controller build --build-base /home/tpi5/391_Project_pi/391_ws/build/gripper_controller/build install --record /home/tpi5/391_Project_pi/391_ws/build/gripper_controller/install.log --single-version-externally-managed install_data
[3.918s] running egg_info
[3.945s] writing ../../build/gripper_controller/gripper_controller.egg-info/PKG-INFO
[3.946s] writing dependency_links to ../../build/gripper_controller/gripper_controller.egg-info/dependency_links.txt
[3.948s] writing entry points to ../../build/gripper_controller/gripper_controller.egg-info/entry_points.txt
[3.949s] writing requirements to ../../build/gripper_controller/gripper_controller.egg-info/requires.txt
[3.951s] writing top-level names to ../../build/gripper_controller/gripper_controller.egg-info/top_level.txt
[4.021s] reading manifest file '../../build/gripper_controller/gripper_controller.egg-info/SOURCES.txt'
[4.030s] writing manifest file '../../build/gripper_controller/gripper_controller.egg-info/SOURCES.txt'
[4.031s] running build
[4.032s] running build_py
[4.036s] copying gripper_controller/gripper_node.py -> /home/tpi5/391_Project_pi/391_ws/build/gripper_controller/build/lib/gripper_controller
[4.036s] running install
[4.055s] running install_lib
[4.089s] copying /home/tpi5/391_Project_pi/391_ws/build/gripper_controller/build/lib/gripper_controller/gripper_node.py -> /home/tpi5/391_Project_pi/391_ws/install/gripper_controller/lib/python3.12/site-packages/gripper_controller
[4.092s] byte-compiling /home/tpi5/391_Project_pi/391_ws/install/gripper_controller/lib/python3.12/site-packages/gripper_controller/gripper_node.py to gripper_node.cpython-312.pyc
[4.092s] running install_data
[4.096s] running install_egg_info
[4.133s] removing '/home/tpi5/391_Project_pi/391_ws/install/gripper_controller/lib/python3.12/site-packages/gripper_controller-0.0.0-py3.12.egg-info' (and everything under it)
[4.133s] Copying ../../build/gripper_controller/gripper_controller.egg-info to /home/tpi5/391_Project_pi/391_ws/install/gripper_controller/lib/python3.12/site-packages/gripper_controller-0.0.0-py3.12.egg-info
[4.139s] running install_scripts
[4.389s] Installing gripper_node script to /home/tpi5/391_Project_pi/391_ws/install/gripper_controller/lib/gripper_controller
[4.391s] writing list of installed files to '/home/tpi5/391_Project_pi/391_ws/build/gripper_controller/install.log'
[4.516s] Invoked command in '/home/tpi5/391_Project_pi/391_ws/src/gripper_controller' returned '0': PYTHONPATH=/home/tpi5/391_Project_pi/391_ws/build/gripper_controller/prefix_override:/usr/lib/python3/dist-packages/colcon_core/task/python/colcon_distutils_commands:/home/tpi5/391_Project_pi/391_ws/install/gripper_controller/lib/python3.12/site-packages:${PYTHONPATH} /usr/bin/python3 -W ignore:setup.py install is deprecated -W ignore:easy_install command is deprecated setup.py egg_info --egg-base ../../build/gripper_controller build --build-base /home/tpi5/391_Project_pi/391_ws/build/gripper_controller/build install --record /home/tpi5/391_Project_pi/391_ws/build/gripper_controller/install.log --single-version-externally-managed install_data
