[3.675s] Invoking command in '/home/tpi5/391_Project_pi/391_ws/src/gripper_controller': PYTHONPATH=/home/tpi5/391_Project_pi/391_ws/build/gripper_controller/prefix_override:/usr/lib/python3/dist-packages/colcon_core/task/python/colcon_distutils_commands:/home/tpi5/391_Project_pi/391_ws/install/gripper_controller/lib/python3.12/site-packages:${PYTHONPATH} /usr/bin/python3 -W ignore:setup.py install is deprecated -W ignore:easy_install command is deprecated setup.py egg_info --egg-base ../../build/gripper_controller build --build-base /home/tpi5/391_Project_pi/391_ws/build/gripper_controller/build install --record /home/tpi5/391_Project_pi/391_ws/build/gripper_controller/install.log --single-version-externally-managed install_data
[4.266s] running egg_info
[4.300s] writing ../../build/gripper_controller/gripper_controller.egg-info/PKG-INFO
[4.301s] writing dependency_links to ../../build/gripper_controller/gripper_controller.egg-info/dependency_links.txt
[4.302s] writing entry points to ../../build/gripper_controller/gripper_controller.egg-info/entry_points.txt
[4.304s] writing requirements to ../../build/gripper_controller/gripper_controller.egg-info/requires.txt
[4.305s] writing top-level names to ../../build/gripper_controller/gripper_controller.egg-info/top_level.txt
[4.375s] reading manifest file '../../build/gripper_controller/gripper_controller.egg-info/SOURCES.txt'
[4.382s] writing manifest file '../../build/gripper_controller/gripper_controller.egg-info/SOURCES.txt'
[4.383s] running build
[4.383s] running build_py
[4.395s] running install
[4.406s] running install_lib
[4.439s] running install_data
[4.443s] running install_egg_info
[4.477s] removing '/home/tpi5/391_Project_pi/391_ws/install/gripper_controller/lib/python3.12/site-packages/gripper_controller-0.0.0-py3.12.egg-info' (and everything under it)
[4.479s] Copying ../../build/gripper_controller/gripper_controller.egg-info to /home/tpi5/391_Project_pi/391_ws/install/gripper_controller/lib/python3.12/site-packages/gripper_controller-0.0.0-py3.12.egg-info
[4.479s] running install_scripts
[4.794s] Installing gripper_node script to /home/tpi5/391_Project_pi/391_ws/install/gripper_controller/lib/gripper_controller
[4.796s] writing list of installed files to '/home/tpi5/391_Project_pi/391_ws/build/gripper_controller/install.log'
[4.983s] Invoked command in '/home/tpi5/391_Project_pi/391_ws/src/gripper_controller' returned '0': PYTHONPATH=/home/tpi5/391_Project_pi/391_ws/build/gripper_controller/prefix_override:/usr/lib/python3/dist-packages/colcon_core/task/python/colcon_distutils_commands:/home/tpi5/391_Project_pi/391_ws/install/gripper_controller/lib/python3.12/site-packages:${PYTHONPATH} /usr/bin/python3 -W ignore:setup.py install is deprecated -W ignore:easy_install command is deprecated setup.py egg_info --egg-base ../../build/gripper_controller build --build-base /home/tpi5/391_Project_pi/391_ws/build/gripper_controller/build install --record /home/tpi5/391_Project_pi/391_ws/build/gripper_controller/install.log --single-version-externally-managed install_data
