[6.931s] Invoking command in '/home/tpi5/391_Project_pi/391_ws/src/joystick_controller': PYTHONPATH=/home/tpi5/391_Project_pi/391_ws/build/joystick_controller/prefix_override:/usr/lib/python3/dist-packages/colcon_core/task/python/colcon_distutils_commands:/home/tpi5/391_Project_pi/391_ws/install/joystick_controller/lib/python3.12/site-packages:${PYTHONPATH} /usr/bin/python3 -W ignore:setup.py install is deprecated -W ignore:easy_install command is deprecated setup.py egg_info --egg-base ../../build/joystick_controller build --build-base /home/tpi5/391_Project_pi/391_ws/build/joystick_controller/build install --record /home/tpi5/391_Project_pi/391_ws/build/joystick_controller/install.log --single-version-externally-managed install_data
[8.864s] running egg_info
[9.027s] writing ../../build/joystick_controller/joystick_controller.egg-info/PKG-INFO
[9.033s] writing dependency_links to ../../build/joystick_controller/joystick_controller.egg-info/dependency_links.txt
[9.033s] writing entry points to ../../build/joystick_controller/joystick_controller.egg-info/entry_points.txt
[9.035s] writing requirements to ../../build/joystick_controller/joystick_controller.egg-info/requires.txt
[9.035s] writing top-level names to ../../build/joystick_controller/joystick_controller.egg-info/top_level.txt
[9.245s] reading manifest file '../../build/joystick_controller/joystick_controller.egg-info/SOURCES.txt'
[9.248s] writing manifest file '../../build/joystick_controller/joystick_controller.egg-info/SOURCES.txt'
[9.250s] running build
[9.250s] running build_py
[9.254s] running install
[9.286s] running install_lib
[9.433s] running install_data
[9.434s] running install_egg_info
[9.576s] removing '/home/tpi5/391_Project_pi/391_ws/install/joystick_controller/lib/python3.12/site-packages/joystick_controller-0.0.0-py3.12.egg-info' (and everything under it)
[9.576s] Copying ../../build/joystick_controller/joystick_controller.egg-info to /home/tpi5/391_Project_pi/391_ws/install/joystick_controller/lib/python3.12/site-packages/joystick_controller-0.0.0-py3.12.egg-info
[9.578s] running install_scripts
[10.349s] Installing joystick_node script to /home/tpi5/391_Project_pi/391_ws/install/joystick_controller/lib/joystick_controller
[10.353s] writing list of installed files to '/home/tpi5/391_Project_pi/391_ws/build/joystick_controller/install.log'
[10.612s] Invoked command in '/home/tpi5/391_Project_pi/391_ws/src/joystick_controller' returned '0': PYTHONPATH=/home/tpi5/391_Project_pi/391_ws/build/joystick_controller/prefix_override:/usr/lib/python3/dist-packages/colcon_core/task/python/colcon_distutils_commands:/home/tpi5/391_Project_pi/391_ws/install/joystick_controller/lib/python3.12/site-packages:${PYTHONPATH} /usr/bin/python3 -W ignore:setup.py install is deprecated -W ignore:easy_install command is deprecated setup.py egg_info --egg-base ../../build/joystick_controller build --build-base /home/tpi5/391_Project_pi/391_ws/build/joystick_controller/build install --record /home/tpi5/391_Project_pi/391_ws/build/joystick_controller/install.log --single-version-externally-managed install_data
