running egg_info
writing ../../build/drive_controller/drive_controller.egg-info/PKG-INFO
writing dependency_links to ../../build/drive_controller/drive_controller.egg-info/dependency_links.txt
writing entry points to ../../build/drive_controller/drive_controller.egg-info/entry_points.txt
writing requirements to ../../build/drive_controller/drive_controller.egg-info/requires.txt
writing top-level names to ../../build/drive_controller/drive_controller.egg-info/top_level.txt
reading manifest file '../../build/drive_controller/drive_controller.egg-info/SOURCES.txt'
writing manifest file '../../build/drive_controller/drive_controller.egg-info/SOURCES.txt'
running build
running build_py
copying drive_controller/drive_node.py -> /home/tpi5/391_Project_pi/391_ws/build/drive_controller/build/lib/drive_controller
running install
running install_lib
copying /home/tpi5/391_Project_pi/391_ws/build/drive_controller/build/lib/drive_controller/drive_node.py -> /home/tpi5/391_Project_pi/391_ws/install/drive_controller/lib/python3.12/site-packages/drive_controller
byte-compiling /home/tpi5/391_Project_pi/391_ws/install/drive_controller/lib/python3.12/site-packages/drive_controller/drive_node.py to drive_node.cpython-312.pyc
running install_data
running install_egg_info
removing '/home/tpi5/391_Project_pi/391_ws/install/drive_controller/lib/python3.12/site-packages/drive_controller-0.0.0-py3.12.egg-info' (and everything under it)
Copying ../../build/drive_controller/drive_controller.egg-info to /home/tpi5/391_Project_pi/391_ws/install/drive_controller/lib/python3.12/site-packages/drive_controller-0.0.0-py3.12.egg-info
running install_scripts
Installing drive_node script to /home/tpi5/391_Project_pi/391_ws/install/drive_controller/lib/drive_controller
writing list of installed files to '/home/tpi5/391_Project_pi/391_ws/build/drive_controller/install.log'
