[2.920s] Invoking command in '/home/tpi5/391_Project_pi/391_ws/src/drive_controller': PYTHONPATH=/home/tpi5/391_Project_pi/391_ws/build/drive_controller/prefix_override:/usr/lib/python3/dist-packages/colcon_core/task/python/colcon_distutils_commands:/home/tpi5/391_Project_pi/391_ws/install/drive_controller/lib/python3.12/site-packages:${PYTHONPATH} /usr/bin/python3 -W ignore:setup.py install is deprecated -W ignore:easy_install command is deprecated setup.py egg_info --egg-base ../../build/drive_controller build --build-base /home/tpi5/391_Project_pi/391_ws/build/drive_controller/build install --record /home/tpi5/391_Project_pi/391_ws/build/drive_controller/install.log --single-version-externally-managed install_data
[3.461s] running egg_info
[3.488s] writing ../../build/drive_controller/drive_controller.egg-info/PKG-INFO
[3.490s] writing dependency_links to ../../build/drive_controller/drive_controller.egg-info/dependency_links.txt
[3.490s] writing entry points to ../../build/drive_controller/drive_controller.egg-info/entry_points.txt
[3.490s] writing requirements to ../../build/drive_controller/drive_controller.egg-info/requires.txt
[3.492s] writing top-level names to ../../build/drive_controller/drive_controller.egg-info/top_level.txt
[3.560s] reading manifest file '../../build/drive_controller/drive_controller.egg-info/SOURCES.txt'
[3.561s] writing manifest file '../../build/drive_controller/drive_controller.egg-info/SOURCES.txt'
[3.562s] running build
[3.563s] running build_py
[3.563s] copying drive_controller/drive_node.py -> /home/tpi5/391_Project_pi/391_ws/build/drive_controller/build/lib/drive_controller
[3.565s] running install
[3.580s] running install_lib
[3.656s] copying /home/tpi5/391_Project_pi/391_ws/build/drive_controller/build/lib/drive_controller/drive_node.py -> /home/tpi5/391_Project_pi/391_ws/install/drive_controller/lib/python3.12/site-packages/drive_controller
[3.661s] byte-compiling /home/tpi5/391_Project_pi/391_ws/install/drive_controller/lib/python3.12/site-packages/drive_controller/drive_node.py to drive_node.cpython-312.pyc
[3.666s] running install_data
[3.669s] running install_egg_info
[3.749s] removing '/home/tpi5/391_Project_pi/391_ws/install/drive_controller/lib/python3.12/site-packages/drive_controller-0.0.0-py3.12.egg-info' (and everything under it)
[3.751s] Copying ../../build/drive_controller/drive_controller.egg-info to /home/tpi5/391_Project_pi/391_ws/install/drive_controller/lib/python3.12/site-packages/drive_controller-0.0.0-py3.12.egg-info
[3.753s] running install_scripts
[4.046s] Installing drive_node script to /home/tpi5/391_Project_pi/391_ws/install/drive_controller/lib/drive_controller
[4.048s] writing list of installed files to '/home/tpi5/391_Project_pi/391_ws/build/drive_controller/install.log'
[4.801s] Invoked command in '/home/tpi5/391_Project_pi/391_ws/src/drive_controller' returned '0': PYTHONPATH=/home/tpi5/391_Project_pi/391_ws/build/drive_controller/prefix_override:/usr/lib/python3/dist-packages/colcon_core/task/python/colcon_distutils_commands:/home/tpi5/391_Project_pi/391_ws/install/drive_controller/lib/python3.12/site-packages:${PYTHONPATH} /usr/bin/python3 -W ignore:setup.py install is deprecated -W ignore:easy_install command is deprecated setup.py egg_info --egg-base ../../build/drive_controller build --build-base /home/tpi5/391_Project_pi/391_ws/build/drive_controller/build install --record /home/tpi5/391_Project_pi/391_ws/build/drive_controller/install.log --single-version-externally-managed install_data
