[2.592s] Invoking command in '/home/tpi5/391_Project_pi/391_ws/src/drive_controller': PYTHONPATH=/home/tpi5/391_Project_pi/391_ws/build/drive_controller/prefix_override:/usr/lib/python3/dist-packages/colcon_core/task/python/colcon_distutils_commands:/home/tpi5/391_Project_pi/391_ws/install/drive_controller/lib/python3.12/site-packages:${PYTHONPATH} /usr/bin/python3 -W ignore:setup.py install is deprecated -W ignore:easy_install command is deprecated setup.py egg_info --egg-base ../../build/drive_controller build --build-base /home/tpi5/391_Project_pi/391_ws/build/drive_controller/build install --record /home/tpi5/391_Project_pi/391_ws/build/drive_controller/install.log --single-version-externally-managed install_data
[3.199s] running egg_info
[3.229s] writing ../../build/drive_controller/drive_controller.egg-info/PKG-INFO
[3.230s] writing dependency_links to ../../build/drive_controller/drive_controller.egg-info/dependency_links.txt
[3.231s] writing entry points to ../../build/drive_controller/drive_controller.egg-info/entry_points.txt
[3.234s] writing requirements to ../../build/drive_controller/drive_controller.egg-info/requires.txt
[3.235s] writing top-level names to ../../build/drive_controller/drive_controller.egg-info/top_level.txt
[3.591s] reading manifest file '../../build/drive_controller/drive_controller.egg-info/SOURCES.txt'
[3.597s] writing manifest file '../../build/drive_controller/drive_controller.egg-info/SOURCES.txt'
[3.597s] running build
[3.607s] running build_py
[3.613s] running install
[3.657s] running install_lib
[3.880s] running install_data
[3.880s] running install_egg_info
[3.929s] removing '/home/tpi5/391_Project_pi/391_ws/install/drive_controller/lib/python3.12/site-packages/drive_controller-0.0.0-py3.12.egg-info' (and everything under it)
[3.932s] Copying ../../build/drive_controller/drive_controller.egg-info to /home/tpi5/391_Project_pi/391_ws/install/drive_controller/lib/python3.12/site-packages/drive_controller-0.0.0-py3.12.egg-info
[3.932s] running install_scripts
[4.222s] Installing drive_node script to /home/tpi5/391_Project_pi/391_ws/install/drive_controller/lib/drive_controller
[4.223s] writing list of installed files to '/home/tpi5/391_Project_pi/391_ws/build/drive_controller/install.log'
[4.332s] Invoked command in '/home/tpi5/391_Project_pi/391_ws/src/drive_controller' returned '0': PYTHONPATH=/home/tpi5/391_Project_pi/391_ws/build/drive_controller/prefix_override:/usr/lib/python3/dist-packages/colcon_core/task/python/colcon_distutils_commands:/home/tpi5/391_Project_pi/391_ws/install/drive_controller/lib/python3.12/site-packages:${PYTHONPATH} /usr/bin/python3 -W ignore:setup.py install is deprecated -W ignore:easy_install command is deprecated setup.py egg_info --egg-base ../../build/drive_controller build --build-base /home/tpi5/391_Project_pi/391_ws/build/drive_controller/build install --record /home/tpi5/391_Project_pi/391_ws/build/drive_controller/install.log --single-version-externally-managed install_data
