[2.682s] Invoking command in '/home/tpi5/391_Project_pi/391_ws/src/dual_cam_mjpeg_server': PYTHONPATH=/home/tpi5/391_Project_pi/build/dual_cam_mjpeg_server/prefix_override:/usr/lib/python3/dist-packages/colcon_core/task/python/colcon_distutils_commands:/home/tpi5/391_Project_pi/install/dual_cam_mjpeg_server/lib/python3.12/site-packages:${PYTHONPATH} /usr/bin/python3 -W ignore:setup.py install is deprecated -W ignore:easy_install command is deprecated setup.py egg_info --egg-base ../../../build/dual_cam_mjpeg_server build --build-base /home/tpi5/391_Project_pi/build/dual_cam_mjpeg_server/build install --record /home/tpi5/391_Project_pi/build/dual_cam_mjpeg_server/install.log --single-version-externally-managed install_data
[3.131s] running egg_info
[3.158s] writing ../../../build/dual_cam_mjpeg_server/dual_cam_mjpeg_server.egg-info/PKG-INFO
[3.160s] writing dependency_links to ../../../build/dual_cam_mjpeg_server/dual_cam_mjpeg_server.egg-info/dependency_links.txt
[3.160s] writing entry points to ../../../build/dual_cam_mjpeg_server/dual_cam_mjpeg_server.egg-info/entry_points.txt
[3.161s] writing requirements to ../../../build/dual_cam_mjpeg_server/dual_cam_mjpeg_server.egg-info/requires.txt
[3.162s] writing top-level names to ../../../build/dual_cam_mjpeg_server/dual_cam_mjpeg_server.egg-info/top_level.txt
[3.220s] reading manifest file '../../../build/dual_cam_mjpeg_server/dual_cam_mjpeg_server.egg-info/SOURCES.txt'
[3.222s] writing manifest file '../../../build/dual_cam_mjpeg_server/dual_cam_mjpeg_server.egg-info/SOURCES.txt'
[3.223s] running build
[3.223s] running build_py
[3.223s] running install
[3.233s] running install_lib
[3.263s] running install_data
[3.265s] running install_egg_info
[3.295s] removing '/home/tpi5/391_Project_pi/install/dual_cam_mjpeg_server/lib/python3.12/site-packages/dual_cam_mjpeg_server-0.1.0-py3.12.egg-info' (and everything under it)
[3.296s] Copying ../../../build/dual_cam_mjpeg_server/dual_cam_mjpeg_server.egg-info to /home/tpi5/391_Project_pi/install/dual_cam_mjpeg_server/lib/python3.12/site-packages/dual_cam_mjpeg_server-0.1.0-py3.12.egg-info
[3.301s] running install_scripts
[3.512s] Installing dual_cam_mjpeg_node script to /home/tpi5/391_Project_pi/install/dual_cam_mjpeg_server/lib/dual_cam_mjpeg_server
[3.513s] writing list of installed files to '/home/tpi5/391_Project_pi/build/dual_cam_mjpeg_server/install.log'
[3.684s] Invoked command in '/home/tpi5/391_Project_pi/391_ws/src/dual_cam_mjpeg_server' returned '0': PYTHONPATH=/home/tpi5/391_Project_pi/build/dual_cam_mjpeg_server/prefix_override:/usr/lib/python3/dist-packages/colcon_core/task/python/colcon_distutils_commands:/home/tpi5/391_Project_pi/install/dual_cam_mjpeg_server/lib/python3.12/site-packages:${PYTHONPATH} /usr/bin/python3 -W ignore:setup.py install is deprecated -W ignore:easy_install command is deprecated setup.py egg_info --egg-base ../../../build/dual_cam_mjpeg_server build --build-base /home/tpi5/391_Project_pi/build/dual_cam_mjpeg_server/build install --record /home/tpi5/391_Project_pi/build/dual_cam_mjpeg_server/install.log --single-version-externally-managed install_data
