[2.764s] Invoking command in '/home/tpi5/391_Project_pi/391_ws/src/drive_controller': PYTHONPATH=/home/tpi5/391_Project_pi/391_ws/src/build/drive_controller/prefix_override:/usr/lib/python3/dist-packages/colcon_core/task/python/colcon_distutils_commands:/home/tpi5/391_Project_pi/391_ws/src/install/drive_controller/lib/python3.12/site-packages:${PYTHONPATH} /usr/bin/python3 -W ignore:setup.py install is deprecated -W ignore:easy_install command is deprecated setup.py egg_info --egg-base ../build/drive_controller build --build-base /home/tpi5/391_Project_pi/391_ws/src/build/drive_controller/build install --record /home/tpi5/391_Project_pi/391_ws/src/build/drive_controller/install.log --single-version-externally-managed install_data
[3.202s] running egg_info
[3.233s] writing ../build/drive_controller/drive_controller.egg-info/PKG-INFO
[3.235s] writing dependency_links to ../build/drive_controller/drive_controller.egg-info/dependency_links.txt
[3.241s] writing entry points to ../build/drive_controller/drive_controller.egg-info/entry_points.txt
[3.243s] writing requirements to ../build/drive_controller/drive_controller.egg-info/requires.txt
[3.244s] writing top-level names to ../build/drive_controller/drive_controller.egg-info/top_level.txt
[3.305s] reading manifest file '../build/drive_controller/drive_controller.egg-info/SOURCES.txt'
[3.308s] writing manifest file '../build/drive_controller/drive_controller.egg-info/SOURCES.txt'
[3.309s] running build
[3.309s] running build_py
[3.310s] copying drive_controller/drive_node.py -> /home/tpi5/391_Project_pi/391_ws/src/build/drive_controller/build/lib/drive_controller
[3.312s] running install
[3.323s] running install_lib
[3.367s] copying /home/tpi5/391_Project_pi/391_ws/src/build/drive_controller/build/lib/drive_controller/drive_node.py -> /home/tpi5/391_Project_pi/391_ws/src/install/drive_controller/lib/python3.12/site-packages/drive_controller
[3.371s] byte-compiling /home/tpi5/391_Project_pi/391_ws/src/install/drive_controller/lib/python3.12/site-packages/drive_controller/drive_node.py to drive_node.cpython-312.pyc
[3.372s] running install_data
[3.372s] running install_egg_info
[3.397s] removing '/home/tpi5/391_Project_pi/391_ws/src/install/drive_controller/lib/python3.12/site-packages/drive_controller-0.0.0-py3.12.egg-info' (and everything under it)
[3.400s] Copying ../build/drive_controller/drive_controller.egg-info to /home/tpi5/391_Project_pi/391_ws/src/install/drive_controller/lib/python3.12/site-packages/drive_controller-0.0.0-py3.12.egg-info
[3.402s] running install_scripts
[3.631s] Installing drive_node script to /home/tpi5/391_Project_pi/391_ws/src/install/drive_controller/lib/drive_controller
[3.631s] writing list of installed files to '/home/tpi5/391_Project_pi/391_ws/src/build/drive_controller/install.log'
[4.096s] Invoked command in '/home/tpi5/391_Project_pi/391_ws/src/drive_controller' returned '0': PYTHONPATH=/home/tpi5/391_Project_pi/391_ws/src/build/drive_controller/prefix_override:/usr/lib/python3/dist-packages/colcon_core/task/python/colcon_distutils_commands:/home/tpi5/391_Project_pi/391_ws/src/install/drive_controller/lib/python3.12/site-packages:${PYTHONPATH} /usr/bin/python3 -W ignore:setup.py install is deprecated -W ignore:easy_install command is deprecated setup.py egg_info --egg-base ../build/drive_controller build --build-base /home/tpi5/391_Project_pi/391_ws/src/build/drive_controller/build install --record /home/tpi5/391_Project_pi/391_ws/src/build/drive_controller/install.log --single-version-externally-managed install_data
