running egg_info
creating ../../build/robot_bringup/robot_bringup.egg-info
writing ../../build/robot_bringup/robot_bringup.egg-info/PKG-INFO
writing dependency_links to ../../build/robot_bringup/robot_bringup.egg-info/dependency_links.txt
writing requirements to ../../build/robot_bringup/robot_bringup.egg-info/requires.txt
writing top-level names to ../../build/robot_bringup/robot_bringup.egg-info/top_level.txt
writing manifest file '../../build/robot_bringup/robot_bringup.egg-info/SOURCES.txt'
reading manifest file '../../build/robot_bringup/robot_bringup.egg-info/SOURCES.txt'
writing manifest file '../../build/robot_bringup/robot_bringup.egg-info/SOURCES.txt'
running build
running build_py
creating /home/tpi5/391_Project_pi/391_ws/build/robot_bringup/build
creating /home/tpi5/391_Project_pi/391_ws/build/robot_bringup/build/lib
creating /home/tpi5/391_Project_pi/391_ws/build/robot_bringup/build/lib/robot_bringup
copying src/robot_bringup/__init__.py -> /home/tpi5/391_Project_pi/391_ws/build/robot_bringup/build/lib/robot_bringup
running install
running install_lib
creating /home/tpi5/391_Project_pi/391_ws/install/robot_bringup/lib/python3.12/site-packages/robot_bringup
copying /home/tpi5/391_Project_pi/391_ws/build/robot_bringup/build/lib/robot_bringup/__init__.py -> /home/tpi5/391_Project_pi/391_ws/install/robot_bringup/lib/python3.12/site-packages/robot_bringup
byte-compiling /home/tpi5/391_Project_pi/391_ws/install/robot_bringup/lib/python3.12/site-packages/robot_bringup/__init__.py to __init__.cpython-312.pyc
running install_data
creating /home/tpi5/391_Project_pi/391_ws/install/robot_bringup/share/ament_index
creating /home/tpi5/391_Project_pi/391_ws/install/robot_bringup/share/ament_index/resource_index
creating /home/tpi5/391_Project_pi/391_ws/install/robot_bringup/share/ament_index/resource_index/packages
copying resource/robot_bringup -> /home/tpi5/391_Project_pi/391_ws/install/robot_bringup/share/ament_index/resource_index/packages
copying package.xml -> /home/tpi5/391_Project_pi/391_ws/install/robot_bringup/share/robot_bringup
creating /home/tpi5/391_Project_pi/391_ws/install/robot_bringup/share/robot_bringup/launch
copying launch/bringup.launch.py -> /home/tpi5/391_Project_pi/391_ws/install/robot_bringup/share/robot_bringup/launch
copying launch/bringup_noservo.launch.py -> /home/tpi5/391_Project_pi/391_ws/install/robot_bringup/share/robot_bringup/launch
copying launch/bringup_all.launch.py -> /home/tpi5/391_Project_pi/391_ws/install/robot_bringup/share/robot_bringup/launch
creating /home/tpi5/391_Project_pi/391_ws/install/robot_bringup/share/robot_bringup/config
copying config/joystick.yaml -> /home/tpi5/391_Project_pi/391_ws/install/robot_bringup/share/robot_bringup/config
copying config/drive.yaml -> /home/tpi5/391_Project_pi/391_ws/install/robot_bringup/share/robot_bringup/config
copying config/linear.yaml -> /home/tpi5/391_Project_pi/391_ws/install/robot_bringup/share/robot_bringup/config
copying config/servo.yaml -> /home/tpi5/391_Project_pi/391_ws/install/robot_bringup/share/robot_bringup/config
copying config/servo_switch.yaml -> /home/tpi5/391_Project_pi/391_ws/install/robot_bringup/share/robot_bringup/config
copying config/gripper.yaml -> /home/tpi5/391_Project_pi/391_ws/install/robot_bringup/share/robot_bringup/config
copying config/dril.yaml -> /home/tpi5/391_Project_pi/391_ws/install/robot_bringup/share/robot_bringup/config
copying config/cam.yaml -> /home/tpi5/391_Project_pi/391_ws/install/robot_bringup/share/robot_bringup/config
running install_egg_info
Copying ../../build/robot_bringup/robot_bringup.egg-info to /home/tpi5/391_Project_pi/391_ws/install/robot_bringup/lib/python3.12/site-packages/robot_bringup-0.0.1-py3.12.egg-info
running install_scripts
writing list of installed files to '/home/tpi5/391_Project_pi/391_ws/build/robot_bringup/install.log'
