[1.953s] Invoking command in '/home/tpi5/391_Project_pi/391_ws/src/drive_controller': PYTHONPATH=/home/tpi5/391_Project_pi/391_ws/build/drive_controller/prefix_override:/usr/lib/python3/dist-packages/colcon_core/task/python/colcon_distutils_commands:/home/tpi5/391_Project_pi/391_ws/install/drive_controller/lib/python3.12/site-packages:${PYTHONPATH} /usr/bin/python3 -W ignore:setup.py install is deprecated -W ignore:easy_install command is deprecated setup.py egg_info --egg-base ../../build/drive_controller build --build-base /home/tpi5/391_Project_pi/391_ws/build/drive_controller/build install --record /home/tpi5/391_Project_pi/391_ws/build/drive_controller/install.log --single-version-externally-managed install_data
[2.345s] running egg_info
[2.368s] writing ../../build/drive_controller/drive_controller.egg-info/PKG-INFO
[2.370s] writing dependency_links to ../../build/drive_controller/drive_controller.egg-info/dependency_links.txt
[2.370s] writing entry points to ../../build/drive_controller/drive_controller.egg-info/entry_points.txt
[2.370s] writing requirements to ../../build/drive_controller/drive_controller.egg-info/requires.txt
[2.373s] writing top-level names to ../../build/drive_controller/drive_controller.egg-info/top_level.txt
[2.416s] reading manifest file '../../build/drive_controller/drive_controller.egg-info/SOURCES.txt'
[2.417s] writing manifest file '../../build/drive_controller/drive_controller.egg-info/SOURCES.txt'
[2.418s] running build
[2.419s] running build_py
[2.419s] running install
[2.428s] running install_lib
[2.451s] running install_data
[2.452s] running install_egg_info
[2.478s] removing '/home/tpi5/391_Project_pi/391_ws/install/drive_controller/lib/python3.12/site-packages/drive_controller-0.0.0-py3.12.egg-info' (and everything under it)
[2.481s] Copying ../../build/drive_controller/drive_controller.egg-info to /home/tpi5/391_Project_pi/391_ws/install/drive_controller/lib/python3.12/site-packages/drive_controller-0.0.0-py3.12.egg-info
[2.482s] running install_scripts
[2.655s] Installing drive_node script to /home/tpi5/391_Project_pi/391_ws/install/drive_controller/lib/drive_controller
[2.656s] writing list of installed files to '/home/tpi5/391_Project_pi/391_ws/build/drive_controller/install.log'
[2.799s] Invoked command in '/home/tpi5/391_Project_pi/391_ws/src/drive_controller' returned '0': PYTHONPATH=/home/tpi5/391_Project_pi/391_ws/build/drive_controller/prefix_override:/usr/lib/python3/dist-packages/colcon_core/task/python/colcon_distutils_commands:/home/tpi5/391_Project_pi/391_ws/install/drive_controller/lib/python3.12/site-packages:${PYTHONPATH} /usr/bin/python3 -W ignore:setup.py install is deprecated -W ignore:easy_install command is deprecated setup.py egg_info --egg-base ../../build/drive_controller build --build-base /home/tpi5/391_Project_pi/391_ws/build/drive_controller/build install --record /home/tpi5/391_Project_pi/391_ws/build/drive_controller/install.log --single-version-externally-managed install_data
