[2.465s] Invoking command in '/home/tpi5/391_Project_pi/391_ws/src/drive_controller': PYTHONPATH=/home/tpi5/391_Project_pi/391_ws/build/drive_controller/prefix_override:/usr/lib/python3/dist-packages/colcon_core/task/python/colcon_distutils_commands:/home/tpi5/391_Project_pi/391_ws/install/drive_controller/lib/python3.12/site-packages:${PYTHONPATH} /usr/bin/python3 -W ignore:setup.py install is deprecated -W ignore:easy_install command is deprecated setup.py egg_info --egg-base ../../build/drive_controller build --build-base /home/tpi5/391_Project_pi/391_ws/build/drive_controller/build install --record /home/tpi5/391_Project_pi/391_ws/build/drive_controller/install.log --single-version-externally-managed install_data
[2.925s] running egg_info
[2.950s] writing ../../build/drive_controller/drive_controller.egg-info/PKG-INFO
[2.950s] writing dependency_links to ../../build/drive_controller/drive_controller.egg-info/dependency_links.txt
[2.951s] writing entry points to ../../build/drive_controller/drive_controller.egg-info/entry_points.txt
[2.952s] writing requirements to ../../build/drive_controller/drive_controller.egg-info/requires.txt
[2.952s] writing top-level names to ../../build/drive_controller/drive_controller.egg-info/top_level.txt
[3.002s] reading manifest file '../../build/drive_controller/drive_controller.egg-info/SOURCES.txt'
[3.003s] writing manifest file '../../build/drive_controller/drive_controller.egg-info/SOURCES.txt'
[3.003s] running build
[3.003s] running build_py
[3.005s] running install
[3.015s] running install_lib
[3.042s] running install_data
[3.044s] running install_egg_info
[3.069s] removing '/home/tpi5/391_Project_pi/391_ws/install/drive_controller/lib/python3.12/site-packages/drive_controller-0.0.0-py3.12.egg-info' (and everything under it)
[3.070s] Copying ../../build/drive_controller/drive_controller.egg-info to /home/tpi5/391_Project_pi/391_ws/install/drive_controller/lib/python3.12/site-packages/drive_controller-0.0.0-py3.12.egg-info
[3.071s] running install_scripts
[3.270s] Installing drive_node script to /home/tpi5/391_Project_pi/391_ws/install/drive_controller/lib/drive_controller
[3.272s] writing list of installed files to '/home/tpi5/391_Project_pi/391_ws/build/drive_controller/install.log'
[3.460s] Invoked command in '/home/tpi5/391_Project_pi/391_ws/src/drive_controller' returned '0': PYTHONPATH=/home/tpi5/391_Project_pi/391_ws/build/drive_controller/prefix_override:/usr/lib/python3/dist-packages/colcon_core/task/python/colcon_distutils_commands:/home/tpi5/391_Project_pi/391_ws/install/drive_controller/lib/python3.12/site-packages:${PYTHONPATH} /usr/bin/python3 -W ignore:setup.py install is deprecated -W ignore:easy_install command is deprecated setup.py egg_info --egg-base ../../build/drive_controller build --build-base /home/tpi5/391_Project_pi/391_ws/build/drive_controller/build install --record /home/tpi5/391_Project_pi/391_ws/build/drive_controller/install.log --single-version-externally-managed install_data
