[4.056s] Invoking command in '/home/tpi5/391_Project_pi/391_ws/src/gripper_controller': PYTHONPATH=/home/tpi5/391_Project_pi/391_ws/build/gripper_controller/prefix_override:/usr/lib/python3/dist-packages/colcon_core/task/python/colcon_distutils_commands:/home/tpi5/391_Project_pi/391_ws/install/gripper_controller/lib/python3.12/site-packages:${PYTHONPATH} /usr/bin/python3 -W ignore:setup.py install is deprecated -W ignore:easy_install command is deprecated setup.py egg_info --egg-base ../../build/gripper_controller build --build-base /home/tpi5/391_Project_pi/391_ws/build/gripper_controller/build install --record /home/tpi5/391_Project_pi/391_ws/build/gripper_controller/install.log --single-version-externally-managed install_data
[4.813s] running egg_info
[4.840s] writing ../../build/gripper_controller/gripper_controller.egg-info/PKG-INFO
[4.840s] writing dependency_links to ../../build/gripper_controller/gripper_controller.egg-info/dependency_links.txt
[4.842s] writing entry points to ../../build/gripper_controller/gripper_controller.egg-info/entry_points.txt
[4.842s] writing requirements to ../../build/gripper_controller/gripper_controller.egg-info/requires.txt
[4.847s] writing top-level names to ../../build/gripper_controller/gripper_controller.egg-info/top_level.txt
[4.919s] reading manifest file '../../build/gripper_controller/gripper_controller.egg-info/SOURCES.txt'
[4.921s] writing manifest file '../../build/gripper_controller/gripper_controller.egg-info/SOURCES.txt'
[4.922s] running build
[4.922s] running build_py
[4.922s] running install
[4.940s] running install_lib
[4.970s] running install_data
[4.971s] running install_egg_info
[5.016s] removing '/home/tpi5/391_Project_pi/391_ws/install/gripper_controller/lib/python3.12/site-packages/gripper_controller-0.0.0-py3.12.egg-info' (and everything under it)
[5.022s] Copying ../../build/gripper_controller/gripper_controller.egg-info to /home/tpi5/391_Project_pi/391_ws/install/gripper_controller/lib/python3.12/site-packages/gripper_controller-0.0.0-py3.12.egg-info
[5.022s] running install_scripts
[5.361s] Installing gripper_node script to /home/tpi5/391_Project_pi/391_ws/install/gripper_controller/lib/gripper_controller
[5.362s] writing list of installed files to '/home/tpi5/391_Project_pi/391_ws/build/gripper_controller/install.log'
[5.522s] Invoked command in '/home/tpi5/391_Project_pi/391_ws/src/gripper_controller' returned '0': PYTHONPATH=/home/tpi5/391_Project_pi/391_ws/build/gripper_controller/prefix_override:/usr/lib/python3/dist-packages/colcon_core/task/python/colcon_distutils_commands:/home/tpi5/391_Project_pi/391_ws/install/gripper_controller/lib/python3.12/site-packages:${PYTHONPATH} /usr/bin/python3 -W ignore:setup.py install is deprecated -W ignore:easy_install command is deprecated setup.py egg_info --egg-base ../../build/gripper_controller build --build-base /home/tpi5/391_Project_pi/391_ws/build/gripper_controller/build install --record /home/tpi5/391_Project_pi/391_ws/build/gripper_controller/install.log --single-version-externally-managed install_data
