[1.999s] Invoking command in '/home/tpi5/391_Project_pi/391_ws/src/servo_switch180_controller': PYTHONPATH=/home/tpi5/391_Project_pi/391_ws/build/servo_switch180_controller/prefix_override:/usr/lib/python3/dist-packages/colcon_core/task/python/colcon_distutils_commands:/home/tpi5/391_Project_pi/391_ws/install/servo_switch180_controller/lib/python3.12/site-packages:${PYTHONPATH} /usr/bin/python3 -W ignore:setup.py install is deprecated -W ignore:easy_install command is deprecated setup.py egg_info --egg-base ../../build/servo_switch180_controller build --build-base /home/tpi5/391_Project_pi/391_ws/build/servo_switch180_controller/build install --record /home/tpi5/391_Project_pi/391_ws/build/servo_switch180_controller/install.log --single-version-externally-managed install_data
[2.618s] running egg_info
[2.619s] creating ../../build/servo_switch180_controller/servo_switch180_controller.egg-info
[2.653s] writing ../../build/servo_switch180_controller/servo_switch180_controller.egg-info/PKG-INFO
[2.654s] writing dependency_links to ../../build/servo_switch180_controller/servo_switch180_controller.egg-info/dependency_links.txt
[2.656s] writing entry points to ../../build/servo_switch180_controller/servo_switch180_controller.egg-info/entry_points.txt
[2.656s] writing requirements to ../../build/servo_switch180_controller/servo_switch180_controller.egg-info/requires.txt
[2.657s] writing top-level names to ../../build/servo_switch180_controller/servo_switch180_controller.egg-info/top_level.txt
[2.657s] writing manifest file '../../build/servo_switch180_controller/servo_switch180_controller.egg-info/SOURCES.txt'
[2.718s] reading manifest file '../../build/servo_switch180_controller/servo_switch180_controller.egg-info/SOURCES.txt'
[2.720s] writing manifest file '../../build/servo_switch180_controller/servo_switch180_controller.egg-info/SOURCES.txt'
[2.721s] running build
[2.722s] running build_py
[2.722s] creating /home/tpi5/391_Project_pi/391_ws/build/servo_switch180_controller/build
[2.722s] creating /home/tpi5/391_Project_pi/391_ws/build/servo_switch180_controller/build/lib
[2.722s] creating /home/tpi5/391_Project_pi/391_ws/build/servo_switch180_controller/build/lib/servo_switch180_controller
[2.722s] copying servo_switch180_controller/servo_switch180_node.py -> /home/tpi5/391_Project_pi/391_ws/build/servo_switch180_controller/build/lib/servo_switch180_controller
[2.722s] copying servo_switch180_controller/__init__.py -> /home/tpi5/391_Project_pi/391_ws/build/servo_switch180_controller/build/lib/servo_switch180_controller
[2.723s] running install
[2.733s] running install_lib
[2.759s] creating /home/tpi5/391_Project_pi/391_ws/install/servo_switch180_controller/lib/python3.12/site-packages/servo_switch180_controller
[2.760s] copying /home/tpi5/391_Project_pi/391_ws/build/servo_switch180_controller/build/lib/servo_switch180_controller/servo_switch180_node.py -> /home/tpi5/391_Project_pi/391_ws/install/servo_switch180_controller/lib/python3.12/site-packages/servo_switch180_controller
[2.760s] copying /home/tpi5/391_Project_pi/391_ws/build/servo_switch180_controller/build/lib/servo_switch180_controller/__init__.py -> /home/tpi5/391_Project_pi/391_ws/install/servo_switch180_controller/lib/python3.12/site-packages/servo_switch180_controller
[2.761s] byte-compiling /home/tpi5/391_Project_pi/391_ws/install/servo_switch180_controller/lib/python3.12/site-packages/servo_switch180_controller/servo_switch180_node.py to servo_switch180_node.cpython-312.pyc
[2.763s] byte-compiling /home/tpi5/391_Project_pi/391_ws/install/servo_switch180_controller/lib/python3.12/site-packages/servo_switch180_controller/__init__.py to __init__.cpython-312.pyc
[2.764s] running install_data
[2.764s] creating /home/tpi5/391_Project_pi/391_ws/install/servo_switch180_controller/share/ament_index
[2.765s] creating /home/tpi5/391_Project_pi/391_ws/install/servo_switch180_controller/share/ament_index/resource_index
[2.765s] creating /home/tpi5/391_Project_pi/391_ws/install/servo_switch180_controller/share/ament_index/resource_index/packages
[2.765s] copying resource/servo_switch180_controller -> /home/tpi5/391_Project_pi/391_ws/install/servo_switch180_controller/share/ament_index/resource_index/packages
[2.765s] copying package.xml -> /home/tpi5/391_Project_pi/391_ws/install/servo_switch180_controller/share/servo_switch180_controller
[2.765s] creating /home/tpi5/391_Project_pi/391_ws/install/servo_switch180_controller/share/servo_switch180_controller/launch
[2.765s] copying launch/joy_servo_switch180.launch.py -> /home/tpi5/391_Project_pi/391_ws/install/servo_switch180_controller/share/servo_switch180_controller/launch
[2.766s] running install_egg_info
[2.792s] Copying ../../build/servo_switch180_controller/servo_switch180_controller.egg-info to /home/tpi5/391_Project_pi/391_ws/install/servo_switch180_controller/lib/python3.12/site-packages/servo_switch180_controller-0.0.1-py3.12.egg-info
[2.794s] running install_scripts
[3.027s] Installing servo_switch180_node script to /home/tpi5/391_Project_pi/391_ws/install/servo_switch180_controller/lib/servo_switch180_controller
[3.028s] writing list of installed files to '/home/tpi5/391_Project_pi/391_ws/build/servo_switch180_controller/install.log'
[3.146s] Invoked command in '/home/tpi5/391_Project_pi/391_ws/src/servo_switch180_controller' returned '0': PYTHONPATH=/home/tpi5/391_Project_pi/391_ws/build/servo_switch180_controller/prefix_override:/usr/lib/python3/dist-packages/colcon_core/task/python/colcon_distutils_commands:/home/tpi5/391_Project_pi/391_ws/install/servo_switch180_controller/lib/python3.12/site-packages:${PYTHONPATH} /usr/bin/python3 -W ignore:setup.py install is deprecated -W ignore:easy_install command is deprecated setup.py egg_info --egg-base ../../build/servo_switch180_controller build --build-base /home/tpi5/391_Project_pi/391_ws/build/servo_switch180_controller/build install --record /home/tpi5/391_Project_pi/391_ws/build/servo_switch180_controller/install.log --single-version-externally-managed install_data
