[1.403s] Invoking command in '/home/tpi5/391_Project_pi/391_ws/src/tao_controller': PYTHONPATH=/home/tpi5/391_Project_pi/391_ws/build/tao_controller/prefix_override:/usr/lib/python3/dist-packages/colcon_core/task/python/colcon_distutils_commands:/home/tpi5/391_Project_pi/391_ws/install/tao_controller/lib/python3.12/site-packages:${PYTHONPATH} /usr/bin/python3 -W ignore:setup.py install is deprecated -W ignore:easy_install command is deprecated setup.py egg_info --egg-base ../../build/tao_controller build --build-base /home/tpi5/391_Project_pi/391_ws/build/tao_controller/build install --record /home/tpi5/391_Project_pi/391_ws/build/tao_controller/install.log --single-version-externally-managed install_data
[1.770s] running egg_info
[1.792s] writing ../../build/tao_controller/tao_controller.egg-info/PKG-INFO
[1.793s] writing dependency_links to ../../build/tao_controller/tao_controller.egg-info/dependency_links.txt
[1.795s] writing entry points to ../../build/tao_controller/tao_controller.egg-info/entry_points.txt
[1.796s] writing requirements to ../../build/tao_controller/tao_controller.egg-info/requires.txt
[1.797s] writing top-level names to ../../build/tao_controller/tao_controller.egg-info/top_level.txt
[1.847s] reading manifest file '../../build/tao_controller/tao_controller.egg-info/SOURCES.txt'
[1.848s] writing manifest file '../../build/tao_controller/tao_controller.egg-info/SOURCES.txt'
[1.848s] running build
[1.848s] running build_py
[1.849s] running install
[1.859s] running install_lib
[1.883s] running install_data
[1.883s] running install_egg_info
[1.908s] removing '/home/tpi5/391_Project_pi/391_ws/install/tao_controller/lib/python3.12/site-packages/tao_controller-0.0.0-py3.12.egg-info' (and everything under it)
[1.908s] Copying ../../build/tao_controller/tao_controller.egg-info to /home/tpi5/391_Project_pi/391_ws/install/tao_controller/lib/python3.12/site-packages/tao_controller-0.0.0-py3.12.egg-info
[1.911s] running install_scripts
[2.084s] Installing tao_node script to /home/tpi5/391_Project_pi/391_ws/install/tao_controller/lib/tao_controller
[2.084s] writing list of installed files to '/home/tpi5/391_Project_pi/391_ws/build/tao_controller/install.log'
[2.168s] Invoked command in '/home/tpi5/391_Project_pi/391_ws/src/tao_controller' returned '0': PYTHONPATH=/home/tpi5/391_Project_pi/391_ws/build/tao_controller/prefix_override:/usr/lib/python3/dist-packages/colcon_core/task/python/colcon_distutils_commands:/home/tpi5/391_Project_pi/391_ws/install/tao_controller/lib/python3.12/site-packages:${PYTHONPATH} /usr/bin/python3 -W ignore:setup.py install is deprecated -W ignore:easy_install command is deprecated setup.py egg_info --egg-base ../../build/tao_controller build --build-base /home/tpi5/391_Project_pi/391_ws/build/tao_controller/build install --record /home/tpi5/391_Project_pi/391_ws/build/tao_controller/install.log --single-version-externally-managed install_data
