[1.195s] Invoking command in '/home/tpi5/391_Project_pi/391_ws/src/servo_switch180_controller': PYTHONPATH=/home/tpi5/391_Project_pi/391_ws/src/build/servo_switch180_controller/prefix_override:/usr/lib/python3/dist-packages/colcon_core/task/python/colcon_distutils_commands:/home/tpi5/391_Project_pi/391_ws/src/install/servo_switch180_controller/lib/python3.12/site-packages:${PYTHONPATH} /usr/bin/python3 -W ignore:setup.py install is deprecated -W ignore:easy_install command is deprecated setup.py egg_info --egg-base ../build/servo_switch180_controller build --build-base /home/tpi5/391_Project_pi/391_ws/src/build/servo_switch180_controller/build install --record /home/tpi5/391_Project_pi/391_ws/src/build/servo_switch180_controller/install.log --single-version-externally-managed install_data
[1.541s] running egg_info
[1.563s] writing ../build/servo_switch180_controller/servo_switch180_controller.egg-info/PKG-INFO
[1.563s] writing dependency_links to ../build/servo_switch180_controller/servo_switch180_controller.egg-info/dependency_links.txt
[1.564s] writing entry points to ../build/servo_switch180_controller/servo_switch180_controller.egg-info/entry_points.txt
[1.565s] writing requirements to ../build/servo_switch180_controller/servo_switch180_controller.egg-info/requires.txt
[1.567s] writing top-level names to ../build/servo_switch180_controller/servo_switch180_controller.egg-info/top_level.txt
[1.613s] reading manifest file '../build/servo_switch180_controller/servo_switch180_controller.egg-info/SOURCES.txt'
[1.614s] writing manifest file '../build/servo_switch180_controller/servo_switch180_controller.egg-info/SOURCES.txt'
[1.614s] running build
[1.614s] running build_py
[1.615s] copying servo_switch180_controller/servo_switch180_node.py -> /home/tpi5/391_Project_pi/391_ws/src/build/servo_switch180_controller/build/lib/servo_switch180_controller
[1.615s] running install
[1.625s] running install_lib
[1.647s] copying /home/tpi5/391_Project_pi/391_ws/src/build/servo_switch180_controller/build/lib/servo_switch180_controller/servo_switch180_node.py -> /home/tpi5/391_Project_pi/391_ws/src/install/servo_switch180_controller/lib/python3.12/site-packages/servo_switch180_controller
[1.648s] byte-compiling /home/tpi5/391_Project_pi/391_ws/src/install/servo_switch180_controller/lib/python3.12/site-packages/servo_switch180_controller/servo_switch180_node.py to servo_switch180_node.cpython-312.pyc
[1.650s] running install_data
[1.650s] running install_egg_info
[1.673s] removing '/home/tpi5/391_Project_pi/391_ws/src/install/servo_switch180_controller/lib/python3.12/site-packages/servo_switch180_controller-0.0.1-py3.12.egg-info' (and everything under it)
[1.674s] Copying ../build/servo_switch180_controller/servo_switch180_controller.egg-info to /home/tpi5/391_Project_pi/391_ws/src/install/servo_switch180_controller/lib/python3.12/site-packages/servo_switch180_controller-0.0.1-py3.12.egg-info
[1.675s] running install_scripts
[1.834s] Installing servo_switch180_node script to /home/tpi5/391_Project_pi/391_ws/src/install/servo_switch180_controller/lib/servo_switch180_controller
[1.835s] writing list of installed files to '/home/tpi5/391_Project_pi/391_ws/src/build/servo_switch180_controller/install.log'
[1.911s] Invoked command in '/home/tpi5/391_Project_pi/391_ws/src/servo_switch180_controller' returned '0': PYTHONPATH=/home/tpi5/391_Project_pi/391_ws/src/build/servo_switch180_controller/prefix_override:/usr/lib/python3/dist-packages/colcon_core/task/python/colcon_distutils_commands:/home/tpi5/391_Project_pi/391_ws/src/install/servo_switch180_controller/lib/python3.12/site-packages:${PYTHONPATH} /usr/bin/python3 -W ignore:setup.py install is deprecated -W ignore:easy_install command is deprecated setup.py egg_info --egg-base ../build/servo_switch180_controller build --build-base /home/tpi5/391_Project_pi/391_ws/src/build/servo_switch180_controller/build install --record /home/tpi5/391_Project_pi/391_ws/src/build/servo_switch180_controller/install.log --single-version-externally-managed install_data
