[2.545s] Invoking command in '/home/tpi5/391_Project_pi/391_ws/build/servo_switch180_controller': PYTHONPATH=/home/tpi5/391_Project_pi/391_ws/build/servo_switch180_controller/prefix_override:/usr/lib/python3/dist-packages/colcon_core/task/python/colcon_distutils_commands:/home/tpi5/391_Project_pi/391_ws/install/servo_switch180_controller/lib/python3.12/site-packages:${PYTHONPATH} /usr/bin/python3 -W ignore:setup.py install is deprecated -W ignore:easy_install command is deprecated setup.py develop --editable --build-directory /home/tpi5/391_Project_pi/391_ws/build/servo_switch180_controller/build --no-deps symlink_data --force
[3.235s] running develop
[3.529s] running egg_info
[3.567s] writing servo_switch180_controller.egg-info/PKG-INFO
[3.567s] writing dependency_links to servo_switch180_controller.egg-info/dependency_links.txt
[3.569s] writing entry points to servo_switch180_controller.egg-info/entry_points.txt
[3.572s] writing requirements to servo_switch180_controller.egg-info/requires.txt
[3.574s] writing top-level names to servo_switch180_controller.egg-info/top_level.txt
[3.691s] reading manifest file 'servo_switch180_controller.egg-info/SOURCES.txt'
[3.692s] writing manifest file 'servo_switch180_controller.egg-info/SOURCES.txt'
[3.722s] running build_ext
[3.722s] Creating /home/tpi5/391_Project_pi/391_ws/install/servo_switch180_controller/lib/python3.12/site-packages/servo-switch180-controller.egg-link (link to .)
[3.723s] Installing servo_switch180_node script to /home/tpi5/391_Project_pi/391_ws/install/servo_switch180_controller/lib/servo_switch180_controller
[3.724s] 
[3.724s] Installed /home/tpi5/391_Project_pi/391_ws/build/servo_switch180_controller
[3.724s] running symlink_data
[3.724s] symbolically linking /home/tpi5/391_Project_pi/391_ws/build/servo_switch180_controller/resource/servo_switch180_controller -> /home/tpi5/391_Project_pi/391_ws/install/servo_switch180_controller/share/ament_index/resource_index/packages
[3.724s] symbolically linking /home/tpi5/391_Project_pi/391_ws/build/servo_switch180_controller/package.xml -> /home/tpi5/391_Project_pi/391_ws/install/servo_switch180_controller/share/servo_switch180_controller
[3.725s] symbolically linking /home/tpi5/391_Project_pi/391_ws/build/servo_switch180_controller/launch/joy_servo_switch180.launch.py -> /home/tpi5/391_Project_pi/391_ws/install/servo_switch180_controller/share/servo_switch180_controller/launch
[4.067s] Invoked command in '/home/tpi5/391_Project_pi/391_ws/build/servo_switch180_controller' returned '0': PYTHONPATH=/home/tpi5/391_Project_pi/391_ws/build/servo_switch180_controller/prefix_override:/usr/lib/python3/dist-packages/colcon_core/task/python/colcon_distutils_commands:/home/tpi5/391_Project_pi/391_ws/install/servo_switch180_controller/lib/python3.12/site-packages:${PYTHONPATH} /usr/bin/python3 -W ignore:setup.py install is deprecated -W ignore:easy_install command is deprecated setup.py develop --editable --build-directory /home/tpi5/391_Project_pi/391_ws/build/servo_switch180_controller/build --no-deps symlink_data --force
