[1.834s] Invoking command in '/home/tpi5/391_Project_pi/391_ws/src/servo_switch180_controller': PYTHONPATH=/home/tpi5/391_Project_pi/391_ws/build/servo_switch180_controller/prefix_override:/usr/lib/python3/dist-packages/colcon_core/task/python/colcon_distutils_commands:/home/tpi5/391_Project_pi/391_ws/install/servo_switch180_controller/lib/python3.12/site-packages:${PYTHONPATH} /usr/bin/python3 -W ignore:setup.py install is deprecated -W ignore:easy_install command is deprecated setup.py egg_info --egg-base ../../build/servo_switch180_controller build --build-base /home/tpi5/391_Project_pi/391_ws/build/servo_switch180_controller/build install --record /home/tpi5/391_Project_pi/391_ws/build/servo_switch180_controller/install.log --single-version-externally-managed install_data
[2.382s] running egg_info
[2.406s] writing ../../build/servo_switch180_controller/servo_switch180_controller.egg-info/PKG-INFO
[2.406s] writing dependency_links to ../../build/servo_switch180_controller/servo_switch180_controller.egg-info/dependency_links.txt
[2.407s] writing entry points to ../../build/servo_switch180_controller/servo_switch180_controller.egg-info/entry_points.txt
[2.408s] writing requirements to ../../build/servo_switch180_controller/servo_switch180_controller.egg-info/requires.txt
[2.409s] writing top-level names to ../../build/servo_switch180_controller/servo_switch180_controller.egg-info/top_level.txt
[2.462s] reading manifest file '../../build/servo_switch180_controller/servo_switch180_controller.egg-info/SOURCES.txt'
[2.463s] writing manifest file '../../build/servo_switch180_controller/servo_switch180_controller.egg-info/SOURCES.txt'
[2.463s] running build
[2.463s] running build_py
[2.464s] running install
[2.476s] running install_lib
[2.503s] running install_data
[2.504s] running install_egg_info
[2.532s] removing '/home/tpi5/391_Project_pi/391_ws/install/servo_switch180_controller/lib/python3.12/site-packages/servo_switch180_controller-0.0.1-py3.12.egg-info' (and everything under it)
[2.538s] Copying ../../build/servo_switch180_controller/servo_switch180_controller.egg-info to /home/tpi5/391_Project_pi/391_ws/install/servo_switch180_controller/lib/python3.12/site-packages/servo_switch180_controller-0.0.1-py3.12.egg-info
[2.538s] running install_scripts
[2.748s] Installing servo_switch180_node script to /home/tpi5/391_Project_pi/391_ws/install/servo_switch180_controller/lib/servo_switch180_controller
[2.749s] writing list of installed files to '/home/tpi5/391_Project_pi/391_ws/build/servo_switch180_controller/install.log'
[2.849s] Invoked command in '/home/tpi5/391_Project_pi/391_ws/src/servo_switch180_controller' returned '0': PYTHONPATH=/home/tpi5/391_Project_pi/391_ws/build/servo_switch180_controller/prefix_override:/usr/lib/python3/dist-packages/colcon_core/task/python/colcon_distutils_commands:/home/tpi5/391_Project_pi/391_ws/install/servo_switch180_controller/lib/python3.12/site-packages:${PYTHONPATH} /usr/bin/python3 -W ignore:setup.py install is deprecated -W ignore:easy_install command is deprecated setup.py egg_info --egg-base ../../build/servo_switch180_controller build --build-base /home/tpi5/391_Project_pi/391_ws/build/servo_switch180_controller/build install --record /home/tpi5/391_Project_pi/391_ws/build/servo_switch180_controller/install.log --single-version-externally-managed install_data
