[3.420s] Invoking command in '/home/tpi5/391_Project_pi/391_ws/src/drive_controller': PYTHONPATH=/home/tpi5/391_Project_pi/391_ws/build/drive_controller/prefix_override:/usr/lib/python3/dist-packages/colcon_core/task/python/colcon_distutils_commands:/home/tpi5/391_Project_pi/391_ws/install/drive_controller/lib/python3.12/site-packages:${PYTHONPATH} /usr/bin/python3 -W ignore:setup.py install is deprecated -W ignore:easy_install command is deprecated setup.py egg_info --egg-base ../../build/drive_controller build --build-base /home/tpi5/391_Project_pi/391_ws/build/drive_controller/build install --record /home/tpi5/391_Project_pi/391_ws/build/drive_controller/install.log --single-version-externally-managed install_data
[4.132s] running egg_info
[4.158s] writing ../../build/drive_controller/drive_controller.egg-info/PKG-INFO
[4.159s] writing dependency_links to ../../build/drive_controller/drive_controller.egg-info/dependency_links.txt
[4.160s] writing entry points to ../../build/drive_controller/drive_controller.egg-info/entry_points.txt
[4.162s] writing requirements to ../../build/drive_controller/drive_controller.egg-info/requires.txt
[4.164s] writing top-level names to ../../build/drive_controller/drive_controller.egg-info/top_level.txt
[4.242s] reading manifest file '../../build/drive_controller/drive_controller.egg-info/SOURCES.txt'
[4.247s] writing manifest file '../../build/drive_controller/drive_controller.egg-info/SOURCES.txt'
[4.248s] running build
[4.248s] running build_py
[4.261s] running install
[4.281s] running install_lib
[4.312s] running install_data
[4.315s] running install_egg_info
[4.385s] removing '/home/tpi5/391_Project_pi/391_ws/install/drive_controller/lib/python3.12/site-packages/drive_controller-0.0.0-py3.12.egg-info' (and everything under it)
[4.386s] Copying ../../build/drive_controller/drive_controller.egg-info to /home/tpi5/391_Project_pi/391_ws/install/drive_controller/lib/python3.12/site-packages/drive_controller-0.0.0-py3.12.egg-info
[4.398s] running install_scripts
[4.765s] Installing drive_node script to /home/tpi5/391_Project_pi/391_ws/install/drive_controller/lib/drive_controller
[4.765s] writing list of installed files to '/home/tpi5/391_Project_pi/391_ws/build/drive_controller/install.log'
[5.138s] Invoked command in '/home/tpi5/391_Project_pi/391_ws/src/drive_controller' returned '0': PYTHONPATH=/home/tpi5/391_Project_pi/391_ws/build/drive_controller/prefix_override:/usr/lib/python3/dist-packages/colcon_core/task/python/colcon_distutils_commands:/home/tpi5/391_Project_pi/391_ws/install/drive_controller/lib/python3.12/site-packages:${PYTHONPATH} /usr/bin/python3 -W ignore:setup.py install is deprecated -W ignore:easy_install command is deprecated setup.py egg_info --egg-base ../../build/drive_controller build --build-base /home/tpi5/391_Project_pi/391_ws/build/drive_controller/build install --record /home/tpi5/391_Project_pi/391_ws/build/drive_controller/install.log --single-version-externally-managed install_data
