[1.516s] Invoking command in '/home/tpi5/391_Project_pi/391_ws/src/joystick_controller': PYTHONPATH=/home/tpi5/391_Project_pi/391_ws/build/joystick_controller/prefix_override:/usr/lib/python3/dist-packages/colcon_core/task/python/colcon_distutils_commands:/home/tpi5/391_Project_pi/391_ws/install/joystick_controller/lib/python3.12/site-packages:${PYTHONPATH} /usr/bin/python3 -W ignore:setup.py install is deprecated -W ignore:easy_install command is deprecated setup.py egg_info --egg-base ../../build/joystick_controller build --build-base /home/tpi5/391_Project_pi/391_ws/build/joystick_controller/build install --record /home/tpi5/391_Project_pi/391_ws/build/joystick_controller/install.log --single-version-externally-managed install_data
[1.872s] running egg_info
[1.872s] creating ../../build/joystick_controller/joystick_controller.egg-info
[1.894s] writing ../../build/joystick_controller/joystick_controller.egg-info/PKG-INFO
[1.896s] writing dependency_links to ../../build/joystick_controller/joystick_controller.egg-info/dependency_links.txt
[1.896s] writing entry points to ../../build/joystick_controller/joystick_controller.egg-info/entry_points.txt
[1.896s] writing requirements to ../../build/joystick_controller/joystick_controller.egg-info/requires.txt
[1.897s] writing top-level names to ../../build/joystick_controller/joystick_controller.egg-info/top_level.txt
[1.897s] writing manifest file '../../build/joystick_controller/joystick_controller.egg-info/SOURCES.txt'
[1.945s] reading manifest file '../../build/joystick_controller/joystick_controller.egg-info/SOURCES.txt'
[1.949s] writing manifest file '../../build/joystick_controller/joystick_controller.egg-info/SOURCES.txt'
[1.949s] running build
[1.949s] running build_py
[1.950s] creating /home/tpi5/391_Project_pi/391_ws/build/joystick_controller/build
[1.950s] creating /home/tpi5/391_Project_pi/391_ws/build/joystick_controller/build/lib
[1.950s] creating /home/tpi5/391_Project_pi/391_ws/build/joystick_controller/build/lib/joystick_controller
[1.950s] copying joystick_controller/joystick_node.py -> /home/tpi5/391_Project_pi/391_ws/build/joystick_controller/build/lib/joystick_controller
[1.950s] copying joystick_controller/__init__.py -> /home/tpi5/391_Project_pi/391_ws/build/joystick_controller/build/lib/joystick_controller
[1.950s] running install
[1.961s] running install_lib
[1.986s] creating /home/tpi5/391_Project_pi/391_ws/install/joystick_controller/lib/python3.12/site-packages/joystick_controller
[1.987s] copying /home/tpi5/391_Project_pi/391_ws/build/joystick_controller/build/lib/joystick_controller/joystick_node.py -> /home/tpi5/391_Project_pi/391_ws/install/joystick_controller/lib/python3.12/site-packages/joystick_controller
[1.987s] copying /home/tpi5/391_Project_pi/391_ws/build/joystick_controller/build/lib/joystick_controller/__init__.py -> /home/tpi5/391_Project_pi/391_ws/install/joystick_controller/lib/python3.12/site-packages/joystick_controller
[1.987s] byte-compiling /home/tpi5/391_Project_pi/391_ws/install/joystick_controller/lib/python3.12/site-packages/joystick_controller/joystick_node.py to joystick_node.cpython-312.pyc
[1.989s] byte-compiling /home/tpi5/391_Project_pi/391_ws/install/joystick_controller/lib/python3.12/site-packages/joystick_controller/__init__.py to __init__.cpython-312.pyc
[1.990s] running install_data
[1.990s] creating /home/tpi5/391_Project_pi/391_ws/install/joystick_controller/share/ament_index
[1.990s] creating /home/tpi5/391_Project_pi/391_ws/install/joystick_controller/share/ament_index/resource_index
[1.990s] creating /home/tpi5/391_Project_pi/391_ws/install/joystick_controller/share/ament_index/resource_index/packages
[1.990s] copying resource/joystick_controller -> /home/tpi5/391_Project_pi/391_ws/install/joystick_controller/share/ament_index/resource_index/packages
[1.990s] copying package.xml -> /home/tpi5/391_Project_pi/391_ws/install/joystick_controller/share/joystick_controller
[1.990s] creating /home/tpi5/391_Project_pi/391_ws/install/joystick_controller/share/joystick_controller/launch
[1.991s] creating /home/tpi5/391_Project_pi/391_ws/install/joystick_controller/share/joystick_controller/config
[1.991s] running install_egg_info
[2.014s] Copying ../../build/joystick_controller/joystick_controller.egg-info to /home/tpi5/391_Project_pi/391_ws/install/joystick_controller/lib/python3.12/site-packages/joystick_controller-0.0.0-py3.12.egg-info
[2.016s] running install_scripts
[2.221s] Installing joystick_node script to /home/tpi5/391_Project_pi/391_ws/install/joystick_controller/lib/joystick_controller
[2.221s] writing list of installed files to '/home/tpi5/391_Project_pi/391_ws/build/joystick_controller/install.log'
[2.345s] Invoked command in '/home/tpi5/391_Project_pi/391_ws/src/joystick_controller' returned '0': PYTHONPATH=/home/tpi5/391_Project_pi/391_ws/build/joystick_controller/prefix_override:/usr/lib/python3/dist-packages/colcon_core/task/python/colcon_distutils_commands:/home/tpi5/391_Project_pi/391_ws/install/joystick_controller/lib/python3.12/site-packages:${PYTHONPATH} /usr/bin/python3 -W ignore:setup.py install is deprecated -W ignore:easy_install command is deprecated setup.py egg_info --egg-base ../../build/joystick_controller build --build-base /home/tpi5/391_Project_pi/391_ws/build/joystick_controller/build install --record /home/tpi5/391_Project_pi/391_ws/build/joystick_controller/install.log --single-version-externally-managed install_data
