[2.465s] Invoking command in '/home/tpi5/391_Project_pi/391_ws/src/gripper_controller': PYTHONPATH=/home/tpi5/391_Project_pi/build/gripper_controller/prefix_override:/usr/lib/python3/dist-packages/colcon_core/task/python/colcon_distutils_commands:/home/tpi5/391_Project_pi/install/gripper_controller/lib/python3.12/site-packages:${PYTHONPATH} /usr/bin/python3 -W ignore:setup.py install is deprecated -W ignore:easy_install command is deprecated setup.py egg_info --egg-base ../../../build/gripper_controller build --build-base /home/tpi5/391_Project_pi/build/gripper_controller/build install --record /home/tpi5/391_Project_pi/build/gripper_controller/install.log --single-version-externally-managed install_data
[2.908s] running egg_info
[2.908s] creating ../../../build/gripper_controller/gripper_controller.egg-info
[2.929s] writing ../../../build/gripper_controller/gripper_controller.egg-info/PKG-INFO
[2.930s] writing dependency_links to ../../../build/gripper_controller/gripper_controller.egg-info/dependency_links.txt
[2.930s] writing entry points to ../../../build/gripper_controller/gripper_controller.egg-info/entry_points.txt
[2.931s] writing requirements to ../../../build/gripper_controller/gripper_controller.egg-info/requires.txt
[2.931s] writing top-level names to ../../../build/gripper_controller/gripper_controller.egg-info/top_level.txt
[2.931s] writing manifest file '../../../build/gripper_controller/gripper_controller.egg-info/SOURCES.txt'
[2.987s] reading manifest file '../../../build/gripper_controller/gripper_controller.egg-info/SOURCES.txt'
[2.988s] writing manifest file '../../../build/gripper_controller/gripper_controller.egg-info/SOURCES.txt'
[2.988s] running build
[2.988s] running build_py
[2.989s] creating /home/tpi5/391_Project_pi/build/gripper_controller/build
[2.989s] creating /home/tpi5/391_Project_pi/build/gripper_controller/build/lib
[2.990s] creating /home/tpi5/391_Project_pi/build/gripper_controller/build/lib/gripper_controller
[2.990s] copying gripper_controller/__init__.py -> /home/tpi5/391_Project_pi/build/gripper_controller/build/lib/gripper_controller
[2.991s] copying gripper_controller/gripper_node.py -> /home/tpi5/391_Project_pi/build/gripper_controller/build/lib/gripper_controller
[2.992s] running install
[3.005s] running install_lib
[3.032s] creating /home/tpi5/391_Project_pi/install/gripper_controller/lib/python3.12/site-packages/gripper_controller
[3.036s] copying /home/tpi5/391_Project_pi/build/gripper_controller/build/lib/gripper_controller/__init__.py -> /home/tpi5/391_Project_pi/install/gripper_controller/lib/python3.12/site-packages/gripper_controller
[3.036s] copying /home/tpi5/391_Project_pi/build/gripper_controller/build/lib/gripper_controller/gripper_node.py -> /home/tpi5/391_Project_pi/install/gripper_controller/lib/python3.12/site-packages/gripper_controller
[3.036s] byte-compiling /home/tpi5/391_Project_pi/install/gripper_controller/lib/python3.12/site-packages/gripper_controller/__init__.py to __init__.cpython-312.pyc
[3.036s] byte-compiling /home/tpi5/391_Project_pi/install/gripper_controller/lib/python3.12/site-packages/gripper_controller/gripper_node.py to gripper_node.cpython-312.pyc
[3.037s] running install_data
[3.037s] creating /home/tpi5/391_Project_pi/install/gripper_controller/share/ament_index
[3.038s] creating /home/tpi5/391_Project_pi/install/gripper_controller/share/ament_index/resource_index
[3.038s] creating /home/tpi5/391_Project_pi/install/gripper_controller/share/ament_index/resource_index/packages
[3.038s] copying resource/gripper_controller -> /home/tpi5/391_Project_pi/install/gripper_controller/share/ament_index/resource_index/packages
[3.039s] copying package.xml -> /home/tpi5/391_Project_pi/install/gripper_controller/share/gripper_controller
[3.039s] creating /home/tpi5/391_Project_pi/install/gripper_controller/share/gripper_controller/launch
[3.040s] copying launch/joy_gripper.launch.py -> /home/tpi5/391_Project_pi/install/gripper_controller/share/gripper_controller/launch
[3.043s] creating /home/tpi5/391_Project_pi/install/gripper_controller/share/gripper_controller/config
[3.043s] running install_egg_info
[3.073s] Copying ../../../build/gripper_controller/gripper_controller.egg-info to /home/tpi5/391_Project_pi/install/gripper_controller/lib/python3.12/site-packages/gripper_controller-0.0.0-py3.12.egg-info
[3.074s] running install_scripts
[3.328s] Installing gripper_node script to /home/tpi5/391_Project_pi/install/gripper_controller/lib/gripper_controller
[3.332s] writing list of installed files to '/home/tpi5/391_Project_pi/build/gripper_controller/install.log'
[3.828s] Invoked command in '/home/tpi5/391_Project_pi/391_ws/src/gripper_controller' returned '0': PYTHONPATH=/home/tpi5/391_Project_pi/build/gripper_controller/prefix_override:/usr/lib/python3/dist-packages/colcon_core/task/python/colcon_distutils_commands:/home/tpi5/391_Project_pi/install/gripper_controller/lib/python3.12/site-packages:${PYTHONPATH} /usr/bin/python3 -W ignore:setup.py install is deprecated -W ignore:easy_install command is deprecated setup.py egg_info --egg-base ../../../build/gripper_controller build --build-base /home/tpi5/391_Project_pi/build/gripper_controller/build install --record /home/tpi5/391_Project_pi/build/gripper_controller/install.log --single-version-externally-managed install_data
