[2.682s] Invoking command in '/home/tpi5/391_Project_pi/391_ws/src/drive_controller': PYTHONPATH=/home/tpi5/391_Project_pi/build/drive_controller/prefix_override:/usr/lib/python3/dist-packages/colcon_core/task/python/colcon_distutils_commands:/home/tpi5/391_Project_pi/install/drive_controller/lib/python3.12/site-packages:${PYTHONPATH} /usr/bin/python3 -W ignore:setup.py install is deprecated -W ignore:easy_install command is deprecated setup.py egg_info --egg-base ../../../build/drive_controller build --build-base /home/tpi5/391_Project_pi/build/drive_controller/build install --record /home/tpi5/391_Project_pi/build/drive_controller/install.log --single-version-externally-managed install_data
[3.169s] running egg_info
[3.194s] writing ../../../build/drive_controller/drive_controller.egg-info/PKG-INFO
[3.194s] writing dependency_links to ../../../build/drive_controller/drive_controller.egg-info/dependency_links.txt
[3.196s] writing entry points to ../../../build/drive_controller/drive_controller.egg-info/entry_points.txt
[3.197s] writing requirements to ../../../build/drive_controller/drive_controller.egg-info/requires.txt
[3.197s] writing top-level names to ../../../build/drive_controller/drive_controller.egg-info/top_level.txt
[3.257s] reading manifest file '../../../build/drive_controller/drive_controller.egg-info/SOURCES.txt'
[3.258s] writing manifest file '../../../build/drive_controller/drive_controller.egg-info/SOURCES.txt'
[3.259s] running build
[3.259s] running build_py
[3.259s] running install
[3.271s] running install_lib
[3.331s] running install_data
[3.334s] running install_egg_info
[3.392s] removing '/home/tpi5/391_Project_pi/install/drive_controller/lib/python3.12/site-packages/drive_controller-0.0.0-py3.12.egg-info' (and everything under it)
[3.393s] Copying ../../../build/drive_controller/drive_controller.egg-info to /home/tpi5/391_Project_pi/install/drive_controller/lib/python3.12/site-packages/drive_controller-0.0.0-py3.12.egg-info
[3.397s] running install_scripts
[3.722s] Installing drive_node script to /home/tpi5/391_Project_pi/install/drive_controller/lib/drive_controller
[3.722s] writing list of installed files to '/home/tpi5/391_Project_pi/build/drive_controller/install.log'
[4.770s] Invoked command in '/home/tpi5/391_Project_pi/391_ws/src/drive_controller' returned '0': PYTHONPATH=/home/tpi5/391_Project_pi/build/drive_controller/prefix_override:/usr/lib/python3/dist-packages/colcon_core/task/python/colcon_distutils_commands:/home/tpi5/391_Project_pi/install/drive_controller/lib/python3.12/site-packages:${PYTHONPATH} /usr/bin/python3 -W ignore:setup.py install is deprecated -W ignore:easy_install command is deprecated setup.py egg_info --egg-base ../../../build/drive_controller build --build-base /home/tpi5/391_Project_pi/build/drive_controller/build install --record /home/tpi5/391_Project_pi/build/drive_controller/install.log --single-version-externally-managed install_data
