[2.323s] Invoking command in '/home/tpi5/391_Project_pi/391_ws/src/gripper_controller': PYTHONPATH=/home/tpi5/391_Project_pi/build/gripper_controller/prefix_override:/usr/lib/python3/dist-packages/colcon_core/task/python/colcon_distutils_commands:/home/tpi5/391_Project_pi/install/gripper_controller/lib/python3.12/site-packages:${PYTHONPATH} /usr/bin/python3 -W ignore:setup.py install is deprecated -W ignore:easy_install command is deprecated setup.py egg_info --egg-base ../../../build/gripper_controller build --build-base /home/tpi5/391_Project_pi/build/gripper_controller/build install --record /home/tpi5/391_Project_pi/build/gripper_controller/install.log --single-version-externally-managed install_data
[2.786s] running egg_info
[2.788s] creating ../../../build/gripper_controller/gripper_controller.egg-info
[2.811s] writing ../../../build/gripper_controller/gripper_controller.egg-info/PKG-INFO
[2.812s] writing dependency_links to ../../../build/gripper_controller/gripper_controller.egg-info/dependency_links.txt
[2.813s] writing entry points to ../../../build/gripper_controller/gripper_controller.egg-info/entry_points.txt
[2.814s] writing requirements to ../../../build/gripper_controller/gripper_controller.egg-info/requires.txt
[2.814s] writing top-level names to ../../../build/gripper_controller/gripper_controller.egg-info/top_level.txt
[2.814s] writing manifest file '../../../build/gripper_controller/gripper_controller.egg-info/SOURCES.txt'
[2.861s] reading manifest file '../../../build/gripper_controller/gripper_controller.egg-info/SOURCES.txt'
[2.861s] writing manifest file '../../../build/gripper_controller/gripper_controller.egg-info/SOURCES.txt'
[2.862s] running build
[2.862s] running build_py
[2.863s] creating /home/tpi5/391_Project_pi/build/gripper_controller/build
[2.863s] creating /home/tpi5/391_Project_pi/build/gripper_controller/build/lib
[2.863s] creating /home/tpi5/391_Project_pi/build/gripper_controller/build/lib/gripper_controller
[2.863s] copying gripper_controller/__init__.py -> /home/tpi5/391_Project_pi/build/gripper_controller/build/lib/gripper_controller
[2.863s] copying gripper_controller/gripper_node.py -> /home/tpi5/391_Project_pi/build/gripper_controller/build/lib/gripper_controller
[2.866s] running install
[2.874s] running install_lib
[2.898s] creating /home/tpi5/391_Project_pi/install/gripper_controller/lib/python3.12/site-packages/gripper_controller
[2.898s] copying /home/tpi5/391_Project_pi/build/gripper_controller/build/lib/gripper_controller/__init__.py -> /home/tpi5/391_Project_pi/install/gripper_controller/lib/python3.12/site-packages/gripper_controller
[2.898s] copying /home/tpi5/391_Project_pi/build/gripper_controller/build/lib/gripper_controller/gripper_node.py -> /home/tpi5/391_Project_pi/install/gripper_controller/lib/python3.12/site-packages/gripper_controller
[2.900s] byte-compiling /home/tpi5/391_Project_pi/install/gripper_controller/lib/python3.12/site-packages/gripper_controller/__init__.py to __init__.cpython-312.pyc
[2.900s] byte-compiling /home/tpi5/391_Project_pi/install/gripper_controller/lib/python3.12/site-packages/gripper_controller/gripper_node.py to gripper_node.cpython-312.pyc
[2.902s] running install_data
[2.902s] creating /home/tpi5/391_Project_pi/install/gripper_controller/share/ament_index
[2.902s] creating /home/tpi5/391_Project_pi/install/gripper_controller/share/ament_index/resource_index
[2.903s] creating /home/tpi5/391_Project_pi/install/gripper_controller/share/ament_index/resource_index/packages
[2.903s] copying resource/gripper_controller -> /home/tpi5/391_Project_pi/install/gripper_controller/share/ament_index/resource_index/packages
[2.903s] copying package.xml -> /home/tpi5/391_Project_pi/install/gripper_controller/share/gripper_controller
[2.903s] creating /home/tpi5/391_Project_pi/install/gripper_controller/share/gripper_controller/launch
[2.903s] copying launch/joy_gripper.launch.py -> /home/tpi5/391_Project_pi/install/gripper_controller/share/gripper_controller/launch
[2.905s] creating /home/tpi5/391_Project_pi/install/gripper_controller/share/gripper_controller/config
[2.905s] running install_egg_info
[2.931s] Copying ../../../build/gripper_controller/gripper_controller.egg-info to /home/tpi5/391_Project_pi/install/gripper_controller/lib/python3.12/site-packages/gripper_controller-0.0.0-py3.12.egg-info
[2.932s] running install_scripts
[3.116s] Installing gripper_node script to /home/tpi5/391_Project_pi/install/gripper_controller/lib/gripper_controller
[3.116s] writing list of installed files to '/home/tpi5/391_Project_pi/build/gripper_controller/install.log'
[3.232s] Invoked command in '/home/tpi5/391_Project_pi/391_ws/src/gripper_controller' returned '0': PYTHONPATH=/home/tpi5/391_Project_pi/build/gripper_controller/prefix_override:/usr/lib/python3/dist-packages/colcon_core/task/python/colcon_distutils_commands:/home/tpi5/391_Project_pi/install/gripper_controller/lib/python3.12/site-packages:${PYTHONPATH} /usr/bin/python3 -W ignore:setup.py install is deprecated -W ignore:easy_install command is deprecated setup.py egg_info --egg-base ../../../build/gripper_controller build --build-base /home/tpi5/391_Project_pi/build/gripper_controller/build install --record /home/tpi5/391_Project_pi/build/gripper_controller/install.log --single-version-externally-managed install_data
