[1.183s] Invoking command in '/home/tpi5/391_Project_pi/391_ws/src/drive_controller': PYTHONPATH=/home/tpi5/391_Project_pi/build/drive_controller/prefix_override:/usr/lib/python3/dist-packages/colcon_core/task/python/colcon_distutils_commands:/home/tpi5/391_Project_pi/install/drive_controller/lib/python3.12/site-packages:${PYTHONPATH} /usr/bin/python3 -W ignore:setup.py install is deprecated -W ignore:easy_install command is deprecated setup.py egg_info --egg-base ../../../build/drive_controller build --build-base /home/tpi5/391_Project_pi/build/drive_controller/build install --record /home/tpi5/391_Project_pi/build/drive_controller/install.log --single-version-externally-managed install_data
[1.542s] running egg_info
[1.542s] creating ../../../build/drive_controller/drive_controller.egg-info
[1.562s] writing ../../../build/drive_controller/drive_controller.egg-info/PKG-INFO
[1.562s] writing dependency_links to ../../../build/drive_controller/drive_controller.egg-info/dependency_links.txt
[1.563s] writing entry points to ../../../build/drive_controller/drive_controller.egg-info/entry_points.txt
[1.563s] writing requirements to ../../../build/drive_controller/drive_controller.egg-info/requires.txt
[1.564s] writing top-level names to ../../../build/drive_controller/drive_controller.egg-info/top_level.txt
[1.564s] writing manifest file '../../../build/drive_controller/drive_controller.egg-info/SOURCES.txt'
[1.611s] reading manifest file '../../../build/drive_controller/drive_controller.egg-info/SOURCES.txt'
[1.611s] writing manifest file '../../../build/drive_controller/drive_controller.egg-info/SOURCES.txt'
[1.612s] running build
[1.612s] running build_py
[1.612s] creating /home/tpi5/391_Project_pi/build/drive_controller/build
[1.613s] creating /home/tpi5/391_Project_pi/build/drive_controller/build/lib
[1.613s] creating /home/tpi5/391_Project_pi/build/drive_controller/build/lib/drive_controller
[1.613s] copying drive_controller/drive_node.py -> /home/tpi5/391_Project_pi/build/drive_controller/build/lib/drive_controller
[1.613s] copying drive_controller/__init__.py -> /home/tpi5/391_Project_pi/build/drive_controller/build/lib/drive_controller
[1.613s] running install
[1.623s] running install_lib
[1.646s] creating /home/tpi5/391_Project_pi/install/drive_controller/lib/python3.12/site-packages/drive_controller
[1.646s] copying /home/tpi5/391_Project_pi/build/drive_controller/build/lib/drive_controller/drive_node.py -> /home/tpi5/391_Project_pi/install/drive_controller/lib/python3.12/site-packages/drive_controller
[1.647s] copying /home/tpi5/391_Project_pi/build/drive_controller/build/lib/drive_controller/__init__.py -> /home/tpi5/391_Project_pi/install/drive_controller/lib/python3.12/site-packages/drive_controller
[1.648s] byte-compiling /home/tpi5/391_Project_pi/install/drive_controller/lib/python3.12/site-packages/drive_controller/drive_node.py to drive_node.cpython-312.pyc
[1.649s] byte-compiling /home/tpi5/391_Project_pi/install/drive_controller/lib/python3.12/site-packages/drive_controller/__init__.py to __init__.cpython-312.pyc
[1.649s] running install_data
[1.649s] creating /home/tpi5/391_Project_pi/install/drive_controller/share
[1.650s] creating /home/tpi5/391_Project_pi/install/drive_controller/share/ament_index
[1.650s] creating /home/tpi5/391_Project_pi/install/drive_controller/share/ament_index/resource_index
[1.650s] creating /home/tpi5/391_Project_pi/install/drive_controller/share/ament_index/resource_index/packages
[1.651s] copying resource/drive_controller -> /home/tpi5/391_Project_pi/install/drive_controller/share/ament_index/resource_index/packages
[1.651s] creating /home/tpi5/391_Project_pi/install/drive_controller/share/drive_controller
[1.651s] copying package.xml -> /home/tpi5/391_Project_pi/install/drive_controller/share/drive_controller
[1.652s] creating /home/tpi5/391_Project_pi/install/drive_controller/share/drive_controller/launch
[1.652s] copying launch/joy_drive.launch.py -> /home/tpi5/391_Project_pi/install/drive_controller/share/drive_controller/launch
[1.652s] creating /home/tpi5/391_Project_pi/install/drive_controller/share/drive_controller/config
[1.652s] running install_egg_info
[1.677s] Copying ../../../build/drive_controller/drive_controller.egg-info to /home/tpi5/391_Project_pi/install/drive_controller/lib/python3.12/site-packages/drive_controller-0.0.0-py3.12.egg-info
[1.678s] running install_scripts
[1.902s] Installing drive_node script to /home/tpi5/391_Project_pi/install/drive_controller/lib/drive_controller
[1.903s] writing list of installed files to '/home/tpi5/391_Project_pi/build/drive_controller/install.log'
[2.000s] Invoked command in '/home/tpi5/391_Project_pi/391_ws/src/drive_controller' returned '0': PYTHONPATH=/home/tpi5/391_Project_pi/build/drive_controller/prefix_override:/usr/lib/python3/dist-packages/colcon_core/task/python/colcon_distutils_commands:/home/tpi5/391_Project_pi/install/drive_controller/lib/python3.12/site-packages:${PYTHONPATH} /usr/bin/python3 -W ignore:setup.py install is deprecated -W ignore:easy_install command is deprecated setup.py egg_info --egg-base ../../../build/drive_controller build --build-base /home/tpi5/391_Project_pi/build/drive_controller/build install --record /home/tpi5/391_Project_pi/build/drive_controller/install.log --single-version-externally-managed install_data
