[2.183s] Invoking command in '/home/tpi5/391_Project_pi/391_ws/src/servo_dril_controller': PYTHONPATH=/home/tpi5/391_Project_pi/build/servo_dril_controller/prefix_override:/usr/lib/python3/dist-packages/colcon_core/task/python/colcon_distutils_commands:/home/tpi5/391_Project_pi/install/servo_dril_controller/lib/python3.12/site-packages:${PYTHONPATH} /usr/bin/python3 -W ignore:setup.py install is deprecated -W ignore:easy_install command is deprecated setup.py egg_info --egg-base ../../../build/servo_dril_controller build --build-base /home/tpi5/391_Project_pi/build/servo_dril_controller/build install --record /home/tpi5/391_Project_pi/build/servo_dril_controller/install.log --single-version-externally-managed install_data
[2.559s] running egg_info
[2.560s] creating ../../../build/servo_dril_controller/servo_dril_controller.egg-info
[2.581s] writing ../../../build/servo_dril_controller/servo_dril_controller.egg-info/PKG-INFO
[2.582s] writing dependency_links to ../../../build/servo_dril_controller/servo_dril_controller.egg-info/dependency_links.txt
[2.582s] writing entry points to ../../../build/servo_dril_controller/servo_dril_controller.egg-info/entry_points.txt
[2.583s] writing requirements to ../../../build/servo_dril_controller/servo_dril_controller.egg-info/requires.txt
[2.583s] writing top-level names to ../../../build/servo_dril_controller/servo_dril_controller.egg-info/top_level.txt
[2.583s] writing manifest file '../../../build/servo_dril_controller/servo_dril_controller.egg-info/SOURCES.txt'
[2.629s] reading manifest file '../../../build/servo_dril_controller/servo_dril_controller.egg-info/SOURCES.txt'
[2.630s] writing manifest file '../../../build/servo_dril_controller/servo_dril_controller.egg-info/SOURCES.txt'
[2.630s] running build
[2.630s] running build_py
[2.631s] creating /home/tpi5/391_Project_pi/build/servo_dril_controller/build
[2.631s] creating /home/tpi5/391_Project_pi/build/servo_dril_controller/build/lib
[2.631s] creating /home/tpi5/391_Project_pi/build/servo_dril_controller/build/lib/servo_dril_controller
[2.631s] copying servo_dril_controller/servo_dril_node.py -> /home/tpi5/391_Project_pi/build/servo_dril_controller/build/lib/servo_dril_controller
[2.632s] copying servo_dril_controller/__init__.py -> /home/tpi5/391_Project_pi/build/servo_dril_controller/build/lib/servo_dril_controller
[2.632s] running install
[2.641s] running install_lib
[2.667s] creating /home/tpi5/391_Project_pi/install/servo_dril_controller/lib/python3.12/site-packages/servo_dril_controller
[2.667s] copying /home/tpi5/391_Project_pi/build/servo_dril_controller/build/lib/servo_dril_controller/servo_dril_node.py -> /home/tpi5/391_Project_pi/install/servo_dril_controller/lib/python3.12/site-packages/servo_dril_controller
[2.668s] copying /home/tpi5/391_Project_pi/build/servo_dril_controller/build/lib/servo_dril_controller/__init__.py -> /home/tpi5/391_Project_pi/install/servo_dril_controller/lib/python3.12/site-packages/servo_dril_controller
[2.669s] byte-compiling /home/tpi5/391_Project_pi/install/servo_dril_controller/lib/python3.12/site-packages/servo_dril_controller/servo_dril_node.py to servo_dril_node.cpython-312.pyc
[2.671s] byte-compiling /home/tpi5/391_Project_pi/install/servo_dril_controller/lib/python3.12/site-packages/servo_dril_controller/__init__.py to __init__.cpython-312.pyc
[2.671s] running install_data
[2.671s] creating /home/tpi5/391_Project_pi/install/servo_dril_controller/share/ament_index
[2.672s] creating /home/tpi5/391_Project_pi/install/servo_dril_controller/share/ament_index/resource_index
[2.672s] creating /home/tpi5/391_Project_pi/install/servo_dril_controller/share/ament_index/resource_index/packages
[2.672s] copying resource/servo_dril_controller -> /home/tpi5/391_Project_pi/install/servo_dril_controller/share/ament_index/resource_index/packages
[2.672s] copying package.xml -> /home/tpi5/391_Project_pi/install/servo_dril_controller/share/servo_dril_controller
[2.672s] creating /home/tpi5/391_Project_pi/install/servo_dril_controller/share/servo_dril_controller/launch
[2.672s] copying launch/joy_servo_dril.launch.py -> /home/tpi5/391_Project_pi/install/servo_dril_controller/share/servo_dril_controller/launch
[2.672s] running install_egg_info
[2.697s] Copying ../../../build/servo_dril_controller/servo_dril_controller.egg-info to /home/tpi5/391_Project_pi/install/servo_dril_controller/lib/python3.12/site-packages/servo_dril_controller-0.0.1-py3.12.egg-info
[2.698s] running install_scripts
[2.904s] Installing servo_dril_node script to /home/tpi5/391_Project_pi/install/servo_dril_controller/lib/servo_dril_controller
[2.906s] writing list of installed files to '/home/tpi5/391_Project_pi/build/servo_dril_controller/install.log'
[3.026s] Invoked command in '/home/tpi5/391_Project_pi/391_ws/src/servo_dril_controller' returned '0': PYTHONPATH=/home/tpi5/391_Project_pi/build/servo_dril_controller/prefix_override:/usr/lib/python3/dist-packages/colcon_core/task/python/colcon_distutils_commands:/home/tpi5/391_Project_pi/install/servo_dril_controller/lib/python3.12/site-packages:${PYTHONPATH} /usr/bin/python3 -W ignore:setup.py install is deprecated -W ignore:easy_install command is deprecated setup.py egg_info --egg-base ../../../build/servo_dril_controller build --build-base /home/tpi5/391_Project_pi/build/servo_dril_controller/build install --record /home/tpi5/391_Project_pi/build/servo_dril_controller/install.log --single-version-externally-managed install_data
