[4.018s] Invoking command in '/home/tpi5/391_Project_pi/391_ws/src/dril_controller': PYTHONPATH=/home/tpi5/391_Project_pi/391_ws/build/dril_controller/prefix_override:/usr/lib/python3/dist-packages/colcon_core/task/python/colcon_distutils_commands:/home/tpi5/391_Project_pi/391_ws/install/dril_controller/lib/python3.12/site-packages:${PYTHONPATH} /usr/bin/python3 -W ignore:setup.py install is deprecated -W ignore:easy_install command is deprecated setup.py egg_info --egg-base ../../build/dril_controller build --build-base /home/tpi5/391_Project_pi/391_ws/build/dril_controller/build install --record /home/tpi5/391_Project_pi/391_ws/build/dril_controller/install.log --single-version-externally-managed install_data
[4.958s] running egg_info
[5.128s] writing ../../build/dril_controller/dril_controller.egg-info/PKG-INFO
[5.128s] writing dependency_links to ../../build/dril_controller/dril_controller.egg-info/dependency_links.txt
[5.130s] writing entry points to ../../build/dril_controller/dril_controller.egg-info/entry_points.txt
[5.144s] writing requirements to ../../build/dril_controller/dril_controller.egg-info/requires.txt
[5.145s] writing top-level names to ../../build/dril_controller/dril_controller.egg-info/top_level.txt
[5.456s] reading manifest file '../../build/dril_controller/dril_controller.egg-info/SOURCES.txt'
[5.467s] writing manifest file '../../build/dril_controller/dril_controller.egg-info/SOURCES.txt'
[5.467s] running build
[5.467s] running build_py
[5.467s] running install
[5.511s] running install_lib
[5.641s] running install_data
[5.643s] running install_egg_info
[5.723s] removing '/home/tpi5/391_Project_pi/391_ws/install/dril_controller/lib/python3.12/site-packages/dril_controller-0.0.0-py3.12.egg-info' (and everything under it)
[5.732s] Copying ../../build/dril_controller/dril_controller.egg-info to /home/tpi5/391_Project_pi/391_ws/install/dril_controller/lib/python3.12/site-packages/dril_controller-0.0.0-py3.12.egg-info
[5.732s] running install_scripts
[6.440s] Installing dril_node script to /home/tpi5/391_Project_pi/391_ws/install/dril_controller/lib/dril_controller
[6.447s] writing list of installed files to '/home/tpi5/391_Project_pi/391_ws/build/dril_controller/install.log'
[7.021s] Invoked command in '/home/tpi5/391_Project_pi/391_ws/src/dril_controller' returned '0': PYTHONPATH=/home/tpi5/391_Project_pi/391_ws/build/dril_controller/prefix_override:/usr/lib/python3/dist-packages/colcon_core/task/python/colcon_distutils_commands:/home/tpi5/391_Project_pi/391_ws/install/dril_controller/lib/python3.12/site-packages:${PYTHONPATH} /usr/bin/python3 -W ignore:setup.py install is deprecated -W ignore:easy_install command is deprecated setup.py egg_info --egg-base ../../build/dril_controller build --build-base /home/tpi5/391_Project_pi/391_ws/build/dril_controller/build install --record /home/tpi5/391_Project_pi/391_ws/build/dril_controller/install.log --single-version-externally-managed install_data
