/home/tpi5/391_Project_pi/391_ws/install/robot_bringup/lib/python3.12/site-packages/robot_bringup/__init__.py
/home/tpi5/391_Project_pi/391_ws/install/robot_bringup/lib/python3.12/site-packages/robot_bringup/__pycache__/__init__.cpython-312.pyc
/home/tpi5/391_Project_pi/391_ws/install/robot_bringup/share/ament_index/resource_index/packages/robot_bringup
/home/tpi5/391_Project_pi/391_ws/install/robot_bringup/share/robot_bringup/package.xml
/home/tpi5/391_Project_pi/391_ws/install/robot_bringup/share/robot_bringup/launch/bringup.launch.py
/home/tpi5/391_Project_pi/391_ws/install/robot_bringup/share/robot_bringup/launch/bringup_noservo.launch.py
/home/tpi5/391_Project_pi/391_ws/install/robot_bringup/share/robot_bringup/launch/bringup_all.launch.py
/home/tpi5/391_Project_pi/391_ws/install/robot_bringup/share/robot_bringup/config/joystick.yaml
/home/tpi5/391_Project_pi/391_ws/install/robot_bringup/share/robot_bringup/config/drive.yaml
/home/tpi5/391_Project_pi/391_ws/install/robot_bringup/share/robot_bringup/config/linear.yaml
/home/tpi5/391_Project_pi/391_ws/install/robot_bringup/share/robot_bringup/config/servo.yaml
/home/tpi5/391_Project_pi/391_ws/install/robot_bringup/share/robot_bringup/config/servo_switch.yaml
/home/tpi5/391_Project_pi/391_ws/install/robot_bringup/share/robot_bringup/config/gripper.yaml
/home/tpi5/391_Project_pi/391_ws/install/robot_bringup/share/robot_bringup/config/dril.yaml
/home/tpi5/391_Project_pi/391_ws/install/robot_bringup/share/robot_bringup/config/cam.yaml
/home/tpi5/391_Project_pi/391_ws/install/robot_bringup/lib/python3.12/site-packages/robot_bringup-0.0.1-py3.12.egg-info/dependency_links.txt
/home/tpi5/391_Project_pi/391_ws/install/robot_bringup/lib/python3.12/site-packages/robot_bringup-0.0.1-py3.12.egg-info/PKG-INFO
/home/tpi5/391_Project_pi/391_ws/install/robot_bringup/lib/python3.12/site-packages/robot_bringup-0.0.1-py3.12.egg-info/top_level.txt
/home/tpi5/391_Project_pi/391_ws/install/robot_bringup/lib/python3.12/site-packages/robot_bringup-0.0.1-py3.12.egg-info/requires.txt
/home/tpi5/391_Project_pi/391_ws/install/robot_bringup/lib/python3.12/site-packages/robot_bringup-0.0.1-py3.12.egg-info/zip-safe
/home/tpi5/391_Project_pi/391_ws/install/robot_bringup/lib/python3.12/site-packages/robot_bringup-0.0.1-py3.12.egg-info/SOURCES.txt
