running egg_info
creating ../build/cam_sensor/cam_sensor.egg-info
writing ../build/cam_sensor/cam_sensor.egg-info/PKG-INFO
writing dependency_links to ../build/cam_sensor/cam_sensor.egg-info/dependency_links.txt
writing entry points to ../build/cam_sensor/cam_sensor.egg-info/entry_points.txt
writing requirements to ../build/cam_sensor/cam_sensor.egg-info/requires.txt
writing top-level names to ../build/cam_sensor/cam_sensor.egg-info/top_level.txt
writing manifest file '../build/cam_sensor/cam_sensor.egg-info/SOURCES.txt'
reading manifest file '../build/cam_sensor/cam_sensor.egg-info/SOURCES.txt'
writing manifest file '../build/cam_sensor/cam_sensor.egg-info/SOURCES.txt'
running build
running build_py
creating /home/tpi5/391_Project_pi/391_ws/src/build/cam_sensor/build
creating /home/tpi5/391_Project_pi/391_ws/src/build/cam_sensor/build/lib
copying dual_cam_send_node.py -> /home/tpi5/391_Project_pi/391_ws/src/build/cam_sensor/build/lib
running install
running install_lib
copying /home/tpi5/391_Project_pi/391_ws/src/build/cam_sensor/build/lib/dual_cam_send_node.py -> /home/tpi5/391_Project_pi/391_ws/src/install/cam_sensor/lib/python3.12/site-packages
byte-compiling /home/tpi5/391_Project_pi/391_ws/src/install/cam_sensor/lib/python3.12/site-packages/dual_cam_send_node.py to dual_cam_send_node.cpython-312.pyc
running install_data
creating /home/tpi5/391_Project_pi/391_ws/src/install/cam_sensor/share/ament_index
creating /home/tpi5/391_Project_pi/391_ws/src/install/cam_sensor/share/ament_index/resource_index
creating /home/tpi5/391_Project_pi/391_ws/src/install/cam_sensor/share/ament_index/resource_index/packages
copying resource/cam_sensor -> /home/tpi5/391_Project_pi/391_ws/src/install/cam_sensor/share/ament_index/resource_index/packages
copying package.xml -> /home/tpi5/391_Project_pi/391_ws/src/install/cam_sensor/share/cam_sensor
running install_egg_info
Copying ../build/cam_sensor/cam_sensor.egg-info to /home/tpi5/391_Project_pi/391_ws/src/install/cam_sensor/lib/python3.12/site-packages/cam_sensor-0.1.0-py3.12.egg-info
running install_scripts
Installing dual_cam_send_node script to /home/tpi5/391_Project_pi/391_ws/src/install/cam_sensor/bin
writing list of installed files to '/home/tpi5/391_Project_pi/391_ws/src/build/cam_sensor/install.log'
