[2.472s] Invoking command in '/home/tpi5/391_Project_pi/391_ws/build/drive_controller': PYTHONPATH=/home/tpi5/391_Project_pi/391_ws/build/drive_controller/prefix_override:/usr/lib/python3/dist-packages/colcon_core/task/python/colcon_distutils_commands:/home/tpi5/391_Project_pi/391_ws/install/drive_controller/lib/python3.12/site-packages:${PYTHONPATH} /usr/bin/python3 -W ignore:setup.py install is deprecated -W ignore:easy_install command is deprecated setup.py develop --editable --build-directory /home/tpi5/391_Project_pi/391_ws/build/drive_controller/build --no-deps symlink_data --force
[3.168s] running develop
[3.448s] running egg_info
[3.471s] writing drive_controller.egg-info/PKG-INFO
[3.471s] writing dependency_links to drive_controller.egg-info/dependency_links.txt
[3.472s] writing entry points to drive_controller.egg-info/entry_points.txt
[3.473s] writing requirements to drive_controller.egg-info/requires.txt
[3.474s] writing top-level names to drive_controller.egg-info/top_level.txt
[3.598s] reading manifest file 'drive_controller.egg-info/SOURCES.txt'
[3.598s] writing manifest file 'drive_controller.egg-info/SOURCES.txt'
[3.703s] running build_ext
[3.711s] Creating /home/tpi5/391_Project_pi/391_ws/install/drive_controller/lib/python3.12/site-packages/drive-controller.egg-link (link to .)
[3.716s] Installing drive_node script to /home/tpi5/391_Project_pi/391_ws/install/drive_controller/lib/drive_controller
[3.716s] 
[3.716s] Installed /home/tpi5/391_Project_pi/391_ws/build/drive_controller
[3.716s] running symlink_data
[3.716s] symbolically linking /home/tpi5/391_Project_pi/391_ws/build/drive_controller/resource/drive_controller -> /home/tpi5/391_Project_pi/391_ws/install/drive_controller/share/ament_index/resource_index/packages
[3.727s] symbolically linking /home/tpi5/391_Project_pi/391_ws/build/drive_controller/package.xml -> /home/tpi5/391_Project_pi/391_ws/install/drive_controller/share/drive_controller
[3.727s] symbolically linking /home/tpi5/391_Project_pi/391_ws/build/drive_controller/launch/joy_drive.launch.py -> /home/tpi5/391_Project_pi/391_ws/install/drive_controller/share/drive_controller/launch
[4.136s] Invoked command in '/home/tpi5/391_Project_pi/391_ws/build/drive_controller' returned '0': PYTHONPATH=/home/tpi5/391_Project_pi/391_ws/build/drive_controller/prefix_override:/usr/lib/python3/dist-packages/colcon_core/task/python/colcon_distutils_commands:/home/tpi5/391_Project_pi/391_ws/install/drive_controller/lib/python3.12/site-packages:${PYTHONPATH} /usr/bin/python3 -W ignore:setup.py install is deprecated -W ignore:easy_install command is deprecated setup.py develop --editable --build-directory /home/tpi5/391_Project_pi/391_ws/build/drive_controller/build --no-deps symlink_data --force
