[1.410s] Invoking command in '/home/tpi5/391_Project_pi/391_ws/src/tao_controller': PYTHONPATH=/home/tpi5/391_Project_pi/391_ws/build/tao_controller/prefix_override:/usr/lib/python3/dist-packages/colcon_core/task/python/colcon_distutils_commands:/home/tpi5/391_Project_pi/391_ws/install/tao_controller/lib/python3.12/site-packages:${PYTHONPATH} /usr/bin/python3 -W ignore:setup.py install is deprecated -W ignore:easy_install command is deprecated setup.py egg_info --egg-base ../../build/tao_controller build --build-base /home/tpi5/391_Project_pi/391_ws/build/tao_controller/build install --record /home/tpi5/391_Project_pi/391_ws/build/tao_controller/install.log --single-version-externally-managed install_data
[1.762s] running egg_info
[1.785s] writing ../../build/tao_controller/tao_controller.egg-info/PKG-INFO
[1.785s] writing dependency_links to ../../build/tao_controller/tao_controller.egg-info/dependency_links.txt
[1.786s] writing entry points to ../../build/tao_controller/tao_controller.egg-info/entry_points.txt
[1.787s] writing requirements to ../../build/tao_controller/tao_controller.egg-info/requires.txt
[1.788s] writing top-level names to ../../build/tao_controller/tao_controller.egg-info/top_level.txt
[1.835s] reading manifest file '../../build/tao_controller/tao_controller.egg-info/SOURCES.txt'
[1.836s] writing manifest file '../../build/tao_controller/tao_controller.egg-info/SOURCES.txt'
[1.836s] running build
[1.837s] running build_py
[1.837s] running install
[1.846s] running install_lib
[1.870s] running install_data
[1.870s] running install_egg_info
[1.895s] removing '/home/tpi5/391_Project_pi/391_ws/install/tao_controller/lib/python3.12/site-packages/tao_controller-0.0.0-py3.12.egg-info' (and everything under it)
[1.896s] Copying ../../build/tao_controller/tao_controller.egg-info to /home/tpi5/391_Project_pi/391_ws/install/tao_controller/lib/python3.12/site-packages/tao_controller-0.0.0-py3.12.egg-info
[1.899s] running install_scripts
[2.069s] Installing tao_node script to /home/tpi5/391_Project_pi/391_ws/install/tao_controller/lib/tao_controller
[2.070s] writing list of installed files to '/home/tpi5/391_Project_pi/391_ws/build/tao_controller/install.log'
[2.150s] Invoked command in '/home/tpi5/391_Project_pi/391_ws/src/tao_controller' returned '0': PYTHONPATH=/home/tpi5/391_Project_pi/391_ws/build/tao_controller/prefix_override:/usr/lib/python3/dist-packages/colcon_core/task/python/colcon_distutils_commands:/home/tpi5/391_Project_pi/391_ws/install/tao_controller/lib/python3.12/site-packages:${PYTHONPATH} /usr/bin/python3 -W ignore:setup.py install is deprecated -W ignore:easy_install command is deprecated setup.py egg_info --egg-base ../../build/tao_controller build --build-base /home/tpi5/391_Project_pi/391_ws/build/tao_controller/build install --record /home/tpi5/391_Project_pi/391_ws/build/tao_controller/install.log --single-version-externally-managed install_data
