[1.538s] Invoking command in '/home/tpi5/391_Project_pi/391_ws/src/tao_controller': PYTHONPATH=/home/tpi5/391_Project_pi/391_ws/build/tao_controller/prefix_override:/usr/lib/python3/dist-packages/colcon_core/task/python/colcon_distutils_commands:/home/tpi5/391_Project_pi/391_ws/install/tao_controller/lib/python3.12/site-packages:${PYTHONPATH} /usr/bin/python3 -W ignore:setup.py install is deprecated -W ignore:easy_install command is deprecated setup.py egg_info --egg-base ../../build/tao_controller build --build-base /home/tpi5/391_Project_pi/391_ws/build/tao_controller/build install --record /home/tpi5/391_Project_pi/391_ws/build/tao_controller/install.log --single-version-externally-managed install_data
[1.904s] running egg_info
[1.904s] creating ../../build/tao_controller/tao_controller.egg-info
[1.927s] writing ../../build/tao_controller/tao_controller.egg-info/PKG-INFO
[1.927s] writing dependency_links to ../../build/tao_controller/tao_controller.egg-info/dependency_links.txt
[1.927s] writing entry points to ../../build/tao_controller/tao_controller.egg-info/entry_points.txt
[1.927s] writing requirements to ../../build/tao_controller/tao_controller.egg-info/requires.txt
[1.928s] writing top-level names to ../../build/tao_controller/tao_controller.egg-info/top_level.txt
[1.928s] writing manifest file '../../build/tao_controller/tao_controller.egg-info/SOURCES.txt'
[1.974s] reading manifest file '../../build/tao_controller/tao_controller.egg-info/SOURCES.txt'
[1.975s] writing manifest file '../../build/tao_controller/tao_controller.egg-info/SOURCES.txt'
[1.975s] running build
[1.975s] running build_py
[1.975s] creating /home/tpi5/391_Project_pi/391_ws/build/tao_controller/build
[1.975s] creating /home/tpi5/391_Project_pi/391_ws/build/tao_controller/build/lib
[1.976s] creating /home/tpi5/391_Project_pi/391_ws/build/tao_controller/build/lib/tao_controller
[1.976s] copying tao_controller/tao_node.py -> /home/tpi5/391_Project_pi/391_ws/build/tao_controller/build/lib/tao_controller
[1.976s] copying tao_controller/__init__.py -> /home/tpi5/391_Project_pi/391_ws/build/tao_controller/build/lib/tao_controller
[1.976s] running install
[1.986s] running install_lib
[2.010s] creating /home/tpi5/391_Project_pi/391_ws/install/tao_controller/lib/python3.12/site-packages/tao_controller
[2.010s] copying /home/tpi5/391_Project_pi/391_ws/build/tao_controller/build/lib/tao_controller/tao_node.py -> /home/tpi5/391_Project_pi/391_ws/install/tao_controller/lib/python3.12/site-packages/tao_controller
[2.010s] copying /home/tpi5/391_Project_pi/391_ws/build/tao_controller/build/lib/tao_controller/__init__.py -> /home/tpi5/391_Project_pi/391_ws/install/tao_controller/lib/python3.12/site-packages/tao_controller
[2.011s] byte-compiling /home/tpi5/391_Project_pi/391_ws/install/tao_controller/lib/python3.12/site-packages/tao_controller/tao_node.py to tao_node.cpython-312.pyc
[2.013s] byte-compiling /home/tpi5/391_Project_pi/391_ws/install/tao_controller/lib/python3.12/site-packages/tao_controller/__init__.py to __init__.cpython-312.pyc
[2.013s] running install_data
[2.014s] creating /home/tpi5/391_Project_pi/391_ws/install/tao_controller/share/ament_index
[2.014s] creating /home/tpi5/391_Project_pi/391_ws/install/tao_controller/share/ament_index/resource_index
[2.014s] creating /home/tpi5/391_Project_pi/391_ws/install/tao_controller/share/ament_index/resource_index/packages
[2.014s] copying resource/tao_controller -> /home/tpi5/391_Project_pi/391_ws/install/tao_controller/share/ament_index/resource_index/packages
[2.014s] copying package.xml -> /home/tpi5/391_Project_pi/391_ws/install/tao_controller/share/tao_controller
[2.014s] creating /home/tpi5/391_Project_pi/391_ws/install/tao_controller/share/tao_controller/launch
[2.014s] copying launch/joy_tao.launch.py -> /home/tpi5/391_Project_pi/391_ws/install/tao_controller/share/tao_controller/launch
[2.014s] creating /home/tpi5/391_Project_pi/391_ws/install/tao_controller/share/tao_controller/config
[2.015s] running install_egg_info
[2.040s] Copying ../../build/tao_controller/tao_controller.egg-info to /home/tpi5/391_Project_pi/391_ws/install/tao_controller/lib/python3.12/site-packages/tao_controller-0.0.0-py3.12.egg-info
[2.041s] running install_scripts
[2.224s] Installing tao_node script to /home/tpi5/391_Project_pi/391_ws/install/tao_controller/lib/tao_controller
[2.224s] writing list of installed files to '/home/tpi5/391_Project_pi/391_ws/build/tao_controller/install.log'
[2.305s] Invoked command in '/home/tpi5/391_Project_pi/391_ws/src/tao_controller' returned '0': PYTHONPATH=/home/tpi5/391_Project_pi/391_ws/build/tao_controller/prefix_override:/usr/lib/python3/dist-packages/colcon_core/task/python/colcon_distutils_commands:/home/tpi5/391_Project_pi/391_ws/install/tao_controller/lib/python3.12/site-packages:${PYTHONPATH} /usr/bin/python3 -W ignore:setup.py install is deprecated -W ignore:easy_install command is deprecated setup.py egg_info --egg-base ../../build/tao_controller build --build-base /home/tpi5/391_Project_pi/391_ws/build/tao_controller/build install --record /home/tpi5/391_Project_pi/391_ws/build/tao_controller/install.log --single-version-externally-managed install_data
