running egg_info
writing ../../build/dril_controller/dril_controller.egg-info/PKG-INFO
writing dependency_links to ../../build/dril_controller/dril_controller.egg-info/dependency_links.txt
writing entry points to ../../build/dril_controller/dril_controller.egg-info/entry_points.txt
writing requirements to ../../build/dril_controller/dril_controller.egg-info/requires.txt
writing top-level names to ../../build/dril_controller/dril_controller.egg-info/top_level.txt
reading manifest file '../../build/dril_controller/dril_controller.egg-info/SOURCES.txt'
writing manifest file '../../build/dril_controller/dril_controller.egg-info/SOURCES.txt'
running build
running build_py
copying dril_controller/dril_node.py -> /home/tpi5/391_Project_pi/391_ws/build/dril_controller/build/lib/dril_controller
running install
running install_lib
copying /home/tpi5/391_Project_pi/391_ws/build/dril_controller/build/lib/dril_controller/dril_node.py -> /home/tpi5/391_Project_pi/391_ws/install/dril_controller/lib/python3.12/site-packages/dril_controller
byte-compiling /home/tpi5/391_Project_pi/391_ws/install/dril_controller/lib/python3.12/site-packages/dril_controller/dril_node.py to dril_node.cpython-312.pyc
running install_data
running install_egg_info
removing '/home/tpi5/391_Project_pi/391_ws/install/dril_controller/lib/python3.12/site-packages/dril_controller-0.0.0-py3.12.egg-info' (and everything under it)
Copying ../../build/dril_controller/dril_controller.egg-info to /home/tpi5/391_Project_pi/391_ws/install/dril_controller/lib/python3.12/site-packages/dril_controller-0.0.0-py3.12.egg-info
running install_scripts
Installing dril_node script to /home/tpi5/391_Project_pi/391_ws/install/dril_controller/lib/dril_controller
writing list of installed files to '/home/tpi5/391_Project_pi/391_ws/build/dril_controller/install.log'
