[2.417s] Invoking command in '/home/tpi5/391_Project_pi/391_ws/src/joystick_controller': PYTHONPATH=/home/tpi5/391_Project_pi/391_ws/src/build/joystick_controller/prefix_override:/usr/lib/python3/dist-packages/colcon_core/task/python/colcon_distutils_commands:/home/tpi5/391_Project_pi/391_ws/src/install/joystick_controller/lib/python3.12/site-packages:${PYTHONPATH} /usr/bin/python3 -W ignore:setup.py install is deprecated -W ignore:easy_install command is deprecated setup.py egg_info --egg-base ../build/joystick_controller build --build-base /home/tpi5/391_Project_pi/391_ws/src/build/joystick_controller/build install --record /home/tpi5/391_Project_pi/391_ws/src/build/joystick_controller/install.log --single-version-externally-managed install_data
[2.892s] running egg_info
[2.916s] writing ../build/joystick_controller/joystick_controller.egg-info/PKG-INFO
[2.917s] writing dependency_links to ../build/joystick_controller/joystick_controller.egg-info/dependency_links.txt
[2.919s] writing entry points to ../build/joystick_controller/joystick_controller.egg-info/entry_points.txt
[2.919s] writing requirements to ../build/joystick_controller/joystick_controller.egg-info/requires.txt
[2.920s] writing top-level names to ../build/joystick_controller/joystick_controller.egg-info/top_level.txt
[2.969s] reading manifest file '../build/joystick_controller/joystick_controller.egg-info/SOURCES.txt'
[2.970s] writing manifest file '../build/joystick_controller/joystick_controller.egg-info/SOURCES.txt'
[2.970s] running build
[2.970s] running build_py
[2.972s] running install
[2.981s] running install_lib
[3.006s] running install_data
[3.006s] running install_egg_info
[3.032s] removing '/home/tpi5/391_Project_pi/391_ws/src/install/joystick_controller/lib/python3.12/site-packages/joystick_controller-0.0.0-py3.12.egg-info' (and everything under it)
[3.035s] Copying ../build/joystick_controller/joystick_controller.egg-info to /home/tpi5/391_Project_pi/391_ws/src/install/joystick_controller/lib/python3.12/site-packages/joystick_controller-0.0.0-py3.12.egg-info
[3.036s] running install_scripts
[3.231s] Installing joystick_node script to /home/tpi5/391_Project_pi/391_ws/src/install/joystick_controller/lib/joystick_controller
[3.235s] writing list of installed files to '/home/tpi5/391_Project_pi/391_ws/src/build/joystick_controller/install.log'
[3.349s] Invoked command in '/home/tpi5/391_Project_pi/391_ws/src/joystick_controller' returned '0': PYTHONPATH=/home/tpi5/391_Project_pi/391_ws/src/build/joystick_controller/prefix_override:/usr/lib/python3/dist-packages/colcon_core/task/python/colcon_distutils_commands:/home/tpi5/391_Project_pi/391_ws/src/install/joystick_controller/lib/python3.12/site-packages:${PYTHONPATH} /usr/bin/python3 -W ignore:setup.py install is deprecated -W ignore:easy_install command is deprecated setup.py egg_info --egg-base ../build/joystick_controller build --build-base /home/tpi5/391_Project_pi/391_ws/src/build/joystick_controller/build install --record /home/tpi5/391_Project_pi/391_ws/src/build/joystick_controller/install.log --single-version-externally-managed install_data
