[3.433s] Invoking command in '/home/tpi5/391_Project_pi/391_ws/src/joystick_controller': PYTHONPATH=/home/tpi5/391_Project_pi/391_ws/build/joystick_controller/prefix_override:/usr/lib/python3/dist-packages/colcon_core/task/python/colcon_distutils_commands:/home/tpi5/391_Project_pi/391_ws/install/joystick_controller/lib/python3.12/site-packages:${PYTHONPATH} /usr/bin/python3 -W ignore:setup.py install is deprecated -W ignore:easy_install command is deprecated setup.py egg_info --egg-base ../../build/joystick_controller build --build-base /home/tpi5/391_Project_pi/391_ws/build/joystick_controller/build install --record /home/tpi5/391_Project_pi/391_ws/build/joystick_controller/install.log --single-version-externally-managed install_data
[3.959s] running egg_info
[4.024s] writing ../../build/joystick_controller/joystick_controller.egg-info/PKG-INFO
[4.033s] writing dependency_links to ../../build/joystick_controller/joystick_controller.egg-info/dependency_links.txt
[4.063s] writing entry points to ../../build/joystick_controller/joystick_controller.egg-info/entry_points.txt
[4.087s] writing requirements to ../../build/joystick_controller/joystick_controller.egg-info/requires.txt
[4.114s] writing top-level names to ../../build/joystick_controller/joystick_controller.egg-info/top_level.txt
[4.240s] reading manifest file '../../build/joystick_controller/joystick_controller.egg-info/SOURCES.txt'
[4.243s] writing manifest file '../../build/joystick_controller/joystick_controller.egg-info/SOURCES.txt'
[4.245s] running build
[4.246s] running build_py
[4.250s] running install
[4.271s] running install_lib
[4.302s] running install_data
[4.302s] running install_egg_info
[4.337s] removing '/home/tpi5/391_Project_pi/391_ws/install/joystick_controller/lib/python3.12/site-packages/joystick_controller-0.0.0-py3.12.egg-info' (and everything under it)
[4.337s] Copying ../../build/joystick_controller/joystick_controller.egg-info to /home/tpi5/391_Project_pi/391_ws/install/joystick_controller/lib/python3.12/site-packages/joystick_controller-0.0.0-py3.12.egg-info
[4.337s] running install_scripts
[4.610s] Installing joystick_node script to /home/tpi5/391_Project_pi/391_ws/install/joystick_controller/lib/joystick_controller
[4.611s] writing list of installed files to '/home/tpi5/391_Project_pi/391_ws/build/joystick_controller/install.log'
[4.719s] Invoked command in '/home/tpi5/391_Project_pi/391_ws/src/joystick_controller' returned '0': PYTHONPATH=/home/tpi5/391_Project_pi/391_ws/build/joystick_controller/prefix_override:/usr/lib/python3/dist-packages/colcon_core/task/python/colcon_distutils_commands:/home/tpi5/391_Project_pi/391_ws/install/joystick_controller/lib/python3.12/site-packages:${PYTHONPATH} /usr/bin/python3 -W ignore:setup.py install is deprecated -W ignore:easy_install command is deprecated setup.py egg_info --egg-base ../../build/joystick_controller build --build-base /home/tpi5/391_Project_pi/391_ws/build/joystick_controller/build install --record /home/tpi5/391_Project_pi/391_ws/build/joystick_controller/install.log --single-version-externally-managed install_data
