[2.258s] Invoking command in '/home/tpi5/391_Project_pi/391_ws/src/servo_dril_controller': PYTHONPATH=/home/tpi5/391_Project_pi/build/servo_dril_controller/prefix_override:/usr/lib/python3/dist-packages/colcon_core/task/python/colcon_distutils_commands:/home/tpi5/391_Project_pi/install/servo_dril_controller/lib/python3.12/site-packages:${PYTHONPATH} /usr/bin/python3 -W ignore:setup.py install is deprecated -W ignore:easy_install command is deprecated setup.py egg_info --egg-base ../../../build/servo_dril_controller build --build-base /home/tpi5/391_Project_pi/build/servo_dril_controller/build install --record /home/tpi5/391_Project_pi/build/servo_dril_controller/install.log --single-version-externally-managed install_data
[2.718s] running egg_info
[2.718s] creating ../../../build/servo_dril_controller/servo_dril_controller.egg-info
[2.744s] writing ../../../build/servo_dril_controller/servo_dril_controller.egg-info/PKG-INFO
[2.744s] writing dependency_links to ../../../build/servo_dril_controller/servo_dril_controller.egg-info/dependency_links.txt
[2.744s] writing entry points to ../../../build/servo_dril_controller/servo_dril_controller.egg-info/entry_points.txt
[2.744s] writing requirements to ../../../build/servo_dril_controller/servo_dril_controller.egg-info/requires.txt
[2.746s] writing top-level names to ../../../build/servo_dril_controller/servo_dril_controller.egg-info/top_level.txt
[2.746s] writing manifest file '../../../build/servo_dril_controller/servo_dril_controller.egg-info/SOURCES.txt'
[2.803s] reading manifest file '../../../build/servo_dril_controller/servo_dril_controller.egg-info/SOURCES.txt'
[2.804s] writing manifest file '../../../build/servo_dril_controller/servo_dril_controller.egg-info/SOURCES.txt'
[2.804s] running build
[2.804s] running build_py
[2.804s] creating /home/tpi5/391_Project_pi/build/servo_dril_controller/build
[2.805s] creating /home/tpi5/391_Project_pi/build/servo_dril_controller/build/lib
[2.805s] creating /home/tpi5/391_Project_pi/build/servo_dril_controller/build/lib/servo_dril_controller
[2.806s] copying servo_dril_controller/servo_dril_node.py -> /home/tpi5/391_Project_pi/build/servo_dril_controller/build/lib/servo_dril_controller
[2.806s] copying servo_dril_controller/__init__.py -> /home/tpi5/391_Project_pi/build/servo_dril_controller/build/lib/servo_dril_controller
[2.806s] running install
[2.820s] running install_lib
[2.847s] creating /home/tpi5/391_Project_pi/install/servo_dril_controller/lib/python3.12/site-packages/servo_dril_controller
[2.848s] copying /home/tpi5/391_Project_pi/build/servo_dril_controller/build/lib/servo_dril_controller/servo_dril_node.py -> /home/tpi5/391_Project_pi/install/servo_dril_controller/lib/python3.12/site-packages/servo_dril_controller
[2.848s] copying /home/tpi5/391_Project_pi/build/servo_dril_controller/build/lib/servo_dril_controller/__init__.py -> /home/tpi5/391_Project_pi/install/servo_dril_controller/lib/python3.12/site-packages/servo_dril_controller
[2.849s] byte-compiling /home/tpi5/391_Project_pi/install/servo_dril_controller/lib/python3.12/site-packages/servo_dril_controller/servo_dril_node.py to servo_dril_node.cpython-312.pyc
[2.852s] byte-compiling /home/tpi5/391_Project_pi/install/servo_dril_controller/lib/python3.12/site-packages/servo_dril_controller/__init__.py to __init__.cpython-312.pyc
[2.853s] running install_data
[2.853s] creating /home/tpi5/391_Project_pi/install/servo_dril_controller/share/ament_index
[2.853s] creating /home/tpi5/391_Project_pi/install/servo_dril_controller/share/ament_index/resource_index
[2.853s] creating /home/tpi5/391_Project_pi/install/servo_dril_controller/share/ament_index/resource_index/packages
[2.853s] copying resource/servo_dril_controller -> /home/tpi5/391_Project_pi/install/servo_dril_controller/share/ament_index/resource_index/packages
[2.854s] copying package.xml -> /home/tpi5/391_Project_pi/install/servo_dril_controller/share/servo_dril_controller
[2.854s] creating /home/tpi5/391_Project_pi/install/servo_dril_controller/share/servo_dril_controller/launch
[2.854s] copying launch/joy_servo_dril.launch.py -> /home/tpi5/391_Project_pi/install/servo_dril_controller/share/servo_dril_controller/launch
[2.856s] running install_egg_info
[2.886s] Copying ../../../build/servo_dril_controller/servo_dril_controller.egg-info to /home/tpi5/391_Project_pi/install/servo_dril_controller/lib/python3.12/site-packages/servo_dril_controller-0.0.1-py3.12.egg-info
[2.888s] running install_scripts
[3.131s] Installing servo_dril_node script to /home/tpi5/391_Project_pi/install/servo_dril_controller/lib/servo_dril_controller
[3.131s] writing list of installed files to '/home/tpi5/391_Project_pi/build/servo_dril_controller/install.log'
[3.261s] Invoked command in '/home/tpi5/391_Project_pi/391_ws/src/servo_dril_controller' returned '0': PYTHONPATH=/home/tpi5/391_Project_pi/build/servo_dril_controller/prefix_override:/usr/lib/python3/dist-packages/colcon_core/task/python/colcon_distutils_commands:/home/tpi5/391_Project_pi/install/servo_dril_controller/lib/python3.12/site-packages:${PYTHONPATH} /usr/bin/python3 -W ignore:setup.py install is deprecated -W ignore:easy_install command is deprecated setup.py egg_info --egg-base ../../../build/servo_dril_controller build --build-base /home/tpi5/391_Project_pi/build/servo_dril_controller/build install --record /home/tpi5/391_Project_pi/build/servo_dril_controller/install.log --single-version-externally-managed install_data
