[2.662s] Invoking command in '/home/tpi5/391_Project_pi/391_ws/src/linear_controller': PYTHONPATH=/home/tpi5/391_Project_pi/391_ws/build/linear_controller/prefix_override:/usr/lib/python3/dist-packages/colcon_core/task/python/colcon_distutils_commands:/home/tpi5/391_Project_pi/391_ws/install/linear_controller/lib/python3.12/site-packages:${PYTHONPATH} /usr/bin/python3 -W ignore:setup.py install is deprecated -W ignore:easy_install command is deprecated setup.py egg_info --egg-base ../../build/linear_controller build --build-base /home/tpi5/391_Project_pi/391_ws/build/linear_controller/build install --record /home/tpi5/391_Project_pi/391_ws/build/linear_controller/install.log --single-version-externally-managed install_data
[3.156s] running egg_info
[3.184s] writing ../../build/linear_controller/linear_controller.egg-info/PKG-INFO
[3.184s] writing dependency_links to ../../build/linear_controller/linear_controller.egg-info/dependency_links.txt
[3.186s] writing entry points to ../../build/linear_controller/linear_controller.egg-info/entry_points.txt
[3.187s] writing requirements to ../../build/linear_controller/linear_controller.egg-info/requires.txt
[3.188s] writing top-level names to ../../build/linear_controller/linear_controller.egg-info/top_level.txt
[3.246s] reading manifest file '../../build/linear_controller/linear_controller.egg-info/SOURCES.txt'
[3.246s] writing manifest file '../../build/linear_controller/linear_controller.egg-info/SOURCES.txt'
[3.246s] running build
[3.246s] running build_py
[3.246s] running install
[3.258s] running install_lib
[3.290s] running install_data
[3.293s] running install_egg_info
[3.321s] removing '/home/tpi5/391_Project_pi/391_ws/install/linear_controller/lib/python3.12/site-packages/linear_controller-0.0.0-py3.12.egg-info' (and everything under it)
[3.322s] Copying ../../build/linear_controller/linear_controller.egg-info to /home/tpi5/391_Project_pi/391_ws/install/linear_controller/lib/python3.12/site-packages/linear_controller-0.0.0-py3.12.egg-info
[3.323s] running install_scripts
[3.535s] Installing linear_node script to /home/tpi5/391_Project_pi/391_ws/install/linear_controller/lib/linear_controller
[3.536s] writing list of installed files to '/home/tpi5/391_Project_pi/391_ws/build/linear_controller/install.log'
[3.661s] Invoked command in '/home/tpi5/391_Project_pi/391_ws/src/linear_controller' returned '0': PYTHONPATH=/home/tpi5/391_Project_pi/391_ws/build/linear_controller/prefix_override:/usr/lib/python3/dist-packages/colcon_core/task/python/colcon_distutils_commands:/home/tpi5/391_Project_pi/391_ws/install/linear_controller/lib/python3.12/site-packages:${PYTHONPATH} /usr/bin/python3 -W ignore:setup.py install is deprecated -W ignore:easy_install command is deprecated setup.py egg_info --egg-base ../../build/linear_controller build --build-base /home/tpi5/391_Project_pi/391_ws/build/linear_controller/build install --record /home/tpi5/391_Project_pi/391_ws/build/linear_controller/install.log --single-version-externally-managed install_data
