running egg_info
creating ../../../build/dual_cam_mjpeg_server/dual_cam_mjpeg_server.egg-info
writing ../../../build/dual_cam_mjpeg_server/dual_cam_mjpeg_server.egg-info/PKG-INFO
writing dependency_links to ../../../build/dual_cam_mjpeg_server/dual_cam_mjpeg_server.egg-info/dependency_links.txt
writing entry points to ../../../build/dual_cam_mjpeg_server/dual_cam_mjpeg_server.egg-info/entry_points.txt
writing requirements to ../../../build/dual_cam_mjpeg_server/dual_cam_mjpeg_server.egg-info/requires.txt
writing top-level names to ../../../build/dual_cam_mjpeg_server/dual_cam_mjpeg_server.egg-info/top_level.txt
writing manifest file '../../../build/dual_cam_mjpeg_server/dual_cam_mjpeg_server.egg-info/SOURCES.txt'
reading manifest file '../../../build/dual_cam_mjpeg_server/dual_cam_mjpeg_server.egg-info/SOURCES.txt'
writing manifest file '../../../build/dual_cam_mjpeg_server/dual_cam_mjpeg_server.egg-info/SOURCES.txt'
running build
running build_py
creating /home/tpi5/391_Project_pi/build/dual_cam_mjpeg_server/build
creating /home/tpi5/391_Project_pi/build/dual_cam_mjpeg_server/build/lib
creating /home/tpi5/391_Project_pi/build/dual_cam_mjpeg_server/build/lib/dual_cam_mjpeg_server
copying dual_cam_mjpeg_server/node.py -> /home/tpi5/391_Project_pi/build/dual_cam_mjpeg_server/build/lib/dual_cam_mjpeg_server
copying dual_cam_mjpeg_server/__init__.py -> /home/tpi5/391_Project_pi/build/dual_cam_mjpeg_server/build/lib/dual_cam_mjpeg_server
running install
running install_lib
creating /home/tpi5/391_Project_pi/install/dual_cam_mjpeg_server/lib/python3.12/site-packages/dual_cam_mjpeg_server
copying /home/tpi5/391_Project_pi/build/dual_cam_mjpeg_server/build/lib/dual_cam_mjpeg_server/node.py -> /home/tpi5/391_Project_pi/install/dual_cam_mjpeg_server/lib/python3.12/site-packages/dual_cam_mjpeg_server
copying /home/tpi5/391_Project_pi/build/dual_cam_mjpeg_server/build/lib/dual_cam_mjpeg_server/__init__.py -> /home/tpi5/391_Project_pi/install/dual_cam_mjpeg_server/lib/python3.12/site-packages/dual_cam_mjpeg_server
byte-compiling /home/tpi5/391_Project_pi/install/dual_cam_mjpeg_server/lib/python3.12/site-packages/dual_cam_mjpeg_server/node.py to node.cpython-312.pyc
byte-compiling /home/tpi5/391_Project_pi/install/dual_cam_mjpeg_server/lib/python3.12/site-packages/dual_cam_mjpeg_server/__init__.py to __init__.cpython-312.pyc
running install_data
creating /home/tpi5/391_Project_pi/install/dual_cam_mjpeg_server/share/ament_index
creating /home/tpi5/391_Project_pi/install/dual_cam_mjpeg_server/share/ament_index/resource_index
creating /home/tpi5/391_Project_pi/install/dual_cam_mjpeg_server/share/ament_index/resource_index/packages
copying resource/dual_cam_mjpeg_server -> /home/tpi5/391_Project_pi/install/dual_cam_mjpeg_server/share/ament_index/resource_index/packages
copying package.xml -> /home/tpi5/391_Project_pi/install/dual_cam_mjpeg_server/share/dual_cam_mjpeg_server
creating /home/tpi5/391_Project_pi/install/dual_cam_mjpeg_server/share/dual_cam_mjpeg_server/launch
copying launch/dual_cam_mjpeg.launch.py -> /home/tpi5/391_Project_pi/install/dual_cam_mjpeg_server/share/dual_cam_mjpeg_server/launch
running install_egg_info
Copying ../../../build/dual_cam_mjpeg_server/dual_cam_mjpeg_server.egg-info to /home/tpi5/391_Project_pi/install/dual_cam_mjpeg_server/lib/python3.12/site-packages/dual_cam_mjpeg_server-0.1.0-py3.12.egg-info
running install_scripts
Installing dual_cam_mjpeg_node script to /home/tpi5/391_Project_pi/install/dual_cam_mjpeg_server/lib/dual_cam_mjpeg_server
writing list of installed files to '/home/tpi5/391_Project_pi/build/dual_cam_mjpeg_server/install.log'
