[2.546s] Invoking command in '/home/tpi5/391_Project_pi/391_ws/src/dual_cam_mjpeg_server': PYTHONPATH=/home/tpi5/391_Project_pi/build/dual_cam_mjpeg_server/prefix_override:/usr/lib/python3/dist-packages/colcon_core/task/python/colcon_distutils_commands:/home/tpi5/391_Project_pi/install/dual_cam_mjpeg_server/lib/python3.12/site-packages:${PYTHONPATH} /usr/bin/python3 -W ignore:setup.py install is deprecated -W ignore:easy_install command is deprecated setup.py egg_info --egg-base ../../../build/dual_cam_mjpeg_server build --build-base /home/tpi5/391_Project_pi/build/dual_cam_mjpeg_server/build install --record /home/tpi5/391_Project_pi/build/dual_cam_mjpeg_server/install.log --single-version-externally-managed install_data
[2.977s] running egg_info
[2.978s] creating ../../../build/dual_cam_mjpeg_server/dual_cam_mjpeg_server.egg-info
[3.005s] writing ../../../build/dual_cam_mjpeg_server/dual_cam_mjpeg_server.egg-info/PKG-INFO
[3.006s] writing dependency_links to ../../../build/dual_cam_mjpeg_server/dual_cam_mjpeg_server.egg-info/dependency_links.txt
[3.006s] writing entry points to ../../../build/dual_cam_mjpeg_server/dual_cam_mjpeg_server.egg-info/entry_points.txt
[3.007s] writing requirements to ../../../build/dual_cam_mjpeg_server/dual_cam_mjpeg_server.egg-info/requires.txt
[3.007s] writing top-level names to ../../../build/dual_cam_mjpeg_server/dual_cam_mjpeg_server.egg-info/top_level.txt
[3.012s] writing manifest file '../../../build/dual_cam_mjpeg_server/dual_cam_mjpeg_server.egg-info/SOURCES.txt'
[3.067s] reading manifest file '../../../build/dual_cam_mjpeg_server/dual_cam_mjpeg_server.egg-info/SOURCES.txt'
[3.069s] writing manifest file '../../../build/dual_cam_mjpeg_server/dual_cam_mjpeg_server.egg-info/SOURCES.txt'
[3.069s] running build
[3.070s] running build_py
[3.070s] creating /home/tpi5/391_Project_pi/build/dual_cam_mjpeg_server/build
[3.070s] creating /home/tpi5/391_Project_pi/build/dual_cam_mjpeg_server/build/lib
[3.070s] creating /home/tpi5/391_Project_pi/build/dual_cam_mjpeg_server/build/lib/dual_cam_mjpeg_server
[3.070s] copying dual_cam_mjpeg_server/node.py -> /home/tpi5/391_Project_pi/build/dual_cam_mjpeg_server/build/lib/dual_cam_mjpeg_server
[3.070s] copying dual_cam_mjpeg_server/__init__.py -> /home/tpi5/391_Project_pi/build/dual_cam_mjpeg_server/build/lib/dual_cam_mjpeg_server
[3.070s] running install
[3.081s] running install_lib
[3.108s] creating /home/tpi5/391_Project_pi/install/dual_cam_mjpeg_server/lib/python3.12/site-packages/dual_cam_mjpeg_server
[3.108s] copying /home/tpi5/391_Project_pi/build/dual_cam_mjpeg_server/build/lib/dual_cam_mjpeg_server/node.py -> /home/tpi5/391_Project_pi/install/dual_cam_mjpeg_server/lib/python3.12/site-packages/dual_cam_mjpeg_server
[3.108s] copying /home/tpi5/391_Project_pi/build/dual_cam_mjpeg_server/build/lib/dual_cam_mjpeg_server/__init__.py -> /home/tpi5/391_Project_pi/install/dual_cam_mjpeg_server/lib/python3.12/site-packages/dual_cam_mjpeg_server
[3.109s] byte-compiling /home/tpi5/391_Project_pi/install/dual_cam_mjpeg_server/lib/python3.12/site-packages/dual_cam_mjpeg_server/node.py to node.cpython-312.pyc
[3.112s] byte-compiling /home/tpi5/391_Project_pi/install/dual_cam_mjpeg_server/lib/python3.12/site-packages/dual_cam_mjpeg_server/__init__.py to __init__.cpython-312.pyc
[3.114s] running install_data
[3.116s] creating /home/tpi5/391_Project_pi/install/dual_cam_mjpeg_server/share/ament_index
[3.116s] creating /home/tpi5/391_Project_pi/install/dual_cam_mjpeg_server/share/ament_index/resource_index
[3.116s] creating /home/tpi5/391_Project_pi/install/dual_cam_mjpeg_server/share/ament_index/resource_index/packages
[3.116s] copying resource/dual_cam_mjpeg_server -> /home/tpi5/391_Project_pi/install/dual_cam_mjpeg_server/share/ament_index/resource_index/packages
[3.116s] copying package.xml -> /home/tpi5/391_Project_pi/install/dual_cam_mjpeg_server/share/dual_cam_mjpeg_server
[3.116s] creating /home/tpi5/391_Project_pi/install/dual_cam_mjpeg_server/share/dual_cam_mjpeg_server/launch
[3.116s] copying launch/dual_cam_mjpeg.launch.py -> /home/tpi5/391_Project_pi/install/dual_cam_mjpeg_server/share/dual_cam_mjpeg_server/launch
[3.116s] running install_egg_info
[3.142s] Copying ../../../build/dual_cam_mjpeg_server/dual_cam_mjpeg_server.egg-info to /home/tpi5/391_Project_pi/install/dual_cam_mjpeg_server/lib/python3.12/site-packages/dual_cam_mjpeg_server-0.1.0-py3.12.egg-info
[3.143s] running install_scripts
[3.408s] Installing dual_cam_mjpeg_node script to /home/tpi5/391_Project_pi/install/dual_cam_mjpeg_server/lib/dual_cam_mjpeg_server
[3.408s] writing list of installed files to '/home/tpi5/391_Project_pi/build/dual_cam_mjpeg_server/install.log'
[3.850s] Invoked command in '/home/tpi5/391_Project_pi/391_ws/src/dual_cam_mjpeg_server' returned '0': PYTHONPATH=/home/tpi5/391_Project_pi/build/dual_cam_mjpeg_server/prefix_override:/usr/lib/python3/dist-packages/colcon_core/task/python/colcon_distutils_commands:/home/tpi5/391_Project_pi/install/dual_cam_mjpeg_server/lib/python3.12/site-packages:${PYTHONPATH} /usr/bin/python3 -W ignore:setup.py install is deprecated -W ignore:easy_install command is deprecated setup.py egg_info --egg-base ../../../build/dual_cam_mjpeg_server build --build-base /home/tpi5/391_Project_pi/build/dual_cam_mjpeg_server/build install --record /home/tpi5/391_Project_pi/build/dual_cam_mjpeg_server/install.log --single-version-externally-managed install_data
