[2.637s] Invoking command in '/home/tpi5/391_Project_pi/391_ws/build/dril_controller': PYTHONPATH=/home/tpi5/391_Project_pi/391_ws/build/dril_controller/prefix_override:/usr/lib/python3/dist-packages/colcon_core/task/python/colcon_distutils_commands:/home/tpi5/391_Project_pi/391_ws/install/dril_controller/lib/python3.12/site-packages:${PYTHONPATH} /usr/bin/python3 -W ignore:setup.py install is deprecated -W ignore:easy_install command is deprecated setup.py develop --editable --build-directory /home/tpi5/391_Project_pi/391_ws/build/dril_controller/build --no-deps symlink_data --force
[3.257s] running develop
[3.525s] running egg_info
[3.545s] writing dril_controller.egg-info/PKG-INFO
[3.546s] writing dependency_links to dril_controller.egg-info/dependency_links.txt
[3.547s] writing entry points to dril_controller.egg-info/entry_points.txt
[3.550s] writing requirements to dril_controller.egg-info/requires.txt
[3.553s] writing top-level names to dril_controller.egg-info/top_level.txt
[3.697s] reading manifest file 'dril_controller.egg-info/SOURCES.txt'
[3.698s] writing manifest file 'dril_controller.egg-info/SOURCES.txt'
[3.741s] running build_ext
[3.741s] Creating /home/tpi5/391_Project_pi/391_ws/install/dril_controller/lib/python3.12/site-packages/dril-controller.egg-link (link to .)
[3.742s] Installing dril_node script to /home/tpi5/391_Project_pi/391_ws/install/dril_controller/lib/dril_controller
[3.744s] 
[3.745s] Installed /home/tpi5/391_Project_pi/391_ws/build/dril_controller
[3.745s] running symlink_data
[3.745s] symbolically linking /home/tpi5/391_Project_pi/391_ws/build/dril_controller/resource/dril_controller -> /home/tpi5/391_Project_pi/391_ws/install/dril_controller/share/ament_index/resource_index/packages
[3.746s] symbolically linking /home/tpi5/391_Project_pi/391_ws/build/dril_controller/package.xml -> /home/tpi5/391_Project_pi/391_ws/install/dril_controller/share/dril_controller
[3.746s] symbolically linking /home/tpi5/391_Project_pi/391_ws/build/dril_controller/launch/joy_dril.launch.py -> /home/tpi5/391_Project_pi/391_ws/install/dril_controller/share/dril_controller/launch
[3.881s] Invoked command in '/home/tpi5/391_Project_pi/391_ws/build/dril_controller' returned '0': PYTHONPATH=/home/tpi5/391_Project_pi/391_ws/build/dril_controller/prefix_override:/usr/lib/python3/dist-packages/colcon_core/task/python/colcon_distutils_commands:/home/tpi5/391_Project_pi/391_ws/install/dril_controller/lib/python3.12/site-packages:${PYTHONPATH} /usr/bin/python3 -W ignore:setup.py install is deprecated -W ignore:easy_install command is deprecated setup.py develop --editable --build-directory /home/tpi5/391_Project_pi/391_ws/build/dril_controller/build --no-deps symlink_data --force
