[1.583s] Invoking command in '/home/tpi5/391_Project_pi/391_ws/src/tao_controller': PYTHONPATH=/home/tpi5/391_Project_pi/391_ws/build/tao_controller/prefix_override:/usr/lib/python3/dist-packages/colcon_core/task/python/colcon_distutils_commands:/home/tpi5/391_Project_pi/391_ws/install/tao_controller/lib/python3.12/site-packages:${PYTHONPATH} /usr/bin/python3 -W ignore:setup.py install is deprecated -W ignore:easy_install command is deprecated setup.py egg_info --egg-base ../../build/tao_controller build --build-base /home/tpi5/391_Project_pi/391_ws/build/tao_controller/build install --record /home/tpi5/391_Project_pi/391_ws/build/tao_controller/install.log --single-version-externally-managed install_data
[1.969s] running egg_info
[1.991s] writing ../../build/tao_controller/tao_controller.egg-info/PKG-INFO
[1.992s] writing dependency_links to ../../build/tao_controller/tao_controller.egg-info/dependency_links.txt
[1.993s] writing entry points to ../../build/tao_controller/tao_controller.egg-info/entry_points.txt
[1.996s] writing requirements to ../../build/tao_controller/tao_controller.egg-info/requires.txt
[1.997s] writing top-level names to ../../build/tao_controller/tao_controller.egg-info/top_level.txt
[2.046s] reading manifest file '../../build/tao_controller/tao_controller.egg-info/SOURCES.txt'
[2.047s] writing manifest file '../../build/tao_controller/tao_controller.egg-info/SOURCES.txt'
[2.047s] running build
[2.047s] running build_py
[2.048s] running install
[2.058s] running install_lib
[2.082s] running install_data
[2.082s] running install_egg_info
[2.107s] removing '/home/tpi5/391_Project_pi/391_ws/install/tao_controller/lib/python3.12/site-packages/tao_controller-0.0.0-py3.12.egg-info' (and everything under it)
[2.110s] Copying ../../build/tao_controller/tao_controller.egg-info to /home/tpi5/391_Project_pi/391_ws/install/tao_controller/lib/python3.12/site-packages/tao_controller-0.0.0-py3.12.egg-info
[2.110s] running install_scripts
[2.286s] Installing tao_node script to /home/tpi5/391_Project_pi/391_ws/install/tao_controller/lib/tao_controller
[2.287s] writing list of installed files to '/home/tpi5/391_Project_pi/391_ws/build/tao_controller/install.log'
[2.374s] Invoked command in '/home/tpi5/391_Project_pi/391_ws/src/tao_controller' returned '0': PYTHONPATH=/home/tpi5/391_Project_pi/391_ws/build/tao_controller/prefix_override:/usr/lib/python3/dist-packages/colcon_core/task/python/colcon_distutils_commands:/home/tpi5/391_Project_pi/391_ws/install/tao_controller/lib/python3.12/site-packages:${PYTHONPATH} /usr/bin/python3 -W ignore:setup.py install is deprecated -W ignore:easy_install command is deprecated setup.py egg_info --egg-base ../../build/tao_controller build --build-base /home/tpi5/391_Project_pi/391_ws/build/tao_controller/build install --record /home/tpi5/391_Project_pi/391_ws/build/tao_controller/install.log --single-version-externally-managed install_data
