[2.943s] Invoking command in '/home/tpi5/391_Project_pi/391_ws/build/gripper_controller': PYTHONPATH=/home/tpi5/391_Project_pi/391_ws/build/gripper_controller/prefix_override:/usr/lib/python3/dist-packages/colcon_core/task/python/colcon_distutils_commands:/home/tpi5/391_Project_pi/391_ws/install/gripper_controller/lib/python3.12/site-packages:${PYTHONPATH} /usr/bin/python3 -W ignore:setup.py install is deprecated -W ignore:easy_install command is deprecated setup.py develop --uninstall --editable --build-directory /home/tpi5/391_Project_pi/391_ws/build/gripper_controller/build
[3.498s] running develop
[3.776s] Removing /home/tpi5/391_Project_pi/391_ws/install/gripper_controller/lib/python3.12/site-packages/gripper-controller.egg-link (link to .)
[3.927s] Invoked command in '/home/tpi5/391_Project_pi/391_ws/build/gripper_controller' returned '0': PYTHONPATH=/home/tpi5/391_Project_pi/391_ws/build/gripper_controller/prefix_override:/usr/lib/python3/dist-packages/colcon_core/task/python/colcon_distutils_commands:/home/tpi5/391_Project_pi/391_ws/install/gripper_controller/lib/python3.12/site-packages:${PYTHONPATH} /usr/bin/python3 -W ignore:setup.py install is deprecated -W ignore:easy_install command is deprecated setup.py develop --uninstall --editable --build-directory /home/tpi5/391_Project_pi/391_ws/build/gripper_controller/build
[3.928s] Invoking command in '/home/tpi5/391_Project_pi/391_ws/src/gripper_controller': PYTHONPATH=/home/tpi5/391_Project_pi/391_ws/build/gripper_controller/prefix_override:/usr/lib/python3/dist-packages/colcon_core/task/python/colcon_distutils_commands:/home/tpi5/391_Project_pi/391_ws/install/gripper_controller/lib/python3.12/site-packages:${PYTHONPATH} /usr/bin/python3 -W ignore:setup.py install is deprecated -W ignore:easy_install command is deprecated setup.py egg_info --egg-base ../../build/gripper_controller build --build-base /home/tpi5/391_Project_pi/391_ws/build/gripper_controller/build install --record /home/tpi5/391_Project_pi/391_ws/build/gripper_controller/install.log --single-version-externally-managed install_data --force
[4.465s] running egg_info
[4.488s] writing ../../build/gripper_controller/gripper_controller.egg-info/PKG-INFO
[4.489s] writing dependency_links to ../../build/gripper_controller/gripper_controller.egg-info/dependency_links.txt
[4.490s] writing entry points to ../../build/gripper_controller/gripper_controller.egg-info/entry_points.txt
[4.491s] writing requirements to ../../build/gripper_controller/gripper_controller.egg-info/requires.txt
[4.492s] writing top-level names to ../../build/gripper_controller/gripper_controller.egg-info/top_level.txt
[4.547s] reading manifest file '../../build/gripper_controller/gripper_controller.egg-info/SOURCES.txt'
[4.549s] writing manifest file '../../build/gripper_controller/gripper_controller.egg-info/SOURCES.txt'
[4.550s] running build
[4.551s] running build_py
[4.552s] running install
[4.563s] running install_lib
[4.592s] creating /home/tpi5/391_Project_pi/391_ws/install/gripper_controller/lib/python3.12/site-packages/gripper_controller
[4.593s] copying /home/tpi5/391_Project_pi/391_ws/build/gripper_controller/build/lib/gripper_controller/__init__.py -> /home/tpi5/391_Project_pi/391_ws/install/gripper_controller/lib/python3.12/site-packages/gripper_controller
[4.596s] copying /home/tpi5/391_Project_pi/391_ws/build/gripper_controller/build/lib/gripper_controller/gripper_node.py -> /home/tpi5/391_Project_pi/391_ws/install/gripper_controller/lib/python3.12/site-packages/gripper_controller
[4.596s] byte-compiling /home/tpi5/391_Project_pi/391_ws/install/gripper_controller/lib/python3.12/site-packages/gripper_controller/__init__.py to __init__.cpython-312.pyc
[4.597s] byte-compiling /home/tpi5/391_Project_pi/391_ws/install/gripper_controller/lib/python3.12/site-packages/gripper_controller/gripper_node.py to gripper_node.cpython-312.pyc
[4.597s] running install_data
[4.597s] copying resource/gripper_controller -> /home/tpi5/391_Project_pi/391_ws/install/gripper_controller/share/ament_index/resource_index/packages
[4.597s] copying package.xml -> /home/tpi5/391_Project_pi/391_ws/install/gripper_controller/share/gripper_controller
[4.598s] copying launch/joy_gripper.launch.py -> /home/tpi5/391_Project_pi/391_ws/install/gripper_controller/share/gripper_controller/launch
[4.599s] running install_egg_info
[4.631s] Copying ../../build/gripper_controller/gripper_controller.egg-info to /home/tpi5/391_Project_pi/391_ws/install/gripper_controller/lib/python3.12/site-packages/gripper_controller-0.0.0-py3.12.egg-info
[4.633s] running install_scripts
[4.841s] Installing gripper_node script to /home/tpi5/391_Project_pi/391_ws/install/gripper_controller/lib/gripper_controller
[4.841s] writing list of installed files to '/home/tpi5/391_Project_pi/391_ws/build/gripper_controller/install.log'
[4.985s] Invoked command in '/home/tpi5/391_Project_pi/391_ws/src/gripper_controller' returned '0': PYTHONPATH=/home/tpi5/391_Project_pi/391_ws/build/gripper_controller/prefix_override:/usr/lib/python3/dist-packages/colcon_core/task/python/colcon_distutils_commands:/home/tpi5/391_Project_pi/391_ws/install/gripper_controller/lib/python3.12/site-packages:${PYTHONPATH} /usr/bin/python3 -W ignore:setup.py install is deprecated -W ignore:easy_install command is deprecated setup.py egg_info --egg-base ../../build/gripper_controller build --build-base /home/tpi5/391_Project_pi/391_ws/build/gripper_controller/build install --record /home/tpi5/391_Project_pi/391_ws/build/gripper_controller/install.log --single-version-externally-managed install_data --force
