[1.900s] Invoking command in '/home/tpi5/391_Project_pi/391_ws/src/servo_switch180_controller': PYTHONPATH=/home/tpi5/391_Project_pi/391_ws/build/servo_switch180_controller/prefix_override:/usr/lib/python3/dist-packages/colcon_core/task/python/colcon_distutils_commands:/home/tpi5/391_Project_pi/391_ws/install/servo_switch180_controller/lib/python3.12/site-packages:${PYTHONPATH} /usr/bin/python3 -W ignore:setup.py install is deprecated -W ignore:easy_install command is deprecated setup.py egg_info --egg-base ../../build/servo_switch180_controller build --build-base /home/tpi5/391_Project_pi/391_ws/build/servo_switch180_controller/build install --record /home/tpi5/391_Project_pi/391_ws/build/servo_switch180_controller/install.log --single-version-externally-managed install_data
[2.392s] running egg_info
[2.435s] writing ../../build/servo_switch180_controller/servo_switch180_controller.egg-info/PKG-INFO
[2.435s] writing dependency_links to ../../build/servo_switch180_controller/servo_switch180_controller.egg-info/dependency_links.txt
[2.436s] writing entry points to ../../build/servo_switch180_controller/servo_switch180_controller.egg-info/entry_points.txt
[2.438s] writing requirements to ../../build/servo_switch180_controller/servo_switch180_controller.egg-info/requires.txt
[2.439s] writing top-level names to ../../build/servo_switch180_controller/servo_switch180_controller.egg-info/top_level.txt
[2.502s] reading manifest file '../../build/servo_switch180_controller/servo_switch180_controller.egg-info/SOURCES.txt'
[2.504s] writing manifest file '../../build/servo_switch180_controller/servo_switch180_controller.egg-info/SOURCES.txt'
[2.504s] running build
[2.505s] running build_py
[2.506s] running install
[2.515s] running install_lib
[2.542s] running install_data
[2.542s] running install_egg_info
[2.569s] removing '/home/tpi5/391_Project_pi/391_ws/install/servo_switch180_controller/lib/python3.12/site-packages/servo_switch180_controller-0.0.1-py3.12.egg-info' (and everything under it)
[2.569s] Copying ../../build/servo_switch180_controller/servo_switch180_controller.egg-info to /home/tpi5/391_Project_pi/391_ws/install/servo_switch180_controller/lib/python3.12/site-packages/servo_switch180_controller-0.0.1-py3.12.egg-info
[2.571s] running install_scripts
[2.762s] Installing servo_switch180_node script to /home/tpi5/391_Project_pi/391_ws/install/servo_switch180_controller/lib/servo_switch180_controller
[2.763s] writing list of installed files to '/home/tpi5/391_Project_pi/391_ws/build/servo_switch180_controller/install.log'
[2.872s] Invoked command in '/home/tpi5/391_Project_pi/391_ws/src/servo_switch180_controller' returned '0': PYTHONPATH=/home/tpi5/391_Project_pi/391_ws/build/servo_switch180_controller/prefix_override:/usr/lib/python3/dist-packages/colcon_core/task/python/colcon_distutils_commands:/home/tpi5/391_Project_pi/391_ws/install/servo_switch180_controller/lib/python3.12/site-packages:${PYTHONPATH} /usr/bin/python3 -W ignore:setup.py install is deprecated -W ignore:easy_install command is deprecated setup.py egg_info --egg-base ../../build/servo_switch180_controller build --build-base /home/tpi5/391_Project_pi/391_ws/build/servo_switch180_controller/build install --record /home/tpi5/391_Project_pi/391_ws/build/servo_switch180_controller/install.log --single-version-externally-managed install_data
