[3.076s] Invoking command in '/home/tpi5/391_Project_pi/391_ws/src/dril_controller': PYTHONPATH=/home/tpi5/391_Project_pi/391_ws/build/dril_controller/prefix_override:/usr/lib/python3/dist-packages/colcon_core/task/python/colcon_distutils_commands:/home/tpi5/391_Project_pi/391_ws/install/dril_controller/lib/python3.12/site-packages:${PYTHONPATH} /usr/bin/python3 -W ignore:setup.py install is deprecated -W ignore:easy_install command is deprecated setup.py egg_info --egg-base ../../build/dril_controller build --build-base /home/tpi5/391_Project_pi/391_ws/build/dril_controller/build install --record /home/tpi5/391_Project_pi/391_ws/build/dril_controller/install.log --single-version-externally-managed install_data
[3.684s] running egg_info
[3.707s] writing ../../build/dril_controller/dril_controller.egg-info/PKG-INFO
[3.719s] writing dependency_links to ../../build/dril_controller/dril_controller.egg-info/dependency_links.txt
[3.743s] writing entry points to ../../build/dril_controller/dril_controller.egg-info/entry_points.txt
[3.770s] writing requirements to ../../build/dril_controller/dril_controller.egg-info/requires.txt
[3.770s] writing top-level names to ../../build/dril_controller/dril_controller.egg-info/top_level.txt
[3.821s] reading manifest file '../../build/dril_controller/dril_controller.egg-info/SOURCES.txt'
[3.822s] writing manifest file '../../build/dril_controller/dril_controller.egg-info/SOURCES.txt'
[3.824s] running build
[3.824s] running build_py
[3.829s] running install
[3.834s] running install_lib
[3.862s] running install_data
[3.864s] running install_egg_info
[3.890s] removing '/home/tpi5/391_Project_pi/391_ws/install/dril_controller/lib/python3.12/site-packages/dril_controller-0.0.0-py3.12.egg-info' (and everything under it)
[3.891s] Copying ../../build/dril_controller/dril_controller.egg-info to /home/tpi5/391_Project_pi/391_ws/install/dril_controller/lib/python3.12/site-packages/dril_controller-0.0.0-py3.12.egg-info
[3.894s] running install_scripts
[4.122s] Installing dril_node script to /home/tpi5/391_Project_pi/391_ws/install/dril_controller/lib/dril_controller
[4.132s] writing list of installed files to '/home/tpi5/391_Project_pi/391_ws/build/dril_controller/install.log'
[4.289s] Invoked command in '/home/tpi5/391_Project_pi/391_ws/src/dril_controller' returned '0': PYTHONPATH=/home/tpi5/391_Project_pi/391_ws/build/dril_controller/prefix_override:/usr/lib/python3/dist-packages/colcon_core/task/python/colcon_distutils_commands:/home/tpi5/391_Project_pi/391_ws/install/dril_controller/lib/python3.12/site-packages:${PYTHONPATH} /usr/bin/python3 -W ignore:setup.py install is deprecated -W ignore:easy_install command is deprecated setup.py egg_info --egg-base ../../build/dril_controller build --build-base /home/tpi5/391_Project_pi/391_ws/build/dril_controller/build install --record /home/tpi5/391_Project_pi/391_ws/build/dril_controller/install.log --single-version-externally-managed install_data
