[2.192s] Invoking command in '/home/tpi5/391_Project_pi/391_ws/src/joystick_controller': PYTHONPATH=/home/tpi5/391_Project_pi/391_ws/build/joystick_controller/prefix_override:/usr/lib/python3/dist-packages/colcon_core/task/python/colcon_distutils_commands:/home/tpi5/391_Project_pi/391_ws/install/joystick_controller/lib/python3.12/site-packages:${PYTHONPATH} /usr/bin/python3 -W ignore:setup.py install is deprecated -W ignore:easy_install command is deprecated setup.py egg_info --egg-base ../../build/joystick_controller build --build-base /home/tpi5/391_Project_pi/391_ws/build/joystick_controller/build install --record /home/tpi5/391_Project_pi/391_ws/build/joystick_controller/install.log --single-version-externally-managed install_data
[2.709s] running egg_info
[2.738s] writing ../../build/joystick_controller/joystick_controller.egg-info/PKG-INFO
[2.740s] writing dependency_links to ../../build/joystick_controller/joystick_controller.egg-info/dependency_links.txt
[2.740s] writing entry points to ../../build/joystick_controller/joystick_controller.egg-info/entry_points.txt
[2.742s] writing requirements to ../../build/joystick_controller/joystick_controller.egg-info/requires.txt
[2.743s] writing top-level names to ../../build/joystick_controller/joystick_controller.egg-info/top_level.txt
[2.806s] reading manifest file '../../build/joystick_controller/joystick_controller.egg-info/SOURCES.txt'
[2.808s] writing manifest file '../../build/joystick_controller/joystick_controller.egg-info/SOURCES.txt'
[2.808s] running build
[2.810s] running build_py
[2.810s] running install
[2.822s] running install_lib
[2.854s] running install_data
[2.854s] running install_egg_info
[2.887s] removing '/home/tpi5/391_Project_pi/391_ws/install/joystick_controller/lib/python3.12/site-packages/joystick_controller-0.0.0-py3.12.egg-info' (and everything under it)
[2.892s] Copying ../../build/joystick_controller/joystick_controller.egg-info to /home/tpi5/391_Project_pi/391_ws/install/joystick_controller/lib/python3.12/site-packages/joystick_controller-0.0.0-py3.12.egg-info
[2.897s] running install_scripts
[3.106s] Installing joystick_node script to /home/tpi5/391_Project_pi/391_ws/install/joystick_controller/lib/joystick_controller
[3.106s] writing list of installed files to '/home/tpi5/391_Project_pi/391_ws/build/joystick_controller/install.log'
[3.232s] Invoked command in '/home/tpi5/391_Project_pi/391_ws/src/joystick_controller' returned '0': PYTHONPATH=/home/tpi5/391_Project_pi/391_ws/build/joystick_controller/prefix_override:/usr/lib/python3/dist-packages/colcon_core/task/python/colcon_distutils_commands:/home/tpi5/391_Project_pi/391_ws/install/joystick_controller/lib/python3.12/site-packages:${PYTHONPATH} /usr/bin/python3 -W ignore:setup.py install is deprecated -W ignore:easy_install command is deprecated setup.py egg_info --egg-base ../../build/joystick_controller build --build-base /home/tpi5/391_Project_pi/391_ws/build/joystick_controller/build install --record /home/tpi5/391_Project_pi/391_ws/build/joystick_controller/install.log --single-version-externally-managed install_data
