[2.476s] Invoking command in '/home/tpi5/391_Project_pi/391_ws/src/dual_cam_mjpeg_server': PYTHONPATH=/home/tpi5/391_Project_pi/391_ws/build/dual_cam_mjpeg_server/prefix_override:/usr/lib/python3/dist-packages/colcon_core/task/python/colcon_distutils_commands:/home/tpi5/391_Project_pi/391_ws/install/dual_cam_mjpeg_server/lib/python3.12/site-packages:${PYTHONPATH} /usr/bin/python3 -W ignore:setup.py install is deprecated -W ignore:easy_install command is deprecated setup.py egg_info --egg-base ../../build/dual_cam_mjpeg_server build --build-base /home/tpi5/391_Project_pi/391_ws/build/dual_cam_mjpeg_server/build install --record /home/tpi5/391_Project_pi/391_ws/build/dual_cam_mjpeg_server/install.log --single-version-externally-managed install_data
[2.930s] running egg_info
[2.954s] writing ../../build/dual_cam_mjpeg_server/dual_cam_mjpeg_server.egg-info/PKG-INFO
[2.954s] writing dependency_links to ../../build/dual_cam_mjpeg_server/dual_cam_mjpeg_server.egg-info/dependency_links.txt
[2.956s] writing entry points to ../../build/dual_cam_mjpeg_server/dual_cam_mjpeg_server.egg-info/entry_points.txt
[2.957s] writing requirements to ../../build/dual_cam_mjpeg_server/dual_cam_mjpeg_server.egg-info/requires.txt
[2.958s] writing top-level names to ../../build/dual_cam_mjpeg_server/dual_cam_mjpeg_server.egg-info/top_level.txt
[3.012s] reading manifest file '../../build/dual_cam_mjpeg_server/dual_cam_mjpeg_server.egg-info/SOURCES.txt'
[3.014s] writing manifest file '../../build/dual_cam_mjpeg_server/dual_cam_mjpeg_server.egg-info/SOURCES.txt'
[3.015s] running build
[3.015s] running build_py
[3.016s] copying dual_cam_mjpeg_server/node.py -> /home/tpi5/391_Project_pi/391_ws/build/dual_cam_mjpeg_server/build/lib/dual_cam_mjpeg_server
[3.016s] running install
[3.025s] running install_lib
[3.052s] copying /home/tpi5/391_Project_pi/391_ws/build/dual_cam_mjpeg_server/build/lib/dual_cam_mjpeg_server/node.py -> /home/tpi5/391_Project_pi/391_ws/install/dual_cam_mjpeg_server/lib/python3.12/site-packages/dual_cam_mjpeg_server
[3.053s] byte-compiling /home/tpi5/391_Project_pi/391_ws/install/dual_cam_mjpeg_server/lib/python3.12/site-packages/dual_cam_mjpeg_server/node.py to node.cpython-312.pyc
[3.058s] running install_data
[3.058s] running install_egg_info
[3.089s] removing '/home/tpi5/391_Project_pi/391_ws/install/dual_cam_mjpeg_server/lib/python3.12/site-packages/dual_cam_mjpeg_server-0.1.0-py3.12.egg-info' (and everything under it)
[3.092s] Copying ../../build/dual_cam_mjpeg_server/dual_cam_mjpeg_server.egg-info to /home/tpi5/391_Project_pi/391_ws/install/dual_cam_mjpeg_server/lib/python3.12/site-packages/dual_cam_mjpeg_server-0.1.0-py3.12.egg-info
[3.094s] running install_scripts
[3.376s] Installing dual_cam_mjpeg_node script to /home/tpi5/391_Project_pi/391_ws/install/dual_cam_mjpeg_server/lib/dual_cam_mjpeg_server
[3.377s] writing list of installed files to '/home/tpi5/391_Project_pi/391_ws/build/dual_cam_mjpeg_server/install.log'
[3.519s] Invoked command in '/home/tpi5/391_Project_pi/391_ws/src/dual_cam_mjpeg_server' returned '0': PYTHONPATH=/home/tpi5/391_Project_pi/391_ws/build/dual_cam_mjpeg_server/prefix_override:/usr/lib/python3/dist-packages/colcon_core/task/python/colcon_distutils_commands:/home/tpi5/391_Project_pi/391_ws/install/dual_cam_mjpeg_server/lib/python3.12/site-packages:${PYTHONPATH} /usr/bin/python3 -W ignore:setup.py install is deprecated -W ignore:easy_install command is deprecated setup.py egg_info --egg-base ../../build/dual_cam_mjpeg_server build --build-base /home/tpi5/391_Project_pi/391_ws/build/dual_cam_mjpeg_server/build install --record /home/tpi5/391_Project_pi/391_ws/build/dual_cam_mjpeg_server/install.log --single-version-externally-managed install_data
