[4.256s] Invoking command in '/home/tpi5/391_Project_pi/391_ws/src/drive_controller': PYTHONPATH=/home/tpi5/391_Project_pi/391_ws/build/drive_controller/prefix_override:/usr/lib/python3/dist-packages/colcon_core/task/python/colcon_distutils_commands:/home/tpi5/391_Project_pi/391_ws/install/drive_controller/lib/python3.12/site-packages:${PYTHONPATH} /usr/bin/python3 -W ignore:setup.py install is deprecated -W ignore:easy_install command is deprecated setup.py egg_info --egg-base ../../build/drive_controller build --build-base /home/tpi5/391_Project_pi/391_ws/build/drive_controller/build install --record /home/tpi5/391_Project_pi/391_ws/build/drive_controller/install.log --single-version-externally-managed install_data
[4.889s] running egg_info
[4.934s] writing ../../build/drive_controller/drive_controller.egg-info/PKG-INFO
[4.934s] writing dependency_links to ../../build/drive_controller/drive_controller.egg-info/dependency_links.txt
[4.938s] writing entry points to ../../build/drive_controller/drive_controller.egg-info/entry_points.txt
[4.938s] writing requirements to ../../build/drive_controller/drive_controller.egg-info/requires.txt
[4.941s] writing top-level names to ../../build/drive_controller/drive_controller.egg-info/top_level.txt
[5.018s] reading manifest file '../../build/drive_controller/drive_controller.egg-info/SOURCES.txt'
[5.020s] writing manifest file '../../build/drive_controller/drive_controller.egg-info/SOURCES.txt'
[5.021s] running build
[5.022s] running build_py
[5.023s] running install
[5.037s] running install_lib
[5.081s] running install_data
[5.082s] running install_egg_info
[5.135s] removing '/home/tpi5/391_Project_pi/391_ws/install/drive_controller/lib/python3.12/site-packages/drive_controller-0.0.0-py3.12.egg-info' (and everything under it)
[5.136s] Copying ../../build/drive_controller/drive_controller.egg-info to /home/tpi5/391_Project_pi/391_ws/install/drive_controller/lib/python3.12/site-packages/drive_controller-0.0.0-py3.12.egg-info
[5.139s] running install_scripts
[5.724s] Installing drive_node script to /home/tpi5/391_Project_pi/391_ws/install/drive_controller/lib/drive_controller
[5.724s] writing list of installed files to '/home/tpi5/391_Project_pi/391_ws/build/drive_controller/install.log'
[6.276s] Invoked command in '/home/tpi5/391_Project_pi/391_ws/src/drive_controller' returned '0': PYTHONPATH=/home/tpi5/391_Project_pi/391_ws/build/drive_controller/prefix_override:/usr/lib/python3/dist-packages/colcon_core/task/python/colcon_distutils_commands:/home/tpi5/391_Project_pi/391_ws/install/drive_controller/lib/python3.12/site-packages:${PYTHONPATH} /usr/bin/python3 -W ignore:setup.py install is deprecated -W ignore:easy_install command is deprecated setup.py egg_info --egg-base ../../build/drive_controller build --build-base /home/tpi5/391_Project_pi/391_ws/build/drive_controller/build install --record /home/tpi5/391_Project_pi/391_ws/build/drive_controller/install.log --single-version-externally-managed install_data
