[2.775s] Invoking command in '/home/tpi5/391_Project_pi/391_ws/src/linear_controller': PYTHONPATH=/home/tpi5/391_Project_pi/build/linear_controller/prefix_override:/usr/lib/python3/dist-packages/colcon_core/task/python/colcon_distutils_commands:/home/tpi5/391_Project_pi/install/linear_controller/lib/python3.12/site-packages:${PYTHONPATH} /usr/bin/python3 -W ignore:setup.py install is deprecated -W ignore:easy_install command is deprecated setup.py egg_info --egg-base ../../../build/linear_controller build --build-base /home/tpi5/391_Project_pi/build/linear_controller/build install --record /home/tpi5/391_Project_pi/build/linear_controller/install.log --single-version-externally-managed install_data
[3.477s] running egg_info
[3.508s] writing ../../../build/linear_controller/linear_controller.egg-info/PKG-INFO
[3.508s] writing dependency_links to ../../../build/linear_controller/linear_controller.egg-info/dependency_links.txt
[3.509s] writing entry points to ../../../build/linear_controller/linear_controller.egg-info/entry_points.txt
[3.512s] writing requirements to ../../../build/linear_controller/linear_controller.egg-info/requires.txt
[3.513s] writing top-level names to ../../../build/linear_controller/linear_controller.egg-info/top_level.txt
[3.663s] reading manifest file '../../../build/linear_controller/linear_controller.egg-info/SOURCES.txt'
[3.665s] writing manifest file '../../../build/linear_controller/linear_controller.egg-info/SOURCES.txt'
[3.665s] running build
[3.665s] running build_py
[3.665s] running install
[3.695s] running install_lib
[3.744s] running install_data
[3.744s] running install_egg_info
[3.780s] removing '/home/tpi5/391_Project_pi/install/linear_controller/lib/python3.12/site-packages/linear_controller-0.0.0-py3.12.egg-info' (and everything under it)
[3.785s] Copying ../../../build/linear_controller/linear_controller.egg-info to /home/tpi5/391_Project_pi/install/linear_controller/lib/python3.12/site-packages/linear_controller-0.0.0-py3.12.egg-info
[3.785s] running install_scripts
[4.076s] Installing linear_node script to /home/tpi5/391_Project_pi/install/linear_controller/lib/linear_controller
[4.078s] writing list of installed files to '/home/tpi5/391_Project_pi/build/linear_controller/install.log'
[4.353s] Invoked command in '/home/tpi5/391_Project_pi/391_ws/src/linear_controller' returned '0': PYTHONPATH=/home/tpi5/391_Project_pi/build/linear_controller/prefix_override:/usr/lib/python3/dist-packages/colcon_core/task/python/colcon_distutils_commands:/home/tpi5/391_Project_pi/install/linear_controller/lib/python3.12/site-packages:${PYTHONPATH} /usr/bin/python3 -W ignore:setup.py install is deprecated -W ignore:easy_install command is deprecated setup.py egg_info --egg-base ../../../build/linear_controller build --build-base /home/tpi5/391_Project_pi/build/linear_controller/build install --record /home/tpi5/391_Project_pi/build/linear_controller/install.log --single-version-externally-managed install_data
