[1.242s] Invoking command in '/home/tpi5/391_Project_pi/391_ws/src/robot_bringup': AMENT_PREFIX_PATH=/home/tpi5/391_Project_pi/391_ws/install/tao_controller:/home/tpi5/391_Project_pi/391_ws/install/servo_switch180_controller:/home/tpi5/391_Project_pi/391_ws/install/servo_dril_controller:/home/tpi5/391_Project_pi/391_ws/install/linear_controller:/home/tpi5/391_Project_pi/391_ws/install/joystick_controller:/home/tpi5/391_Project_pi/391_ws/install/gripper_controller:/home/tpi5/391_Project_pi/391_ws/install/dual_cam_mjpeg_server:/home/tpi5/391_Project_pi/391_ws/install/drive_controller:/home/tpi5/391_Project_pi/391_ws/install/dril_controller:/home/tpi5/391_Project_pi/391_ws/install/robot_bringup:/home/tpi5/391_Project_pi/install/tao_controller:/home/tpi5/391_Project_pi/install/servo_switch180_controller:/home/tpi5/391_Project_pi/install/servo_dril_controller:/home/tpi5/391_Project_pi/install/servo_controller:/home/tpi5/391_Project_pi/install/linear_controller:/home/tpi5/391_Project_pi/install/joystick_controller:/home/tpi5/391_Project_pi/install/gripper_controller:/home/tpi5/391_Project_pi/install/dual_cam_mjpeg_server:/home/tpi5/391_Project_pi/install/drive_controller:/home/tpi5/391_Project_pi/install/dril_controller:/home/tpi5/391_Project/391_ws/install/joystick_controller:/home/tpi5/391_Project/391_ws/install/drive_controller:/home/tpi5/uros_ws/install/micro_ros_setup:/home/tpi5/uros_ws/install/micro_ros_agent:/home/tpi5/uros_ws/install/micro_ros_msgs:/opt/ros/jazzy PYTHONPATH=/home/tpi5/391_Project_pi/391_ws/build/robot_bringup/prefix_override:/usr/lib/python3/dist-packages/colcon_core/task/python/colcon_distutils_commands:/home/tpi5/391_Project_pi/391_ws/install/robot_bringup/lib/python3.12/site-packages:/home/tpi5/391_Project_pi/391_ws/install/tao_controller/lib/python3.12/site-packages:/home/tpi5/391_Project_pi/391_ws/install/servo_switch180_controller/lib/python3.12/site-packages:/home/tpi5/391_Project_pi/391_ws/install/servo_dril_controller/lib/python3.12/site-packages:/home/tpi5/391_Project_pi/391_ws/install/linear_controller/lib/python3.12/site-packages:/home/tpi5/391_Project_pi/391_ws/install/joystick_controller/lib/python3.12/site-packages:/home/tpi5/391_Project_pi/391_ws/install/gripper_controller/lib/python3.12/site-packages:/home/tpi5/391_Project_pi/391_ws/install/dual_cam_mjpeg_server/lib/python3.12/site-packages:/home/tpi5/391_Project_pi/391_ws/install/drive_controller/lib/python3.12/site-packages:/home/tpi5/391_Project_pi/391_ws/install/dril_controller/lib/python3.12/site-packages:/home/tpi5/391_Project_pi/391_ws/install/robot_bringup/lib/python3.12/site-packages:/home/tpi5/391_Project_pi/install/tao_controller/lib/python3.12/site-packages:/home/tpi5/391_Project_pi/install/servo_switch180_controller/lib/python3.12/site-packages:/home/tpi5/391_Project_pi/install/servo_dril_controller/lib/python3.12/site-packages:/home/tpi5/391_Project_pi/install/servo_controller/lib/python3.12/site-packages:/home/tpi5/391_Project_pi/install/linear_controller/lib/python3.12/site-packages:/home/tpi5/391_Project_pi/install/joystick_controller/lib/python3.12/site-packages:/home/tpi5/391_Project_pi/install/gripper_controller/lib/python3.12/site-packages:/home/tpi5/391_Project_pi/install/dual_cam_mjpeg_server/lib/python3.12/site-packages:/home/tpi5/391_Project_pi/install/drive_controller/lib/python3.12/site-packages:/home/tpi5/391_Project_pi/install/dril_controller/lib/python3.12/site-packages:/home/tpi5/391_Project/391_ws/install/joystick_controller/lib/python3.12/site-packages:/home/tpi5/391_Project/391_ws/install/drive_controller/lib/python3.12/site-packages:/home/tpi5/uros_ws/install/micro_ros_msgs/lib/python3.12/site-packages:/opt/ros/jazzy/lib/python3.12/site-packages /usr/bin/python3 -W ignore:setup.py install is deprecated -W ignore:easy_install command is deprecated setup.py egg_info --egg-base ../../build/robot_bringup build --build-base /home/tpi5/391_Project_pi/391_ws/build/robot_bringup/build install --record /home/tpi5/391_Project_pi/391_ws/build/robot_bringup/install.log --single-version-externally-managed install_data
[1.605s] running egg_info
[1.605s] creating ../../build/robot_bringup/robot_bringup.egg-info
[1.628s] writing ../../build/robot_bringup/robot_bringup.egg-info/PKG-INFO
[1.629s] writing dependency_links to ../../build/robot_bringup/robot_bringup.egg-info/dependency_links.txt
[1.629s] writing requirements to ../../build/robot_bringup/robot_bringup.egg-info/requires.txt
[1.629s] writing top-level names to ../../build/robot_bringup/robot_bringup.egg-info/top_level.txt
[1.629s] writing manifest file '../../build/robot_bringup/robot_bringup.egg-info/SOURCES.txt'
[1.676s] reading manifest file '../../build/robot_bringup/robot_bringup.egg-info/SOURCES.txt'
[1.677s] writing manifest file '../../build/robot_bringup/robot_bringup.egg-info/SOURCES.txt'
[1.677s] running build
[1.677s] running build_py
[1.677s] creating /home/tpi5/391_Project_pi/391_ws/build/robot_bringup/build
[1.677s] creating /home/tpi5/391_Project_pi/391_ws/build/robot_bringup/build/lib
[1.678s] creating /home/tpi5/391_Project_pi/391_ws/build/robot_bringup/build/lib/robot_bringup
[1.678s] copying src/robot_bringup/__init__.py -> /home/tpi5/391_Project_pi/391_ws/build/robot_bringup/build/lib/robot_bringup
[1.678s] running install
[1.688s] running install_lib
[1.712s] creating /home/tpi5/391_Project_pi/391_ws/install/robot_bringup/lib/python3.12/site-packages/robot_bringup
[1.712s] copying /home/tpi5/391_Project_pi/391_ws/build/robot_bringup/build/lib/robot_bringup/__init__.py -> /home/tpi5/391_Project_pi/391_ws/install/robot_bringup/lib/python3.12/site-packages/robot_bringup
[1.713s] byte-compiling /home/tpi5/391_Project_pi/391_ws/install/robot_bringup/lib/python3.12/site-packages/robot_bringup/__init__.py to __init__.cpython-312.pyc
[1.714s] running install_data
[1.714s] creating /home/tpi5/391_Project_pi/391_ws/install/robot_bringup/share/ament_index
[1.714s] creating /home/tpi5/391_Project_pi/391_ws/install/robot_bringup/share/ament_index/resource_index
[1.714s] creating /home/tpi5/391_Project_pi/391_ws/install/robot_bringup/share/ament_index/resource_index/packages
[1.714s] copying resource/robot_bringup -> /home/tpi5/391_Project_pi/391_ws/install/robot_bringup/share/ament_index/resource_index/packages
[1.715s] copying package.xml -> /home/tpi5/391_Project_pi/391_ws/install/robot_bringup/share/robot_bringup
[1.715s] creating /home/tpi5/391_Project_pi/391_ws/install/robot_bringup/share/robot_bringup/launch
[1.715s] copying launch/bringup.launch.py -> /home/tpi5/391_Project_pi/391_ws/install/robot_bringup/share/robot_bringup/launch
[1.715s] copying launch/bringup_noservo.launch.py -> /home/tpi5/391_Project_pi/391_ws/install/robot_bringup/share/robot_bringup/launch
[1.715s] copying launch/bringup_all.launch.py -> /home/tpi5/391_Project_pi/391_ws/install/robot_bringup/share/robot_bringup/launch
[1.715s] creating /home/tpi5/391_Project_pi/391_ws/install/robot_bringup/share/robot_bringup/config
[1.716s] copying config/joystick.yaml -> /home/tpi5/391_Project_pi/391_ws/install/robot_bringup/share/robot_bringup/config
[1.716s] copying config/drive.yaml -> /home/tpi5/391_Project_pi/391_ws/install/robot_bringup/share/robot_bringup/config
[1.716s] copying config/linear.yaml -> /home/tpi5/391_Project_pi/391_ws/install/robot_bringup/share/robot_bringup/config
[1.716s] copying config/servo.yaml -> /home/tpi5/391_Project_pi/391_ws/install/robot_bringup/share/robot_bringup/config
[1.716s] copying config/servo_switch.yaml -> /home/tpi5/391_Project_pi/391_ws/install/robot_bringup/share/robot_bringup/config
[1.716s] copying config/gripper.yaml -> /home/tpi5/391_Project_pi/391_ws/install/robot_bringup/share/robot_bringup/config
[1.717s] copying config/dril.yaml -> /home/tpi5/391_Project_pi/391_ws/install/robot_bringup/share/robot_bringup/config
[1.717s] copying config/cam.yaml -> /home/tpi5/391_Project_pi/391_ws/install/robot_bringup/share/robot_bringup/config
[1.717s] running install_egg_info
[1.743s] Copying ../../build/robot_bringup/robot_bringup.egg-info to /home/tpi5/391_Project_pi/391_ws/install/robot_bringup/lib/python3.12/site-packages/robot_bringup-0.0.1-py3.12.egg-info
[1.744s] running install_scripts
[1.928s] writing list of installed files to '/home/tpi5/391_Project_pi/391_ws/build/robot_bringup/install.log'
[2.011s] Invoked command in '/home/tpi5/391_Project_pi/391_ws/src/robot_bringup' returned '0': AMENT_PREFIX_PATH=/home/tpi5/391_Project_pi/391_ws/install/tao_controller:/home/tpi5/391_Project_pi/391_ws/install/servo_switch180_controller:/home/tpi5/391_Project_pi/391_ws/install/servo_dril_controller:/home/tpi5/391_Project_pi/391_ws/install/linear_controller:/home/tpi5/391_Project_pi/391_ws/install/joystick_controller:/home/tpi5/391_Project_pi/391_ws/install/gripper_controller:/home/tpi5/391_Project_pi/391_ws/install/dual_cam_mjpeg_server:/home/tpi5/391_Project_pi/391_ws/install/drive_controller:/home/tpi5/391_Project_pi/391_ws/install/dril_controller:/home/tpi5/391_Project_pi/391_ws/install/robot_bringup:/home/tpi5/391_Project_pi/install/tao_controller:/home/tpi5/391_Project_pi/install/servo_switch180_controller:/home/tpi5/391_Project_pi/install/servo_dril_controller:/home/tpi5/391_Project_pi/install/servo_controller:/home/tpi5/391_Project_pi/install/linear_controller:/home/tpi5/391_Project_pi/install/joystick_controller:/home/tpi5/391_Project_pi/install/gripper_controller:/home/tpi5/391_Project_pi/install/dual_cam_mjpeg_server:/home/tpi5/391_Project_pi/install/drive_controller:/home/tpi5/391_Project_pi/install/dril_controller:/home/tpi5/391_Project/391_ws/install/joystick_controller:/home/tpi5/391_Project/391_ws/install/drive_controller:/home/tpi5/uros_ws/install/micro_ros_setup:/home/tpi5/uros_ws/install/micro_ros_agent:/home/tpi5/uros_ws/install/micro_ros_msgs:/opt/ros/jazzy PYTHONPATH=/home/tpi5/391_Project_pi/391_ws/build/robot_bringup/prefix_override:/usr/lib/python3/dist-packages/colcon_core/task/python/colcon_distutils_commands:/home/tpi5/391_Project_pi/391_ws/install/robot_bringup/lib/python3.12/site-packages:/home/tpi5/391_Project_pi/391_ws/install/tao_controller/lib/python3.12/site-packages:/home/tpi5/391_Project_pi/391_ws/install/servo_switch180_controller/lib/python3.12/site-packages:/home/tpi5/391_Project_pi/391_ws/install/servo_dril_controller/lib/python3.12/site-packages:/home/tpi5/391_Project_pi/391_ws/install/linear_controller/lib/python3.12/site-packages:/home/tpi5/391_Project_pi/391_ws/install/joystick_controller/lib/python3.12/site-packages:/home/tpi5/391_Project_pi/391_ws/install/gripper_controller/lib/python3.12/site-packages:/home/tpi5/391_Project_pi/391_ws/install/dual_cam_mjpeg_server/lib/python3.12/site-packages:/home/tpi5/391_Project_pi/391_ws/install/drive_controller/lib/python3.12/site-packages:/home/tpi5/391_Project_pi/391_ws/install/dril_controller/lib/python3.12/site-packages:/home/tpi5/391_Project_pi/391_ws/install/robot_bringup/lib/python3.12/site-packages:/home/tpi5/391_Project_pi/install/tao_controller/lib/python3.12/site-packages:/home/tpi5/391_Project_pi/install/servo_switch180_controller/lib/python3.12/site-packages:/home/tpi5/391_Project_pi/install/servo_dril_controller/lib/python3.12/site-packages:/home/tpi5/391_Project_pi/install/servo_controller/lib/python3.12/site-packages:/home/tpi5/391_Project_pi/install/linear_controller/lib/python3.12/site-packages:/home/tpi5/391_Project_pi/install/joystick_controller/lib/python3.12/site-packages:/home/tpi5/391_Project_pi/install/gripper_controller/lib/python3.12/site-packages:/home/tpi5/391_Project_pi/install/dual_cam_mjpeg_server/lib/python3.12/site-packages:/home/tpi5/391_Project_pi/install/drive_controller/lib/python3.12/site-packages:/home/tpi5/391_Project_pi/install/dril_controller/lib/python3.12/site-packages:/home/tpi5/391_Project/391_ws/install/joystick_controller/lib/python3.12/site-packages:/home/tpi5/391_Project/391_ws/install/drive_controller/lib/python3.12/site-packages:/home/tpi5/uros_ws/install/micro_ros_msgs/lib/python3.12/site-packages:/opt/ros/jazzy/lib/python3.12/site-packages /usr/bin/python3 -W ignore:setup.py install is deprecated -W ignore:easy_install command is deprecated setup.py egg_info --egg-base ../../build/robot_bringup build --build-base /home/tpi5/391_Project_pi/391_ws/build/robot_bringup/build install --record /home/tpi5/391_Project_pi/391_ws/build/robot_bringup/install.log --single-version-externally-managed install_data
