[2.484s] Invoking command in '/home/tpi5/391_Project_pi/391_ws/src/servo_switch180_controller': PYTHONPATH=/home/tpi5/391_Project_pi/391_ws/build/servo_switch180_controller/prefix_override:/usr/lib/python3/dist-packages/colcon_core/task/python/colcon_distutils_commands:/home/tpi5/391_Project_pi/391_ws/install/servo_switch180_controller/lib/python3.12/site-packages:${PYTHONPATH} /usr/bin/python3 -W ignore:setup.py install is deprecated -W ignore:easy_install command is deprecated setup.py egg_info --egg-base ../../build/servo_switch180_controller build --build-base /home/tpi5/391_Project_pi/391_ws/build/servo_switch180_controller/build install --record /home/tpi5/391_Project_pi/391_ws/build/servo_switch180_controller/install.log --single-version-externally-managed install_data
[2.963s] running egg_info
[2.987s] writing ../../build/servo_switch180_controller/servo_switch180_controller.egg-info/PKG-INFO
[2.987s] writing dependency_links to ../../build/servo_switch180_controller/servo_switch180_controller.egg-info/dependency_links.txt
[2.988s] writing entry points to ../../build/servo_switch180_controller/servo_switch180_controller.egg-info/entry_points.txt
[2.989s] writing requirements to ../../build/servo_switch180_controller/servo_switch180_controller.egg-info/requires.txt
[2.990s] writing top-level names to ../../build/servo_switch180_controller/servo_switch180_controller.egg-info/top_level.txt
[3.040s] reading manifest file '../../build/servo_switch180_controller/servo_switch180_controller.egg-info/SOURCES.txt'
[3.041s] writing manifest file '../../build/servo_switch180_controller/servo_switch180_controller.egg-info/SOURCES.txt'
[3.041s] running build
[3.042s] running build_py
[3.042s] running install
[3.052s] running install_lib
[3.078s] running install_data
[3.078s] running install_egg_info
[3.103s] removing '/home/tpi5/391_Project_pi/391_ws/install/servo_switch180_controller/lib/python3.12/site-packages/servo_switch180_controller-0.0.1-py3.12.egg-info' (and everything under it)
[3.104s] Copying ../../build/servo_switch180_controller/servo_switch180_controller.egg-info to /home/tpi5/391_Project_pi/391_ws/install/servo_switch180_controller/lib/python3.12/site-packages/servo_switch180_controller-0.0.1-py3.12.egg-info
[3.105s] running install_scripts
[3.291s] Installing servo_switch180_node script to /home/tpi5/391_Project_pi/391_ws/install/servo_switch180_controller/lib/servo_switch180_controller
[3.291s] writing list of installed files to '/home/tpi5/391_Project_pi/391_ws/build/servo_switch180_controller/install.log'
[3.408s] Invoked command in '/home/tpi5/391_Project_pi/391_ws/src/servo_switch180_controller' returned '0': PYTHONPATH=/home/tpi5/391_Project_pi/391_ws/build/servo_switch180_controller/prefix_override:/usr/lib/python3/dist-packages/colcon_core/task/python/colcon_distutils_commands:/home/tpi5/391_Project_pi/391_ws/install/servo_switch180_controller/lib/python3.12/site-packages:${PYTHONPATH} /usr/bin/python3 -W ignore:setup.py install is deprecated -W ignore:easy_install command is deprecated setup.py egg_info --egg-base ../../build/servo_switch180_controller build --build-base /home/tpi5/391_Project_pi/391_ws/build/servo_switch180_controller/build install --record /home/tpi5/391_Project_pi/391_ws/build/servo_switch180_controller/install.log --single-version-externally-managed install_data
