[2.303s] Invoking command in '/home/tpi5/391_Project_pi/391_ws/src/servo_controller': PYTHONPATH=/home/tpi5/391_Project_pi/build/servo_controller/prefix_override:/usr/lib/python3/dist-packages/colcon_core/task/python/colcon_distutils_commands:/home/tpi5/391_Project_pi/install/servo_controller/lib/python3.12/site-packages:${PYTHONPATH} /usr/bin/python3 -W ignore:setup.py install is deprecated -W ignore:easy_install command is deprecated setup.py egg_info --egg-base ../../../build/servo_controller build --build-base /home/tpi5/391_Project_pi/build/servo_controller/build install --record /home/tpi5/391_Project_pi/build/servo_controller/install.log --single-version-externally-managed install_data
[2.837s] running egg_info
[2.890s] writing ../../../build/servo_controller/servo_controller.egg-info/PKG-INFO
[2.891s] writing dependency_links to ../../../build/servo_controller/servo_controller.egg-info/dependency_links.txt
[2.897s] writing entry points to ../../../build/servo_controller/servo_controller.egg-info/entry_points.txt
[2.899s] writing requirements to ../../../build/servo_controller/servo_controller.egg-info/requires.txt
[2.900s] writing top-level names to ../../../build/servo_controller/servo_controller.egg-info/top_level.txt
[2.970s] reading manifest file '../../../build/servo_controller/servo_controller.egg-info/SOURCES.txt'
[2.972s] writing manifest file '../../../build/servo_controller/servo_controller.egg-info/SOURCES.txt'
[2.972s] running build
[2.972s] running build_py
[2.975s] running install
[2.988s] running install_lib
[3.029s] running install_data
[3.030s] running install_egg_info
[3.070s] removing '/home/tpi5/391_Project_pi/install/servo_controller/lib/python3.12/site-packages/servo_controller-0.0.1-py3.12.egg-info' (and everything under it)
[3.071s] Copying ../../../build/servo_controller/servo_controller.egg-info to /home/tpi5/391_Project_pi/install/servo_controller/lib/python3.12/site-packages/servo_controller-0.0.1-py3.12.egg-info
[3.073s] running install_scripts
[3.282s] Installing servo_node script to /home/tpi5/391_Project_pi/install/servo_controller/lib/servo_controller
[3.282s] writing list of installed files to '/home/tpi5/391_Project_pi/build/servo_controller/install.log'
[3.906s] Invoked command in '/home/tpi5/391_Project_pi/391_ws/src/servo_controller' returned '0': PYTHONPATH=/home/tpi5/391_Project_pi/build/servo_controller/prefix_override:/usr/lib/python3/dist-packages/colcon_core/task/python/colcon_distutils_commands:/home/tpi5/391_Project_pi/install/servo_controller/lib/python3.12/site-packages:${PYTHONPATH} /usr/bin/python3 -W ignore:setup.py install is deprecated -W ignore:easy_install command is deprecated setup.py egg_info --egg-base ../../../build/servo_controller build --build-base /home/tpi5/391_Project_pi/build/servo_controller/build install --record /home/tpi5/391_Project_pi/build/servo_controller/install.log --single-version-externally-managed install_data
