[2.472s] Invoking command in '/home/tpi5/391_Project_pi/391_ws/src/drive_controller': PYTHONPATH=/home/tpi5/391_Project_pi/build/drive_controller/prefix_override:/usr/lib/python3/dist-packages/colcon_core/task/python/colcon_distutils_commands:/home/tpi5/391_Project_pi/install/drive_controller/lib/python3.12/site-packages:${PYTHONPATH} /usr/bin/python3 -W ignore:setup.py install is deprecated -W ignore:easy_install command is deprecated setup.py egg_info --egg-base ../../../build/drive_controller build --build-base /home/tpi5/391_Project_pi/build/drive_controller/build install --record /home/tpi5/391_Project_pi/build/drive_controller/install.log --single-version-externally-managed install_data
[2.918s] running egg_info
[2.918s] creating ../../../build/drive_controller/drive_controller.egg-info
[2.948s] writing ../../../build/drive_controller/drive_controller.egg-info/PKG-INFO
[2.948s] writing dependency_links to ../../../build/drive_controller/drive_controller.egg-info/dependency_links.txt
[2.949s] writing entry points to ../../../build/drive_controller/drive_controller.egg-info/entry_points.txt
[2.949s] writing requirements to ../../../build/drive_controller/drive_controller.egg-info/requires.txt
[2.950s] writing top-level names to ../../../build/drive_controller/drive_controller.egg-info/top_level.txt
[2.952s] writing manifest file '../../../build/drive_controller/drive_controller.egg-info/SOURCES.txt'
[3.006s] reading manifest file '../../../build/drive_controller/drive_controller.egg-info/SOURCES.txt'
[3.009s] writing manifest file '../../../build/drive_controller/drive_controller.egg-info/SOURCES.txt'
[3.009s] running build
[3.009s] running build_py
[3.009s] creating /home/tpi5/391_Project_pi/build/drive_controller/build
[3.009s] creating /home/tpi5/391_Project_pi/build/drive_controller/build/lib
[3.009s] creating /home/tpi5/391_Project_pi/build/drive_controller/build/lib/drive_controller
[3.010s] copying drive_controller/drive_node.py -> /home/tpi5/391_Project_pi/build/drive_controller/build/lib/drive_controller
[3.010s] copying drive_controller/__init__.py -> /home/tpi5/391_Project_pi/build/drive_controller/build/lib/drive_controller
[3.010s] running install
[3.022s] running install_lib
[3.050s] creating /home/tpi5/391_Project_pi/install/drive_controller/lib/python3.12/site-packages/drive_controller
[3.050s] copying /home/tpi5/391_Project_pi/build/drive_controller/build/lib/drive_controller/drive_node.py -> /home/tpi5/391_Project_pi/install/drive_controller/lib/python3.12/site-packages/drive_controller
[3.050s] copying /home/tpi5/391_Project_pi/build/drive_controller/build/lib/drive_controller/__init__.py -> /home/tpi5/391_Project_pi/install/drive_controller/lib/python3.12/site-packages/drive_controller
[3.051s] byte-compiling /home/tpi5/391_Project_pi/install/drive_controller/lib/python3.12/site-packages/drive_controller/drive_node.py to drive_node.cpython-312.pyc
[3.052s] byte-compiling /home/tpi5/391_Project_pi/install/drive_controller/lib/python3.12/site-packages/drive_controller/__init__.py to __init__.cpython-312.pyc
[3.052s] running install_data
[3.053s] creating /home/tpi5/391_Project_pi/install/drive_controller/share/ament_index
[3.054s] creating /home/tpi5/391_Project_pi/install/drive_controller/share/ament_index/resource_index
[3.054s] creating /home/tpi5/391_Project_pi/install/drive_controller/share/ament_index/resource_index/packages
[3.054s] copying resource/drive_controller -> /home/tpi5/391_Project_pi/install/drive_controller/share/ament_index/resource_index/packages
[3.054s] copying package.xml -> /home/tpi5/391_Project_pi/install/drive_controller/share/drive_controller
[3.054s] creating /home/tpi5/391_Project_pi/install/drive_controller/share/drive_controller/launch
[3.055s] copying launch/joy_drive.launch.py -> /home/tpi5/391_Project_pi/install/drive_controller/share/drive_controller/launch
[3.055s] creating /home/tpi5/391_Project_pi/install/drive_controller/share/drive_controller/config
[3.055s] running install_egg_info
[3.082s] Copying ../../../build/drive_controller/drive_controller.egg-info to /home/tpi5/391_Project_pi/install/drive_controller/lib/python3.12/site-packages/drive_controller-0.0.0-py3.12.egg-info
[3.084s] running install_scripts
[3.402s] Installing drive_node script to /home/tpi5/391_Project_pi/install/drive_controller/lib/drive_controller
[3.404s] writing list of installed files to '/home/tpi5/391_Project_pi/build/drive_controller/install.log'
[3.763s] Invoked command in '/home/tpi5/391_Project_pi/391_ws/src/drive_controller' returned '0': PYTHONPATH=/home/tpi5/391_Project_pi/build/drive_controller/prefix_override:/usr/lib/python3/dist-packages/colcon_core/task/python/colcon_distutils_commands:/home/tpi5/391_Project_pi/install/drive_controller/lib/python3.12/site-packages:${PYTHONPATH} /usr/bin/python3 -W ignore:setup.py install is deprecated -W ignore:easy_install command is deprecated setup.py egg_info --egg-base ../../../build/drive_controller build --build-base /home/tpi5/391_Project_pi/build/drive_controller/build install --record /home/tpi5/391_Project_pi/build/drive_controller/install.log --single-version-externally-managed install_data
