[1.827s] Invoking command in '/home/tpi5/391_Project_pi/391_ws/src/servo_controller': PYTHONPATH=/home/tpi5/391_Project_pi/build/servo_controller/prefix_override:/usr/lib/python3/dist-packages/colcon_core/task/python/colcon_distutils_commands:/home/tpi5/391_Project_pi/install/servo_controller/lib/python3.12/site-packages:${PYTHONPATH} /usr/bin/python3 -W ignore:setup.py install is deprecated -W ignore:easy_install command is deprecated setup.py egg_info --egg-base ../../../build/servo_controller build --build-base /home/tpi5/391_Project_pi/build/servo_controller/build install --record /home/tpi5/391_Project_pi/build/servo_controller/install.log --single-version-externally-managed install_data
[2.202s] running egg_info
[2.202s] creating ../../../build/servo_controller/servo_controller.egg-info
[2.222s] writing ../../../build/servo_controller/servo_controller.egg-info/PKG-INFO
[2.223s] writing dependency_links to ../../../build/servo_controller/servo_controller.egg-info/dependency_links.txt
[2.224s] writing entry points to ../../../build/servo_controller/servo_controller.egg-info/entry_points.txt
[2.224s] writing requirements to ../../../build/servo_controller/servo_controller.egg-info/requires.txt
[2.224s] writing top-level names to ../../../build/servo_controller/servo_controller.egg-info/top_level.txt
[2.224s] writing manifest file '../../../build/servo_controller/servo_controller.egg-info/SOURCES.txt'
[2.268s] reading manifest file '../../../build/servo_controller/servo_controller.egg-info/SOURCES.txt'
[2.269s] writing manifest file '../../../build/servo_controller/servo_controller.egg-info/SOURCES.txt'
[2.269s] running build
[2.269s] running build_py
[2.270s] creating /home/tpi5/391_Project_pi/build/servo_controller/build
[2.270s] creating /home/tpi5/391_Project_pi/build/servo_controller/build/lib
[2.270s] creating /home/tpi5/391_Project_pi/build/servo_controller/build/lib/servo_controller
[2.270s] copying servo_controller/servo_node.py -> /home/tpi5/391_Project_pi/build/servo_controller/build/lib/servo_controller
[2.270s] copying servo_controller/__init__.py -> /home/tpi5/391_Project_pi/build/servo_controller/build/lib/servo_controller
[2.270s] running install
[2.280s] running install_lib
[2.302s] creating /home/tpi5/391_Project_pi/install/servo_controller/lib/python3.12/site-packages/servo_controller
[2.302s] copying /home/tpi5/391_Project_pi/build/servo_controller/build/lib/servo_controller/servo_node.py -> /home/tpi5/391_Project_pi/install/servo_controller/lib/python3.12/site-packages/servo_controller
[2.302s] copying /home/tpi5/391_Project_pi/build/servo_controller/build/lib/servo_controller/__init__.py -> /home/tpi5/391_Project_pi/install/servo_controller/lib/python3.12/site-packages/servo_controller
[2.303s] byte-compiling /home/tpi5/391_Project_pi/install/servo_controller/lib/python3.12/site-packages/servo_controller/servo_node.py to servo_node.cpython-312.pyc
[2.304s] byte-compiling /home/tpi5/391_Project_pi/install/servo_controller/lib/python3.12/site-packages/servo_controller/__init__.py to __init__.cpython-312.pyc
[2.304s] running install_data
[2.304s] creating /home/tpi5/391_Project_pi/install/servo_controller/share/ament_index
[2.305s] creating /home/tpi5/391_Project_pi/install/servo_controller/share/ament_index/resource_index
[2.305s] creating /home/tpi5/391_Project_pi/install/servo_controller/share/ament_index/resource_index/packages
[2.305s] copying resource/servo_controller -> /home/tpi5/391_Project_pi/install/servo_controller/share/ament_index/resource_index/packages
[2.305s] copying package.xml -> /home/tpi5/391_Project_pi/install/servo_controller/share/servo_controller
[2.305s] running install_egg_info
[2.328s] Copying ../../../build/servo_controller/servo_controller.egg-info to /home/tpi5/391_Project_pi/install/servo_controller/lib/python3.12/site-packages/servo_controller-0.0.1-py3.12.egg-info
[2.330s] running install_scripts
[2.494s] Installing servo_node script to /home/tpi5/391_Project_pi/install/servo_controller/lib/servo_controller
[2.494s] writing list of installed files to '/home/tpi5/391_Project_pi/build/servo_controller/install.log'
[2.582s] Invoked command in '/home/tpi5/391_Project_pi/391_ws/src/servo_controller' returned '0': PYTHONPATH=/home/tpi5/391_Project_pi/build/servo_controller/prefix_override:/usr/lib/python3/dist-packages/colcon_core/task/python/colcon_distutils_commands:/home/tpi5/391_Project_pi/install/servo_controller/lib/python3.12/site-packages:${PYTHONPATH} /usr/bin/python3 -W ignore:setup.py install is deprecated -W ignore:easy_install command is deprecated setup.py egg_info --egg-base ../../../build/servo_controller build --build-base /home/tpi5/391_Project_pi/build/servo_controller/build install --record /home/tpi5/391_Project_pi/build/servo_controller/install.log --single-version-externally-managed install_data
