[2.727s] Invoking command in '/home/tpi5/391_Project_pi/391_ws/src/linear_controller': PYTHONPATH=/home/tpi5/391_Project_pi/391_ws/build/linear_controller/prefix_override:/usr/lib/python3/dist-packages/colcon_core/task/python/colcon_distutils_commands:/home/tpi5/391_Project_pi/391_ws/install/linear_controller/lib/python3.12/site-packages:${PYTHONPATH} /usr/bin/python3 -W ignore:setup.py install is deprecated -W ignore:easy_install command is deprecated setup.py egg_info --egg-base ../../build/linear_controller build --build-base /home/tpi5/391_Project_pi/391_ws/build/linear_controller/build install --record /home/tpi5/391_Project_pi/391_ws/build/linear_controller/install.log --single-version-externally-managed install_data
[3.150s] running egg_info
[3.150s] creating ../../build/linear_controller/linear_controller.egg-info
[3.173s] writing ../../build/linear_controller/linear_controller.egg-info/PKG-INFO
[3.174s] writing dependency_links to ../../build/linear_controller/linear_controller.egg-info/dependency_links.txt
[3.174s] writing entry points to ../../build/linear_controller/linear_controller.egg-info/entry_points.txt
[3.174s] writing requirements to ../../build/linear_controller/linear_controller.egg-info/requires.txt
[3.174s] writing top-level names to ../../build/linear_controller/linear_controller.egg-info/top_level.txt
[3.174s] writing manifest file '../../build/linear_controller/linear_controller.egg-info/SOURCES.txt'
[3.223s] reading manifest file '../../build/linear_controller/linear_controller.egg-info/SOURCES.txt'
[3.224s] writing manifest file '../../build/linear_controller/linear_controller.egg-info/SOURCES.txt'
[3.224s] running build
[3.224s] running build_py
[3.226s] creating /home/tpi5/391_Project_pi/391_ws/build/linear_controller/build
[3.226s] creating /home/tpi5/391_Project_pi/391_ws/build/linear_controller/build/lib
[3.226s] creating /home/tpi5/391_Project_pi/391_ws/build/linear_controller/build/lib/linear_controller
[3.226s] copying linear_controller/linear_node.py -> /home/tpi5/391_Project_pi/391_ws/build/linear_controller/build/lib/linear_controller
[3.228s] copying linear_controller/__init__.py -> /home/tpi5/391_Project_pi/391_ws/build/linear_controller/build/lib/linear_controller
[3.228s] running install
[3.235s] running install_lib
[3.258s] creating /home/tpi5/391_Project_pi/391_ws/install/linear_controller/lib/python3.12/site-packages/linear_controller
[3.258s] copying /home/tpi5/391_Project_pi/391_ws/build/linear_controller/build/lib/linear_controller/linear_node.py -> /home/tpi5/391_Project_pi/391_ws/install/linear_controller/lib/python3.12/site-packages/linear_controller
[3.258s] copying /home/tpi5/391_Project_pi/391_ws/build/linear_controller/build/lib/linear_controller/__init__.py -> /home/tpi5/391_Project_pi/391_ws/install/linear_controller/lib/python3.12/site-packages/linear_controller
[3.259s] byte-compiling /home/tpi5/391_Project_pi/391_ws/install/linear_controller/lib/python3.12/site-packages/linear_controller/linear_node.py to linear_node.cpython-312.pyc
[3.261s] byte-compiling /home/tpi5/391_Project_pi/391_ws/install/linear_controller/lib/python3.12/site-packages/linear_controller/__init__.py to __init__.cpython-312.pyc
[3.265s] running install_data
[3.265s] creating /home/tpi5/391_Project_pi/391_ws/install/linear_controller/share/ament_index
[3.266s] creating /home/tpi5/391_Project_pi/391_ws/install/linear_controller/share/ament_index/resource_index
[3.266s] creating /home/tpi5/391_Project_pi/391_ws/install/linear_controller/share/ament_index/resource_index/packages
[3.266s] copying resource/linear_controller -> /home/tpi5/391_Project_pi/391_ws/install/linear_controller/share/ament_index/resource_index/packages
[3.266s] copying package.xml -> /home/tpi5/391_Project_pi/391_ws/install/linear_controller/share/linear_controller
[3.266s] creating /home/tpi5/391_Project_pi/391_ws/install/linear_controller/share/linear_controller/launch
[3.266s] copying launch/joy_linear.launch.py -> /home/tpi5/391_Project_pi/391_ws/install/linear_controller/share/linear_controller/launch
[3.268s] creating /home/tpi5/391_Project_pi/391_ws/install/linear_controller/share/linear_controller/config
[3.268s] running install_egg_info
[3.293s] Copying ../../build/linear_controller/linear_controller.egg-info to /home/tpi5/391_Project_pi/391_ws/install/linear_controller/lib/python3.12/site-packages/linear_controller-0.0.0-py3.12.egg-info
[3.295s] running install_scripts
[3.559s] Installing linear_node script to /home/tpi5/391_Project_pi/391_ws/install/linear_controller/lib/linear_controller
[3.663s] writing list of installed files to '/home/tpi5/391_Project_pi/391_ws/build/linear_controller/install.log'
[3.738s] Invoked command in '/home/tpi5/391_Project_pi/391_ws/src/linear_controller' returned '0': PYTHONPATH=/home/tpi5/391_Project_pi/391_ws/build/linear_controller/prefix_override:/usr/lib/python3/dist-packages/colcon_core/task/python/colcon_distutils_commands:/home/tpi5/391_Project_pi/391_ws/install/linear_controller/lib/python3.12/site-packages:${PYTHONPATH} /usr/bin/python3 -W ignore:setup.py install is deprecated -W ignore:easy_install command is deprecated setup.py egg_info --egg-base ../../build/linear_controller build --build-base /home/tpi5/391_Project_pi/391_ws/build/linear_controller/build install --record /home/tpi5/391_Project_pi/391_ws/build/linear_controller/install.log --single-version-externally-managed install_data
