[1.916s] Invoking command in '/home/tpi5/391_Project_pi/391_ws/src/linear_controller': PYTHONPATH=/home/tpi5/391_Project_pi/391_ws/build/linear_controller/prefix_override:/usr/lib/python3/dist-packages/colcon_core/task/python/colcon_distutils_commands:/home/tpi5/391_Project_pi/391_ws/install/linear_controller/lib/python3.12/site-packages:${PYTHONPATH} /usr/bin/python3 -W ignore:setup.py install is deprecated -W ignore:easy_install command is deprecated setup.py egg_info --egg-base ../../build/linear_controller build --build-base /home/tpi5/391_Project_pi/391_ws/build/linear_controller/build install --record /home/tpi5/391_Project_pi/391_ws/build/linear_controller/install.log --single-version-externally-managed install_data
[2.556s] running egg_info
[2.594s] writing ../../build/linear_controller/linear_controller.egg-info/PKG-INFO
[2.594s] writing dependency_links to ../../build/linear_controller/linear_controller.egg-info/dependency_links.txt
[2.595s] writing entry points to ../../build/linear_controller/linear_controller.egg-info/entry_points.txt
[2.596s] writing requirements to ../../build/linear_controller/linear_controller.egg-info/requires.txt
[2.596s] writing top-level names to ../../build/linear_controller/linear_controller.egg-info/top_level.txt
[2.678s] reading manifest file '../../build/linear_controller/linear_controller.egg-info/SOURCES.txt'
[2.680s] writing manifest file '../../build/linear_controller/linear_controller.egg-info/SOURCES.txt'
[2.682s] running build
[2.682s] running build_py
[2.682s] running install
[2.698s] running install_lib
[2.757s] running install_data
[2.757s] running install_egg_info
[2.825s] removing '/home/tpi5/391_Project_pi/391_ws/install/linear_controller/lib/python3.12/site-packages/linear_controller-0.0.0-py3.12.egg-info' (and everything under it)
[2.828s] Copying ../../build/linear_controller/linear_controller.egg-info to /home/tpi5/391_Project_pi/391_ws/install/linear_controller/lib/python3.12/site-packages/linear_controller-0.0.0-py3.12.egg-info
[2.833s] running install_scripts
[3.205s] Installing linear_node script to /home/tpi5/391_Project_pi/391_ws/install/linear_controller/lib/linear_controller
[3.207s] writing list of installed files to '/home/tpi5/391_Project_pi/391_ws/build/linear_controller/install.log'
[3.403s] Invoked command in '/home/tpi5/391_Project_pi/391_ws/src/linear_controller' returned '0': PYTHONPATH=/home/tpi5/391_Project_pi/391_ws/build/linear_controller/prefix_override:/usr/lib/python3/dist-packages/colcon_core/task/python/colcon_distutils_commands:/home/tpi5/391_Project_pi/391_ws/install/linear_controller/lib/python3.12/site-packages:${PYTHONPATH} /usr/bin/python3 -W ignore:setup.py install is deprecated -W ignore:easy_install command is deprecated setup.py egg_info --egg-base ../../build/linear_controller build --build-base /home/tpi5/391_Project_pi/391_ws/build/linear_controller/build install --record /home/tpi5/391_Project_pi/391_ws/build/linear_controller/install.log --single-version-externally-managed install_data
