[2.761s] Invoking command in '/home/tpi5/391_Project_pi/391_ws/src/joystick_controller': PYTHONPATH=/home/tpi5/391_Project_pi/391_ws/src/build/joystick_controller/prefix_override:/usr/lib/python3/dist-packages/colcon_core/task/python/colcon_distutils_commands:/home/tpi5/391_Project_pi/391_ws/src/install/joystick_controller/lib/python3.12/site-packages:${PYTHONPATH} /usr/bin/python3 -W ignore:setup.py install is deprecated -W ignore:easy_install command is deprecated setup.py egg_info --egg-base ../build/joystick_controller build --build-base /home/tpi5/391_Project_pi/391_ws/src/build/joystick_controller/build install --record /home/tpi5/391_Project_pi/391_ws/src/build/joystick_controller/install.log --single-version-externally-managed install_data
[3.212s] running egg_info
[3.214s] creating ../build/joystick_controller/joystick_controller.egg-info
[3.236s] writing ../build/joystick_controller/joystick_controller.egg-info/PKG-INFO
[3.237s] writing dependency_links to ../build/joystick_controller/joystick_controller.egg-info/dependency_links.txt
[3.238s] writing entry points to ../build/joystick_controller/joystick_controller.egg-info/entry_points.txt
[3.239s] writing requirements to ../build/joystick_controller/joystick_controller.egg-info/requires.txt
[3.239s] writing top-level names to ../build/joystick_controller/joystick_controller.egg-info/top_level.txt
[3.239s] writing manifest file '../build/joystick_controller/joystick_controller.egg-info/SOURCES.txt'
[3.290s] reading manifest file '../build/joystick_controller/joystick_controller.egg-info/SOURCES.txt'
[3.291s] writing manifest file '../build/joystick_controller/joystick_controller.egg-info/SOURCES.txt'
[3.292s] running build
[3.292s] running build_py
[3.293s] creating /home/tpi5/391_Project_pi/391_ws/src/build/joystick_controller/build
[3.293s] creating /home/tpi5/391_Project_pi/391_ws/src/build/joystick_controller/build/lib
[3.293s] creating /home/tpi5/391_Project_pi/391_ws/src/build/joystick_controller/build/lib/joystick_controller
[3.294s] copying joystick_controller/joystick_node.py -> /home/tpi5/391_Project_pi/391_ws/src/build/joystick_controller/build/lib/joystick_controller
[3.295s] copying joystick_controller/__init__.py -> /home/tpi5/391_Project_pi/391_ws/src/build/joystick_controller/build/lib/joystick_controller
[3.295s] running install
[3.307s] running install_lib
[3.333s] creating /home/tpi5/391_Project_pi/391_ws/src/install/joystick_controller/lib/python3.12/site-packages/joystick_controller
[3.335s] copying /home/tpi5/391_Project_pi/391_ws/src/build/joystick_controller/build/lib/joystick_controller/joystick_node.py -> /home/tpi5/391_Project_pi/391_ws/src/install/joystick_controller/lib/python3.12/site-packages/joystick_controller
[3.335s] copying /home/tpi5/391_Project_pi/391_ws/src/build/joystick_controller/build/lib/joystick_controller/__init__.py -> /home/tpi5/391_Project_pi/391_ws/src/install/joystick_controller/lib/python3.12/site-packages/joystick_controller
[3.336s] byte-compiling /home/tpi5/391_Project_pi/391_ws/src/install/joystick_controller/lib/python3.12/site-packages/joystick_controller/joystick_node.py to joystick_node.cpython-312.pyc
[3.338s] byte-compiling /home/tpi5/391_Project_pi/391_ws/src/install/joystick_controller/lib/python3.12/site-packages/joystick_controller/__init__.py to __init__.cpython-312.pyc
[3.338s] running install_data
[3.338s] creating /home/tpi5/391_Project_pi/391_ws/src/install/joystick_controller/share/ament_index
[3.338s] creating /home/tpi5/391_Project_pi/391_ws/src/install/joystick_controller/share/ament_index/resource_index
[3.339s] creating /home/tpi5/391_Project_pi/391_ws/src/install/joystick_controller/share/ament_index/resource_index/packages
[3.339s] copying resource/joystick_controller -> /home/tpi5/391_Project_pi/391_ws/src/install/joystick_controller/share/ament_index/resource_index/packages
[3.339s] copying package.xml -> /home/tpi5/391_Project_pi/391_ws/src/install/joystick_controller/share/joystick_controller
[3.339s] creating /home/tpi5/391_Project_pi/391_ws/src/install/joystick_controller/share/joystick_controller/launch
[3.342s] creating /home/tpi5/391_Project_pi/391_ws/src/install/joystick_controller/share/joystick_controller/config
[3.342s] running install_egg_info
[3.365s] Copying ../build/joystick_controller/joystick_controller.egg-info to /home/tpi5/391_Project_pi/391_ws/src/install/joystick_controller/lib/python3.12/site-packages/joystick_controller-0.0.0-py3.12.egg-info
[3.367s] running install_scripts
[3.729s] Installing joystick_node script to /home/tpi5/391_Project_pi/391_ws/src/install/joystick_controller/lib/joystick_controller
[3.729s] writing list of installed files to '/home/tpi5/391_Project_pi/391_ws/src/build/joystick_controller/install.log'
[4.192s] Invoked command in '/home/tpi5/391_Project_pi/391_ws/src/joystick_controller' returned '0': PYTHONPATH=/home/tpi5/391_Project_pi/391_ws/src/build/joystick_controller/prefix_override:/usr/lib/python3/dist-packages/colcon_core/task/python/colcon_distutils_commands:/home/tpi5/391_Project_pi/391_ws/src/install/joystick_controller/lib/python3.12/site-packages:${PYTHONPATH} /usr/bin/python3 -W ignore:setup.py install is deprecated -W ignore:easy_install command is deprecated setup.py egg_info --egg-base ../build/joystick_controller build --build-base /home/tpi5/391_Project_pi/391_ws/src/build/joystick_controller/build install --record /home/tpi5/391_Project_pi/391_ws/src/build/joystick_controller/install.log --single-version-externally-managed install_data
