[2.449s] Invoking command in '/home/tpi5/391_Project_pi/391_ws/src/linear_controller': PYTHONPATH=/home/tpi5/391_Project_pi/391_ws/build/linear_controller/prefix_override:/usr/lib/python3/dist-packages/colcon_core/task/python/colcon_distutils_commands:/home/tpi5/391_Project_pi/391_ws/install/linear_controller/lib/python3.12/site-packages:${PYTHONPATH} /usr/bin/python3 -W ignore:setup.py install is deprecated -W ignore:easy_install command is deprecated setup.py egg_info --egg-base ../../build/linear_controller build --build-base /home/tpi5/391_Project_pi/391_ws/build/linear_controller/build install --record /home/tpi5/391_Project_pi/391_ws/build/linear_controller/install.log --single-version-externally-managed install_data
[3.079s] running egg_info
[3.123s] writing ../../build/linear_controller/linear_controller.egg-info/PKG-INFO
[3.123s] writing dependency_links to ../../build/linear_controller/linear_controller.egg-info/dependency_links.txt
[3.124s] writing entry points to ../../build/linear_controller/linear_controller.egg-info/entry_points.txt
[3.126s] writing requirements to ../../build/linear_controller/linear_controller.egg-info/requires.txt
[3.127s] writing top-level names to ../../build/linear_controller/linear_controller.egg-info/top_level.txt
[3.248s] reading manifest file '../../build/linear_controller/linear_controller.egg-info/SOURCES.txt'
[3.257s] writing manifest file '../../build/linear_controller/linear_controller.egg-info/SOURCES.txt'
[3.257s] running build
[3.258s] running build_py
[3.263s] running install
[3.275s] running install_lib
[3.335s] running install_data
[3.336s] running install_egg_info
[3.375s] removing '/home/tpi5/391_Project_pi/391_ws/install/linear_controller/lib/python3.12/site-packages/linear_controller-0.0.0-py3.12.egg-info' (and everything under it)
[3.376s] Copying ../../build/linear_controller/linear_controller.egg-info to /home/tpi5/391_Project_pi/391_ws/install/linear_controller/lib/python3.12/site-packages/linear_controller-0.0.0-py3.12.egg-info
[3.377s] running install_scripts
[3.656s] Installing linear_node script to /home/tpi5/391_Project_pi/391_ws/install/linear_controller/lib/linear_controller
[3.662s] writing list of installed files to '/home/tpi5/391_Project_pi/391_ws/build/linear_controller/install.log'
[3.780s] Invoked command in '/home/tpi5/391_Project_pi/391_ws/src/linear_controller' returned '0': PYTHONPATH=/home/tpi5/391_Project_pi/391_ws/build/linear_controller/prefix_override:/usr/lib/python3/dist-packages/colcon_core/task/python/colcon_distutils_commands:/home/tpi5/391_Project_pi/391_ws/install/linear_controller/lib/python3.12/site-packages:${PYTHONPATH} /usr/bin/python3 -W ignore:setup.py install is deprecated -W ignore:easy_install command is deprecated setup.py egg_info --egg-base ../../build/linear_controller build --build-base /home/tpi5/391_Project_pi/391_ws/build/linear_controller/build install --record /home/tpi5/391_Project_pi/391_ws/build/linear_controller/install.log --single-version-externally-managed install_data
