[2.634s] Invoking command in '/home/tpi5/391_Project_pi/391_ws/src/servo_switch180_controller': PYTHONPATH=/home/tpi5/391_Project_pi/391_ws/build/servo_switch180_controller/prefix_override:/usr/lib/python3/dist-packages/colcon_core/task/python/colcon_distutils_commands:/home/tpi5/391_Project_pi/391_ws/install/servo_switch180_controller/lib/python3.12/site-packages:${PYTHONPATH} /usr/bin/python3 -W ignore:setup.py install is deprecated -W ignore:easy_install command is deprecated setup.py egg_info --egg-base ../../build/servo_switch180_controller build --build-base /home/tpi5/391_Project_pi/391_ws/build/servo_switch180_controller/build install --record /home/tpi5/391_Project_pi/391_ws/build/servo_switch180_controller/install.log --single-version-externally-managed install_data
[3.108s] running egg_info
[3.135s] writing ../../build/servo_switch180_controller/servo_switch180_controller.egg-info/PKG-INFO
[3.135s] writing dependency_links to ../../build/servo_switch180_controller/servo_switch180_controller.egg-info/dependency_links.txt
[3.136s] writing entry points to ../../build/servo_switch180_controller/servo_switch180_controller.egg-info/entry_points.txt
[3.138s] writing requirements to ../../build/servo_switch180_controller/servo_switch180_controller.egg-info/requires.txt
[3.140s] writing top-level names to ../../build/servo_switch180_controller/servo_switch180_controller.egg-info/top_level.txt
[3.196s] reading manifest file '../../build/servo_switch180_controller/servo_switch180_controller.egg-info/SOURCES.txt'
[3.197s] writing manifest file '../../build/servo_switch180_controller/servo_switch180_controller.egg-info/SOURCES.txt'
[3.197s] running build
[3.198s] running build_py
[3.200s] running install
[3.212s] running install_lib
[3.247s] running install_data
[3.247s] running install_egg_info
[3.283s] removing '/home/tpi5/391_Project_pi/391_ws/install/servo_switch180_controller/lib/python3.12/site-packages/servo_switch180_controller-0.0.1-py3.12.egg-info' (and everything under it)
[3.288s] Copying ../../build/servo_switch180_controller/servo_switch180_controller.egg-info to /home/tpi5/391_Project_pi/391_ws/install/servo_switch180_controller/lib/python3.12/site-packages/servo_switch180_controller-0.0.1-py3.12.egg-info
[3.288s] running install_scripts
[3.507s] Installing servo_switch180_node script to /home/tpi5/391_Project_pi/391_ws/install/servo_switch180_controller/lib/servo_switch180_controller
[3.508s] writing list of installed files to '/home/tpi5/391_Project_pi/391_ws/build/servo_switch180_controller/install.log'
[3.650s] Invoked command in '/home/tpi5/391_Project_pi/391_ws/src/servo_switch180_controller' returned '0': PYTHONPATH=/home/tpi5/391_Project_pi/391_ws/build/servo_switch180_controller/prefix_override:/usr/lib/python3/dist-packages/colcon_core/task/python/colcon_distutils_commands:/home/tpi5/391_Project_pi/391_ws/install/servo_switch180_controller/lib/python3.12/site-packages:${PYTHONPATH} /usr/bin/python3 -W ignore:setup.py install is deprecated -W ignore:easy_install command is deprecated setup.py egg_info --egg-base ../../build/servo_switch180_controller build --build-base /home/tpi5/391_Project_pi/391_ws/build/servo_switch180_controller/build install --record /home/tpi5/391_Project_pi/391_ws/build/servo_switch180_controller/install.log --single-version-externally-managed install_data
