running egg_info
creating ../../../build/dril_controller/dril_controller.egg-info
writing ../../../build/dril_controller/dril_controller.egg-info/PKG-INFO
writing dependency_links to ../../../build/dril_controller/dril_controller.egg-info/dependency_links.txt
writing entry points to ../../../build/dril_controller/dril_controller.egg-info/entry_points.txt
writing requirements to ../../../build/dril_controller/dril_controller.egg-info/requires.txt
writing top-level names to ../../../build/dril_controller/dril_controller.egg-info/top_level.txt
writing manifest file '../../../build/dril_controller/dril_controller.egg-info/SOURCES.txt'
reading manifest file '../../../build/dril_controller/dril_controller.egg-info/SOURCES.txt'
writing manifest file '../../../build/dril_controller/dril_controller.egg-info/SOURCES.txt'
running build
running build_py
creating /home/tpi5/391_Project_pi/build/dril_controller/build
creating /home/tpi5/391_Project_pi/build/dril_controller/build/lib
creating /home/tpi5/391_Project_pi/build/dril_controller/build/lib/dril_controller
copying dril_controller/dril_node.py -> /home/tpi5/391_Project_pi/build/dril_controller/build/lib/dril_controller
copying dril_controller/__init__.py -> /home/tpi5/391_Project_pi/build/dril_controller/build/lib/dril_controller
running install
running install_lib
creating /home/tpi5/391_Project_pi/install/dril_controller/lib/python3.12/site-packages/dril_controller
copying /home/tpi5/391_Project_pi/build/dril_controller/build/lib/dril_controller/dril_node.py -> /home/tpi5/391_Project_pi/install/dril_controller/lib/python3.12/site-packages/dril_controller
copying /home/tpi5/391_Project_pi/build/dril_controller/build/lib/dril_controller/__init__.py -> /home/tpi5/391_Project_pi/install/dril_controller/lib/python3.12/site-packages/dril_controller
byte-compiling /home/tpi5/391_Project_pi/install/dril_controller/lib/python3.12/site-packages/dril_controller/dril_node.py to dril_node.cpython-312.pyc
byte-compiling /home/tpi5/391_Project_pi/install/dril_controller/lib/python3.12/site-packages/dril_controller/__init__.py to __init__.cpython-312.pyc
running install_data
creating /home/tpi5/391_Project_pi/install/dril_controller/share/ament_index
creating /home/tpi5/391_Project_pi/install/dril_controller/share/ament_index/resource_index
creating /home/tpi5/391_Project_pi/install/dril_controller/share/ament_index/resource_index/packages
copying resource/dril_controller -> /home/tpi5/391_Project_pi/install/dril_controller/share/ament_index/resource_index/packages
copying package.xml -> /home/tpi5/391_Project_pi/install/dril_controller/share/dril_controller
creating /home/tpi5/391_Project_pi/install/dril_controller/share/dril_controller/launch
copying launch/joy_dril.launch.py -> /home/tpi5/391_Project_pi/install/dril_controller/share/dril_controller/launch
creating /home/tpi5/391_Project_pi/install/dril_controller/share/dril_controller/config
running install_egg_info
Copying ../../../build/dril_controller/dril_controller.egg-info to /home/tpi5/391_Project_pi/install/dril_controller/lib/python3.12/site-packages/dril_controller-0.0.0-py3.12.egg-info
running install_scripts
Installing dril_node script to /home/tpi5/391_Project_pi/install/dril_controller/lib/dril_controller
writing list of installed files to '/home/tpi5/391_Project_pi/build/dril_controller/install.log'
